CRITICAL - 2024-02-29 02:35:43 --> Undefined array key "prod_lprice"
in APPPATH\Views\user\cart.php on line 59.
 1 APPPATH\Views\user\cart.php(59): CodeIgniter\Debug\Exceptions->errorHandler(2, 'Undefined array key "prod_lprice"', 'C:\\laragon\\www\\coffee\\app\\Views\\user\\cart.php', 59)
 2 SYSTEMPATH\View\View.php(226): include('C:\\laragon\\www\\coffee\\app\\Views\\user\\cart.php')
 3 SYSTEMPATH\View\View.php(229): CodeIgniter\View\View->CodeIgniter\View\{closure}()
 4 SYSTEMPATH\Common.php(1188): CodeIgniter\View\View->render('/user/cart', [], true)
 5 APPPATH\Controllers\CartController.php(38): view('/user/cart', [...])
 6 SYSTEMPATH\CodeIgniter.php(919): App\Controllers\CartController->home_cart()
 7 SYSTEMPATH\CodeIgniter.php(494): CodeIgniter\CodeIgniter->runController(Object(App\Controllers\CartController))
 8 SYSTEMPATH\CodeIgniter.php(353): CodeIgniter\CodeIgniter->handleRequest(null, Object(Config\Cache), false)
 9 FCPATH\index.php(79): CodeIgniter\CodeIgniter->run()
10 SYSTEMPATH\Commands\Server\rewrite.php(47): require_once('C:\\laragon\\www\\coffee\\public\\index.php')
CRITICAL - 2024-02-29 02:36:26 --> Undefined array key "prod_lprice"
in APPPATH\Views\user\cart.php on line 59.
 1 APPPATH\Views\user\cart.php(59): CodeIgniter\Debug\Exceptions->errorHandler(2, 'Undefined array key "prod_lprice"', 'C:\\laragon\\www\\coffee\\app\\Views\\user\\cart.php', 59)
 2 SYSTEMPATH\View\View.php(226): include('C:\\laragon\\www\\coffee\\app\\Views\\user\\cart.php')
 3 SYSTEMPATH\View\View.php(229): CodeIgniter\View\View->CodeIgniter\View\{closure}()
 4 SYSTEMPATH\Common.php(1188): CodeIgniter\View\View->render('/user/cart', [], true)
 5 APPPATH\Controllers\CartController.php(38): view('/user/cart', [...])
 6 SYSTEMPATH\CodeIgniter.php(919): App\Controllers\CartController->home_cart()
 7 SYSTEMPATH\CodeIgniter.php(494): CodeIgniter\CodeIgniter->runController(Object(App\Controllers\CartController))
 8 SYSTEMPATH\CodeIgniter.php(353): CodeIgniter\CodeIgniter->handleRequest(null, Object(Config\Cache), false)
 9 FCPATH\index.php(79): CodeIgniter\CodeIgniter->run()
10 SYSTEMPATH\Commands\Server\rewrite.php(47): require_once('C:\\laragon\\www\\coffee\\public\\index.php')
CRITICAL - 2024-02-29 02:37:08 --> Undefined array key "prod_lprice"
in APPPATH\Views\user\cart.php on line 59.
 1 APPPATH\Views\user\cart.php(59): CodeIgniter\Debug\Exceptions->errorHandler(2, 'Undefined array key "prod_lprice"', 'C:\\laragon\\www\\coffee\\app\\Views\\user\\cart.php', 59)
 2 SYSTEMPATH\View\View.php(226): include('C:\\laragon\\www\\coffee\\app\\Views\\user\\cart.php')
 3 SYSTEMPATH\View\View.php(229): CodeIgniter\View\View->CodeIgniter\View\{closure}()
 4 SYSTEMPATH\Common.php(1188): CodeIgniter\View\View->render('/user/cart', [], true)
 5 APPPATH\Controllers\CartController.php(38): view('/user/cart', [...])
 6 SYSTEMPATH\CodeIgniter.php(919): App\Controllers\CartController->home_cart()
 7 SYSTEMPATH\CodeIgniter.php(494): CodeIgniter\CodeIgniter->runController(Object(App\Controllers\CartController))
 8 SYSTEMPATH\CodeIgniter.php(353): CodeIgniter\CodeIgniter->handleRequest(null, Object(Config\Cache), false)
 9 FCPATH\index.php(79): CodeIgniter\CodeIgniter->run()
10 SYSTEMPATH\Commands\Server\rewrite.php(47): require_once('C:\\laragon\\www\\coffee\\public\\index.php')
CRITICAL - 2024-02-29 02:54:30 --> Undefined array key "prod_descp"
in APPPATH\Views\inventory\editmeal.php on line 37.
 1 APPPATH\Views\inventory\editmeal.php(37): CodeIgniter\Debug\Exceptions->errorHandler(2, 'Undefined array key "prod_descp"', 'C:\\laragon\\www\\coffee\\app\\Views\\inventory\\editmeal.php', 37)
 2 SYSTEMPATH\View\View.php(226): include('C:\\laragon\\www\\coffee\\app\\Views\\inventory\\editmeal.php')
 3 SYSTEMPATH\View\View.php(229): CodeIgniter\View\View->CodeIgniter\View\{closure}()
 4 SYSTEMPATH\Common.php(1188): CodeIgniter\View\View->render('/inventory/editmeal', [], true)
 5 APPPATH\Controllers\InventoryController.php(287): view('/inventory/editmeal', [...])
 6 SYSTEMPATH\CodeIgniter.php(919): App\Controllers\InventoryController->editmeal('4')
 7 SYSTEMPATH\CodeIgniter.php(494): CodeIgniter\CodeIgniter->runController(Object(App\Controllers\InventoryController))
 8 SYSTEMPATH\CodeIgniter.php(353): CodeIgniter\CodeIgniter->handleRequest(null, Object(Config\Cache), false)
 9 FCPATH\index.php(79): CodeIgniter\CodeIgniter->run()
10 SYSTEMPATH\Commands\Server\rewrite.php(47): require_once('C:\\laragon\\www\\coffee\\public\\index.php')
CRITICAL - 2024-02-29 04:14:19 --> Undefined variable $soup
in APPPATH\Views\inventory\editsoup.php on line 37.
 1 APPPATH\Views\inventory\editsoup.php(37): CodeIgniter\Debug\Exceptions->errorHandler(2, 'Undefined variable $soup', 'C:\\laragon\\www\\coffee\\app\\Views\\inventory\\editsoup.php', 37)
 2 SYSTEMPATH\View\View.php(226): include('C:\\laragon\\www\\coffee\\app\\Views\\inventory\\editsoup.php')
 3 SYSTEMPATH\View\View.php(229): CodeIgniter\View\View->CodeIgniter\View\{closure}()
 4 SYSTEMPATH\Common.php(1188): CodeIgniter\View\View->render('/inventory/editsoup', [], true)
 5 APPPATH\Controllers\InventoryController.php(442): view('/inventory/editsoup', [...])
 6 SYSTEMPATH\CodeIgniter.php(919): App\Controllers\InventoryController->editsoup('34')
 7 SYSTEMPATH\CodeIgniter.php(494): CodeIgniter\CodeIgniter->runController(Object(App\Controllers\InventoryController))
 8 SYSTEMPATH\CodeIgniter.php(353): CodeIgniter\CodeIgniter->handleRequest(null, Object(Config\Cache), false)
 9 FCPATH\index.php(79): CodeIgniter\CodeIgniter->run()
10 SYSTEMPATH\Commands\Server\rewrite.php(47): require_once('C:\\laragon\\www\\coffee\\public\\index.php')
