CRITICAL - 2024-05-11 13:44:24 --> Array to string conversion
in SYSTEMPATH\Database\Query.php on line 327.
 1 [internal function]: CodeIgniter\Debug\Exceptions->errorHandler(2, 'Array to string conversion', 'C:\\laragon\\www\\coffee\\system\\Database\\Query.php', 327)
 2 SYSTEMPATH\Database\Query.php(327): implode(',', [...])
 3 SYSTEMPATH\Database\Query.php(308): CodeIgniter\Database\Query->matchNamedBinds('UPDATE `order` SET `orderStatus` = :orderStatus:
WHERE `order`.`orderID` IN :order.orderID:', [...])
 4 SYSTEMPATH\Database\Query.php(159): CodeIgniter\Database\Query->compileBinds()
 5 SYSTEMPATH\Database\BaseConnection.php(606): CodeIgniter\Database\Query->getQuery()
 6 SYSTEMPATH\Database\BaseBuilder.php(2475): CodeIgniter\Database\BaseConnection->query('UPDATE `order` SET `orderStatus` = :orderStatus:
WHERE `order`.`orderID` IN :order.orderID:', [...], false)
 7 SYSTEMPATH\Model.php(385): CodeIgniter\Database\BaseBuilder->update()
 8 SYSTEMPATH\BaseModel.php(949): CodeIgniter\Model->doUpdate([...], [...])
 9 SYSTEMPATH\Model.php(776): CodeIgniter\BaseModel->update([...], [...])
10 APPPATH\Controllers\OrderController.php(186): CodeIgniter\Model->update([...], [...])
11 SYSTEMPATH\CodeIgniter.php(919): App\Controllers\OrderController->feedBack()
12 SYSTEMPATH\CodeIgniter.php(494): CodeIgniter\CodeIgniter->runController(Object(App\Controllers\OrderController))
13 SYSTEMPATH\CodeIgniter.php(353): CodeIgniter\CodeIgniter->handleRequest(null, Object(Config\Cache), false)
14 FCPATH\index.php(79): CodeIgniter\CodeIgniter->run()
15 SYSTEMPATH\Commands\Server\rewrite.php(47): require_once('C:\\laragon\\www\\coffee\\public\\index.php')
CRITICAL - 2024-05-11 13:45:34 --> Array to string conversion
in SYSTEMPATH\Database\Query.php on line 327.
 1 [internal function]: CodeIgniter\Debug\Exceptions->errorHandler(2, 'Array to string conversion', 'C:\\laragon\\www\\coffee\\system\\Database\\Query.php', 327)
 2 SYSTEMPATH\Database\Query.php(327): implode(',', [...])
 3 SYSTEMPATH\Database\Query.php(308): CodeIgniter\Database\Query->matchNamedBinds('UPDATE `order` SET `orderStatus` = :orderStatus:
WHERE `order`.`orderID` IN :order.orderID:', [...])
 4 SYSTEMPATH\Database\Query.php(159): CodeIgniter\Database\Query->compileBinds()
 5 SYSTEMPATH\Database\BaseConnection.php(606): CodeIgniter\Database\Query->getQuery()
 6 SYSTEMPATH\Database\BaseBuilder.php(2475): CodeIgniter\Database\BaseConnection->query('UPDATE `order` SET `orderStatus` = :orderStatus:
WHERE `order`.`orderID` IN :order.orderID:', [...], false)
 7 SYSTEMPATH\Model.php(385): CodeIgniter\Database\BaseBuilder->update()
 8 SYSTEMPATH\BaseModel.php(949): CodeIgniter\Model->doUpdate([...], [...])
 9 SYSTEMPATH\Model.php(776): CodeIgniter\BaseModel->update([...], [...])
10 APPPATH\Controllers\OrderController.php(186): CodeIgniter\Model->update([...], [...])
11 SYSTEMPATH\CodeIgniter.php(919): App\Controllers\OrderController->feedBack()
12 SYSTEMPATH\CodeIgniter.php(494): CodeIgniter\CodeIgniter->runController(Object(App\Controllers\OrderController))
13 SYSTEMPATH\CodeIgniter.php(353): CodeIgniter\CodeIgniter->handleRequest(null, Object(Config\Cache), false)
14 FCPATH\index.php(79): CodeIgniter\CodeIgniter->run()
15 SYSTEMPATH\Commands\Server\rewrite.php(47): require_once('C:\\laragon\\www\\coffee\\public\\index.php')
CRITICAL - 2024-05-11 13:46:11 --> Array to string conversion
in SYSTEMPATH\Database\Query.php on line 327.
 1 [internal function]: CodeIgniter\Debug\Exceptions->errorHandler(2, 'Array to string conversion', 'C:\\laragon\\www\\coffee\\system\\Database\\Query.php', 327)
 2 SYSTEMPATH\Database\Query.php(327): implode(',', [...])
 3 SYSTEMPATH\Database\Query.php(308): CodeIgniter\Database\Query->matchNamedBinds('UPDATE `order` SET `orderStatus` = :orderStatus:
WHERE `order`.`orderID` IN :order.orderID:', [...])
 4 SYSTEMPATH\Database\Query.php(159): CodeIgniter\Database\Query->compileBinds()
 5 SYSTEMPATH\Database\BaseConnection.php(606): CodeIgniter\Database\Query->getQuery()
 6 SYSTEMPATH\Database\BaseBuilder.php(2475): CodeIgniter\Database\BaseConnection->query('UPDATE `order` SET `orderStatus` = :orderStatus:
WHERE `order`.`orderID` IN :order.orderID:', [...], false)
 7 SYSTEMPATH\Model.php(385): CodeIgniter\Database\BaseBuilder->update()
 8 SYSTEMPATH\BaseModel.php(949): CodeIgniter\Model->doUpdate([...], [...])
 9 SYSTEMPATH\Model.php(776): CodeIgniter\BaseModel->update([...], [...])
10 APPPATH\Controllers\OrderController.php(186): CodeIgniter\Model->update([...], [...])
11 SYSTEMPATH\CodeIgniter.php(919): App\Controllers\OrderController->feedBack()
12 SYSTEMPATH\CodeIgniter.php(494): CodeIgniter\CodeIgniter->runController(Object(App\Controllers\OrderController))
13 SYSTEMPATH\CodeIgniter.php(353): CodeIgniter\CodeIgniter->handleRequest(null, Object(Config\Cache), false)
14 FCPATH\index.php(79): CodeIgniter\CodeIgniter->run()
15 SYSTEMPATH\Commands\Server\rewrite.php(47): require_once('C:\\laragon\\www\\coffee\\public\\index.php')
CRITICAL - 2024-05-11 13:46:34 --> There is no data to update.
in SYSTEMPATH\BaseModel.php on line 930.
 1 SYSTEMPATH\BaseModel.php(930): CodeIgniter\Database\Exceptions\DataException::forEmptyDataset('update')
 2 SYSTEMPATH\Model.php(776): CodeIgniter\BaseModel->update([...], [])
 3 APPPATH\Controllers\OrderController.php(186): CodeIgniter\Model->update([...], [...])
 4 SYSTEMPATH\CodeIgniter.php(919): App\Controllers\OrderController->feedBack()
 5 SYSTEMPATH\CodeIgniter.php(494): CodeIgniter\CodeIgniter->runController(Object(App\Controllers\OrderController))
 6 SYSTEMPATH\CodeIgniter.php(353): CodeIgniter\CodeIgniter->handleRequest(null, Object(Config\Cache), false)
 7 FCPATH\index.php(79): CodeIgniter\CodeIgniter->run()
 8 SYSTEMPATH\Commands\Server\rewrite.php(47): require_once('C:\\laragon\\www\\coffee\\public\\index.php')
CRITICAL - 2024-05-11 13:48:04 --> CodeIgniter\BaseModel::transformDataToArray(): Return value must be of type array, string returned
in SYSTEMPATH\BaseModel.php on line 1750.
 1 SYSTEMPATH\BaseModel.php(916): CodeIgniter\BaseModel->transformDataToArray('59', 'update')
 2 SYSTEMPATH\Model.php(776): CodeIgniter\BaseModel->update([...], '59')
 3 APPPATH\Controllers\OrderController.php(186): CodeIgniter\Model->update([...], '59')
 4 SYSTEMPATH\CodeIgniter.php(919): App\Controllers\OrderController->feedBack()
 5 SYSTEMPATH\CodeIgniter.php(494): CodeIgniter\CodeIgniter->runController(Object(App\Controllers\OrderController))
 6 SYSTEMPATH\CodeIgniter.php(353): CodeIgniter\CodeIgniter->handleRequest(null, Object(Config\Cache), false)
 7 FCPATH\index.php(79): CodeIgniter\CodeIgniter->run()
 8 SYSTEMPATH\Commands\Server\rewrite.php(47): require_once('C:\\laragon\\www\\coffee\\public\\index.php')
CRITICAL - 2024-05-11 13:52:40 --> Undefined variable $item
in APPPATH\Views\user\viewOrders.php on line 44.
 1 APPPATH\Views\user\viewOrders.php(44): CodeIgniter\Debug\Exceptions->errorHandler(2, 'Undefined variable $item', 'C:\\laragon\\www\\coffee\\app\\Views\\user\\viewOrders.php', 44)
 2 SYSTEMPATH\View\View.php(226): include('C:\\laragon\\www\\coffee\\app\\Views\\user\\viewOrders.php')
 3 SYSTEMPATH\View\View.php(229): CodeIgniter\View\View->CodeIgniter\View\{closure}()
 4 SYSTEMPATH\Common.php(1188): CodeIgniter\View\View->render('user/viewOrders', [], true)
 5 APPPATH\Controllers\OrderController.php(161): view('user/viewOrders', [...])
 6 SYSTEMPATH\CodeIgniter.php(919): App\Controllers\OrderController->viewOrders()
 7 SYSTEMPATH\CodeIgniter.php(494): CodeIgniter\CodeIgniter->runController(Object(App\Controllers\OrderController))
 8 SYSTEMPATH\CodeIgniter.php(353): CodeIgniter\CodeIgniter->handleRequest(null, Object(Config\Cache), false)
 9 FCPATH\index.php(79): CodeIgniter\CodeIgniter->run()
10 SYSTEMPATH\Commands\Server\rewrite.php(47): require_once('C:\\laragon\\www\\coffee\\public\\index.php')
CRITICAL - 2024-05-11 13:52:54 --> Undefined array key "orderStatus"
in APPPATH\Views\user\viewOrders.php on line 44.
 1 APPPATH\Views\user\viewOrders.php(44): CodeIgniter\Debug\Exceptions->errorHandler(2, 'Undefined array key "orderStatus"', 'C:\\laragon\\www\\coffee\\app\\Views\\user\\viewOrders.php', 44)
 2 SYSTEMPATH\View\View.php(226): include('C:\\laragon\\www\\coffee\\app\\Views\\user\\viewOrders.php')
 3 SYSTEMPATH\View\View.php(229): CodeIgniter\View\View->CodeIgniter\View\{closure}()
 4 SYSTEMPATH\Common.php(1188): CodeIgniter\View\View->render('user/viewOrders', [], true)
 5 APPPATH\Controllers\OrderController.php(161): view('user/viewOrders', [...])
 6 SYSTEMPATH\CodeIgniter.php(919): App\Controllers\OrderController->viewOrders()
 7 SYSTEMPATH\CodeIgniter.php(494): CodeIgniter\CodeIgniter->runController(Object(App\Controllers\OrderController))
 8 SYSTEMPATH\CodeIgniter.php(353): CodeIgniter\CodeIgniter->handleRequest(null, Object(Config\Cache), false)
 9 FCPATH\index.php(79): CodeIgniter\CodeIgniter->run()
10 SYSTEMPATH\Commands\Server\rewrite.php(47): require_once('C:\\laragon\\www\\coffee\\public\\index.php')
CRITICAL - 2024-05-11 13:53:58 --> Undefined array key "orderStatus"
in APPPATH\Views\user\viewOrders.php on line 44.
 1 APPPATH\Views\user\viewOrders.php(44): CodeIgniter\Debug\Exceptions->errorHandler(2, 'Undefined array key "orderStatus"', 'C:\\laragon\\www\\coffee\\app\\Views\\user\\viewOrders.php', 44)
 2 SYSTEMPATH\View\View.php(226): include('C:\\laragon\\www\\coffee\\app\\Views\\user\\viewOrders.php')
 3 SYSTEMPATH\View\View.php(229): CodeIgniter\View\View->CodeIgniter\View\{closure}()
 4 SYSTEMPATH\Common.php(1188): CodeIgniter\View\View->render('user/viewOrders', [], true)
 5 APPPATH\Controllers\OrderController.php(161): view('user/viewOrders', [...])
 6 SYSTEMPATH\CodeIgniter.php(919): App\Controllers\OrderController->viewOrders()
 7 SYSTEMPATH\CodeIgniter.php(494): CodeIgniter\CodeIgniter->runController(Object(App\Controllers\OrderController))
 8 SYSTEMPATH\CodeIgniter.php(353): CodeIgniter\CodeIgniter->handleRequest(null, Object(Config\Cache), false)
 9 FCPATH\index.php(79): CodeIgniter\CodeIgniter->run()
10 SYSTEMPATH\Commands\Server\rewrite.php(47): require_once('C:\\laragon\\www\\coffee\\public\\index.php')
