CRITICAL - 2024-07-11 01:22:45 --> syntax error, unexpected token "}"
in APPPATH\Controllers\AdminController.php on line 2327.
 1 SYSTEMPATH\Autoloader\Autoloader.php(285): CodeIgniter\Autoloader\Autoloader->includeFile('C:\\laragon\\www\\coffee\\app\\Controllers\\AdminController.php')
 2 SYSTEMPATH\Autoloader\Autoloader.php(263): CodeIgniter\Autoloader\Autoloader->loadInNamespace('App\\Controllers\\AdminController')
 3 [internal function]: CodeIgniter\Autoloader\Autoloader->loadClass('App\\Controllers\\AdminController')
 4 SYSTEMPATH\CodeIgniter.php(877): class_exists('\\App\\Controllers\\AdminController', true)
 5 SYSTEMPATH\CodeIgniter.php(481): CodeIgniter\CodeIgniter->startController()
 6 SYSTEMPATH\CodeIgniter.php(353): CodeIgniter\CodeIgniter->handleRequest(null, Object(Config\Cache), false)
 7 FCPATH\index.php(79): CodeIgniter\CodeIgniter->run()
 8 SYSTEMPATH\Commands\Server\rewrite.php(47): require_once('C:\\laragon\\www\\coffee\\public\\index.php')
CRITICAL - 2024-07-11 01:26:18 --> Call to undefined method App\Models\HistoryModel::insetBatch
in SYSTEMPATH\Model.php on line 873.
 1 APPPATH\Controllers\AdminController.php(2329): CodeIgniter\Model->__call('insetBatch', [...])
 2 SYSTEMPATH\CodeIgniter.php(919): App\Controllers\AdminController->getPendingOrders()
 3 SYSTEMPATH\CodeIgniter.php(494): CodeIgniter\CodeIgniter->runController(Object(App\Controllers\AdminController))
 4 SYSTEMPATH\CodeIgniter.php(353): CodeIgniter\CodeIgniter->handleRequest(null, Object(Config\Cache), false)
 5 FCPATH\index.php(79): CodeIgniter\CodeIgniter->run()
 6 SYSTEMPATH\Commands\Server\rewrite.php(47): require_once('C:\\laragon\\www\\coffee\\public\\index.php')
CRITICAL - 2024-07-11 01:26:27 --> Call to undefined method App\Models\HistoryModel::insetbatch
in SYSTEMPATH\Model.php on line 873.
 1 APPPATH\Controllers\AdminController.php(2329): CodeIgniter\Model->__call('insetbatch', [...])
 2 SYSTEMPATH\CodeIgniter.php(919): App\Controllers\AdminController->getPendingOrders()
 3 SYSTEMPATH\CodeIgniter.php(494): CodeIgniter\CodeIgniter->runController(Object(App\Controllers\AdminController))
 4 SYSTEMPATH\CodeIgniter.php(353): CodeIgniter\CodeIgniter->handleRequest(null, Object(Config\Cache), false)
 5 FCPATH\index.php(79): CodeIgniter\CodeIgniter->run()
 6 SYSTEMPATH\Commands\Server\rewrite.php(47): require_once('C:\\laragon\\www\\coffee\\public\\index.php')
CRITICAL - 2024-07-11 01:26:37 --> CodeIgniter\Model::doProtectFieldsForInsert(): Argument #1 ($data) must be of type array, string given, called in C:\laragon\www\coffee\system\BaseModel.php on line 856
in SYSTEMPATH\Model.php on line 729.
 1 SYSTEMPATH\BaseModel.php(856): CodeIgniter\Model->doProtectFieldsForInsert('CRossOnline-1OJF21Q2CL')
 2 APPPATH\Controllers\AdminController.php(2329): CodeIgniter\BaseModel->insertBatch([...])
 3 SYSTEMPATH\CodeIgniter.php(919): App\Controllers\AdminController->getPendingOrders()
 4 SYSTEMPATH\CodeIgniter.php(494): CodeIgniter\CodeIgniter->runController(Object(App\Controllers\AdminController))
 5 SYSTEMPATH\CodeIgniter.php(353): CodeIgniter\CodeIgniter->handleRequest(null, Object(Config\Cache), false)
 6 FCPATH\index.php(79): CodeIgniter\CodeIgniter->run()
 7 SYSTEMPATH\Commands\Server\rewrite.php(47): require_once('C:\\laragon\\www\\coffee\\public\\index.php')
CRITICAL - 2024-07-11 01:26:45 --> CodeIgniter\Model::doProtectFieldsForInsert(): Argument #1 ($data) must be of type array, string given, called in C:\laragon\www\coffee\system\BaseModel.php on line 856
in SYSTEMPATH\Model.php on line 729.
 1 SYSTEMPATH\BaseModel.php(856): CodeIgniter\Model->doProtectFieldsForInsert('CRossOnline-1OJF21Q2CL')
 2 APPPATH\Controllers\AdminController.php(2329): CodeIgniter\BaseModel->insertBatch([...])
 3 SYSTEMPATH\CodeIgniter.php(919): App\Controllers\AdminController->getPendingOrders()
 4 SYSTEMPATH\CodeIgniter.php(494): CodeIgniter\CodeIgniter->runController(Object(App\Controllers\AdminController))
 5 SYSTEMPATH\CodeIgniter.php(353): CodeIgniter\CodeIgniter->handleRequest(null, Object(Config\Cache), false)
 6 FCPATH\index.php(79): CodeIgniter\CodeIgniter->run()
 7 SYSTEMPATH\Commands\Server\rewrite.php(47): require_once('C:\\laragon\\www\\coffee\\public\\index.php')
CRITICAL - 2024-07-11 01:27:09 --> Undefined variable $count
in APPPATH\Views\admin\sidebar.php on line 142.
 1 APPPATH\Views\admin\sidebar.php(142): CodeIgniter\Debug\Exceptions->errorHandler(2, 'Undefined variable $count', 'C:\\laragon\\www\\coffee\\app\\Views\\admin\\sidebar.php', 142)
 2 APPPATH\Views\admin\orderpayment.php(24): include('C:\\laragon\\www\\coffee\\app\\Views\\admin\\sidebar.php')
 3 SYSTEMPATH\View\View.php(226): include('C:\\laragon\\www\\coffee\\app\\Views\\admin\\orderpayment.php')
 4 SYSTEMPATH\View\View.php(229): CodeIgniter\View\View->CodeIgniter\View\{closure}()
 5 SYSTEMPATH\Common.php(1188): CodeIgniter\View\View->render('admin/orderpayment', [], true)
 6 APPPATH\Controllers\AdminController.php(4234): view('admin/orderpayment', [...])
 7 SYSTEMPATH\CodeIgniter.php(919): App\Controllers\AdminController->viewOrders()
 8 SYSTEMPATH\CodeIgniter.php(494): CodeIgniter\CodeIgniter->runController(Object(App\Controllers\AdminController))
 9 SYSTEMPATH\CodeIgniter.php(353): CodeIgniter\CodeIgniter->handleRequest(null, Object(Config\Cache), false)
10 FCPATH\index.php(79): CodeIgniter\CodeIgniter->run()
11 SYSTEMPATH\Commands\Server\rewrite.php(47): require_once('C:\\laragon\\www\\coffee\\public\\index.php')
CRITICAL - 2024-07-11 01:29:52 --> Undefined variable $count
in APPPATH\Views\admin\sidebar.php on line 142.
 1 APPPATH\Views\admin\sidebar.php(142): CodeIgniter\Debug\Exceptions->errorHandler(2, 'Undefined variable $count', 'C:\\laragon\\www\\coffee\\app\\Views\\admin\\sidebar.php', 142)
 2 APPPATH\Views\admin\orderpayment.php(24): include('C:\\laragon\\www\\coffee\\app\\Views\\admin\\sidebar.php')
 3 SYSTEMPATH\View\View.php(226): include('C:\\laragon\\www\\coffee\\app\\Views\\admin\\orderpayment.php')
 4 SYSTEMPATH\View\View.php(229): CodeIgniter\View\View->CodeIgniter\View\{closure}()
 5 SYSTEMPATH\Common.php(1188): CodeIgniter\View\View->render('admin/orderpayment', [], true)
 6 APPPATH\Controllers\AdminController.php(4234): view('admin/orderpayment', [...])
 7 SYSTEMPATH\CodeIgniter.php(919): App\Controllers\AdminController->viewOrders()
 8 SYSTEMPATH\CodeIgniter.php(494): CodeIgniter\CodeIgniter->runController(Object(App\Controllers\AdminController))
 9 SYSTEMPATH\CodeIgniter.php(353): CodeIgniter\CodeIgniter->handleRequest(null, Object(Config\Cache), false)
10 FCPATH\index.php(79): CodeIgniter\CodeIgniter->run()
11 SYSTEMPATH\Commands\Server\rewrite.php(47): require_once('C:\\laragon\\www\\coffee\\public\\index.php')
ERROR - 2024-07-11 01:32:56 --> mysqli_sql_exception: Operand should contain 1 column(s) in C:\laragon\www\coffee\system\Database\MySQLi\Connection.php:306
Stack trace:
#0 C:\laragon\www\coffee\system\Database\MySQLi\Connection.php(306): mysqli->query('INSERT INTO `tb...', 0)
#1 C:\laragon\www\coffee\system\Database\BaseConnection.php(692): CodeIgniter\Database\MySQLi\Connection->execute('INSERT INTO `tb...')
#2 C:\laragon\www\coffee\system\Database\BaseConnection.php(606): CodeIgniter\Database\BaseConnection->simpleQuery('INSERT INTO `tb...')
#3 C:\laragon\www\coffee\system\Database\BaseBuilder.php(2308): CodeIgniter\Database\BaseConnection->query('INSERT INTO `tb...', Array, false)
#4 C:\laragon\www\coffee\system\Model.php(319): CodeIgniter\Database\BaseBuilder->insert()
#5 C:\laragon\www\coffee\system\BaseModel.php(788): CodeIgniter\Model->doInsert(Array)
#6 C:\laragon\www\coffee\system\Model.php(715): CodeIgniter\BaseModel->insert(Array, true)
#7 C:\laragon\www\coffee\app\Controllers\AdminController.php(2330): CodeIgniter\Model->insert(Array)
#8 C:\laragon\www\coffee\system\CodeIgniter.php(919): App\Controllers\AdminController->getPendingOrders()
#9 C:\laragon\www\coffee\system\CodeIgniter.php(494): CodeIgniter\CodeIgniter->runController(Object(App\Controllers\AdminController))
#10 C:\laragon\www\coffee\system\CodeIgniter.php(353): CodeIgniter\CodeIgniter->handleRequest(NULL, Object(Config\Cache), false)
#11 C:\laragon\www\coffee\public\index.php(79): CodeIgniter\CodeIgniter->run()
#12 C:\laragon\www\coffee\system\Commands\Server\rewrite.php(47): require_once('C:\\laragon\\www\\...')
#13 {main}
CRITICAL - 2024-07-11 01:32:56 --> Operand should contain 1 column(s)
in SYSTEMPATH\Database\BaseConnection.php on line 646.
 1 SYSTEMPATH\Database\BaseBuilder.php(2308): CodeIgniter\Database\BaseConnection->query('INSERT INTO `tbl_orders` (`ProductID`, `CustomerID`, `quantity`, `size`, `total_amount`, `orderCode`, `OrderID`) VALUES (:ProductID:, :CustomerID:, :quantity:, :size:, :total_amount:, :orderCode:, :OrderID:)', [...], false)
 2 SYSTEMPATH\Model.php(319): CodeIgniter\Database\BaseBuilder->insert()
 3 SYSTEMPATH\BaseModel.php(788): CodeIgniter\Model->doInsert([...])
 4 SYSTEMPATH\Model.php(715): CodeIgniter\BaseModel->insert([...], true)
 5 APPPATH\Controllers\AdminController.php(2330): CodeIgniter\Model->insert([...])
 6 SYSTEMPATH\CodeIgniter.php(919): App\Controllers\AdminController->getPendingOrders()
 7 SYSTEMPATH\CodeIgniter.php(494): CodeIgniter\CodeIgniter->runController(Object(App\Controllers\AdminController))
 8 SYSTEMPATH\CodeIgniter.php(353): CodeIgniter\CodeIgniter->handleRequest(null, Object(Config\Cache), false)
 9 FCPATH\index.php(79): CodeIgniter\CodeIgniter->run()
10 SYSTEMPATH\Commands\Server\rewrite.php(47): require_once('C:\\laragon\\www\\coffee\\public\\index.php')
CRITICAL - 2024-07-11 01:34:33 --> Array to string conversion
in SYSTEMPATH\Database\BaseBuilder.php on line 2159.
 1 [internal function]: CodeIgniter\Debug\Exceptions->errorHandler(2, 'Array to string conversion', 'C:\\laragon\\www\\coffee\\system\\Database\\BaseBuilder.php', 2159)
 2 SYSTEMPATH\Database\BaseBuilder.php(2159): implode(',', [...])
 3 [internal function]: CodeIgniter\Database\BaseBuilder::CodeIgniter\Database\{closure}([...])
 4 SYSTEMPATH\Database\BaseBuilder.php(2159): array_map(Object(Closure), [...])
 5 SYSTEMPATH\Database\BaseBuilder.php(2220): CodeIgniter\Database\BaseBuilder->formatValues([...])
 6 SYSTEMPATH\Database\BaseBuilder.php(1791): CodeIgniter\Database\BaseBuilder->_insertBatch('`tbl_orders`', [...], [...])
 7 SYSTEMPATH\Database\BaseBuilder.php(2191): CodeIgniter\Database\BaseBuilder->batchExecute('_insertBatch', 100)
 8 SYSTEMPATH\Model.php(353): CodeIgniter\Database\BaseBuilder->insertBatch([...], null, 100)
 9 SYSTEMPATH\BaseModel.php(880): CodeIgniter\Model->doInsertBatch([...], null, 100, false)
10 APPPATH\Controllers\AdminController.php(2331): CodeIgniter\BaseModel->insertBatch([...])
11 SYSTEMPATH\CodeIgniter.php(919): App\Controllers\AdminController->getPendingOrders()
12 SYSTEMPATH\CodeIgniter.php(494): CodeIgniter\CodeIgniter->runController(Object(App\Controllers\AdminController))
13 SYSTEMPATH\CodeIgniter.php(353): CodeIgniter\CodeIgniter->handleRequest(null, Object(Config\Cache), false)
14 FCPATH\index.php(79): CodeIgniter\CodeIgniter->run()
15 SYSTEMPATH\Commands\Server\rewrite.php(47): require_once('C:\\laragon\\www\\coffee\\public\\index.php')
CRITICAL - 2024-07-11 01:52:20 --> Undefined array key "order_date"
in APPPATH\Controllers\AdminController.php on line 2356.
 1 APPPATH\Controllers\AdminController.php(2356): CodeIgniter\Debug\Exceptions->errorHandler(2, 'Undefined array key "order_date"', 'C:\\laragon\\www\\coffee\\app\\Controllers\\AdminController.php', 2356)
 2 APPPATH\Controllers\AdminController.php(2331): App\Controllers\AdminController->toHistory([...])
 3 SYSTEMPATH\CodeIgniter.php(919): App\Controllers\AdminController->getPendingOrders()
 4 SYSTEMPATH\CodeIgniter.php(494): CodeIgniter\CodeIgniter->runController(Object(App\Controllers\AdminController))
 5 SYSTEMPATH\CodeIgniter.php(353): CodeIgniter\CodeIgniter->handleRequest(null, Object(Config\Cache), false)
 6 FCPATH\index.php(79): CodeIgniter\CodeIgniter->run()
 7 SYSTEMPATH\Commands\Server\rewrite.php(47): require_once('C:\\laragon\\www\\coffee\\public\\index.php')
