CRITICAL - 2024-04-09 00:50:49 --> Undefined variable $carts
in APPPATH\Views\user\checkout.php on line 38.
 1 APPPATH\Views\user\checkout.php(38): CodeIgniter\Debug\Exceptions->errorHandler(2, 'Undefined variable $carts', 'C:\\laragon\\www\\coffee\\app\\Views\\user\\checkout.php', 38)
 2 SYSTEMPATH\View\View.php(226): include('C:\\laragon\\www\\coffee\\app\\Views\\user\\checkout.php')
 3 SYSTEMPATH\View\View.php(229): CodeIgniter\View\View->CodeIgniter\View\{closure}()
 4 SYSTEMPATH\Common.php(1188): CodeIgniter\View\View->render('user/checkout', [], true)
 5 APPPATH\Controllers\CartController.php(195): view('user/checkout')
 6 SYSTEMPATH\CodeIgniter.php(919): App\Controllers\CartController->GotoCheckOut()
 7 SYSTEMPATH\CodeIgniter.php(494): CodeIgniter\CodeIgniter->runController(Object(App\Controllers\CartController))
 8 SYSTEMPATH\CodeIgniter.php(353): CodeIgniter\CodeIgniter->handleRequest(null, Object(Config\Cache), false)
 9 FCPATH\index.php(79): CodeIgniter\CodeIgniter->run()
10 SYSTEMPATH\Commands\Server\rewrite.php(47): require_once('C:\\laragon\\www\\coffee\\public\\index.php')
CRITICAL - 2024-04-09 00:59:22 --> Undefined array key "status"
in APPPATH\Views\user\checkout.php on line 42.
 1 APPPATH\Views\user\checkout.php(42): CodeIgniter\Debug\Exceptions->errorHandler(2, 'Undefined array key "status"', 'C:\\laragon\\www\\coffee\\app\\Views\\user\\checkout.php', 42)
 2 SYSTEMPATH\View\View.php(226): include('C:\\laragon\\www\\coffee\\app\\Views\\user\\checkout.php')
 3 SYSTEMPATH\View\View.php(229): CodeIgniter\View\View->CodeIgniter\View\{closure}()
 4 SYSTEMPATH\Common.php(1188): CodeIgniter\View\View->render('user/checkout', [], true)
 5 APPPATH\Controllers\CartController.php(195): view('user/checkout', [...])
 6 SYSTEMPATH\CodeIgniter.php(919): App\Controllers\CartController->GotoCheckOut()
 7 SYSTEMPATH\CodeIgniter.php(494): CodeIgniter\CodeIgniter->runController(Object(App\Controllers\CartController))
 8 SYSTEMPATH\CodeIgniter.php(353): CodeIgniter\CodeIgniter->handleRequest(null, Object(Config\Cache), false)
 9 FCPATH\index.php(79): CodeIgniter\CodeIgniter->run()
10 SYSTEMPATH\Commands\Server\rewrite.php(47): require_once('C:\\laragon\\www\\coffee\\public\\index.php')
