CRITICAL - 2024-09-02 15:30:36 --> Undefined property: stdClass::$productId
in APPPATH\Controllers\AdminController.php on line 68.
 1 APPPATH\Controllers\AdminController.php(68): CodeIgniter\Debug\Exceptions->errorHandler(2, 'Undefined property: stdClass::$productId', 'C:\\laragon\\www\\coffee\\app\\Controllers\\AdminController.php', 68)
 2 SYSTEMPATH\CodeIgniter.php(919): App\Controllers\AdminController->savePOSOrders()
 3 SYSTEMPATH\CodeIgniter.php(494): CodeIgniter\CodeIgniter->runController(Object(App\Controllers\AdminController))
 4 SYSTEMPATH\CodeIgniter.php(353): CodeIgniter\CodeIgniter->handleRequest(null, Object(Config\Cache), false)
 5 FCPATH\index.php(79): CodeIgniter\CodeIgniter->run()
 6 SYSTEMPATH\Commands\Server\rewrite.php(47): require_once('C:\\laragon\\www\\coffee\\public\\index.php')
CRITICAL - 2024-09-02 15:30:36 --> Undefined property: stdClass::$productId
in APPPATH\Controllers\AdminController.php on line 68.
 1 APPPATH\Controllers\AdminController.php(68): CodeIgniter\Debug\Exceptions->errorHandler(2, 'Undefined property: stdClass::$productId', 'C:\\laragon\\www\\coffee\\app\\Controllers\\AdminController.php', 68)
 2 SYSTEMPATH\CodeIgniter.php(919): App\Controllers\AdminController->savePOSOrders()
 3 SYSTEMPATH\CodeIgniter.php(494): CodeIgniter\CodeIgniter->runController(Object(App\Controllers\AdminController))
 4 SYSTEMPATH\CodeIgniter.php(353): CodeIgniter\CodeIgniter->handleRequest(null, Object(Config\Cache), false)
 5 FCPATH\index.php(79): CodeIgniter\CodeIgniter->run()
 6 SYSTEMPATH\Commands\Server\rewrite.php(47): require_once('C:\\laragon\\www\\coffee\\public\\index.php')
CRITICAL - 2024-09-02 15:31:22 --> Undefined property: stdClass::$productId
in APPPATH\Controllers\AdminController.php on line 68.
 1 APPPATH\Controllers\AdminController.php(68): CodeIgniter\Debug\Exceptions->errorHandler(2, 'Undefined property: stdClass::$productId', 'C:\\laragon\\www\\coffee\\app\\Controllers\\AdminController.php', 68)
 2 SYSTEMPATH\CodeIgniter.php(919): App\Controllers\AdminController->savePOSOrders()
 3 SYSTEMPATH\CodeIgniter.php(494): CodeIgniter\CodeIgniter->runController(Object(App\Controllers\AdminController))
 4 SYSTEMPATH\CodeIgniter.php(353): CodeIgniter\CodeIgniter->handleRequest(null, Object(Config\Cache), false)
 5 FCPATH\index.php(79): CodeIgniter\CodeIgniter->run()
 6 SYSTEMPATH\Commands\Server\rewrite.php(47): require_once('C:\\laragon\\www\\coffee\\public\\index.php')
CRITICAL - 2024-09-02 15:47:31 --> Call to undefined method App\Controllers\ReservationController::getBarcodeByOrder()
in APPPATH\Controllers\ReservationController.php on line 113.
 1 SYSTEMPATH\CodeIgniter.php(919): App\Controllers\ReservationController->saveReservation()
 2 SYSTEMPATH\CodeIgniter.php(494): CodeIgniter\CodeIgniter->runController(Object(App\Controllers\ReservationController))
 3 SYSTEMPATH\CodeIgniter.php(353): CodeIgniter\CodeIgniter->handleRequest(null, Object(Config\Cache), false)
 4 FCPATH\index.php(79): CodeIgniter\CodeIgniter->run()
 5 SYSTEMPATH\Commands\Server\rewrite.php(47): require_once('C:\\laragon\\www\\coffee\\public\\index.php')
CRITICAL - 2024-09-02 15:47:48 --> Call to undefined method App\Controllers\ReservationController::getBarcodeByOrder()
in APPPATH\Controllers\ReservationController.php on line 113.
 1 SYSTEMPATH\CodeIgniter.php(919): App\Controllers\ReservationController->saveReservation()
 2 SYSTEMPATH\CodeIgniter.php(494): CodeIgniter\CodeIgniter->runController(Object(App\Controllers\ReservationController))
 3 SYSTEMPATH\CodeIgniter.php(353): CodeIgniter\CodeIgniter->handleRequest(null, Object(Config\Cache), false)
 4 FCPATH\index.php(79): CodeIgniter\CodeIgniter->run()
 5 SYSTEMPATH\Commands\Server\rewrite.php(47): require_once('C:\\laragon\\www\\coffee\\public\\index.php')
CRITICAL - 2024-09-02 15:47:51 --> Call to undefined method App\Controllers\ReservationController::getBarcodeByOrder()
in APPPATH\Controllers\ReservationController.php on line 113.
 1 SYSTEMPATH\CodeIgniter.php(919): App\Controllers\ReservationController->saveReservation()
 2 SYSTEMPATH\CodeIgniter.php(494): CodeIgniter\CodeIgniter->runController(Object(App\Controllers\ReservationController))
 3 SYSTEMPATH\CodeIgniter.php(353): CodeIgniter\CodeIgniter->handleRequest(null, Object(Config\Cache), false)
 4 FCPATH\index.php(79): CodeIgniter\CodeIgniter->run()
 5 SYSTEMPATH\Commands\Server\rewrite.php(47): require_once('C:\\laragon\\www\\coffee\\public\\index.php')
CRITICAL - 2024-09-02 15:48:18 --> Call to undefined method App\Controllers\ReservationController::getBarcodeByOrder()
in APPPATH\Controllers\ReservationController.php on line 113.
 1 SYSTEMPATH\CodeIgniter.php(919): App\Controllers\ReservationController->saveReservation()
 2 SYSTEMPATH\CodeIgniter.php(494): CodeIgniter\CodeIgniter->runController(Object(App\Controllers\ReservationController))
 3 SYSTEMPATH\CodeIgniter.php(353): CodeIgniter\CodeIgniter->handleRequest(null, Object(Config\Cache), false)
 4 FCPATH\index.php(79): CodeIgniter\CodeIgniter->run()
 5 SYSTEMPATH\Commands\Server\rewrite.php(47): require_once('C:\\laragon\\www\\coffee\\public\\index.php')
CRITICAL - 2024-09-02 15:53:02 --> Call to undefined method App\Controllers\ReservationController::getBarcodeByOrder()
in APPPATH\Controllers\ReservationController.php on line 113.
 1 SYSTEMPATH\CodeIgniter.php(919): App\Controllers\ReservationController->saveReservation()
 2 SYSTEMPATH\CodeIgniter.php(494): CodeIgniter\CodeIgniter->runController(Object(App\Controllers\ReservationController))
 3 SYSTEMPATH\CodeIgniter.php(353): CodeIgniter\CodeIgniter->handleRequest(null, Object(Config\Cache), false)
 4 FCPATH\index.php(79): CodeIgniter\CodeIgniter->run()
 5 SYSTEMPATH\Commands\Server\rewrite.php(47): require_once('C:\\laragon\\www\\coffee\\public\\index.php')
CRITICAL - 2024-09-02 15:53:05 --> Call to undefined method App\Controllers\ReservationController::getBarcodeByOrder()
in APPPATH\Controllers\ReservationController.php on line 113.
 1 SYSTEMPATH\CodeIgniter.php(919): App\Controllers\ReservationController->saveReservation()
 2 SYSTEMPATH\CodeIgniter.php(494): CodeIgniter\CodeIgniter->runController(Object(App\Controllers\ReservationController))
 3 SYSTEMPATH\CodeIgniter.php(353): CodeIgniter\CodeIgniter->handleRequest(null, Object(Config\Cache), false)
 4 FCPATH\index.php(79): CodeIgniter\CodeIgniter->run()
 5 SYSTEMPATH\Commands\Server\rewrite.php(47): require_once('C:\\laragon\\www\\coffee\\public\\index.php')
CRITICAL - 2024-09-02 16:31:17 --> Undefined property: stdClass::$productId
in APPPATH\Controllers\ReservationController.php on line 2088.
 1 APPPATH\Controllers\ReservationController.php(2088): CodeIgniter\Debug\Exceptions->errorHandler(2, 'Undefined property: stdClass::$productId', 'C:\\laragon\\www\\coffee\\app\\Controllers\\ReservationController.php', 2088)
 2 SYSTEMPATH\CodeIgniter.php(919): App\Controllers\ReservationController->getResevartionData()
 3 SYSTEMPATH\CodeIgniter.php(494): CodeIgniter\CodeIgniter->runController(Object(App\Controllers\ReservationController))
 4 SYSTEMPATH\CodeIgniter.php(353): CodeIgniter\CodeIgniter->handleRequest(null, Object(Config\Cache), false)
 5 FCPATH\index.php(79): CodeIgniter\CodeIgniter->run()
 6 SYSTEMPATH\Commands\Server\rewrite.php(47): require_once('C:\\laragon\\www\\coffee\\public\\index.php')
CRITICAL - 2024-09-02 16:59:18 --> Undefined variable $dFormat
in APPPATH\Controllers\ReservationController.php on line 2119.
 1 APPPATH\Controllers\ReservationController.php(2119): CodeIgniter\Debug\Exceptions->errorHandler(2, 'Undefined variable $dFormat', 'C:\\laragon\\www\\coffee\\app\\Controllers\\ReservationController.php', 2119)
 2 SYSTEMPATH\CodeIgniter.php(919): App\Controllers\ReservationController->paymentView()
 3 SYSTEMPATH\CodeIgniter.php(494): CodeIgniter\CodeIgniter->runController(Object(App\Controllers\ReservationController))
 4 SYSTEMPATH\CodeIgniter.php(353): CodeIgniter\CodeIgniter->handleRequest(null, Object(Config\Cache), false)
 5 FCPATH\index.php(79): CodeIgniter\CodeIgniter->run()
 6 SYSTEMPATH\Commands\Server\rewrite.php(47): require_once('C:\\laragon\\www\\coffee\\public\\index.php')
CRITICAL - 2024-09-02 16:59:56 --> Undefined variable $cartItemCount
in APPPATH\Controllers\ReservationController.php on line 2124.
 1 APPPATH\Controllers\ReservationController.php(2124): CodeIgniter\Debug\Exceptions->errorHandler(2, 'Undefined variable $cartItemCount', 'C:\\laragon\\www\\coffee\\app\\Controllers\\ReservationController.php', 2124)
 2 SYSTEMPATH\CodeIgniter.php(919): App\Controllers\ReservationController->paymentView()
 3 SYSTEMPATH\CodeIgniter.php(494): CodeIgniter\CodeIgniter->runController(Object(App\Controllers\ReservationController))
 4 SYSTEMPATH\CodeIgniter.php(353): CodeIgniter\CodeIgniter->handleRequest(null, Object(Config\Cache), false)
 5 FCPATH\index.php(79): CodeIgniter\CodeIgniter->run()
 6 SYSTEMPATH\Commands\Server\rewrite.php(47): require_once('C:\\laragon\\www\\coffee\\public\\index.php')
CRITICAL - 2024-09-02 17:00:16 --> Undefined variable $user
in APPPATH\Controllers\ReservationController.php on line 2114.
 1 APPPATH\Controllers\ReservationController.php(2114): CodeIgniter\Debug\Exceptions->errorHandler(2, 'Undefined variable $user', 'C:\\laragon\\www\\coffee\\app\\Controllers\\ReservationController.php', 2114)
 2 SYSTEMPATH\CodeIgniter.php(919): App\Controllers\ReservationController->paymentView()
 3 SYSTEMPATH\CodeIgniter.php(494): CodeIgniter\CodeIgniter->runController(Object(App\Controllers\ReservationController))
 4 SYSTEMPATH\CodeIgniter.php(353): CodeIgniter\CodeIgniter->handleRequest(null, Object(Config\Cache), false)
 5 FCPATH\index.php(79): CodeIgniter\CodeIgniter->run()
 6 SYSTEMPATH\Commands\Server\rewrite.php(47): require_once('C:\\laragon\\www\\coffee\\public\\index.php')
CRITICAL - 2024-09-02 17:01:32 --> Undefined variable $lastname
in APPPATH\Views\user\ProdReservation\getdataTosave.php on line 10.
 1 APPPATH\Views\user\ProdReservation\getdataTosave.php(10): CodeIgniter\Debug\Exceptions->errorHandler(2, 'Undefined variable $lastname', 'C:\\laragon\\www\\coffee\\app\\Views\\user\\ProdReservation\\getdataTosave.php', 10)
 2 SYSTEMPATH\View\View.php(226): include('C:\\laragon\\www\\coffee\\app\\Views\\user\\ProdReservation\\getdataTosave.php')
 3 SYSTEMPATH\View\View.php(229): CodeIgniter\View\View->CodeIgniter\View\{closure}()
 4 SYSTEMPATH\Common.php(1188): CodeIgniter\View\View->render('user/ProdReservation/getdataTosave', [], true)
 5 APPPATH\Controllers\ReservationController.php(2133): view('user/ProdReservation/getdataTosave')
 6 SYSTEMPATH\CodeIgniter.php(919): App\Controllers\ReservationController->paymentView()
 7 SYSTEMPATH\CodeIgniter.php(494): CodeIgniter\CodeIgniter->runController(Object(App\Controllers\ReservationController))
 8 SYSTEMPATH\CodeIgniter.php(353): CodeIgniter\CodeIgniter->handleRequest(null, Object(Config\Cache), false)
 9 FCPATH\index.php(79): CodeIgniter\CodeIgniter->run()
10 SYSTEMPATH\Commands\Server\rewrite.php(47): require_once('C:\\laragon\\www\\coffee\\public\\index.php')
CRITICAL - 2024-09-02 17:40:01 --> Undefined variable $date
in APPPATH\Controllers\ReservationController.php on line 2112.
 1 APPPATH\Controllers\ReservationController.php(2112): CodeIgniter\Debug\Exceptions->errorHandler(2, 'Undefined variable $date', 'C:\\laragon\\www\\coffee\\app\\Controllers\\ReservationController.php', 2112)
 2 SYSTEMPATH\CodeIgniter.php(919): App\Controllers\ReservationController->paymentView()
 3 SYSTEMPATH\CodeIgniter.php(494): CodeIgniter\CodeIgniter->runController(Object(App\Controllers\ReservationController))
 4 SYSTEMPATH\CodeIgniter.php(353): CodeIgniter\CodeIgniter->handleRequest(null, Object(Config\Cache), false)
 5 FCPATH\index.php(79): CodeIgniter\CodeIgniter->run()
 6 SYSTEMPATH\Commands\Server\rewrite.php(47): require_once('C:\\laragon\\www\\coffee\\public\\index.php')
CRITICAL - 2024-09-02 23:47:57 --> Undefined variable $changemush
in APPPATH\Controllers\AdminController.php on line 2180.
 1 APPPATH\Controllers\AdminController.php(2180): CodeIgniter\Debug\Exceptions->errorHandler(2, 'Undefined variable $changemush', 'C:\\laragon\\www\\coffee\\app\\Controllers\\AdminController.php', 2180)
 2 SYSTEMPATH\CodeIgniter.php(919): App\Controllers\AdminController->savePOSOrders()
 3 SYSTEMPATH\CodeIgniter.php(494): CodeIgniter\CodeIgniter->runController(Object(App\Controllers\AdminController))
 4 SYSTEMPATH\CodeIgniter.php(353): CodeIgniter\CodeIgniter->handleRequest(null, Object(Config\Cache), false)
 5 FCPATH\index.php(79): CodeIgniter\CodeIgniter->run()
 6 SYSTEMPATH\Commands\Server\rewrite.php(47): require_once('C:\\laragon\\www\\coffee\\public\\index.php')
