CRITICAL - 2024-04-08 07:17:22 --> Class "App\Controllers\ProductModel" not found
in APPPATH\Controllers\OrderController.php on line 14.
 1 SYSTEMPATH\CodeIgniter.php(891): App\Controllers\OrderController->__construct()
 2 SYSTEMPATH\CodeIgniter.php(485): CodeIgniter\CodeIgniter->createController()
 3 SYSTEMPATH\CodeIgniter.php(353): CodeIgniter\CodeIgniter->handleRequest(null, Object(Config\Cache), false)
 4 FCPATH\index.php(79): CodeIgniter\CodeIgniter->run()
 5 SYSTEMPATH\Commands\Server\rewrite.php(47): require_once('C:\\laragon\\www\\coffee\\public\\index.php')
CRITICAL - 2024-04-08 07:17:46 --> Class "App\Controllers\ProductModel" not found
in APPPATH\Controllers\OrderController.php on line 14.
 1 SYSTEMPATH\CodeIgniter.php(891): App\Controllers\OrderController->__construct()
 2 SYSTEMPATH\CodeIgniter.php(485): CodeIgniter\CodeIgniter->createController()
 3 SYSTEMPATH\CodeIgniter.php(353): CodeIgniter\CodeIgniter->handleRequest(null, Object(Config\Cache), false)
 4 FCPATH\index.php(79): CodeIgniter\CodeIgniter->run()
 5 SYSTEMPATH\Commands\Server\rewrite.php(47): require_once('C:\\laragon\\www\\coffee\\public\\index.php')
CRITICAL - 2024-04-08 07:17:48 --> Class "App\Controllers\ProductModel" not found
in APPPATH\Controllers\OrderController.php on line 14.
 1 SYSTEMPATH\CodeIgniter.php(891): App\Controllers\OrderController->__construct()
 2 SYSTEMPATH\CodeIgniter.php(485): CodeIgniter\CodeIgniter->createController()
 3 SYSTEMPATH\CodeIgniter.php(353): CodeIgniter\CodeIgniter->handleRequest(null, Object(Config\Cache), false)
 4 FCPATH\index.php(79): CodeIgniter\CodeIgniter->run()
 5 SYSTEMPATH\Commands\Server\rewrite.php(47): require_once('C:\\laragon\\www\\coffee\\public\\index.php')
CRITICAL - 2024-04-08 07:17:52 --> Undefined array key "prod_id"
in APPPATH\Views\user\order.php on line 13.
 1 APPPATH\Views\user\order.php(13): CodeIgniter\Debug\Exceptions->errorHandler(2, 'Undefined array key "prod_id"', 'C:\\laragon\\www\\coffee\\app\\Views\\user\\order.php', 13)
 2 SYSTEMPATH\View\View.php(226): include('C:\\laragon\\www\\coffee\\app\\Views\\user\\order.php')
 3 SYSTEMPATH\View\View.php(229): CodeIgniter\View\View->CodeIgniter\View\{closure}()
 4 SYSTEMPATH\Common.php(1188): CodeIgniter\View\View->render('user/order', [], true)
 5 APPPATH\Controllers\OrderController.php(102): view('user/order', [...])
 6 SYSTEMPATH\CodeIgniter.php(919): App\Controllers\OrderController->myOrders('2')
 7 SYSTEMPATH\CodeIgniter.php(494): CodeIgniter\CodeIgniter->runController(Object(App\Controllers\OrderController))
 8 SYSTEMPATH\CodeIgniter.php(353): CodeIgniter\CodeIgniter->handleRequest(null, Object(Config\Cache), false)
 9 FCPATH\index.php(79): CodeIgniter\CodeIgniter->run()
10 SYSTEMPATH\Commands\Server\rewrite.php(47): require_once('C:\\laragon\\www\\coffee\\public\\index.php')
CRITICAL - 2024-04-08 07:18:46 --> Undefined array key "prod_id"
in APPPATH\Views\user\order.php on line 13.
 1 APPPATH\Views\user\order.php(13): CodeIgniter\Debug\Exceptions->errorHandler(2, 'Undefined array key "prod_id"', 'C:\\laragon\\www\\coffee\\app\\Views\\user\\order.php', 13)
 2 SYSTEMPATH\View\View.php(226): include('C:\\laragon\\www\\coffee\\app\\Views\\user\\order.php')
 3 SYSTEMPATH\View\View.php(229): CodeIgniter\View\View->CodeIgniter\View\{closure}()
 4 SYSTEMPATH\Common.php(1188): CodeIgniter\View\View->render('user/order', [], true)
 5 APPPATH\Controllers\OrderController.php(102): view('user/order', [...])
 6 SYSTEMPATH\CodeIgniter.php(919): App\Controllers\OrderController->myOrders('2')
 7 SYSTEMPATH\CodeIgniter.php(494): CodeIgniter\CodeIgniter->runController(Object(App\Controllers\OrderController))
 8 SYSTEMPATH\CodeIgniter.php(353): CodeIgniter\CodeIgniter->handleRequest(null, Object(Config\Cache), false)
 9 FCPATH\index.php(79): CodeIgniter\CodeIgniter->run()
10 SYSTEMPATH\Commands\Server\rewrite.php(47): require_once('C:\\laragon\\www\\coffee\\public\\index.php')
CRITICAL - 2024-04-08 07:18:52 --> Undefined array key "prod_id"
in APPPATH\Views\user\order.php on line 13.
 1 APPPATH\Views\user\order.php(13): CodeIgniter\Debug\Exceptions->errorHandler(2, 'Undefined array key "prod_id"', 'C:\\laragon\\www\\coffee\\app\\Views\\user\\order.php', 13)
 2 SYSTEMPATH\View\View.php(226): include('C:\\laragon\\www\\coffee\\app\\Views\\user\\order.php')
 3 SYSTEMPATH\View\View.php(229): CodeIgniter\View\View->CodeIgniter\View\{closure}()
 4 SYSTEMPATH\Common.php(1188): CodeIgniter\View\View->render('user/order', [], true)
 5 APPPATH\Controllers\OrderController.php(102): view('user/order', [...])
 6 SYSTEMPATH\CodeIgniter.php(919): App\Controllers\OrderController->myOrders('2')
 7 SYSTEMPATH\CodeIgniter.php(494): CodeIgniter\CodeIgniter->runController(Object(App\Controllers\OrderController))
 8 SYSTEMPATH\CodeIgniter.php(353): CodeIgniter\CodeIgniter->handleRequest(null, Object(Config\Cache), false)
 9 FCPATH\index.php(79): CodeIgniter\CodeIgniter->run()
10 SYSTEMPATH\Commands\Server\rewrite.php(47): require_once('C:\\laragon\\www\\coffee\\public\\index.php')
CRITICAL - 2024-04-08 07:19:31 --> Undefined array key "prod_id"
in APPPATH\Views\user\order.php on line 13.
 1 APPPATH\Views\user\order.php(13): CodeIgniter\Debug\Exceptions->errorHandler(2, 'Undefined array key "prod_id"', 'C:\\laragon\\www\\coffee\\app\\Views\\user\\order.php', 13)
 2 SYSTEMPATH\View\View.php(226): include('C:\\laragon\\www\\coffee\\app\\Views\\user\\order.php')
 3 SYSTEMPATH\View\View.php(229): CodeIgniter\View\View->CodeIgniter\View\{closure}()
 4 SYSTEMPATH\Common.php(1188): CodeIgniter\View\View->render('user/order', [], true)
 5 APPPATH\Controllers\OrderController.php(102): view('user/order', [...])
 6 SYSTEMPATH\CodeIgniter.php(919): App\Controllers\OrderController->myOrders('2')
 7 SYSTEMPATH\CodeIgniter.php(494): CodeIgniter\CodeIgniter->runController(Object(App\Controllers\OrderController))
 8 SYSTEMPATH\CodeIgniter.php(353): CodeIgniter\CodeIgniter->handleRequest(null, Object(Config\Cache), false)
 9 FCPATH\index.php(79): CodeIgniter\CodeIgniter->run()
10 SYSTEMPATH\Commands\Server\rewrite.php(47): require_once('C:\\laragon\\www\\coffee\\public\\index.php')
CRITICAL - 2024-04-08 07:19:37 --> Undefined variable $order
in APPPATH\Views\user\order.php on line 13.
 1 APPPATH\Views\user\order.php(13): CodeIgniter\Debug\Exceptions->errorHandler(2, 'Undefined variable $order', 'C:\\laragon\\www\\coffee\\app\\Views\\user\\order.php', 13)
 2 SYSTEMPATH\View\View.php(226): include('C:\\laragon\\www\\coffee\\app\\Views\\user\\order.php')
 3 SYSTEMPATH\View\View.php(229): CodeIgniter\View\View->CodeIgniter\View\{closure}()
 4 SYSTEMPATH\Common.php(1188): CodeIgniter\View\View->render('user/order', [], true)
 5 APPPATH\Controllers\OrderController.php(102): view('user/order', [...])
 6 SYSTEMPATH\CodeIgniter.php(919): App\Controllers\OrderController->myOrders('2')
 7 SYSTEMPATH\CodeIgniter.php(494): CodeIgniter\CodeIgniter->runController(Object(App\Controllers\OrderController))
 8 SYSTEMPATH\CodeIgniter.php(353): CodeIgniter\CodeIgniter->handleRequest(null, Object(Config\Cache), false)
 9 FCPATH\index.php(79): CodeIgniter\CodeIgniter->run()
10 SYSTEMPATH\Commands\Server\rewrite.php(47): require_once('C:\\laragon\\www\\coffee\\public\\index.php')
CRITICAL - 2024-04-08 07:19:43 --> Undefined array key "prod_id"
in APPPATH\Views\user\order.php on line 13.
 1 APPPATH\Views\user\order.php(13): CodeIgniter\Debug\Exceptions->errorHandler(2, 'Undefined array key "prod_id"', 'C:\\laragon\\www\\coffee\\app\\Views\\user\\order.php', 13)
 2 SYSTEMPATH\View\View.php(226): include('C:\\laragon\\www\\coffee\\app\\Views\\user\\order.php')
 3 SYSTEMPATH\View\View.php(229): CodeIgniter\View\View->CodeIgniter\View\{closure}()
 4 SYSTEMPATH\Common.php(1188): CodeIgniter\View\View->render('user/order', [], true)
 5 APPPATH\Controllers\OrderController.php(102): view('user/order', [...])
 6 SYSTEMPATH\CodeIgniter.php(919): App\Controllers\OrderController->myOrders('2')
 7 SYSTEMPATH\CodeIgniter.php(494): CodeIgniter\CodeIgniter->runController(Object(App\Controllers\OrderController))
 8 SYSTEMPATH\CodeIgniter.php(353): CodeIgniter\CodeIgniter->handleRequest(null, Object(Config\Cache), false)
 9 FCPATH\index.php(79): CodeIgniter\CodeIgniter->run()
10 SYSTEMPATH\Commands\Server\rewrite.php(47): require_once('C:\\laragon\\www\\coffee\\public\\index.php')
CRITICAL - 2024-04-08 07:20:50 --> Undefined array key "prod_id"
in APPPATH\Views\user\order.php on line 13.
 1 APPPATH\Views\user\order.php(13): CodeIgniter\Debug\Exceptions->errorHandler(2, 'Undefined array key "prod_id"', 'C:\\laragon\\www\\coffee\\app\\Views\\user\\order.php', 13)
 2 SYSTEMPATH\View\View.php(226): include('C:\\laragon\\www\\coffee\\app\\Views\\user\\order.php')
 3 SYSTEMPATH\View\View.php(229): CodeIgniter\View\View->CodeIgniter\View\{closure}()
 4 SYSTEMPATH\Common.php(1188): CodeIgniter\View\View->render('user/order', [], true)
 5 APPPATH\Controllers\OrderController.php(102): view('user/order', [...])
 6 SYSTEMPATH\CodeIgniter.php(919): App\Controllers\OrderController->myOrders('2')
 7 SYSTEMPATH\CodeIgniter.php(494): CodeIgniter\CodeIgniter->runController(Object(App\Controllers\OrderController))
 8 SYSTEMPATH\CodeIgniter.php(353): CodeIgniter\CodeIgniter->handleRequest(null, Object(Config\Cache), false)
 9 FCPATH\index.php(79): CodeIgniter\CodeIgniter->run()
10 SYSTEMPATH\Commands\Server\rewrite.php(47): require_once('C:\\laragon\\www\\coffee\\public\\index.php')
CRITICAL - 2024-04-08 07:20:52 --> Undefined array key "prod_id"
in APPPATH\Views\user\order.php on line 13.
 1 APPPATH\Views\user\order.php(13): CodeIgniter\Debug\Exceptions->errorHandler(2, 'Undefined array key "prod_id"', 'C:\\laragon\\www\\coffee\\app\\Views\\user\\order.php', 13)
 2 SYSTEMPATH\View\View.php(226): include('C:\\laragon\\www\\coffee\\app\\Views\\user\\order.php')
 3 SYSTEMPATH\View\View.php(229): CodeIgniter\View\View->CodeIgniter\View\{closure}()
 4 SYSTEMPATH\Common.php(1188): CodeIgniter\View\View->render('user/order', [], true)
 5 APPPATH\Controllers\OrderController.php(102): view('user/order', [...])
 6 SYSTEMPATH\CodeIgniter.php(919): App\Controllers\OrderController->myOrders('2')
 7 SYSTEMPATH\CodeIgniter.php(494): CodeIgniter\CodeIgniter->runController(Object(App\Controllers\OrderController))
 8 SYSTEMPATH\CodeIgniter.php(353): CodeIgniter\CodeIgniter->handleRequest(null, Object(Config\Cache), false)
 9 FCPATH\index.php(79): CodeIgniter\CodeIgniter->run()
10 SYSTEMPATH\Commands\Server\rewrite.php(47): require_once('C:\\laragon\\www\\coffee\\public\\index.php')
CRITICAL - 2024-04-08 07:21:03 --> Undefined array key "prod_id"
in APPPATH\Views\user\order.php on line 13.
 1 APPPATH\Views\user\order.php(13): CodeIgniter\Debug\Exceptions->errorHandler(2, 'Undefined array key "prod_id"', 'C:\\laragon\\www\\coffee\\app\\Views\\user\\order.php', 13)
 2 SYSTEMPATH\View\View.php(226): include('C:\\laragon\\www\\coffee\\app\\Views\\user\\order.php')
 3 SYSTEMPATH\View\View.php(229): CodeIgniter\View\View->CodeIgniter\View\{closure}()
 4 SYSTEMPATH\Common.php(1188): CodeIgniter\View\View->render('user/order', [], true)
 5 APPPATH\Controllers\OrderController.php(102): view('user/order', [...])
 6 SYSTEMPATH\CodeIgniter.php(919): App\Controllers\OrderController->myOrders('2')
 7 SYSTEMPATH\CodeIgniter.php(494): CodeIgniter\CodeIgniter->runController(Object(App\Controllers\OrderController))
 8 SYSTEMPATH\CodeIgniter.php(353): CodeIgniter\CodeIgniter->handleRequest(null, Object(Config\Cache), false)
 9 FCPATH\index.php(79): CodeIgniter\CodeIgniter->run()
10 SYSTEMPATH\Commands\Server\rewrite.php(47): require_once('C:\\laragon\\www\\coffee\\public\\index.php')
CRITICAL - 2024-04-08 07:21:36 --> Undefined array key "prod_id"
in APPPATH\Views\user\order.php on line 13.
 1 APPPATH\Views\user\order.php(13): CodeIgniter\Debug\Exceptions->errorHandler(2, 'Undefined array key "prod_id"', 'C:\\laragon\\www\\coffee\\app\\Views\\user\\order.php', 13)
 2 SYSTEMPATH\View\View.php(226): include('C:\\laragon\\www\\coffee\\app\\Views\\user\\order.php')
 3 SYSTEMPATH\View\View.php(229): CodeIgniter\View\View->CodeIgniter\View\{closure}()
 4 SYSTEMPATH\Common.php(1188): CodeIgniter\View\View->render('user/order', [], true)
 5 APPPATH\Controllers\OrderController.php(102): view('user/order', [...])
 6 SYSTEMPATH\CodeIgniter.php(919): App\Controllers\OrderController->myOrders('2')
 7 SYSTEMPATH\CodeIgniter.php(494): CodeIgniter\CodeIgniter->runController(Object(App\Controllers\OrderController))
 8 SYSTEMPATH\CodeIgniter.php(353): CodeIgniter\CodeIgniter->handleRequest(null, Object(Config\Cache), false)
 9 FCPATH\index.php(79): CodeIgniter\CodeIgniter->run()
10 SYSTEMPATH\Commands\Server\rewrite.php(47): require_once('C:\\laragon\\www\\coffee\\public\\index.php')
CRITICAL - 2024-04-08 07:22:05 --> Undefined array key "prod_id"
in APPPATH\Views\user\order.php on line 13.
 1 APPPATH\Views\user\order.php(13): CodeIgniter\Debug\Exceptions->errorHandler(2, 'Undefined array key "prod_id"', 'C:\\laragon\\www\\coffee\\app\\Views\\user\\order.php', 13)
 2 SYSTEMPATH\View\View.php(226): include('C:\\laragon\\www\\coffee\\app\\Views\\user\\order.php')
 3 SYSTEMPATH\View\View.php(229): CodeIgniter\View\View->CodeIgniter\View\{closure}()
 4 SYSTEMPATH\Common.php(1188): CodeIgniter\View\View->render('user/order', [], true)
 5 APPPATH\Controllers\OrderController.php(102): view('user/order', [...])
 6 SYSTEMPATH\CodeIgniter.php(919): App\Controllers\OrderController->myOrders('2')
 7 SYSTEMPATH\CodeIgniter.php(494): CodeIgniter\CodeIgniter->runController(Object(App\Controllers\OrderController))
 8 SYSTEMPATH\CodeIgniter.php(353): CodeIgniter\CodeIgniter->handleRequest(null, Object(Config\Cache), false)
 9 FCPATH\index.php(79): CodeIgniter\CodeIgniter->run()
10 SYSTEMPATH\Commands\Server\rewrite.php(47): require_once('C:\\laragon\\www\\coffee\\public\\index.php')
CRITICAL - 2024-04-08 07:22:23 --> Undefined array key "prod_id"
in APPPATH\Views\user\order.php on line 14.
 1 APPPATH\Views\user\order.php(14): CodeIgniter\Debug\Exceptions->errorHandler(2, 'Undefined array key "prod_id"', 'C:\\laragon\\www\\coffee\\app\\Views\\user\\order.php', 14)
 2 SYSTEMPATH\View\View.php(226): include('C:\\laragon\\www\\coffee\\app\\Views\\user\\order.php')
 3 SYSTEMPATH\View\View.php(229): CodeIgniter\View\View->CodeIgniter\View\{closure}()
 4 SYSTEMPATH\Common.php(1188): CodeIgniter\View\View->render('user/order', [], true)
 5 APPPATH\Controllers\OrderController.php(102): view('user/order', [...])
 6 SYSTEMPATH\CodeIgniter.php(919): App\Controllers\OrderController->myOrders('2')
 7 SYSTEMPATH\CodeIgniter.php(494): CodeIgniter\CodeIgniter->runController(Object(App\Controllers\OrderController))
 8 SYSTEMPATH\CodeIgniter.php(353): CodeIgniter\CodeIgniter->handleRequest(null, Object(Config\Cache), false)
 9 FCPATH\index.php(79): CodeIgniter\CodeIgniter->run()
10 SYSTEMPATH\Commands\Server\rewrite.php(47): require_once('C:\\laragon\\www\\coffee\\public\\index.php')
CRITICAL - 2024-04-08 07:22:25 --> Undefined array key "prod_id"
in APPPATH\Views\user\order.php on line 14.
 1 APPPATH\Views\user\order.php(14): CodeIgniter\Debug\Exceptions->errorHandler(2, 'Undefined array key "prod_id"', 'C:\\laragon\\www\\coffee\\app\\Views\\user\\order.php', 14)
 2 SYSTEMPATH\View\View.php(226): include('C:\\laragon\\www\\coffee\\app\\Views\\user\\order.php')
 3 SYSTEMPATH\View\View.php(229): CodeIgniter\View\View->CodeIgniter\View\{closure}()
 4 SYSTEMPATH\Common.php(1188): CodeIgniter\View\View->render('user/order', [], true)
 5 APPPATH\Controllers\OrderController.php(102): view('user/order', [...])
 6 SYSTEMPATH\CodeIgniter.php(919): App\Controllers\OrderController->myOrders('2')
 7 SYSTEMPATH\CodeIgniter.php(494): CodeIgniter\CodeIgniter->runController(Object(App\Controllers\OrderController))
 8 SYSTEMPATH\CodeIgniter.php(353): CodeIgniter\CodeIgniter->handleRequest(null, Object(Config\Cache), false)
 9 FCPATH\index.php(79): CodeIgniter\CodeIgniter->run()
10 SYSTEMPATH\Commands\Server\rewrite.php(47): require_once('C:\\laragon\\www\\coffee\\public\\index.php')
CRITICAL - 2024-04-08 07:22:55 --> Undefined array key "prod_name"
in APPPATH\Views\user\order.php on line 17.
 1 APPPATH\Views\user\order.php(17): CodeIgniter\Debug\Exceptions->errorHandler(2, 'Undefined array key "prod_name"', 'C:\\laragon\\www\\coffee\\app\\Views\\user\\order.php', 17)
 2 SYSTEMPATH\View\View.php(226): include('C:\\laragon\\www\\coffee\\app\\Views\\user\\order.php')
 3 SYSTEMPATH\View\View.php(229): CodeIgniter\View\View->CodeIgniter\View\{closure}()
 4 SYSTEMPATH\Common.php(1188): CodeIgniter\View\View->render('user/order', [], true)
 5 APPPATH\Controllers\OrderController.php(102): view('user/order', [...])
 6 SYSTEMPATH\CodeIgniter.php(919): App\Controllers\OrderController->myOrders('2')
 7 SYSTEMPATH\CodeIgniter.php(494): CodeIgniter\CodeIgniter->runController(Object(App\Controllers\OrderController))
 8 SYSTEMPATH\CodeIgniter.php(353): CodeIgniter\CodeIgniter->handleRequest(null, Object(Config\Cache), false)
 9 FCPATH\index.php(79): CodeIgniter\CodeIgniter->run()
10 SYSTEMPATH\Commands\Server\rewrite.php(47): require_once('C:\\laragon\\www\\coffee\\public\\index.php')
CRITICAL - 2024-04-08 07:23:02 --> Undefined array key "prod_id"
in APPPATH\Views\user\order.php on line 14.
 1 APPPATH\Views\user\order.php(14): CodeIgniter\Debug\Exceptions->errorHandler(2, 'Undefined array key "prod_id"', 'C:\\laragon\\www\\coffee\\app\\Views\\user\\order.php', 14)
 2 SYSTEMPATH\View\View.php(226): include('C:\\laragon\\www\\coffee\\app\\Views\\user\\order.php')
 3 SYSTEMPATH\View\View.php(229): CodeIgniter\View\View->CodeIgniter\View\{closure}()
 4 SYSTEMPATH\Common.php(1188): CodeIgniter\View\View->render('user/order', [], true)
 5 APPPATH\Controllers\OrderController.php(102): view('user/order', [...])
 6 SYSTEMPATH\CodeIgniter.php(919): App\Controllers\OrderController->myOrders('2')
 7 SYSTEMPATH\CodeIgniter.php(494): CodeIgniter\CodeIgniter->runController(Object(App\Controllers\OrderController))
 8 SYSTEMPATH\CodeIgniter.php(353): CodeIgniter\CodeIgniter->handleRequest(null, Object(Config\Cache), false)
 9 FCPATH\index.php(79): CodeIgniter\CodeIgniter->run()
10 SYSTEMPATH\Commands\Server\rewrite.php(47): require_once('C:\\laragon\\www\\coffee\\public\\index.php')
CRITICAL - 2024-04-08 07:23:06 --> Undefined array key "prod_id"
in APPPATH\Views\user\order.php on line 13.
 1 APPPATH\Views\user\order.php(13): CodeIgniter\Debug\Exceptions->errorHandler(2, 'Undefined array key "prod_id"', 'C:\\laragon\\www\\coffee\\app\\Views\\user\\order.php', 13)
 2 SYSTEMPATH\View\View.php(226): include('C:\\laragon\\www\\coffee\\app\\Views\\user\\order.php')
 3 SYSTEMPATH\View\View.php(229): CodeIgniter\View\View->CodeIgniter\View\{closure}()
 4 SYSTEMPATH\Common.php(1188): CodeIgniter\View\View->render('user/order', [], true)
 5 APPPATH\Controllers\OrderController.php(102): view('user/order', [...])
 6 SYSTEMPATH\CodeIgniter.php(919): App\Controllers\OrderController->myOrders('2')
 7 SYSTEMPATH\CodeIgniter.php(494): CodeIgniter\CodeIgniter->runController(Object(App\Controllers\OrderController))
 8 SYSTEMPATH\CodeIgniter.php(353): CodeIgniter\CodeIgniter->handleRequest(null, Object(Config\Cache), false)
 9 FCPATH\index.php(79): CodeIgniter\CodeIgniter->run()
10 SYSTEMPATH\Commands\Server\rewrite.php(47): require_once('C:\\laragon\\www\\coffee\\public\\index.php')
CRITICAL - 2024-04-08 07:41:56 --> Undefined variable $ize
in APPPATH\Views\user\checkoutorder.php on line 51.
 1 APPPATH\Views\user\checkoutorder.php(51): CodeIgniter\Debug\Exceptions->errorHandler(2, 'Undefined variable $ize', 'C:\\laragon\\www\\coffee\\app\\Views\\user\\checkoutorder.php', 51)
 2 SYSTEMPATH\View\View.php(226): include('C:\\laragon\\www\\coffee\\app\\Views\\user\\checkoutorder.php')
 3 SYSTEMPATH\View\View.php(229): CodeIgniter\View\View->CodeIgniter\View\{closure}()
 4 SYSTEMPATH\Common.php(1188): CodeIgniter\View\View->render('user/checkoutorder', [], true)
 5 APPPATH\Controllers\OrderController.php(97): view('user/checkoutorder', [...])
 6 SYSTEMPATH\CodeIgniter.php(919): App\Controllers\OrderController->placeToOrder()
 7 SYSTEMPATH\CodeIgniter.php(494): CodeIgniter\CodeIgniter->runController(Object(App\Controllers\OrderController))
 8 SYSTEMPATH\CodeIgniter.php(353): CodeIgniter\CodeIgniter->handleRequest(null, Object(Config\Cache), false)
 9 FCPATH\index.php(79): CodeIgniter\CodeIgniter->run()
10 SYSTEMPATH\Commands\Server\rewrite.php(47): require_once('C:\\laragon\\www\\coffee\\public\\index.php')
