CRITICAL - 2024-09-10 13:45:01 --> Printer 'POS58 Printer(2)' is not a valid printer name. Use local port (LPT1, COM1, etc) or smb://computer/printer notation.
in VENDORPATH\mike42\escpos-php\src\Mike42\Escpos\PrintConnectors\WindowsPrintConnector.php on line 158.
 1 APPPATH\Controllers\AdminController.php(65): Mike42\Escpos\PrintConnectors\WindowsPrintConnector->__construct('POS58 Printer(2)')
 2 SYSTEMPATH\CodeIgniter.php(891): App\Controllers\AdminController->__construct()
 3 SYSTEMPATH\CodeIgniter.php(485): CodeIgniter\CodeIgniter->createController()
 4 SYSTEMPATH\CodeIgniter.php(353): CodeIgniter\CodeIgniter->handleRequest(null, Object(Config\Cache), false)
 5 FCPATH\index.php(79): CodeIgniter\CodeIgniter->run()
 6 SYSTEMPATH\Commands\Server\rewrite.php(47): require_once('C:\\laragon\\www\\coffee\\public\\index.php')
CRITICAL - 2024-09-10 13:52:19 --> Undefined variable $flavor
in APPPATH\Views\admin\pos.php on line 107.
 1 APPPATH\Views\admin\pos.php(107): CodeIgniter\Debug\Exceptions->errorHandler(2, 'Undefined variable $flavor', 'C:\\laragon\\www\\coffee\\app\\Views\\admin\\pos.php', 107)
 2 SYSTEMPATH\View\View.php(226): include('C:\\laragon\\www\\coffee\\app\\Views\\admin\\pos.php')
 3 SYSTEMPATH\View\View.php(229): CodeIgniter\View\View->CodeIgniter\View\{closure}()
 4 SYSTEMPATH\Common.php(1188): CodeIgniter\View\View->render('/admin/pos', [], true)
 5 APPPATH\Controllers\AdminController.php(2359): view('/admin/pos', [...])
 6 SYSTEMPATH\CodeIgniter.php(919): App\Controllers\AdminController->pos()
 7 SYSTEMPATH\CodeIgniter.php(494): CodeIgniter\CodeIgniter->runController(Object(App\Controllers\AdminController))
 8 SYSTEMPATH\CodeIgniter.php(353): CodeIgniter\CodeIgniter->handleRequest(null, Object(Config\Cache), false)
 9 FCPATH\index.php(79): CodeIgniter\CodeIgniter->run()
10 SYSTEMPATH\Commands\Server\rewrite.php(47): require_once('C:\\laragon\\www\\coffee\\public\\index.php')
