CRITICAL - 2024-06-21 03:01:23 --> Class "Mike42\Escpos\PrintConnectors\WindowsPrintConnector" not found
in APPPATH\Controllers\AdminController.php on line 58.
 1 SYSTEMPATH\CodeIgniter.php(891): App\Controllers\AdminController->__construct()
 2 SYSTEMPATH\CodeIgniter.php(485): CodeIgniter\CodeIgniter->createController()
 3 SYSTEMPATH\CodeIgniter.php(353): CodeIgniter\CodeIgniter->handleRequest(null, Object(Config\Cache), false)
 4 FCPATH\index.php(79): CodeIgniter\CodeIgniter->run()
 5 SYSTEMPATH\Commands\Server\rewrite.php(47): require_once('C:\\laragon\\www\\coffee\\public\\index.php')
CRITICAL - 2024-06-21 03:02:15 --> Class "Mike42\Escpos\Printer" not found
in APPPATH\Controllers\AdminController.php on line 59.
 1 SYSTEMPATH\CodeIgniter.php(891): App\Controllers\AdminController->__construct()
 2 SYSTEMPATH\CodeIgniter.php(485): CodeIgniter\CodeIgniter->createController()
 3 SYSTEMPATH\CodeIgniter.php(353): CodeIgniter\CodeIgniter->handleRequest(null, Object(Config\Cache), false)
 4 FCPATH\index.php(79): CodeIgniter\CodeIgniter->run()
 5 SYSTEMPATH\Commands\Server\rewrite.php(47): require_once('C:\\laragon\\www\\coffee\\public\\index.php')
ERROR - 2024-06-21 03:02:42 --> Error connecting to the database: mysqli_sql_exception: Access denied for user 'root'@'localhost' (using password: YES) in C:\laragon\www\coffee\system\Database\MySQLi\Connection.php:185
Stack trace:
#0 C:\laragon\www\coffee\system\Database\MySQLi\Connection.php(185): mysqli->real_connect('localhost', 'root', 'dankeneth221133...', 'coffeeledgerdb', 3306, '', 0)
#1 C:\laragon\www\coffee\system\Database\BaseConnection.php(391): CodeIgniter\Database\MySQLi\Connection->connect(false)
#2 C:\laragon\www\coffee\system\Database\BaseConnection.php(574): CodeIgniter\Database\BaseConnection->initialize()
#3 C:\laragon\www\coffee\system\Database\BaseBuilder.php(1615): CodeIgniter\Database\BaseConnection->query('SELECT *\nFROM `...', Array, false)
#4 C:\laragon\www\coffee\system\Model.php(264): CodeIgniter\Database\BaseBuilder->get()
#5 C:\laragon\www\coffee\system\BaseModel.php(662): CodeIgniter\Model->doFirst()
#6 C:\laragon\www\coffee\app\Controllers\UserController.php(183): CodeIgniter\BaseModel->first()
#7 C:\laragon\www\coffee\system\CodeIgniter.php(919): App\Controllers\UserController->login()
#8 C:\laragon\www\coffee\system\CodeIgniter.php(494): CodeIgniter\CodeIgniter->runController(Object(App\Controllers\UserController))
#9 C:\laragon\www\coffee\system\CodeIgniter.php(353): CodeIgniter\CodeIgniter->handleRequest(NULL, Object(Config\Cache), false)
#10 C:\laragon\www\coffee\public\index.php(79): CodeIgniter\CodeIgniter->run()
#11 C:\laragon\www\coffee\system\Commands\Server\rewrite.php(47): require_once('C:\\laragon\\www\\...')
#12 {main}

Next CodeIgniter\Database\Exceptions\DatabaseException: Access denied for user '****'@'localhost' (using password: YES) in C:\laragon\www\coffee\system\Database\MySQLi\Connection.php:229
Stack trace:
#0 C:\laragon\www\coffee\system\Database\BaseConnection.php(391): CodeIgniter\Database\MySQLi\Connection->connect(false)
#1 C:\laragon\www\coffee\system\Database\BaseConnection.php(574): CodeIgniter\Database\BaseConnection->initialize()
#2 C:\laragon\www\coffee\system\Database\BaseBuilder.php(1615): CodeIgniter\Database\BaseConnection->query('SELECT *\nFROM `...', Array, false)
#3 C:\laragon\www\coffee\system\Model.php(264): CodeIgniter\Database\BaseBuilder->get()
#4 C:\laragon\www\coffee\system\BaseModel.php(662): CodeIgniter\Model->doFirst()
#5 C:\laragon\www\coffee\app\Controllers\UserController.php(183): CodeIgniter\BaseModel->first()
#6 C:\laragon\www\coffee\system\CodeIgniter.php(919): App\Controllers\UserController->login()
#7 C:\laragon\www\coffee\system\CodeIgniter.php(494): CodeIgniter\CodeIgniter->runController(Object(App\Controllers\UserController))
#8 C:\laragon\www\coffee\system\CodeIgniter.php(353): CodeIgniter\CodeIgniter->handleRequest(NULL, Object(Config\Cache), false)
#9 C:\laragon\www\coffee\public\index.php(79): CodeIgniter\CodeIgniter->run()
#10 C:\laragon\www\coffee\system\Commands\Server\rewrite.php(47): require_once('C:\\laragon\\www\\...')
#11 {main}
CRITICAL - 2024-06-21 03:02:42 --> Unable to connect to the database.
Main connection [MySQLi]: Access denied for user '****'@'localhost' (using password: YES)
in SYSTEMPATH\Database\BaseConnection.php on line 427.
 1 SYSTEMPATH\Database\BaseConnection.php(574): CodeIgniter\Database\BaseConnection->initialize()
 2 SYSTEMPATH\Database\BaseBuilder.php(1615): CodeIgniter\Database\BaseConnection->query('SELECT *
FROM `user`
WHERE `email` = :email:
 LIMIT 1', [...], false)
 3 SYSTEMPATH\Model.php(264): CodeIgniter\Database\BaseBuilder->get()
 4 SYSTEMPATH\BaseModel.php(662): CodeIgniter\Model->doFirst()
 5 APPPATH\Controllers\UserController.php(183): CodeIgniter\BaseModel->first()
 6 SYSTEMPATH\CodeIgniter.php(919): App\Controllers\UserController->login()
 7 SYSTEMPATH\CodeIgniter.php(494): CodeIgniter\CodeIgniter->runController(Object(App\Controllers\UserController))
 8 SYSTEMPATH\CodeIgniter.php(353): CodeIgniter\CodeIgniter->handleRequest(null, Object(Config\Cache), false)
 9 FCPATH\index.php(79): CodeIgniter\CodeIgniter->run()
10 SYSTEMPATH\Commands\Server\rewrite.php(47): require_once('C:\\laragon\\www\\coffee\\public\\index.php')
CRITICAL - 2024-06-21 03:42:02 --> Unsupported operand types: string + string
in APPPATH\Controllers\CartController.php on line 572.
 1 APPPATH\Controllers\CartController.php(554): App\Controllers\CartController->newQuantity([...], '111')
 2 SYSTEMPATH\CodeIgniter.php(919): App\Controllers\CartController->addquantity('111')
 3 SYSTEMPATH\CodeIgniter.php(494): CodeIgniter\CodeIgniter->runController(Object(App\Controllers\CartController))
 4 SYSTEMPATH\CodeIgniter.php(353): CodeIgniter\CodeIgniter->handleRequest(null, Object(Config\Cache), false)
 5 FCPATH\index.php(79): CodeIgniter\CodeIgniter->run()
 6 SYSTEMPATH\Commands\Server\rewrite.php(47): require_once('C:\\laragon\\www\\coffee\\public\\index.php')
CRITICAL - 2024-06-21 03:52:29 --> include(cartmobile.php): Failed to open stream: No such file or directory
in APPPATH\Views\user\cart.php on line 85.
 1 APPPATH\Views\user\cart.php(85): CodeIgniter\Debug\Exceptions->errorHandler(2, 'include(cartmobile.php): Failed to open stream: No such file or directory', 'C:\\laragon\\www\\coffee\\app\\Views\\user\\cart.php', 85)
 2 APPPATH\Views\user\cart.php(85): include()
 3 SYSTEMPATH\View\View.php(226): include('C:\\laragon\\www\\coffee\\app\\Views\\user\\cart.php')
 4 SYSTEMPATH\View\View.php(229): CodeIgniter\View\View->CodeIgniter\View\{closure}()
 5 SYSTEMPATH\Common.php(1188): CodeIgniter\View\View->render('/user/cart', [], true)
 6 APPPATH\Controllers\CartController.php(127): view('/user/cart', [...])
 7 SYSTEMPATH\CodeIgniter.php(919): App\Controllers\CartController->home_cart()
 8 SYSTEMPATH\CodeIgniter.php(494): CodeIgniter\CodeIgniter->runController(Object(App\Controllers\CartController))
 9 SYSTEMPATH\CodeIgniter.php(353): CodeIgniter\CodeIgniter->handleRequest(null, Object(Config\Cache), false)
10 FCPATH\index.php(79): CodeIgniter\CodeIgniter->run()
11 SYSTEMPATH\Commands\Server\rewrite.php(47): require_once('C:\\laragon\\www\\coffee\\public\\index.php')
CRITICAL - 2024-06-21 06:11:11 --> insertBatch() has no data.
in SYSTEMPATH\Database\BaseBuilder.php on line 1771.
 1 SYSTEMPATH\Database\BaseBuilder.php(2191): CodeIgniter\Database\BaseBuilder->batchExecute('_insertBatch', 100)
 2 SYSTEMPATH\Model.php(353): CodeIgniter\Database\BaseBuilder->insertBatch([], null, 100)
 3 SYSTEMPATH\BaseModel.php(880): CodeIgniter\Model->doInsertBatch([], null, 100, false)
 4 APPPATH\Controllers\CartController.php(543): CodeIgniter\BaseModel->insertBatch([])
 5 APPPATH\Controllers\CartController.php(453): App\Controllers\CartController->insertOrder([], 'Use_Online_Payment', '3eF5RhT')
 6 APPPATH\Controllers\CartController.php(394): App\Controllers\CartController->PaymentManagement([], 'Use_Online_Payment')
 7 SYSTEMPATH\CodeIgniter.php(919): App\Controllers\CartController->placeOrder()
 8 SYSTEMPATH\CodeIgniter.php(494): CodeIgniter\CodeIgniter->runController(Object(App\Controllers\CartController))
 9 SYSTEMPATH\CodeIgniter.php(353): CodeIgniter\CodeIgniter->handleRequest(null, Object(Config\Cache), false)
10 FCPATH\index.php(79): CodeIgniter\CodeIgniter->run()
11 SYSTEMPATH\Commands\Server\rewrite.php(47): require_once('C:\\laragon\\www\\coffee\\public\\index.php')
CRITICAL - 2024-06-21 14:40:16 --> There is no data to update.
in SYSTEMPATH\BaseModel.php on line 930.
 1 SYSTEMPATH\BaseModel.php(930): CodeIgniter\Database\Exceptions\DataException::forEmptyDataset('update')
 2 SYSTEMPATH\Model.php(776): CodeIgniter\BaseModel->update(null, [])
 3 APPPATH\Models\UserModel.php(55): CodeIgniter\Model->update()
 4 APPPATH\Controllers\AdminController.php(2123): App\Models\UserModel->updateUserData('111163794966690306986', [...])
 5 SYSTEMPATH\CodeIgniter.php(919): App\Controllers\AdminController->googleAuthLogin()
 6 SYSTEMPATH\CodeIgniter.php(494): CodeIgniter\CodeIgniter->runController(Object(App\Controllers\AdminController))
 7 SYSTEMPATH\CodeIgniter.php(353): CodeIgniter\CodeIgniter->handleRequest(null, Object(Config\Cache), false)
 8 FCPATH\index.php(79): CodeIgniter\CodeIgniter->run()
 9 SYSTEMPATH\Commands\Server\rewrite.php(47): require_once('C:\\laragon\\www\\coffee\\public\\index.php')
CRITICAL - 2024-06-21 14:40:22 --> Client error: `POST https://oauth2.googleapis.com/token` resulted in a `400 Bad Request` response:
{
  "error": "invalid_grant",
  "error_description": "Bad Request"
}

in APPPATH\Libraries\vendor\guzzlehttp\guzzle\src\Exception\RequestException.php on line 113.
 1 APPPATH\Libraries\vendor\guzzlehttp\guzzle\src\Middleware.php(72): GuzzleHttp\Exception\RequestException::create(Object(GuzzleHttp\Psr7\Request), Object(GuzzleHttp\Psr7\Response), null, [], null)
 2 APPPATH\Libraries\vendor\guzzlehttp\promises\src\Promise.php(209): GuzzleHttp\Middleware::GuzzleHttp\{closure}(Object(GuzzleHttp\Psr7\Response))
 3 APPPATH\Libraries\vendor\guzzlehttp\promises\src\Promise.php(158): GuzzleHttp\Promise\Promise::callHandler(1, Object(GuzzleHttp\Psr7\Response), null)
 4 APPPATH\Libraries\vendor\guzzlehttp\promises\src\TaskQueue.php(52): GuzzleHttp\Promise\Promise::GuzzleHttp\Promise\{closure}()
 5 APPPATH\Libraries\vendor\guzzlehttp\promises\src\Promise.php(251): GuzzleHttp\Promise\TaskQueue->run(true)
 6 APPPATH\Libraries\vendor\guzzlehttp\promises\src\Promise.php(227): GuzzleHttp\Promise\Promise->invokeWaitFn()
 7 APPPATH\Libraries\vendor\guzzlehttp\promises\src\Promise.php(272): GuzzleHttp\Promise\Promise->waitIfPending()
 8 APPPATH\Libraries\vendor\guzzlehttp\promises\src\Promise.php(229): GuzzleHttp\Promise\Promise->invokeWaitList()
 9 APPPATH\Libraries\vendor\guzzlehttp\promises\src\Promise.php(69): GuzzleHttp\Promise\Promise->waitIfPending()
10 APPPATH\Libraries\vendor\guzzlehttp\guzzle\src\Client.php(124): GuzzleHttp\Promise\Promise->wait()
11 APPPATH\Libraries\vendor\google\auth\src\HttpHandler\Guzzle6HttpHandler.php(47): GuzzleHttp\Client->send(Object(GuzzleHttp\Psr7\Request), [...])
12 APPPATH\Libraries\vendor\google\auth\src\OAuth2.php(551): Google\Auth\HttpHandler\Guzzle6HttpHandler->__invoke(Object(GuzzleHttp\Psr7\Request))
13 APPPATH\Libraries\vendor\google\apiclient\src\Google\Client.php(215): Google\Auth\OAuth2->fetchAuthToken(Object(Google\Auth\HttpHandler\Guzzle7HttpHandler))
14 APPPATH\Controllers\AdminController.php(2102): Google_Client->fetchAccessTokenWithAuthCode('4/0ATx3LY4UHJbdU6Q8B-XFQEug_X9fOaQeMSTO9pQ8dfiCb4OyLWx-CYqdSW9nOekx7cyZeg')
15 SYSTEMPATH\CodeIgniter.php(919): App\Controllers\AdminController->googleAuthLogin()
16 SYSTEMPATH\CodeIgniter.php(494): CodeIgniter\CodeIgniter->runController(Object(App\Controllers\AdminController))
17 SYSTEMPATH\CodeIgniter.php(353): CodeIgniter\CodeIgniter->handleRequest(null, Object(Config\Cache), false)
18 FCPATH\index.php(79): CodeIgniter\CodeIgniter->run()
19 SYSTEMPATH\Commands\Server\rewrite.php(47): require_once('C:\\laragon\\www\\coffee\\public\\index.php')
CRITICAL - 2024-06-21 14:40:33 --> Invalid code
in APPPATH\Libraries\vendor\google\apiclient\src\Google\Client.php on line 207.
 1 APPPATH\Controllers\AdminController.php(2102): Google_Client->fetchAccessTokenWithAuthCode(null)
 2 SYSTEMPATH\CodeIgniter.php(919): App\Controllers\AdminController->googleAuthLogin()
 3 SYSTEMPATH\CodeIgniter.php(494): CodeIgniter\CodeIgniter->runController(Object(App\Controllers\AdminController))
 4 SYSTEMPATH\CodeIgniter.php(353): CodeIgniter\CodeIgniter->handleRequest(null, Object(Config\Cache), false)
 5 FCPATH\index.php(79): CodeIgniter\CodeIgniter->run()
 6 SYSTEMPATH\Commands\Server\rewrite.php(47): require_once('C:\\laragon\\www\\coffee\\public\\index.php')
CRITICAL - 2024-06-21 14:41:24 --> There is no data to update.
in SYSTEMPATH\BaseModel.php on line 930.
 1 SYSTEMPATH\BaseModel.php(930): CodeIgniter\Database\Exceptions\DataException::forEmptyDataset('update')
 2 SYSTEMPATH\Model.php(776): CodeIgniter\BaseModel->update(null, [])
 3 APPPATH\Models\UserModel.php(55): CodeIgniter\Model->update()
 4 APPPATH\Controllers\AdminController.php(2123): App\Models\UserModel->updateUserData('116598070376077207112', [...])
 5 SYSTEMPATH\CodeIgniter.php(919): App\Controllers\AdminController->googleAuthLogin()
 6 SYSTEMPATH\CodeIgniter.php(494): CodeIgniter\CodeIgniter->runController(Object(App\Controllers\AdminController))
 7 SYSTEMPATH\CodeIgniter.php(353): CodeIgniter\CodeIgniter->handleRequest(null, Object(Config\Cache), false)
 8 FCPATH\index.php(79): CodeIgniter\CodeIgniter->run()
 9 SYSTEMPATH\Commands\Server\rewrite.php(47): require_once('C:\\laragon\\www\\coffee\\public\\index.php')
