CRITICAL - 2024-02-26 03:34:44 --> Trying to access array offset on value of type null
in APPPATH\Views\user\addtocart.php on line 75.
 1 APPPATH\Views\user\addtocart.php(75): CodeIgniter\Debug\Exceptions->errorHandler(2, 'Trying to access array offset on value of type null', 'C:\\laragon\\www\\coffee\\app\\Views\\user\\addtocart.php', 75)
 2 SYSTEMPATH\View\View.php(226): include('C:\\laragon\\www\\coffee\\app\\Views\\user\\addtocart.php')
 3 SYSTEMPATH\View\View.php(229): CodeIgniter\View\View->CodeIgniter\View\{closure}()
 4 SYSTEMPATH\Common.php(1188): CodeIgniter\View\View->render('user/addtocart', [], true)
 5 APPPATH\Controllers\CartController.php(130): view('user/addtocart', [...])
 6 SYSTEMPATH\CodeIgniter.php(919): App\Controllers\CartController->getProd('assets', 'images', 'quesadillas.jpg')
 7 SYSTEMPATH\CodeIgniter.php(494): CodeIgniter\CodeIgniter->runController(Object(App\Controllers\CartController))
 8 SYSTEMPATH\CodeIgniter.php(353): CodeIgniter\CodeIgniter->handleRequest(null, Object(Config\Cache), false)
 9 FCPATH\index.php(79): CodeIgniter\CodeIgniter->run()
10 SYSTEMPATH\Commands\Server\rewrite.php(47): require_once('C:\\laragon\\www\\coffee\\public\\index.php')
CRITICAL - 2024-02-26 03:35:13 --> Trying to access array offset on value of type null
in APPPATH\Views\user\addtocart.php on line 75.
 1 APPPATH\Views\user\addtocart.php(75): CodeIgniter\Debug\Exceptions->errorHandler(2, 'Trying to access array offset on value of type null', 'C:\\laragon\\www\\coffee\\app\\Views\\user\\addtocart.php', 75)
 2 SYSTEMPATH\View\View.php(226): include('C:\\laragon\\www\\coffee\\app\\Views\\user\\addtocart.php')
 3 SYSTEMPATH\View\View.php(229): CodeIgniter\View\View->CodeIgniter\View\{closure}()
 4 SYSTEMPATH\Common.php(1188): CodeIgniter\View\View->render('user/addtocart', [], true)
 5 APPPATH\Controllers\CartController.php(130): view('user/addtocart', [...])
 6 SYSTEMPATH\CodeIgniter.php(919): App\Controllers\CartController->getProd('assets', 'images', 'quesadillas.jpg')
 7 SYSTEMPATH\CodeIgniter.php(494): CodeIgniter\CodeIgniter->runController(Object(App\Controllers\CartController))
 8 SYSTEMPATH\CodeIgniter.php(353): CodeIgniter\CodeIgniter->handleRequest(null, Object(Config\Cache), false)
 9 FCPATH\index.php(79): CodeIgniter\CodeIgniter->run()
10 SYSTEMPATH\Commands\Server\rewrite.php(47): require_once('C:\\laragon\\www\\coffee\\public\\index.php')
CRITICAL - 2024-02-26 03:36:00 --> Trying to access array offset on value of type null
in APPPATH\Views\user\addtocart.php on line 75.
 1 APPPATH\Views\user\addtocart.php(75): CodeIgniter\Debug\Exceptions->errorHandler(2, 'Trying to access array offset on value of type null', 'C:\\laragon\\www\\coffee\\app\\Views\\user\\addtocart.php', 75)
 2 SYSTEMPATH\View\View.php(226): include('C:\\laragon\\www\\coffee\\app\\Views\\user\\addtocart.php')
 3 SYSTEMPATH\View\View.php(229): CodeIgniter\View\View->CodeIgniter\View\{closure}()
 4 SYSTEMPATH\Common.php(1188): CodeIgniter\View\View->render('user/addtocart', [], true)
 5 APPPATH\Controllers\CartController.php(130): view('user/addtocart', [...])
 6 SYSTEMPATH\CodeIgniter.php(919): App\Controllers\CartController->getProd('assets', 'images', 'quesadillas.jpg')
 7 SYSTEMPATH\CodeIgniter.php(494): CodeIgniter\CodeIgniter->runController(Object(App\Controllers\CartController))
 8 SYSTEMPATH\CodeIgniter.php(353): CodeIgniter\CodeIgniter->handleRequest(null, Object(Config\Cache), false)
 9 FCPATH\index.php(79): CodeIgniter\CodeIgniter->run()
10 SYSTEMPATH\Commands\Server\rewrite.php(47): require_once('C:\\laragon\\www\\coffee\\public\\index.php')
CRITICAL - 2024-02-26 03:39:43 --> Trying to access array offset on value of type null
in APPPATH\Views\user\addtocart.php on line 75.
 1 APPPATH\Views\user\addtocart.php(75): CodeIgniter\Debug\Exceptions->errorHandler(2, 'Trying to access array offset on value of type null', 'C:\\laragon\\www\\coffee\\app\\Views\\user\\addtocart.php', 75)
 2 SYSTEMPATH\View\View.php(226): include('C:\\laragon\\www\\coffee\\app\\Views\\user\\addtocart.php')
 3 SYSTEMPATH\View\View.php(229): CodeIgniter\View\View->CodeIgniter\View\{closure}()
 4 SYSTEMPATH\Common.php(1188): CodeIgniter\View\View->render('user/addtocart', [], true)
 5 APPPATH\Controllers\CartController.php(129): view('user/addtocart', [...])
 6 SYSTEMPATH\CodeIgniter.php(919): App\Controllers\CartController->getProd('assets', 'images', 'quesadillas.jpg')
 7 SYSTEMPATH\CodeIgniter.php(494): CodeIgniter\CodeIgniter->runController(Object(App\Controllers\CartController))
 8 SYSTEMPATH\CodeIgniter.php(353): CodeIgniter\CodeIgniter->handleRequest(null, Object(Config\Cache), false)
 9 FCPATH\index.php(79): CodeIgniter\CodeIgniter->run()
10 SYSTEMPATH\Commands\Server\rewrite.php(47): require_once('C:\\laragon\\www\\coffee\\public\\index.php')
CRITICAL - 2024-02-26 03:39:52 --> Undefined variable $data
in APPPATH\Controllers\CartController.php on line 44.
 1 APPPATH\Controllers\CartController.php(44): CodeIgniter\Debug\Exceptions->errorHandler(2, 'Undefined variable $data', 'C:\\laragon\\www\\coffee\\app\\Controllers\\CartController.php', 44)
 2 SYSTEMPATH\CodeIgniter.php(919): App\Controllers\CartController->addtocart('160.00')
 3 SYSTEMPATH\CodeIgniter.php(494): CodeIgniter\CodeIgniter->runController(Object(App\Controllers\CartController))
 4 SYSTEMPATH\CodeIgniter.php(353): CodeIgniter\CodeIgniter->handleRequest(null, Object(Config\Cache), false)
 5 FCPATH\index.php(79): CodeIgniter\CodeIgniter->run()
 6 SYSTEMPATH\Commands\Server\rewrite.php(47): require_once('C:\\laragon\\www\\coffee\\public\\index.php')
CRITICAL - 2024-02-26 03:41:28 --> Trying to access array offset on value of type null
in APPPATH\Views\user\addtocart.php on line 75.
 1 APPPATH\Views\user\addtocart.php(75): CodeIgniter\Debug\Exceptions->errorHandler(2, 'Trying to access array offset on value of type null', 'C:\\laragon\\www\\coffee\\app\\Views\\user\\addtocart.php', 75)
 2 SYSTEMPATH\View\View.php(226): include('C:\\laragon\\www\\coffee\\app\\Views\\user\\addtocart.php')
 3 SYSTEMPATH\View\View.php(229): CodeIgniter\View\View->CodeIgniter\View\{closure}()
 4 SYSTEMPATH\Common.php(1188): CodeIgniter\View\View->render('user/addtocart', [], true)
 5 APPPATH\Controllers\CartController.php(128): view('user/addtocart', [...])
 6 SYSTEMPATH\CodeIgniter.php(919): App\Controllers\CartController->getProd('assets', 'images', 'quesadillas.jpg')
 7 SYSTEMPATH\CodeIgniter.php(494): CodeIgniter\CodeIgniter->runController(Object(App\Controllers\CartController))
 8 SYSTEMPATH\CodeIgniter.php(353): CodeIgniter\CodeIgniter->handleRequest(null, Object(Config\Cache), false)
 9 FCPATH\index.php(79): CodeIgniter\CodeIgniter->run()
10 SYSTEMPATH\Commands\Server\rewrite.php(47): require_once('C:\\laragon\\www\\coffee\\public\\index.php')
CRITICAL - 2024-02-26 03:41:29 --> Trying to access array offset on value of type null
in APPPATH\Views\user\addtocart.php on line 75.
 1 APPPATH\Views\user\addtocart.php(75): CodeIgniter\Debug\Exceptions->errorHandler(2, 'Trying to access array offset on value of type null', 'C:\\laragon\\www\\coffee\\app\\Views\\user\\addtocart.php', 75)
 2 SYSTEMPATH\View\View.php(226): include('C:\\laragon\\www\\coffee\\app\\Views\\user\\addtocart.php')
 3 SYSTEMPATH\View\View.php(229): CodeIgniter\View\View->CodeIgniter\View\{closure}()
 4 SYSTEMPATH\Common.php(1188): CodeIgniter\View\View->render('user/addtocart', [], true)
 5 APPPATH\Controllers\CartController.php(128): view('user/addtocart', [...])
 6 SYSTEMPATH\CodeIgniter.php(919): App\Controllers\CartController->getProd('assets', 'images', 'quesadillas.jpg')
 7 SYSTEMPATH\CodeIgniter.php(494): CodeIgniter\CodeIgniter->runController(Object(App\Controllers\CartController))
 8 SYSTEMPATH\CodeIgniter.php(353): CodeIgniter\CodeIgniter->handleRequest(null, Object(Config\Cache), false)
 9 FCPATH\index.php(79): CodeIgniter\CodeIgniter->run()
10 SYSTEMPATH\Commands\Server\rewrite.php(47): require_once('C:\\laragon\\www\\coffee\\public\\index.php')
CRITICAL - 2024-02-26 03:41:31 --> Trying to access array offset on value of type null
in APPPATH\Views\user\addtocart.php on line 75.
 1 APPPATH\Views\user\addtocart.php(75): CodeIgniter\Debug\Exceptions->errorHandler(2, 'Trying to access array offset on value of type null', 'C:\\laragon\\www\\coffee\\app\\Views\\user\\addtocart.php', 75)
 2 SYSTEMPATH\View\View.php(226): include('C:\\laragon\\www\\coffee\\app\\Views\\user\\addtocart.php')
 3 SYSTEMPATH\View\View.php(229): CodeIgniter\View\View->CodeIgniter\View\{closure}()
 4 SYSTEMPATH\Common.php(1188): CodeIgniter\View\View->render('user/addtocart', [], true)
 5 APPPATH\Controllers\CartController.php(128): view('user/addtocart', [...])
 6 SYSTEMPATH\CodeIgniter.php(919): App\Controllers\CartController->getProd('assets', 'images', 'quesadillas.jpg')
 7 SYSTEMPATH\CodeIgniter.php(494): CodeIgniter\CodeIgniter->runController(Object(App\Controllers\CartController))
 8 SYSTEMPATH\CodeIgniter.php(353): CodeIgniter\CodeIgniter->handleRequest(null, Object(Config\Cache), false)
 9 FCPATH\index.php(79): CodeIgniter\CodeIgniter->run()
10 SYSTEMPATH\Commands\Server\rewrite.php(47): require_once('C:\\laragon\\www\\coffee\\public\\index.php')
CRITICAL - 2024-02-26 03:43:25 --> Trying to access array offset on value of type null
in APPPATH\Views\user\addtocart.php on line 75.
 1 APPPATH\Views\user\addtocart.php(75): CodeIgniter\Debug\Exceptions->errorHandler(2, 'Trying to access array offset on value of type null', 'C:\\laragon\\www\\coffee\\app\\Views\\user\\addtocart.php', 75)
 2 SYSTEMPATH\View\View.php(226): include('C:\\laragon\\www\\coffee\\app\\Views\\user\\addtocart.php')
 3 SYSTEMPATH\View\View.php(229): CodeIgniter\View\View->CodeIgniter\View\{closure}()
 4 SYSTEMPATH\Common.php(1188): CodeIgniter\View\View->render('user/addtocart', [], true)
 5 APPPATH\Controllers\CartController.php(128): view('user/addtocart', [...])
 6 SYSTEMPATH\CodeIgniter.php(919): App\Controllers\CartController->getProd('assets', 'images', 'quesadillas.jpg')
 7 SYSTEMPATH\CodeIgniter.php(494): CodeIgniter\CodeIgniter->runController(Object(App\Controllers\CartController))
 8 SYSTEMPATH\CodeIgniter.php(353): CodeIgniter\CodeIgniter->handleRequest(null, Object(Config\Cache), false)
 9 FCPATH\index.php(79): CodeIgniter\CodeIgniter->run()
10 SYSTEMPATH\Commands\Server\rewrite.php(47): require_once('C:\\laragon\\www\\coffee\\public\\index.php')
CRITICAL - 2024-02-26 03:43:26 --> Trying to access array offset on value of type null
in APPPATH\Views\user\addtocart.php on line 75.
 1 APPPATH\Views\user\addtocart.php(75): CodeIgniter\Debug\Exceptions->errorHandler(2, 'Trying to access array offset on value of type null', 'C:\\laragon\\www\\coffee\\app\\Views\\user\\addtocart.php', 75)
 2 SYSTEMPATH\View\View.php(226): include('C:\\laragon\\www\\coffee\\app\\Views\\user\\addtocart.php')
 3 SYSTEMPATH\View\View.php(229): CodeIgniter\View\View->CodeIgniter\View\{closure}()
 4 SYSTEMPATH\Common.php(1188): CodeIgniter\View\View->render('user/addtocart', [], true)
 5 APPPATH\Controllers\CartController.php(128): view('user/addtocart', [...])
 6 SYSTEMPATH\CodeIgniter.php(919): App\Controllers\CartController->getProd('assets', 'images', 'quesadillas.jpg')
 7 SYSTEMPATH\CodeIgniter.php(494): CodeIgniter\CodeIgniter->runController(Object(App\Controllers\CartController))
 8 SYSTEMPATH\CodeIgniter.php(353): CodeIgniter\CodeIgniter->handleRequest(null, Object(Config\Cache), false)
 9 FCPATH\index.php(79): CodeIgniter\CodeIgniter->run()
10 SYSTEMPATH\Commands\Server\rewrite.php(47): require_once('C:\\laragon\\www\\coffee\\public\\index.php')
CRITICAL - 2024-02-26 03:44:50 --> Trying to access array offset on value of type null
in APPPATH\Views\user\addtocart.php on line 75.
 1 APPPATH\Views\user\addtocart.php(75): CodeIgniter\Debug\Exceptions->errorHandler(2, 'Trying to access array offset on value of type null', 'C:\\laragon\\www\\coffee\\app\\Views\\user\\addtocart.php', 75)
 2 SYSTEMPATH\View\View.php(226): include('C:\\laragon\\www\\coffee\\app\\Views\\user\\addtocart.php')
 3 SYSTEMPATH\View\View.php(229): CodeIgniter\View\View->CodeIgniter\View\{closure}()
 4 SYSTEMPATH\Common.php(1188): CodeIgniter\View\View->render('user/addtocart', [], true)
 5 APPPATH\Controllers\CartController.php(128): view('user/addtocart', [...])
 6 SYSTEMPATH\CodeIgniter.php(919): App\Controllers\CartController->getProd('assets', 'images', 'quesadillas.jpg')
 7 SYSTEMPATH\CodeIgniter.php(494): CodeIgniter\CodeIgniter->runController(Object(App\Controllers\CartController))
 8 SYSTEMPATH\CodeIgniter.php(353): CodeIgniter\CodeIgniter->handleRequest(null, Object(Config\Cache), false)
 9 FCPATH\index.php(79): CodeIgniter\CodeIgniter->run()
10 SYSTEMPATH\Commands\Server\rewrite.php(47): require_once('C:\\laragon\\www\\coffee\\public\\index.php')
CRITICAL - 2024-02-26 03:46:30 --> Undefined array key "prod_mprice/"
in APPPATH\Views\user\addtocart.php on line 75.
 1 APPPATH\Views\user\addtocart.php(75): CodeIgniter\Debug\Exceptions->errorHandler(2, 'Undefined array key "prod_mprice/"', 'C:\\laragon\\www\\coffee\\app\\Views\\user\\addtocart.php', 75)
 2 SYSTEMPATH\View\View.php(226): include('C:\\laragon\\www\\coffee\\app\\Views\\user\\addtocart.php')
 3 SYSTEMPATH\View\View.php(229): CodeIgniter\View\View->CodeIgniter\View\{closure}()
 4 SYSTEMPATH\Common.php(1188): CodeIgniter\View\View->render('user/addtocart', [], true)
 5 APPPATH\Controllers\CartController.php(128): view('user/addtocart', [...])
 6 SYSTEMPATH\CodeIgniter.php(919): App\Controllers\CartController->getProd('1')
 7 SYSTEMPATH\CodeIgniter.php(494): CodeIgniter\CodeIgniter->runController(Object(App\Controllers\CartController))
 8 SYSTEMPATH\CodeIgniter.php(353): CodeIgniter\CodeIgniter->handleRequest(null, Object(Config\Cache), false)
 9 FCPATH\index.php(79): CodeIgniter\CodeIgniter->run()
10 SYSTEMPATH\Commands\Server\rewrite.php(47): require_once('C:\\laragon\\www\\coffee\\public\\index.php')
CRITICAL - 2024-02-26 03:46:35 --> Undefined array key "prod_mprice/"
in APPPATH\Views\user\addtocart.php on line 75.
 1 APPPATH\Views\user\addtocart.php(75): CodeIgniter\Debug\Exceptions->errorHandler(2, 'Undefined array key "prod_mprice/"', 'C:\\laragon\\www\\coffee\\app\\Views\\user\\addtocart.php', 75)
 2 SYSTEMPATH\View\View.php(226): include('C:\\laragon\\www\\coffee\\app\\Views\\user\\addtocart.php')
 3 SYSTEMPATH\View\View.php(229): CodeIgniter\View\View->CodeIgniter\View\{closure}()
 4 SYSTEMPATH\Common.php(1188): CodeIgniter\View\View->render('user/addtocart', [], true)
 5 APPPATH\Controllers\CartController.php(128): view('user/addtocart', [...])
 6 SYSTEMPATH\CodeIgniter.php(919): App\Controllers\CartController->getProd('1')
 7 SYSTEMPATH\CodeIgniter.php(494): CodeIgniter\CodeIgniter->runController(Object(App\Controllers\CartController))
 8 SYSTEMPATH\CodeIgniter.php(353): CodeIgniter\CodeIgniter->handleRequest(null, Object(Config\Cache), false)
 9 FCPATH\index.php(79): CodeIgniter\CodeIgniter->run()
10 SYSTEMPATH\Commands\Server\rewrite.php(47): require_once('C:\\laragon\\www\\coffee\\public\\index.php')
CRITICAL - 2024-02-26 03:47:08 --> Undefined array key "prod_mprice/"
in APPPATH\Views\user\addtocart.php on line 75.
 1 APPPATH\Views\user\addtocart.php(75): CodeIgniter\Debug\Exceptions->errorHandler(2, 'Undefined array key "prod_mprice/"', 'C:\\laragon\\www\\coffee\\app\\Views\\user\\addtocart.php', 75)
 2 SYSTEMPATH\View\View.php(226): include('C:\\laragon\\www\\coffee\\app\\Views\\user\\addtocart.php')
 3 SYSTEMPATH\View\View.php(229): CodeIgniter\View\View->CodeIgniter\View\{closure}()
 4 SYSTEMPATH\Common.php(1188): CodeIgniter\View\View->render('user/addtocart', [], true)
 5 APPPATH\Controllers\CartController.php(128): view('user/addtocart', [...])
 6 SYSTEMPATH\CodeIgniter.php(919): App\Controllers\CartController->getProd('1')
 7 SYSTEMPATH\CodeIgniter.php(494): CodeIgniter\CodeIgniter->runController(Object(App\Controllers\CartController))
 8 SYSTEMPATH\CodeIgniter.php(353): CodeIgniter\CodeIgniter->handleRequest(null, Object(Config\Cache), false)
 9 FCPATH\index.php(79): CodeIgniter\CodeIgniter->run()
10 SYSTEMPATH\Commands\Server\rewrite.php(47): require_once('C:\\laragon\\www\\coffee\\public\\index.php')
CRITICAL - 2024-02-26 03:47:09 --> Undefined array key "prod_mprice/"
in APPPATH\Views\user\addtocart.php on line 75.
 1 APPPATH\Views\user\addtocart.php(75): CodeIgniter\Debug\Exceptions->errorHandler(2, 'Undefined array key "prod_mprice/"', 'C:\\laragon\\www\\coffee\\app\\Views\\user\\addtocart.php', 75)
 2 SYSTEMPATH\View\View.php(226): include('C:\\laragon\\www\\coffee\\app\\Views\\user\\addtocart.php')
 3 SYSTEMPATH\View\View.php(229): CodeIgniter\View\View->CodeIgniter\View\{closure}()
 4 SYSTEMPATH\Common.php(1188): CodeIgniter\View\View->render('user/addtocart', [], true)
 5 APPPATH\Controllers\CartController.php(128): view('user/addtocart', [...])
 6 SYSTEMPATH\CodeIgniter.php(919): App\Controllers\CartController->getProd('1')
 7 SYSTEMPATH\CodeIgniter.php(494): CodeIgniter\CodeIgniter->runController(Object(App\Controllers\CartController))
 8 SYSTEMPATH\CodeIgniter.php(353): CodeIgniter\CodeIgniter->handleRequest(null, Object(Config\Cache), false)
 9 FCPATH\index.php(79): CodeIgniter\CodeIgniter->run()
10 SYSTEMPATH\Commands\Server\rewrite.php(47): require_once('C:\\laragon\\www\\coffee\\public\\index.php')
CRITICAL - 2024-02-26 03:47:12 --> Undefined array key "prod_mprice/"
in APPPATH\Views\user\addtocart.php on line 75.
 1 APPPATH\Views\user\addtocart.php(75): CodeIgniter\Debug\Exceptions->errorHandler(2, 'Undefined array key "prod_mprice/"', 'C:\\laragon\\www\\coffee\\app\\Views\\user\\addtocart.php', 75)
 2 SYSTEMPATH\View\View.php(226): include('C:\\laragon\\www\\coffee\\app\\Views\\user\\addtocart.php')
 3 SYSTEMPATH\View\View.php(229): CodeIgniter\View\View->CodeIgniter\View\{closure}()
 4 SYSTEMPATH\Common.php(1188): CodeIgniter\View\View->render('user/addtocart', [], true)
 5 APPPATH\Controllers\CartController.php(128): view('user/addtocart', [...])
 6 SYSTEMPATH\CodeIgniter.php(919): App\Controllers\CartController->getProd('1')
 7 SYSTEMPATH\CodeIgniter.php(494): CodeIgniter\CodeIgniter->runController(Object(App\Controllers\CartController))
 8 SYSTEMPATH\CodeIgniter.php(353): CodeIgniter\CodeIgniter->handleRequest(null, Object(Config\Cache), false)
 9 FCPATH\index.php(79): CodeIgniter\CodeIgniter->run()
10 SYSTEMPATH\Commands\Server\rewrite.php(47): require_once('C:\\laragon\\www\\coffee\\public\\index.php')
CRITICAL - 2024-02-26 03:47:24 --> Trying to access array offset on value of type null
in APPPATH\Views\user\addtocart.php on line 75.
 1 APPPATH\Views\user\addtocart.php(75): CodeIgniter\Debug\Exceptions->errorHandler(2, 'Trying to access array offset on value of type null', 'C:\\laragon\\www\\coffee\\app\\Views\\user\\addtocart.php', 75)
 2 SYSTEMPATH\View\View.php(226): include('C:\\laragon\\www\\coffee\\app\\Views\\user\\addtocart.php')
 3 SYSTEMPATH\View\View.php(229): CodeIgniter\View\View->CodeIgniter\View\{closure}()
 4 SYSTEMPATH\Common.php(1188): CodeIgniter\View\View->render('user/addtocart', [], true)
 5 APPPATH\Controllers\CartController.php(128): view('user/addtocart', [...])
 6 SYSTEMPATH\CodeIgniter.php(919): App\Controllers\CartController->getProd('assets', 'images', 'quesadillas.jpg')
 7 SYSTEMPATH\CodeIgniter.php(494): CodeIgniter\CodeIgniter->runController(Object(App\Controllers\CartController))
 8 SYSTEMPATH\CodeIgniter.php(353): CodeIgniter\CodeIgniter->handleRequest(null, Object(Config\Cache), false)
 9 FCPATH\index.php(79): CodeIgniter\CodeIgniter->run()
10 SYSTEMPATH\Commands\Server\rewrite.php(47): require_once('C:\\laragon\\www\\coffee\\public\\index.php')
CRITICAL - 2024-02-26 03:47:25 --> Trying to access array offset on value of type null
in APPPATH\Views\user\addtocart.php on line 75.
 1 APPPATH\Views\user\addtocart.php(75): CodeIgniter\Debug\Exceptions->errorHandler(2, 'Trying to access array offset on value of type null', 'C:\\laragon\\www\\coffee\\app\\Views\\user\\addtocart.php', 75)
 2 SYSTEMPATH\View\View.php(226): include('C:\\laragon\\www\\coffee\\app\\Views\\user\\addtocart.php')
 3 SYSTEMPATH\View\View.php(229): CodeIgniter\View\View->CodeIgniter\View\{closure}()
 4 SYSTEMPATH\Common.php(1188): CodeIgniter\View\View->render('user/addtocart', [], true)
 5 APPPATH\Controllers\CartController.php(128): view('user/addtocart', [...])
 6 SYSTEMPATH\CodeIgniter.php(919): App\Controllers\CartController->getProd('assets', 'images', 'quesadillas.jpg')
 7 SYSTEMPATH\CodeIgniter.php(494): CodeIgniter\CodeIgniter->runController(Object(App\Controllers\CartController))
 8 SYSTEMPATH\CodeIgniter.php(353): CodeIgniter\CodeIgniter->handleRequest(null, Object(Config\Cache), false)
 9 FCPATH\index.php(79): CodeIgniter\CodeIgniter->run()
10 SYSTEMPATH\Commands\Server\rewrite.php(47): require_once('C:\\laragon\\www\\coffee\\public\\index.php')
CRITICAL - 2024-02-26 03:47:40 --> Trying to access array offset on value of type null
in APPPATH\Views\user\addtocart.php on line 75.
 1 APPPATH\Views\user\addtocart.php(75): CodeIgniter\Debug\Exceptions->errorHandler(2, 'Trying to access array offset on value of type null', 'C:\\laragon\\www\\coffee\\app\\Views\\user\\addtocart.php', 75)
 2 SYSTEMPATH\View\View.php(226): include('C:\\laragon\\www\\coffee\\app\\Views\\user\\addtocart.php')
 3 SYSTEMPATH\View\View.php(229): CodeIgniter\View\View->CodeIgniter\View\{closure}()
 4 SYSTEMPATH\Common.php(1188): CodeIgniter\View\View->render('user/addtocart', [], true)
 5 APPPATH\Controllers\CartController.php(128): view('user/addtocart', [...])
 6 SYSTEMPATH\CodeIgniter.php(919): App\Controllers\CartController->getProd('assets', 'images', 'quesadillas.jpg')
 7 SYSTEMPATH\CodeIgniter.php(494): CodeIgniter\CodeIgniter->runController(Object(App\Controllers\CartController))
 8 SYSTEMPATH\CodeIgniter.php(353): CodeIgniter\CodeIgniter->handleRequest(null, Object(Config\Cache), false)
 9 FCPATH\index.php(79): CodeIgniter\CodeIgniter->run()
10 SYSTEMPATH\Commands\Server\rewrite.php(47): require_once('C:\\laragon\\www\\coffee\\public\\index.php')
CRITICAL - 2024-02-26 03:47:58 --> Trying to access array offset on value of type null
in APPPATH\Views\user\addtocart.php on line 75.
 1 APPPATH\Views\user\addtocart.php(75): CodeIgniter\Debug\Exceptions->errorHandler(2, 'Trying to access array offset on value of type null', 'C:\\laragon\\www\\coffee\\app\\Views\\user\\addtocart.php', 75)
 2 SYSTEMPATH\View\View.php(226): include('C:\\laragon\\www\\coffee\\app\\Views\\user\\addtocart.php')
 3 SYSTEMPATH\View\View.php(229): CodeIgniter\View\View->CodeIgniter\View\{closure}()
 4 SYSTEMPATH\Common.php(1188): CodeIgniter\View\View->render('user/addtocart', [], true)
 5 APPPATH\Controllers\CartController.php(128): view('user/addtocart', [...])
 6 SYSTEMPATH\CodeIgniter.php(919): App\Controllers\CartController->getProd('assets', 'images', 'quesadillas.jpg')
 7 SYSTEMPATH\CodeIgniter.php(494): CodeIgniter\CodeIgniter->runController(Object(App\Controllers\CartController))
 8 SYSTEMPATH\CodeIgniter.php(353): CodeIgniter\CodeIgniter->handleRequest(null, Object(Config\Cache), false)
 9 FCPATH\index.php(79): CodeIgniter\CodeIgniter->run()
10 SYSTEMPATH\Commands\Server\rewrite.php(47): require_once('C:\\laragon\\www\\coffee\\public\\index.php')
CRITICAL - 2024-02-26 03:50:43 --> Trying to access array offset on value of type null
in APPPATH\Views\user\addtocart.php on line 76.
 1 APPPATH\Views\user\addtocart.php(76): CodeIgniter\Debug\Exceptions->errorHandler(2, 'Trying to access array offset on value of type null', 'C:\\laragon\\www\\coffee\\app\\Views\\user\\addtocart.php', 76)
 2 SYSTEMPATH\View\View.php(226): include('C:\\laragon\\www\\coffee\\app\\Views\\user\\addtocart.php')
 3 SYSTEMPATH\View\View.php(229): CodeIgniter\View\View->CodeIgniter\View\{closure}()
 4 SYSTEMPATH\Common.php(1188): CodeIgniter\View\View->render('user/addtocart', [], true)
 5 APPPATH\Controllers\CartController.php(130): view('user/addtocart', [...])
 6 SYSTEMPATH\CodeIgniter.php(919): App\Controllers\CartController->getProd('assets', 'images', 'quesadillas.jpg')
 7 SYSTEMPATH\CodeIgniter.php(494): CodeIgniter\CodeIgniter->runController(Object(App\Controllers\CartController))
 8 SYSTEMPATH\CodeIgniter.php(353): CodeIgniter\CodeIgniter->handleRequest(null, Object(Config\Cache), false)
 9 FCPATH\index.php(79): CodeIgniter\CodeIgniter->run()
10 SYSTEMPATH\Commands\Server\rewrite.php(47): require_once('C:\\laragon\\www\\coffee\\public\\index.php')
CRITICAL - 2024-02-26 03:50:55 --> Trying to access array offset on value of type null
in APPPATH\Views\user\addtocart.php on line 76.
 1 APPPATH\Views\user\addtocart.php(76): CodeIgniter\Debug\Exceptions->errorHandler(2, 'Trying to access array offset on value of type null', 'C:\\laragon\\www\\coffee\\app\\Views\\user\\addtocart.php', 76)
 2 SYSTEMPATH\View\View.php(226): include('C:\\laragon\\www\\coffee\\app\\Views\\user\\addtocart.php')
 3 SYSTEMPATH\View\View.php(229): CodeIgniter\View\View->CodeIgniter\View\{closure}()
 4 SYSTEMPATH\Common.php(1188): CodeIgniter\View\View->render('user/addtocart', [], true)
 5 APPPATH\Controllers\CartController.php(130): view('user/addtocart', [...])
 6 SYSTEMPATH\CodeIgniter.php(919): App\Controllers\CartController->getProd('assets', 'images', 'quesadillas.jpg')
 7 SYSTEMPATH\CodeIgniter.php(494): CodeIgniter\CodeIgniter->runController(Object(App\Controllers\CartController))
 8 SYSTEMPATH\CodeIgniter.php(353): CodeIgniter\CodeIgniter->handleRequest(null, Object(Config\Cache), false)
 9 FCPATH\index.php(79): CodeIgniter\CodeIgniter->run()
10 SYSTEMPATH\Commands\Server\rewrite.php(47): require_once('C:\\laragon\\www\\coffee\\public\\index.php')
CRITICAL - 2024-02-26 03:51:03 --> Undefined variable $price
in APPPATH\Controllers\CartController.php on line 64.
 1 APPPATH\Controllers\CartController.php(64): CodeIgniter\Debug\Exceptions->errorHandler(2, 'Undefined variable $price', 'C:\\laragon\\www\\coffee\\app\\Controllers\\CartController.php', 64)
 2 SYSTEMPATH\CodeIgniter.php(919): App\Controllers\CartController->addtocart()
 3 SYSTEMPATH\CodeIgniter.php(494): CodeIgniter\CodeIgniter->runController(Object(App\Controllers\CartController))
 4 SYSTEMPATH\CodeIgniter.php(353): CodeIgniter\CodeIgniter->handleRequest(null, Object(Config\Cache), false)
 5 FCPATH\index.php(79): CodeIgniter\CodeIgniter->run()
 6 SYSTEMPATH\Commands\Server\rewrite.php(47): require_once('C:\\laragon\\www\\coffee\\public\\index.php')
CRITICAL - 2024-02-26 03:51:25 --> Trying to access array offset on value of type null
in APPPATH\Controllers\CartController.php on line 65.
 1 APPPATH\Controllers\CartController.php(65): CodeIgniter\Debug\Exceptions->errorHandler(2, 'Trying to access array offset on value of type null', 'C:\\laragon\\www\\coffee\\app\\Controllers\\CartController.php', 65)
 2 SYSTEMPATH\CodeIgniter.php(919): App\Controllers\CartController->addtocart()
 3 SYSTEMPATH\CodeIgniter.php(494): CodeIgniter\CodeIgniter->runController(Object(App\Controllers\CartController))
 4 SYSTEMPATH\CodeIgniter.php(353): CodeIgniter\CodeIgniter->handleRequest(null, Object(Config\Cache), false)
 5 FCPATH\index.php(79): CodeIgniter\CodeIgniter->run()
 6 SYSTEMPATH\Commands\Server\rewrite.php(47): require_once('C:\\laragon\\www\\coffee\\public\\index.php')
CRITICAL - 2024-02-26 03:52:20 --> Trying to access array offset on value of type null
in APPPATH\Views\user\addtocart.php on line 76.
 1 APPPATH\Views\user\addtocart.php(76): CodeIgniter\Debug\Exceptions->errorHandler(2, 'Trying to access array offset on value of type null', 'C:\\laragon\\www\\coffee\\app\\Views\\user\\addtocart.php', 76)
 2 SYSTEMPATH\View\View.php(226): include('C:\\laragon\\www\\coffee\\app\\Views\\user\\addtocart.php')
 3 SYSTEMPATH\View\View.php(229): CodeIgniter\View\View->CodeIgniter\View\{closure}()
 4 SYSTEMPATH\Common.php(1188): CodeIgniter\View\View->render('user/addtocart', [], true)
 5 APPPATH\Controllers\CartController.php(128): view('user/addtocart', [...])
 6 SYSTEMPATH\CodeIgniter.php(919): App\Controllers\CartController->getProd('assets', 'images', 'quesadillas.jpg')
 7 SYSTEMPATH\CodeIgniter.php(494): CodeIgniter\CodeIgniter->runController(Object(App\Controllers\CartController))
 8 SYSTEMPATH\CodeIgniter.php(353): CodeIgniter\CodeIgniter->handleRequest(null, Object(Config\Cache), false)
 9 FCPATH\index.php(79): CodeIgniter\CodeIgniter->run()
10 SYSTEMPATH\Commands\Server\rewrite.php(47): require_once('C:\\laragon\\www\\coffee\\public\\index.php')
CRITICAL - 2024-02-26 03:52:44 --> Trying to access array offset on value of type null
in APPPATH\Views\user\addtocart.php on line 75.
 1 APPPATH\Views\user\addtocart.php(75): CodeIgniter\Debug\Exceptions->errorHandler(2, 'Trying to access array offset on value of type null', 'C:\\laragon\\www\\coffee\\app\\Views\\user\\addtocart.php', 75)
 2 SYSTEMPATH\View\View.php(226): include('C:\\laragon\\www\\coffee\\app\\Views\\user\\addtocart.php')
 3 SYSTEMPATH\View\View.php(229): CodeIgniter\View\View->CodeIgniter\View\{closure}()
 4 SYSTEMPATH\Common.php(1188): CodeIgniter\View\View->render('user/addtocart', [], true)
 5 APPPATH\Controllers\CartController.php(128): view('user/addtocart', [...])
 6 SYSTEMPATH\CodeIgniter.php(919): App\Controllers\CartController->getProd('assets', 'images', 'quesadillas.jpg')
 7 SYSTEMPATH\CodeIgniter.php(494): CodeIgniter\CodeIgniter->runController(Object(App\Controllers\CartController))
 8 SYSTEMPATH\CodeIgniter.php(353): CodeIgniter\CodeIgniter->handleRequest(null, Object(Config\Cache), false)
 9 FCPATH\index.php(79): CodeIgniter\CodeIgniter->run()
10 SYSTEMPATH\Commands\Server\rewrite.php(47): require_once('C:\\laragon\\www\\coffee\\public\\index.php')
CRITICAL - 2024-02-26 03:53:42 --> Undefined array key "prod_id"
in APPPATH\Views\user\addtocart.php on line 76.
 1 APPPATH\Views\user\addtocart.php(76): CodeIgniter\Debug\Exceptions->errorHandler(2, 'Undefined array key "prod_id"', 'C:\\laragon\\www\\coffee\\app\\Views\\user\\addtocart.php', 76)
 2 SYSTEMPATH\View\View.php(226): include('C:\\laragon\\www\\coffee\\app\\Views\\user\\addtocart.php')
 3 SYSTEMPATH\View\View.php(229): CodeIgniter\View\View->CodeIgniter\View\{closure}()
 4 SYSTEMPATH\Common.php(1188): CodeIgniter\View\View->render('user/addtocart', [], true)
 5 APPPATH\Controllers\CartController.php(128): view('user/addtocart', [...])
 6 SYSTEMPATH\CodeIgniter.php(919): App\Controllers\CartController->getProd('assets', 'images', 'quesadillas.jpg')
 7 SYSTEMPATH\CodeIgniter.php(494): CodeIgniter\CodeIgniter->runController(Object(App\Controllers\CartController))
 8 SYSTEMPATH\CodeIgniter.php(353): CodeIgniter\CodeIgniter->handleRequest(null, Object(Config\Cache), false)
 9 FCPATH\index.php(79): CodeIgniter\CodeIgniter->run()
10 SYSTEMPATH\Commands\Server\rewrite.php(47): require_once('C:\\laragon\\www\\coffee\\public\\index.php')
CRITICAL - 2024-02-26 03:54:01 --> Undefined array key "prod_id"
in APPPATH\Views\user\addtocart.php on line 76.
 1 APPPATH\Views\user\addtocart.php(76): CodeIgniter\Debug\Exceptions->errorHandler(2, 'Undefined array key "prod_id"', 'C:\\laragon\\www\\coffee\\app\\Views\\user\\addtocart.php', 76)
 2 SYSTEMPATH\View\View.php(226): include('C:\\laragon\\www\\coffee\\app\\Views\\user\\addtocart.php')
 3 SYSTEMPATH\View\View.php(229): CodeIgniter\View\View->CodeIgniter\View\{closure}()
 4 SYSTEMPATH\Common.php(1188): CodeIgniter\View\View->render('user/addtocart', [], true)
 5 APPPATH\Controllers\CartController.php(128): view('user/addtocart', [...])
 6 SYSTEMPATH\CodeIgniter.php(919): App\Controllers\CartController->getProd('assets', 'images', 'quesadillas.jpg')
 7 SYSTEMPATH\CodeIgniter.php(494): CodeIgniter\CodeIgniter->runController(Object(App\Controllers\CartController))
 8 SYSTEMPATH\CodeIgniter.php(353): CodeIgniter\CodeIgniter->handleRequest(null, Object(Config\Cache), false)
 9 FCPATH\index.php(79): CodeIgniter\CodeIgniter->run()
10 SYSTEMPATH\Commands\Server\rewrite.php(47): require_once('C:\\laragon\\www\\coffee\\public\\index.php')
CRITICAL - 2024-02-26 03:54:05 --> Trying to access array offset on value of type null
in APPPATH\Controllers\CartController.php on line 63.
 1 APPPATH\Controllers\CartController.php(63): CodeIgniter\Debug\Exceptions->errorHandler(2, 'Trying to access array offset on value of type null', 'C:\\laragon\\www\\coffee\\app\\Controllers\\CartController.php', 63)
 2 SYSTEMPATH\CodeIgniter.php(919): App\Controllers\CartController->addtocart('MediumLarge')
 3 SYSTEMPATH\CodeIgniter.php(494): CodeIgniter\CodeIgniter->runController(Object(App\Controllers\CartController))
 4 SYSTEMPATH\CodeIgniter.php(353): CodeIgniter\CodeIgniter->handleRequest(null, Object(Config\Cache), false)
 5 FCPATH\index.php(79): CodeIgniter\CodeIgniter->run()
 6 SYSTEMPATH\Commands\Server\rewrite.php(47): require_once('C:\\laragon\\www\\coffee\\public\\index.php')
CRITICAL - 2024-02-26 03:54:54 --> Trying to access array offset on value of type null
in APPPATH\Controllers\CartController.php on line 63.
 1 APPPATH\Controllers\CartController.php(63): CodeIgniter\Debug\Exceptions->errorHandler(2, 'Trying to access array offset on value of type null', 'C:\\laragon\\www\\coffee\\app\\Controllers\\CartController.php', 63)
 2 SYSTEMPATH\CodeIgniter.php(919): App\Controllers\CartController->addtocart('MediumLarge')
 3 SYSTEMPATH\CodeIgniter.php(494): CodeIgniter\CodeIgniter->runController(Object(App\Controllers\CartController))
 4 SYSTEMPATH\CodeIgniter.php(353): CodeIgniter\CodeIgniter->handleRequest(null, Object(Config\Cache), false)
 5 FCPATH\index.php(79): CodeIgniter\CodeIgniter->run()
 6 SYSTEMPATH\Commands\Server\rewrite.php(47): require_once('C:\\laragon\\www\\coffee\\public\\index.php')
CRITICAL - 2024-02-26 03:56:05 --> Trying to access array offset on value of type null
in APPPATH\Controllers\CartController.php on line 63.
 1 APPPATH\Controllers\CartController.php(63): CodeIgniter\Debug\Exceptions->errorHandler(2, 'Trying to access array offset on value of type null', 'C:\\laragon\\www\\coffee\\app\\Controllers\\CartController.php', 63)
 2 SYSTEMPATH\CodeIgniter.php(919): App\Controllers\CartController->addtocart('MediumLarge')
 3 SYSTEMPATH\CodeIgniter.php(494): CodeIgniter\CodeIgniter->runController(Object(App\Controllers\CartController))
 4 SYSTEMPATH\CodeIgniter.php(353): CodeIgniter\CodeIgniter->handleRequest(null, Object(Config\Cache), false)
 5 FCPATH\index.php(79): CodeIgniter\CodeIgniter->run()
 6 SYSTEMPATH\Commands\Server\rewrite.php(47): require_once('C:\\laragon\\www\\coffee\\public\\index.php')
CRITICAL - 2024-02-26 03:56:07 --> Trying to access array offset on value of type null
in APPPATH\Controllers\CartController.php on line 63.
 1 APPPATH\Controllers\CartController.php(63): CodeIgniter\Debug\Exceptions->errorHandler(2, 'Trying to access array offset on value of type null', 'C:\\laragon\\www\\coffee\\app\\Controllers\\CartController.php', 63)
 2 SYSTEMPATH\CodeIgniter.php(919): App\Controllers\CartController->addtocart('MediumLarge')
 3 SYSTEMPATH\CodeIgniter.php(494): CodeIgniter\CodeIgniter->runController(Object(App\Controllers\CartController))
 4 SYSTEMPATH\CodeIgniter.php(353): CodeIgniter\CodeIgniter->handleRequest(null, Object(Config\Cache), false)
 5 FCPATH\index.php(79): CodeIgniter\CodeIgniter->run()
 6 SYSTEMPATH\Commands\Server\rewrite.php(47): require_once('C:\\laragon\\www\\coffee\\public\\index.php')
CRITICAL - 2024-02-26 03:56:08 --> Undefined array key "prod_id"
in APPPATH\Views\user\addtocart.php on line 76.
 1 APPPATH\Views\user\addtocart.php(76): CodeIgniter\Debug\Exceptions->errorHandler(2, 'Undefined array key "prod_id"', 'C:\\laragon\\www\\coffee\\app\\Views\\user\\addtocart.php', 76)
 2 SYSTEMPATH\View\View.php(226): include('C:\\laragon\\www\\coffee\\app\\Views\\user\\addtocart.php')
 3 SYSTEMPATH\View\View.php(229): CodeIgniter\View\View->CodeIgniter\View\{closure}()
 4 SYSTEMPATH\Common.php(1188): CodeIgniter\View\View->render('user/addtocart', [], true)
 5 APPPATH\Controllers\CartController.php(127): view('user/addtocart', [...])
 6 SYSTEMPATH\CodeIgniter.php(919): App\Controllers\CartController->getProd('assets', 'images', 'quesadillas.jpg')
 7 SYSTEMPATH\CodeIgniter.php(494): CodeIgniter\CodeIgniter->runController(Object(App\Controllers\CartController))
 8 SYSTEMPATH\CodeIgniter.php(353): CodeIgniter\CodeIgniter->handleRequest(null, Object(Config\Cache), false)
 9 FCPATH\index.php(79): CodeIgniter\CodeIgniter->run()
10 SYSTEMPATH\Commands\Server\rewrite.php(47): require_once('C:\\laragon\\www\\coffee\\public\\index.php')
CRITICAL - 2024-02-26 03:57:43 --> Trying to access array offset on value of type null
in APPPATH\Views\user\addtocart.php on line 75.
 1 APPPATH\Views\user\addtocart.php(75): CodeIgniter\Debug\Exceptions->errorHandler(2, 'Trying to access array offset on value of type null', 'C:\\laragon\\www\\coffee\\app\\Views\\user\\addtocart.php', 75)
 2 SYSTEMPATH\View\View.php(226): include('C:\\laragon\\www\\coffee\\app\\Views\\user\\addtocart.php')
 3 SYSTEMPATH\View\View.php(229): CodeIgniter\View\View->CodeIgniter\View\{closure}()
 4 SYSTEMPATH\Common.php(1188): CodeIgniter\View\View->render('user/addtocart', [], true)
 5 APPPATH\Controllers\CartController.php(127): view('user/addtocart', [...])
 6 SYSTEMPATH\CodeIgniter.php(919): App\Controllers\CartController->getProd('assets', 'images', 'quesadillas.jpg')
 7 SYSTEMPATH\CodeIgniter.php(494): CodeIgniter\CodeIgniter->runController(Object(App\Controllers\CartController))
 8 SYSTEMPATH\CodeIgniter.php(353): CodeIgniter\CodeIgniter->handleRequest(null, Object(Config\Cache), false)
 9 FCPATH\index.php(79): CodeIgniter\CodeIgniter->run()
10 SYSTEMPATH\Commands\Server\rewrite.php(47): require_once('C:\\laragon\\www\\coffee\\public\\index.php')
CRITICAL - 2024-02-26 03:57:50 --> Trying to access array offset on value of type null
in APPPATH\Views\user\addtocart.php on line 75.
 1 APPPATH\Views\user\addtocart.php(75): CodeIgniter\Debug\Exceptions->errorHandler(2, 'Trying to access array offset on value of type null', 'C:\\laragon\\www\\coffee\\app\\Views\\user\\addtocart.php', 75)
 2 SYSTEMPATH\View\View.php(226): include('C:\\laragon\\www\\coffee\\app\\Views\\user\\addtocart.php')
 3 SYSTEMPATH\View\View.php(229): CodeIgniter\View\View->CodeIgniter\View\{closure}()
 4 SYSTEMPATH\Common.php(1188): CodeIgniter\View\View->render('user/addtocart', [], true)
 5 APPPATH\Controllers\CartController.php(127): view('user/addtocart', [...])
 6 SYSTEMPATH\CodeIgniter.php(919): App\Controllers\CartController->getProd('assets', 'images', 'quesadillas.jpg')
 7 SYSTEMPATH\CodeIgniter.php(494): CodeIgniter\CodeIgniter->runController(Object(App\Controllers\CartController))
 8 SYSTEMPATH\CodeIgniter.php(353): CodeIgniter\CodeIgniter->handleRequest(null, Object(Config\Cache), false)
 9 FCPATH\index.php(79): CodeIgniter\CodeIgniter->run()
10 SYSTEMPATH\Commands\Server\rewrite.php(47): require_once('C:\\laragon\\www\\coffee\\public\\index.php')
CRITICAL - 2024-02-26 03:58:12 --> Trying to access array offset on value of type null
in APPPATH\Views\user\addtocart.php on line 75.
 1 APPPATH\Views\user\addtocart.php(75): CodeIgniter\Debug\Exceptions->errorHandler(2, 'Trying to access array offset on value of type null', 'C:\\laragon\\www\\coffee\\app\\Views\\user\\addtocart.php', 75)
 2 SYSTEMPATH\View\View.php(226): include('C:\\laragon\\www\\coffee\\app\\Views\\user\\addtocart.php')
 3 SYSTEMPATH\View\View.php(229): CodeIgniter\View\View->CodeIgniter\View\{closure}()
 4 SYSTEMPATH\Common.php(1188): CodeIgniter\View\View->render('user/addtocart', [], true)
 5 APPPATH\Controllers\CartController.php(127): view('user/addtocart', [...])
 6 SYSTEMPATH\CodeIgniter.php(919): App\Controllers\CartController->getProd('assets', 'images', 'quesadillas.jpg')
 7 SYSTEMPATH\CodeIgniter.php(494): CodeIgniter\CodeIgniter->runController(Object(App\Controllers\CartController))
 8 SYSTEMPATH\CodeIgniter.php(353): CodeIgniter\CodeIgniter->handleRequest(null, Object(Config\Cache), false)
 9 FCPATH\index.php(79): CodeIgniter\CodeIgniter->run()
10 SYSTEMPATH\Commands\Server\rewrite.php(47): require_once('C:\\laragon\\www\\coffee\\public\\index.php')
CRITICAL - 2024-02-26 03:58:13 --> Trying to access array offset on value of type null
in APPPATH\Views\user\addtocart.php on line 75.
 1 APPPATH\Views\user\addtocart.php(75): CodeIgniter\Debug\Exceptions->errorHandler(2, 'Trying to access array offset on value of type null', 'C:\\laragon\\www\\coffee\\app\\Views\\user\\addtocart.php', 75)
 2 SYSTEMPATH\View\View.php(226): include('C:\\laragon\\www\\coffee\\app\\Views\\user\\addtocart.php')
 3 SYSTEMPATH\View\View.php(229): CodeIgniter\View\View->CodeIgniter\View\{closure}()
 4 SYSTEMPATH\Common.php(1188): CodeIgniter\View\View->render('user/addtocart', [], true)
 5 APPPATH\Controllers\CartController.php(127): view('user/addtocart', [...])
 6 SYSTEMPATH\CodeIgniter.php(919): App\Controllers\CartController->getProd('assets', 'images', 'quesadillas.jpg')
 7 SYSTEMPATH\CodeIgniter.php(494): CodeIgniter\CodeIgniter->runController(Object(App\Controllers\CartController))
 8 SYSTEMPATH\CodeIgniter.php(353): CodeIgniter\CodeIgniter->handleRequest(null, Object(Config\Cache), false)
 9 FCPATH\index.php(79): CodeIgniter\CodeIgniter->run()
10 SYSTEMPATH\Commands\Server\rewrite.php(47): require_once('C:\\laragon\\www\\coffee\\public\\index.php')
CRITICAL - 2024-02-26 03:58:53 --> Trying to access array offset on value of type null
in APPPATH\Views\user\addtocart.php on line 75.
 1 APPPATH\Views\user\addtocart.php(75): CodeIgniter\Debug\Exceptions->errorHandler(2, 'Trying to access array offset on value of type null', 'C:\\laragon\\www\\coffee\\app\\Views\\user\\addtocart.php', 75)
 2 SYSTEMPATH\View\View.php(226): include('C:\\laragon\\www\\coffee\\app\\Views\\user\\addtocart.php')
 3 SYSTEMPATH\View\View.php(229): CodeIgniter\View\View->CodeIgniter\View\{closure}()
 4 SYSTEMPATH\Common.php(1188): CodeIgniter\View\View->render('user/addtocart', [], true)
 5 APPPATH\Controllers\CartController.php(127): view('user/addtocart', [...])
 6 SYSTEMPATH\CodeIgniter.php(919): App\Controllers\CartController->getProd('assets', 'images', 'quesadillas.jpg')
 7 SYSTEMPATH\CodeIgniter.php(494): CodeIgniter\CodeIgniter->runController(Object(App\Controllers\CartController))
 8 SYSTEMPATH\CodeIgniter.php(353): CodeIgniter\CodeIgniter->handleRequest(null, Object(Config\Cache), false)
 9 FCPATH\index.php(79): CodeIgniter\CodeIgniter->run()
10 SYSTEMPATH\Commands\Server\rewrite.php(47): require_once('C:\\laragon\\www\\coffee\\public\\index.php')
CRITICAL - 2024-02-26 03:58:54 --> Trying to access array offset on value of type null
in APPPATH\Views\user\addtocart.php on line 75.
 1 APPPATH\Views\user\addtocart.php(75): CodeIgniter\Debug\Exceptions->errorHandler(2, 'Trying to access array offset on value of type null', 'C:\\laragon\\www\\coffee\\app\\Views\\user\\addtocart.php', 75)
 2 SYSTEMPATH\View\View.php(226): include('C:\\laragon\\www\\coffee\\app\\Views\\user\\addtocart.php')
 3 SYSTEMPATH\View\View.php(229): CodeIgniter\View\View->CodeIgniter\View\{closure}()
 4 SYSTEMPATH\Common.php(1188): CodeIgniter\View\View->render('user/addtocart', [], true)
 5 APPPATH\Controllers\CartController.php(127): view('user/addtocart', [...])
 6 SYSTEMPATH\CodeIgniter.php(919): App\Controllers\CartController->getProd('assets', 'images', 'quesadillas.jpg')
 7 SYSTEMPATH\CodeIgniter.php(494): CodeIgniter\CodeIgniter->runController(Object(App\Controllers\CartController))
 8 SYSTEMPATH\CodeIgniter.php(353): CodeIgniter\CodeIgniter->handleRequest(null, Object(Config\Cache), false)
 9 FCPATH\index.php(79): CodeIgniter\CodeIgniter->run()
10 SYSTEMPATH\Commands\Server\rewrite.php(47): require_once('C:\\laragon\\www\\coffee\\public\\index.php')
CRITICAL - 2024-02-26 03:59:13 --> Trying to access array offset on value of type null
in APPPATH\Views\user\addtocart.php on line 75.
 1 APPPATH\Views\user\addtocart.php(75): CodeIgniter\Debug\Exceptions->errorHandler(2, 'Trying to access array offset on value of type null', 'C:\\laragon\\www\\coffee\\app\\Views\\user\\addtocart.php', 75)
 2 SYSTEMPATH\View\View.php(226): include('C:\\laragon\\www\\coffee\\app\\Views\\user\\addtocart.php')
 3 SYSTEMPATH\View\View.php(229): CodeIgniter\View\View->CodeIgniter\View\{closure}()
 4 SYSTEMPATH\Common.php(1188): CodeIgniter\View\View->render('user/addtocart', [], true)
 5 APPPATH\Controllers\CartController.php(127): view('user/addtocart', [...])
 6 SYSTEMPATH\CodeIgniter.php(919): App\Controllers\CartController->getProd('assets', 'images', 'quesadillas.jpg')
 7 SYSTEMPATH\CodeIgniter.php(494): CodeIgniter\CodeIgniter->runController(Object(App\Controllers\CartController))
 8 SYSTEMPATH\CodeIgniter.php(353): CodeIgniter\CodeIgniter->handleRequest(null, Object(Config\Cache), false)
 9 FCPATH\index.php(79): CodeIgniter\CodeIgniter->run()
10 SYSTEMPATH\Commands\Server\rewrite.php(47): require_once('C:\\laragon\\www\\coffee\\public\\index.php')
CRITICAL - 2024-02-26 03:59:15 --> Trying to access array offset on value of type null
in APPPATH\Views\user\addtocart.php on line 75.
 1 APPPATH\Views\user\addtocart.php(75): CodeIgniter\Debug\Exceptions->errorHandler(2, 'Trying to access array offset on value of type null', 'C:\\laragon\\www\\coffee\\app\\Views\\user\\addtocart.php', 75)
 2 SYSTEMPATH\View\View.php(226): include('C:\\laragon\\www\\coffee\\app\\Views\\user\\addtocart.php')
 3 SYSTEMPATH\View\View.php(229): CodeIgniter\View\View->CodeIgniter\View\{closure}()
 4 SYSTEMPATH\Common.php(1188): CodeIgniter\View\View->render('user/addtocart', [], true)
 5 APPPATH\Controllers\CartController.php(127): view('user/addtocart', [...])
 6 SYSTEMPATH\CodeIgniter.php(919): App\Controllers\CartController->getProd('assets', 'images', 'quesadillas.jpg')
 7 SYSTEMPATH\CodeIgniter.php(494): CodeIgniter\CodeIgniter->runController(Object(App\Controllers\CartController))
 8 SYSTEMPATH\CodeIgniter.php(353): CodeIgniter\CodeIgniter->handleRequest(null, Object(Config\Cache), false)
 9 FCPATH\index.php(79): CodeIgniter\CodeIgniter->run()
10 SYSTEMPATH\Commands\Server\rewrite.php(47): require_once('C:\\laragon\\www\\coffee\\public\\index.php')
CRITICAL - 2024-02-26 03:59:27 --> Trying to access array offset on value of type null
in APPPATH\Views\user\addtocart.php on line 75.
 1 APPPATH\Views\user\addtocart.php(75): CodeIgniter\Debug\Exceptions->errorHandler(2, 'Trying to access array offset on value of type null', 'C:\\laragon\\www\\coffee\\app\\Views\\user\\addtocart.php', 75)
 2 SYSTEMPATH\View\View.php(226): include('C:\\laragon\\www\\coffee\\app\\Views\\user\\addtocart.php')
 3 SYSTEMPATH\View\View.php(229): CodeIgniter\View\View->CodeIgniter\View\{closure}()
 4 SYSTEMPATH\Common.php(1188): CodeIgniter\View\View->render('user/addtocart', [], true)
 5 APPPATH\Controllers\CartController.php(127): view('user/addtocart', [...])
 6 SYSTEMPATH\CodeIgniter.php(919): App\Controllers\CartController->getProd('assets', 'images', 'quesadillas.jpg')
 7 SYSTEMPATH\CodeIgniter.php(494): CodeIgniter\CodeIgniter->runController(Object(App\Controllers\CartController))
 8 SYSTEMPATH\CodeIgniter.php(353): CodeIgniter\CodeIgniter->handleRequest(null, Object(Config\Cache), false)
 9 FCPATH\index.php(79): CodeIgniter\CodeIgniter->run()
10 SYSTEMPATH\Commands\Server\rewrite.php(47): require_once('C:\\laragon\\www\\coffee\\public\\index.php')
CRITICAL - 2024-02-26 04:00:34 --> Trying to access array offset on value of type null
in APPPATH\Views\user\addtocart.php on line 75.
 1 APPPATH\Views\user\addtocart.php(75): CodeIgniter\Debug\Exceptions->errorHandler(2, 'Trying to access array offset on value of type null', 'C:\\laragon\\www\\coffee\\app\\Views\\user\\addtocart.php', 75)
 2 SYSTEMPATH\View\View.php(226): include('C:\\laragon\\www\\coffee\\app\\Views\\user\\addtocart.php')
 3 SYSTEMPATH\View\View.php(229): CodeIgniter\View\View->CodeIgniter\View\{closure}()
 4 SYSTEMPATH\Common.php(1188): CodeIgniter\View\View->render('user/addtocart', [], true)
 5 APPPATH\Controllers\CartController.php(127): view('user/addtocart', [...])
 6 SYSTEMPATH\CodeIgniter.php(919): App\Controllers\CartController->getProd('assets', 'images', 'quesadillas.jpg')
 7 SYSTEMPATH\CodeIgniter.php(494): CodeIgniter\CodeIgniter->runController(Object(App\Controllers\CartController))
 8 SYSTEMPATH\CodeIgniter.php(353): CodeIgniter\CodeIgniter->handleRequest(null, Object(Config\Cache), false)
 9 FCPATH\index.php(79): CodeIgniter\CodeIgniter->run()
10 SYSTEMPATH\Commands\Server\rewrite.php(47): require_once('C:\\laragon\\www\\coffee\\public\\index.php')
CRITICAL - 2024-02-26 04:00:35 --> Trying to access array offset on value of type null
in APPPATH\Views\user\addtocart.php on line 75.
 1 APPPATH\Views\user\addtocart.php(75): CodeIgniter\Debug\Exceptions->errorHandler(2, 'Trying to access array offset on value of type null', 'C:\\laragon\\www\\coffee\\app\\Views\\user\\addtocart.php', 75)
 2 SYSTEMPATH\View\View.php(226): include('C:\\laragon\\www\\coffee\\app\\Views\\user\\addtocart.php')
 3 SYSTEMPATH\View\View.php(229): CodeIgniter\View\View->CodeIgniter\View\{closure}()
 4 SYSTEMPATH\Common.php(1188): CodeIgniter\View\View->render('user/addtocart', [], true)
 5 APPPATH\Controllers\CartController.php(127): view('user/addtocart', [...])
 6 SYSTEMPATH\CodeIgniter.php(919): App\Controllers\CartController->getProd('assets', 'images', 'quesadillas.jpg')
 7 SYSTEMPATH\CodeIgniter.php(494): CodeIgniter\CodeIgniter->runController(Object(App\Controllers\CartController))
 8 SYSTEMPATH\CodeIgniter.php(353): CodeIgniter\CodeIgniter->handleRequest(null, Object(Config\Cache), false)
 9 FCPATH\index.php(79): CodeIgniter\CodeIgniter->run()
10 SYSTEMPATH\Commands\Server\rewrite.php(47): require_once('C:\\laragon\\www\\coffee\\public\\index.php')
CRITICAL - 2024-02-26 04:00:49 --> Trying to access array offset on value of type null
in APPPATH\Views\user\addtocart.php on line 75.
 1 APPPATH\Views\user\addtocart.php(75): CodeIgniter\Debug\Exceptions->errorHandler(2, 'Trying to access array offset on value of type null', 'C:\\laragon\\www\\coffee\\app\\Views\\user\\addtocart.php', 75)
 2 SYSTEMPATH\View\View.php(226): include('C:\\laragon\\www\\coffee\\app\\Views\\user\\addtocart.php')
 3 SYSTEMPATH\View\View.php(229): CodeIgniter\View\View->CodeIgniter\View\{closure}()
 4 SYSTEMPATH\Common.php(1188): CodeIgniter\View\View->render('user/addtocart', [], true)
 5 APPPATH\Controllers\CartController.php(127): view('user/addtocart', [...])
 6 SYSTEMPATH\CodeIgniter.php(919): App\Controllers\CartController->getProd('assets', 'images', 'quesadillas.jpg')
 7 SYSTEMPATH\CodeIgniter.php(494): CodeIgniter\CodeIgniter->runController(Object(App\Controllers\CartController))
 8 SYSTEMPATH\CodeIgniter.php(353): CodeIgniter\CodeIgniter->handleRequest(null, Object(Config\Cache), false)
 9 FCPATH\index.php(79): CodeIgniter\CodeIgniter->run()
10 SYSTEMPATH\Commands\Server\rewrite.php(47): require_once('C:\\laragon\\www\\coffee\\public\\index.php')
CRITICAL - 2024-02-26 04:00:59 --> Trying to access array offset on value of type null
in APPPATH\Views\user\addtocart.php on line 75.
 1 APPPATH\Views\user\addtocart.php(75): CodeIgniter\Debug\Exceptions->errorHandler(2, 'Trying to access array offset on value of type null', 'C:\\laragon\\www\\coffee\\app\\Views\\user\\addtocart.php', 75)
 2 SYSTEMPATH\View\View.php(226): include('C:\\laragon\\www\\coffee\\app\\Views\\user\\addtocart.php')
 3 SYSTEMPATH\View\View.php(229): CodeIgniter\View\View->CodeIgniter\View\{closure}()
 4 SYSTEMPATH\Common.php(1188): CodeIgniter\View\View->render('user/addtocart', [], true)
 5 APPPATH\Controllers\CartController.php(127): view('user/addtocart', [...])
 6 SYSTEMPATH\CodeIgniter.php(919): App\Controllers\CartController->getProd('assets', 'images', 'quesadillas.jpg')
 7 SYSTEMPATH\CodeIgniter.php(494): CodeIgniter\CodeIgniter->runController(Object(App\Controllers\CartController))
 8 SYSTEMPATH\CodeIgniter.php(353): CodeIgniter\CodeIgniter->handleRequest(null, Object(Config\Cache), false)
 9 FCPATH\index.php(79): CodeIgniter\CodeIgniter->run()
10 SYSTEMPATH\Commands\Server\rewrite.php(47): require_once('C:\\laragon\\www\\coffee\\public\\index.php')
CRITICAL - 2024-02-26 04:01:58 --> Trying to access array offset on value of type null
in APPPATH\Views\user\addtocart.php on line 75.
 1 APPPATH\Views\user\addtocart.php(75): CodeIgniter\Debug\Exceptions->errorHandler(2, 'Trying to access array offset on value of type null', 'C:\\laragon\\www\\coffee\\app\\Views\\user\\addtocart.php', 75)
 2 SYSTEMPATH\View\View.php(226): include('C:\\laragon\\www\\coffee\\app\\Views\\user\\addtocart.php')
 3 SYSTEMPATH\View\View.php(229): CodeIgniter\View\View->CodeIgniter\View\{closure}()
 4 SYSTEMPATH\Common.php(1188): CodeIgniter\View\View->render('user/addtocart', [], true)
 5 APPPATH\Controllers\CartController.php(127): view('user/addtocart', [...])
 6 SYSTEMPATH\CodeIgniter.php(919): App\Controllers\CartController->getProd('assets', 'images', 'quesadillas.jpg')
 7 SYSTEMPATH\CodeIgniter.php(494): CodeIgniter\CodeIgniter->runController(Object(App\Controllers\CartController))
 8 SYSTEMPATH\CodeIgniter.php(353): CodeIgniter\CodeIgniter->handleRequest(null, Object(Config\Cache), false)
 9 FCPATH\index.php(79): CodeIgniter\CodeIgniter->run()
10 SYSTEMPATH\Commands\Server\rewrite.php(47): require_once('C:\\laragon\\www\\coffee\\public\\index.php')
CRITICAL - 2024-02-26 04:02:12 --> Trying to access array offset on value of type null
in APPPATH\Views\user\addtocart.php on line 75.
 1 APPPATH\Views\user\addtocart.php(75): CodeIgniter\Debug\Exceptions->errorHandler(2, 'Trying to access array offset on value of type null', 'C:\\laragon\\www\\coffee\\app\\Views\\user\\addtocart.php', 75)
 2 SYSTEMPATH\View\View.php(226): include('C:\\laragon\\www\\coffee\\app\\Views\\user\\addtocart.php')
 3 SYSTEMPATH\View\View.php(229): CodeIgniter\View\View->CodeIgniter\View\{closure}()
 4 SYSTEMPATH\Common.php(1188): CodeIgniter\View\View->render('user/addtocart', [], true)
 5 APPPATH\Controllers\CartController.php(127): view('user/addtocart', [...])
 6 SYSTEMPATH\CodeIgniter.php(919): App\Controllers\CartController->getProd('assets', 'images', 'quesadillas.jpg')
 7 SYSTEMPATH\CodeIgniter.php(494): CodeIgniter\CodeIgniter->runController(Object(App\Controllers\CartController))
 8 SYSTEMPATH\CodeIgniter.php(353): CodeIgniter\CodeIgniter->handleRequest(null, Object(Config\Cache), false)
 9 FCPATH\index.php(79): CodeIgniter\CodeIgniter->run()
10 SYSTEMPATH\Commands\Server\rewrite.php(47): require_once('C:\\laragon\\www\\coffee\\public\\index.php')
CRITICAL - 2024-02-26 04:03:45 --> Trying to access array offset on value of type null
in APPPATH\Views\user\addtocart.php on line 75.
 1 APPPATH\Views\user\addtocart.php(75): CodeIgniter\Debug\Exceptions->errorHandler(2, 'Trying to access array offset on value of type null', 'C:\\laragon\\www\\coffee\\app\\Views\\user\\addtocart.php', 75)
 2 SYSTEMPATH\View\View.php(226): include('C:\\laragon\\www\\coffee\\app\\Views\\user\\addtocart.php')
 3 SYSTEMPATH\View\View.php(229): CodeIgniter\View\View->CodeIgniter\View\{closure}()
 4 SYSTEMPATH\Common.php(1188): CodeIgniter\View\View->render('user/addtocart', [], true)
 5 APPPATH\Controllers\CartController.php(127): view('user/addtocart', [...])
 6 SYSTEMPATH\CodeIgniter.php(919): App\Controllers\CartController->getProd('assets', 'images', 'quesadillas.jpg')
 7 SYSTEMPATH\CodeIgniter.php(494): CodeIgniter\CodeIgniter->runController(Object(App\Controllers\CartController))
 8 SYSTEMPATH\CodeIgniter.php(353): CodeIgniter\CodeIgniter->handleRequest(null, Object(Config\Cache), false)
 9 FCPATH\index.php(79): CodeIgniter\CodeIgniter->run()
10 SYSTEMPATH\Commands\Server\rewrite.php(47): require_once('C:\\laragon\\www\\coffee\\public\\index.php')
CRITICAL - 2024-02-26 04:04:31 --> syntax error, unexpected token ".", expecting ")"
in APPPATH\Views\user\addtocart.php on line 75.
 1 SYSTEMPATH\View\View.php(229): CodeIgniter\View\View->CodeIgniter\View\{closure}()
 2 SYSTEMPATH\Common.php(1188): CodeIgniter\View\View->render('user/addtocart', [], true)
 3 APPPATH\Controllers\CartController.php(127): view('user/addtocart', [...])
 4 SYSTEMPATH\CodeIgniter.php(919): App\Controllers\CartController->getProd('1')
 5 SYSTEMPATH\CodeIgniter.php(494): CodeIgniter\CodeIgniter->runController(Object(App\Controllers\CartController))
 6 SYSTEMPATH\CodeIgniter.php(353): CodeIgniter\CodeIgniter->handleRequest(null, Object(Config\Cache), false)
 7 FCPATH\index.php(79): CodeIgniter\CodeIgniter->run()
 8 SYSTEMPATH\Commands\Server\rewrite.php(47): require_once('C:\\laragon\\www\\coffee\\public\\index.php')
CRITICAL - 2024-02-26 04:04:33 --> syntax error, unexpected token ".", expecting ")"
in APPPATH\Views\user\addtocart.php on line 75.
 1 SYSTEMPATH\View\View.php(229): CodeIgniter\View\View->CodeIgniter\View\{closure}()
 2 SYSTEMPATH\Common.php(1188): CodeIgniter\View\View->render('user/addtocart', [], true)
 3 APPPATH\Controllers\CartController.php(127): view('user/addtocart', [...])
 4 SYSTEMPATH\CodeIgniter.php(919): App\Controllers\CartController->getProd('1')
 5 SYSTEMPATH\CodeIgniter.php(494): CodeIgniter\CodeIgniter->runController(Object(App\Controllers\CartController))
 6 SYSTEMPATH\CodeIgniter.php(353): CodeIgniter\CodeIgniter->handleRequest(null, Object(Config\Cache), false)
 7 FCPATH\index.php(79): CodeIgniter\CodeIgniter->run()
 8 SYSTEMPATH\Commands\Server\rewrite.php(47): require_once('C:\\laragon\\www\\coffee\\public\\index.php')
CRITICAL - 2024-02-26 04:04:34 --> syntax error, unexpected token ".", expecting ")"
in APPPATH\Views\user\addtocart.php on line 75.
 1 SYSTEMPATH\View\View.php(229): CodeIgniter\View\View->CodeIgniter\View\{closure}()
 2 SYSTEMPATH\Common.php(1188): CodeIgniter\View\View->render('user/addtocart', [], true)
 3 APPPATH\Controllers\CartController.php(127): view('user/addtocart', [...])
 4 SYSTEMPATH\CodeIgniter.php(919): App\Controllers\CartController->getProd('1')
 5 SYSTEMPATH\CodeIgniter.php(494): CodeIgniter\CodeIgniter->runController(Object(App\Controllers\CartController))
 6 SYSTEMPATH\CodeIgniter.php(353): CodeIgniter\CodeIgniter->handleRequest(null, Object(Config\Cache), false)
 7 FCPATH\index.php(79): CodeIgniter\CodeIgniter->run()
 8 SYSTEMPATH\Commands\Server\rewrite.php(47): require_once('C:\\laragon\\www\\coffee\\public\\index.php')
CRITICAL - 2024-02-26 04:04:39 --> Undefined array key "prod_id"
in APPPATH\Views\user\addtocart.php on line 76.
 1 APPPATH\Views\user\addtocart.php(76): CodeIgniter\Debug\Exceptions->errorHandler(2, 'Undefined array key "prod_id"', 'C:\\laragon\\www\\coffee\\app\\Views\\user\\addtocart.php', 76)
 2 SYSTEMPATH\View\View.php(226): include('C:\\laragon\\www\\coffee\\app\\Views\\user\\addtocart.php')
 3 SYSTEMPATH\View\View.php(229): CodeIgniter\View\View->CodeIgniter\View\{closure}()
 4 SYSTEMPATH\Common.php(1188): CodeIgniter\View\View->render('user/addtocart', [], true)
 5 APPPATH\Controllers\CartController.php(127): view('user/addtocart', [...])
 6 SYSTEMPATH\CodeIgniter.php(919): App\Controllers\CartController->getProd('assets', 'images', 'quesadillas.jpg')
 7 SYSTEMPATH\CodeIgniter.php(494): CodeIgniter\CodeIgniter->runController(Object(App\Controllers\CartController))
 8 SYSTEMPATH\CodeIgniter.php(353): CodeIgniter\CodeIgniter->handleRequest(null, Object(Config\Cache), false)
 9 FCPATH\index.php(79): CodeIgniter\CodeIgniter->run()
10 SYSTEMPATH\Commands\Server\rewrite.php(47): require_once('C:\\laragon\\www\\coffee\\public\\index.php')
CRITICAL - 2024-02-26 04:05:09 --> Trying to access array offset on value of type null
in APPPATH\Views\user\addtocart.php on line 75.
 1 APPPATH\Views\user\addtocart.php(75): CodeIgniter\Debug\Exceptions->errorHandler(2, 'Trying to access array offset on value of type null', 'C:\\laragon\\www\\coffee\\app\\Views\\user\\addtocart.php', 75)
 2 SYSTEMPATH\View\View.php(226): include('C:\\laragon\\www\\coffee\\app\\Views\\user\\addtocart.php')
 3 SYSTEMPATH\View\View.php(229): CodeIgniter\View\View->CodeIgniter\View\{closure}()
 4 SYSTEMPATH\Common.php(1188): CodeIgniter\View\View->render('user/addtocart', [], true)
 5 APPPATH\Controllers\CartController.php(127): view('user/addtocart', [...])
 6 SYSTEMPATH\CodeIgniter.php(919): App\Controllers\CartController->getProd('assets', 'images', 'quesadillas.jpg')
 7 SYSTEMPATH\CodeIgniter.php(494): CodeIgniter\CodeIgniter->runController(Object(App\Controllers\CartController))
 8 SYSTEMPATH\CodeIgniter.php(353): CodeIgniter\CodeIgniter->handleRequest(null, Object(Config\Cache), false)
 9 FCPATH\index.php(79): CodeIgniter\CodeIgniter->run()
10 SYSTEMPATH\Commands\Server\rewrite.php(47): require_once('C:\\laragon\\www\\coffee\\public\\index.php')
CRITICAL - 2024-02-26 04:05:10 --> Trying to access array offset on value of type null
in APPPATH\Views\user\addtocart.php on line 75.
 1 APPPATH\Views\user\addtocart.php(75): CodeIgniter\Debug\Exceptions->errorHandler(2, 'Trying to access array offset on value of type null', 'C:\\laragon\\www\\coffee\\app\\Views\\user\\addtocart.php', 75)
 2 SYSTEMPATH\View\View.php(226): include('C:\\laragon\\www\\coffee\\app\\Views\\user\\addtocart.php')
 3 SYSTEMPATH\View\View.php(229): CodeIgniter\View\View->CodeIgniter\View\{closure}()
 4 SYSTEMPATH\Common.php(1188): CodeIgniter\View\View->render('user/addtocart', [], true)
 5 APPPATH\Controllers\CartController.php(127): view('user/addtocart', [...])
 6 SYSTEMPATH\CodeIgniter.php(919): App\Controllers\CartController->getProd('assets', 'images', 'quesadillas.jpg')
 7 SYSTEMPATH\CodeIgniter.php(494): CodeIgniter\CodeIgniter->runController(Object(App\Controllers\CartController))
 8 SYSTEMPATH\CodeIgniter.php(353): CodeIgniter\CodeIgniter->handleRequest(null, Object(Config\Cache), false)
 9 FCPATH\index.php(79): CodeIgniter\CodeIgniter->run()
10 SYSTEMPATH\Commands\Server\rewrite.php(47): require_once('C:\\laragon\\www\\coffee\\public\\index.php')
CRITICAL - 2024-02-26 04:05:11 --> Trying to access array offset on value of type null
in APPPATH\Views\user\addtocart.php on line 75.
 1 APPPATH\Views\user\addtocart.php(75): CodeIgniter\Debug\Exceptions->errorHandler(2, 'Trying to access array offset on value of type null', 'C:\\laragon\\www\\coffee\\app\\Views\\user\\addtocart.php', 75)
 2 SYSTEMPATH\View\View.php(226): include('C:\\laragon\\www\\coffee\\app\\Views\\user\\addtocart.php')
 3 SYSTEMPATH\View\View.php(229): CodeIgniter\View\View->CodeIgniter\View\{closure}()
 4 SYSTEMPATH\Common.php(1188): CodeIgniter\View\View->render('user/addtocart', [], true)
 5 APPPATH\Controllers\CartController.php(127): view('user/addtocart', [...])
 6 SYSTEMPATH\CodeIgniter.php(919): App\Controllers\CartController->getProd('assets', 'images', 'quesadillas.jpg')
 7 SYSTEMPATH\CodeIgniter.php(494): CodeIgniter\CodeIgniter->runController(Object(App\Controllers\CartController))
 8 SYSTEMPATH\CodeIgniter.php(353): CodeIgniter\CodeIgniter->handleRequest(null, Object(Config\Cache), false)
 9 FCPATH\index.php(79): CodeIgniter\CodeIgniter->run()
10 SYSTEMPATH\Commands\Server\rewrite.php(47): require_once('C:\\laragon\\www\\coffee\\public\\index.php')
CRITICAL - 2024-02-26 04:05:12 --> Trying to access array offset on value of type null
in APPPATH\Views\user\addtocart.php on line 75.
 1 APPPATH\Views\user\addtocart.php(75): CodeIgniter\Debug\Exceptions->errorHandler(2, 'Trying to access array offset on value of type null', 'C:\\laragon\\www\\coffee\\app\\Views\\user\\addtocart.php', 75)
 2 SYSTEMPATH\View\View.php(226): include('C:\\laragon\\www\\coffee\\app\\Views\\user\\addtocart.php')
 3 SYSTEMPATH\View\View.php(229): CodeIgniter\View\View->CodeIgniter\View\{closure}()
 4 SYSTEMPATH\Common.php(1188): CodeIgniter\View\View->render('user/addtocart', [], true)
 5 APPPATH\Controllers\CartController.php(127): view('user/addtocart', [...])
 6 SYSTEMPATH\CodeIgniter.php(919): App\Controllers\CartController->getProd('assets', 'images', 'quesadillas.jpg')
 7 SYSTEMPATH\CodeIgniter.php(494): CodeIgniter\CodeIgniter->runController(Object(App\Controllers\CartController))
 8 SYSTEMPATH\CodeIgniter.php(353): CodeIgniter\CodeIgniter->handleRequest(null, Object(Config\Cache), false)
 9 FCPATH\index.php(79): CodeIgniter\CodeIgniter->run()
10 SYSTEMPATH\Commands\Server\rewrite.php(47): require_once('C:\\laragon\\www\\coffee\\public\\index.php')
CRITICAL - 2024-02-26 04:05:46 --> Trying to access array offset on value of type null
in APPPATH\Views\user\addtocart.php on line 75.
 1 APPPATH\Views\user\addtocart.php(75): CodeIgniter\Debug\Exceptions->errorHandler(2, 'Trying to access array offset on value of type null', 'C:\\laragon\\www\\coffee\\app\\Views\\user\\addtocart.php', 75)
 2 SYSTEMPATH\View\View.php(226): include('C:\\laragon\\www\\coffee\\app\\Views\\user\\addtocart.php')
 3 SYSTEMPATH\View\View.php(229): CodeIgniter\View\View->CodeIgniter\View\{closure}()
 4 SYSTEMPATH\Common.php(1188): CodeIgniter\View\View->render('user/addtocart', [], true)
 5 APPPATH\Controllers\CartController.php(127): view('user/addtocart', [...])
 6 SYSTEMPATH\CodeIgniter.php(919): App\Controllers\CartController->getProd('assets', 'images', 'quesadillas.jpg')
 7 SYSTEMPATH\CodeIgniter.php(494): CodeIgniter\CodeIgniter->runController(Object(App\Controllers\CartController))
 8 SYSTEMPATH\CodeIgniter.php(353): CodeIgniter\CodeIgniter->handleRequest(null, Object(Config\Cache), false)
 9 FCPATH\index.php(79): CodeIgniter\CodeIgniter->run()
10 SYSTEMPATH\Commands\Server\rewrite.php(47): require_once('C:\\laragon\\www\\coffee\\public\\index.php')
CRITICAL - 2024-02-26 04:06:00 --> Trying to access array offset on value of type null
in APPPATH\Views\user\addtocart.php on line 75.
 1 APPPATH\Views\user\addtocart.php(75): CodeIgniter\Debug\Exceptions->errorHandler(2, 'Trying to access array offset on value of type null', 'C:\\laragon\\www\\coffee\\app\\Views\\user\\addtocart.php', 75)
 2 SYSTEMPATH\View\View.php(226): include('C:\\laragon\\www\\coffee\\app\\Views\\user\\addtocart.php')
 3 SYSTEMPATH\View\View.php(229): CodeIgniter\View\View->CodeIgniter\View\{closure}()
 4 SYSTEMPATH\Common.php(1188): CodeIgniter\View\View->render('user/addtocart', [], true)
 5 APPPATH\Controllers\CartController.php(127): view('user/addtocart', [...])
 6 SYSTEMPATH\CodeIgniter.php(919): App\Controllers\CartController->getProd('assets', 'images', 'quesadillas.jpg')
 7 SYSTEMPATH\CodeIgniter.php(494): CodeIgniter\CodeIgniter->runController(Object(App\Controllers\CartController))
 8 SYSTEMPATH\CodeIgniter.php(353): CodeIgniter\CodeIgniter->handleRequest(null, Object(Config\Cache), false)
 9 FCPATH\index.php(79): CodeIgniter\CodeIgniter->run()
10 SYSTEMPATH\Commands\Server\rewrite.php(47): require_once('C:\\laragon\\www\\coffee\\public\\index.php')
CRITICAL - 2024-02-26 04:07:58 --> Trying to access array offset on value of type null
in APPPATH\Views\user\addtocart.php on line 75.
 1 APPPATH\Views\user\addtocart.php(75): CodeIgniter\Debug\Exceptions->errorHandler(2, 'Trying to access array offset on value of type null', 'C:\\laragon\\www\\coffee\\app\\Views\\user\\addtocart.php', 75)
 2 SYSTEMPATH\View\View.php(226): include('C:\\laragon\\www\\coffee\\app\\Views\\user\\addtocart.php')
 3 SYSTEMPATH\View\View.php(229): CodeIgniter\View\View->CodeIgniter\View\{closure}()
 4 SYSTEMPATH\Common.php(1188): CodeIgniter\View\View->render('user/addtocart', [], true)
 5 APPPATH\Controllers\CartController.php(127): view('user/addtocart', [...])
 6 SYSTEMPATH\CodeIgniter.php(919): App\Controllers\CartController->getProd('assets', 'images', 'quesadillas.jpg')
 7 SYSTEMPATH\CodeIgniter.php(494): CodeIgniter\CodeIgniter->runController(Object(App\Controllers\CartController))
 8 SYSTEMPATH\CodeIgniter.php(353): CodeIgniter\CodeIgniter->handleRequest(null, Object(Config\Cache), false)
 9 FCPATH\index.php(79): CodeIgniter\CodeIgniter->run()
10 SYSTEMPATH\Commands\Server\rewrite.php(47): require_once('C:\\laragon\\www\\coffee\\public\\index.php')
CRITICAL - 2024-02-26 04:08:08 --> Trying to access array offset on value of type null
in APPPATH\Controllers\CartController.php on line 48.
 1 APPPATH\Controllers\CartController.php(48): CodeIgniter\Debug\Exceptions->errorHandler(2, 'Trying to access array offset on value of type null', 'C:\\laragon\\www\\coffee\\app\\Controllers\\CartController.php', 48)
 2 SYSTEMPATH\CodeIgniter.php(919): App\Controllers\CartController->addtocart('0.00160.00')
 3 SYSTEMPATH\CodeIgniter.php(494): CodeIgniter\CodeIgniter->runController(Object(App\Controllers\CartController))
 4 SYSTEMPATH\CodeIgniter.php(353): CodeIgniter\CodeIgniter->handleRequest(null, Object(Config\Cache), false)
 5 FCPATH\index.php(79): CodeIgniter\CodeIgniter->run()
 6 SYSTEMPATH\Commands\Server\rewrite.php(47): require_once('C:\\laragon\\www\\coffee\\public\\index.php')
CRITICAL - 2024-02-26 04:08:36 --> Trying to access array offset on value of type null
in APPPATH\Views\user\addtocart.php on line 75.
 1 APPPATH\Views\user\addtocart.php(75): CodeIgniter\Debug\Exceptions->errorHandler(2, 'Trying to access array offset on value of type null', 'C:\\laragon\\www\\coffee\\app\\Views\\user\\addtocart.php', 75)
 2 SYSTEMPATH\View\View.php(226): include('C:\\laragon\\www\\coffee\\app\\Views\\user\\addtocart.php')
 3 SYSTEMPATH\View\View.php(229): CodeIgniter\View\View->CodeIgniter\View\{closure}()
 4 SYSTEMPATH\Common.php(1188): CodeIgniter\View\View->render('user/addtocart', [], true)
 5 APPPATH\Controllers\CartController.php(127): view('user/addtocart', [...])
 6 SYSTEMPATH\CodeIgniter.php(919): App\Controllers\CartController->getProd('assets', 'images', 'quesadillas.jpg')
 7 SYSTEMPATH\CodeIgniter.php(494): CodeIgniter\CodeIgniter->runController(Object(App\Controllers\CartController))
 8 SYSTEMPATH\CodeIgniter.php(353): CodeIgniter\CodeIgniter->handleRequest(null, Object(Config\Cache), false)
 9 FCPATH\index.php(79): CodeIgniter\CodeIgniter->run()
10 SYSTEMPATH\Commands\Server\rewrite.php(47): require_once('C:\\laragon\\www\\coffee\\public\\index.php')
CRITICAL - 2024-02-26 04:08:40 --> Trying to access array offset on value of type null
in APPPATH\Controllers\CartController.php on line 63.
 1 APPPATH\Controllers\CartController.php(63): CodeIgniter\Debug\Exceptions->errorHandler(2, 'Trying to access array offset on value of type null', 'C:\\laragon\\www\\coffee\\app\\Controllers\\CartController.php', 63)
 2 SYSTEMPATH\CodeIgniter.php(919): App\Controllers\CartController->addtocart('0.00160.00')
 3 SYSTEMPATH\CodeIgniter.php(494): CodeIgniter\CodeIgniter->runController(Object(App\Controllers\CartController))
 4 SYSTEMPATH\CodeIgniter.php(353): CodeIgniter\CodeIgniter->handleRequest(null, Object(Config\Cache), false)
 5 FCPATH\index.php(79): CodeIgniter\CodeIgniter->run()
 6 SYSTEMPATH\Commands\Server\rewrite.php(47): require_once('C:\\laragon\\www\\coffee\\public\\index.php')
CRITICAL - 2024-02-26 04:08:45 --> Trying to access array offset on value of type null
in APPPATH\Views\user\addtocart.php on line 75.
 1 APPPATH\Views\user\addtocart.php(75): CodeIgniter\Debug\Exceptions->errorHandler(2, 'Trying to access array offset on value of type null', 'C:\\laragon\\www\\coffee\\app\\Views\\user\\addtocart.php', 75)
 2 SYSTEMPATH\View\View.php(226): include('C:\\laragon\\www\\coffee\\app\\Views\\user\\addtocart.php')
 3 SYSTEMPATH\View\View.php(229): CodeIgniter\View\View->CodeIgniter\View\{closure}()
 4 SYSTEMPATH\Common.php(1188): CodeIgniter\View\View->render('user/addtocart', [], true)
 5 APPPATH\Controllers\CartController.php(127): view('user/addtocart', [...])
 6 SYSTEMPATH\CodeIgniter.php(919): App\Controllers\CartController->getProd('assets', 'images', 'quesadillas.jpg')
 7 SYSTEMPATH\CodeIgniter.php(494): CodeIgniter\CodeIgniter->runController(Object(App\Controllers\CartController))
 8 SYSTEMPATH\CodeIgniter.php(353): CodeIgniter\CodeIgniter->handleRequest(null, Object(Config\Cache), false)
 9 FCPATH\index.php(79): CodeIgniter\CodeIgniter->run()
10 SYSTEMPATH\Commands\Server\rewrite.php(47): require_once('C:\\laragon\\www\\coffee\\public\\index.php')
CRITICAL - 2024-02-26 04:08:47 --> Trying to access array offset on value of type null
in APPPATH\Views\user\addtocart.php on line 75.
 1 APPPATH\Views\user\addtocart.php(75): CodeIgniter\Debug\Exceptions->errorHandler(2, 'Trying to access array offset on value of type null', 'C:\\laragon\\www\\coffee\\app\\Views\\user\\addtocart.php', 75)
 2 SYSTEMPATH\View\View.php(226): include('C:\\laragon\\www\\coffee\\app\\Views\\user\\addtocart.php')
 3 SYSTEMPATH\View\View.php(229): CodeIgniter\View\View->CodeIgniter\View\{closure}()
 4 SYSTEMPATH\Common.php(1188): CodeIgniter\View\View->render('user/addtocart', [], true)
 5 APPPATH\Controllers\CartController.php(127): view('user/addtocart', [...])
 6 SYSTEMPATH\CodeIgniter.php(919): App\Controllers\CartController->getProd('assets', 'images', 'quesadillas.jpg')
 7 SYSTEMPATH\CodeIgniter.php(494): CodeIgniter\CodeIgniter->runController(Object(App\Controllers\CartController))
 8 SYSTEMPATH\CodeIgniter.php(353): CodeIgniter\CodeIgniter->handleRequest(null, Object(Config\Cache), false)
 9 FCPATH\index.php(79): CodeIgniter\CodeIgniter->run()
10 SYSTEMPATH\Commands\Server\rewrite.php(47): require_once('C:\\laragon\\www\\coffee\\public\\index.php')
CRITICAL - 2024-02-26 04:08:48 --> Trying to access array offset on value of type null
in APPPATH\Views\user\addtocart.php on line 75.
 1 APPPATH\Views\user\addtocart.php(75): CodeIgniter\Debug\Exceptions->errorHandler(2, 'Trying to access array offset on value of type null', 'C:\\laragon\\www\\coffee\\app\\Views\\user\\addtocart.php', 75)
 2 SYSTEMPATH\View\View.php(226): include('C:\\laragon\\www\\coffee\\app\\Views\\user\\addtocart.php')
 3 SYSTEMPATH\View\View.php(229): CodeIgniter\View\View->CodeIgniter\View\{closure}()
 4 SYSTEMPATH\Common.php(1188): CodeIgniter\View\View->render('user/addtocart', [], true)
 5 APPPATH\Controllers\CartController.php(127): view('user/addtocart', [...])
 6 SYSTEMPATH\CodeIgniter.php(919): App\Controllers\CartController->getProd('assets', 'images', 'quesadillas.jpg')
 7 SYSTEMPATH\CodeIgniter.php(494): CodeIgniter\CodeIgniter->runController(Object(App\Controllers\CartController))
 8 SYSTEMPATH\CodeIgniter.php(353): CodeIgniter\CodeIgniter->handleRequest(null, Object(Config\Cache), false)
 9 FCPATH\index.php(79): CodeIgniter\CodeIgniter->run()
10 SYSTEMPATH\Commands\Server\rewrite.php(47): require_once('C:\\laragon\\www\\coffee\\public\\index.php')
CRITICAL - 2024-02-26 04:09:03 --> Trying to access array offset on value of type null
in APPPATH\Views\user\addtocart.php on line 75.
 1 APPPATH\Views\user\addtocart.php(75): CodeIgniter\Debug\Exceptions->errorHandler(2, 'Trying to access array offset on value of type null', 'C:\\laragon\\www\\coffee\\app\\Views\\user\\addtocart.php', 75)
 2 SYSTEMPATH\View\View.php(226): include('C:\\laragon\\www\\coffee\\app\\Views\\user\\addtocart.php')
 3 SYSTEMPATH\View\View.php(229): CodeIgniter\View\View->CodeIgniter\View\{closure}()
 4 SYSTEMPATH\Common.php(1188): CodeIgniter\View\View->render('user/addtocart', [], true)
 5 APPPATH\Controllers\CartController.php(127): view('user/addtocart', [...])
 6 SYSTEMPATH\CodeIgniter.php(919): App\Controllers\CartController->getProd('assets', 'images', 'quesadillas.jpg')
 7 SYSTEMPATH\CodeIgniter.php(494): CodeIgniter\CodeIgniter->runController(Object(App\Controllers\CartController))
 8 SYSTEMPATH\CodeIgniter.php(353): CodeIgniter\CodeIgniter->handleRequest(null, Object(Config\Cache), false)
 9 FCPATH\index.php(79): CodeIgniter\CodeIgniter->run()
10 SYSTEMPATH\Commands\Server\rewrite.php(47): require_once('C:\\laragon\\www\\coffee\\public\\index.php')
CRITICAL - 2024-02-26 04:09:13 --> Trying to access array offset on value of type null
in APPPATH\Views\user\addtocart.php on line 75.
 1 APPPATH\Views\user\addtocart.php(75): CodeIgniter\Debug\Exceptions->errorHandler(2, 'Trying to access array offset on value of type null', 'C:\\laragon\\www\\coffee\\app\\Views\\user\\addtocart.php', 75)
 2 SYSTEMPATH\View\View.php(226): include('C:\\laragon\\www\\coffee\\app\\Views\\user\\addtocart.php')
 3 SYSTEMPATH\View\View.php(229): CodeIgniter\View\View->CodeIgniter\View\{closure}()
 4 SYSTEMPATH\Common.php(1188): CodeIgniter\View\View->render('user/addtocart', [], true)
 5 APPPATH\Controllers\CartController.php(127): view('user/addtocart', [...])
 6 SYSTEMPATH\CodeIgniter.php(919): App\Controllers\CartController->getProd('assets', 'images', 'quesadillas.jpg')
 7 SYSTEMPATH\CodeIgniter.php(494): CodeIgniter\CodeIgniter->runController(Object(App\Controllers\CartController))
 8 SYSTEMPATH\CodeIgniter.php(353): CodeIgniter\CodeIgniter->handleRequest(null, Object(Config\Cache), false)
 9 FCPATH\index.php(79): CodeIgniter\CodeIgniter->run()
10 SYSTEMPATH\Commands\Server\rewrite.php(47): require_once('C:\\laragon\\www\\coffee\\public\\index.php')
CRITICAL - 2024-02-26 04:10:19 --> Trying to access array offset on value of type null
in APPPATH\Views\user\addtocart.php on line 75.
 1 APPPATH\Views\user\addtocart.php(75): CodeIgniter\Debug\Exceptions->errorHandler(2, 'Trying to access array offset on value of type null', 'C:\\laragon\\www\\coffee\\app\\Views\\user\\addtocart.php', 75)
 2 SYSTEMPATH\View\View.php(226): include('C:\\laragon\\www\\coffee\\app\\Views\\user\\addtocart.php')
 3 SYSTEMPATH\View\View.php(229): CodeIgniter\View\View->CodeIgniter\View\{closure}()
 4 SYSTEMPATH\Common.php(1188): CodeIgniter\View\View->render('user/addtocart', [], true)
 5 APPPATH\Controllers\CartController.php(127): view('user/addtocart', [...])
 6 SYSTEMPATH\CodeIgniter.php(919): App\Controllers\CartController->getProd('assets', 'images', 'quesadillas.jpg')
 7 SYSTEMPATH\CodeIgniter.php(494): CodeIgniter\CodeIgniter->runController(Object(App\Controllers\CartController))
 8 SYSTEMPATH\CodeIgniter.php(353): CodeIgniter\CodeIgniter->handleRequest(null, Object(Config\Cache), false)
 9 FCPATH\index.php(79): CodeIgniter\CodeIgniter->run()
10 SYSTEMPATH\Commands\Server\rewrite.php(47): require_once('C:\\laragon\\www\\coffee\\public\\index.php')
CRITICAL - 2024-02-26 04:10:28 --> Trying to access array offset on value of type null
in APPPATH\Views\user\addtocart.php on line 75.
 1 APPPATH\Views\user\addtocart.php(75): CodeIgniter\Debug\Exceptions->errorHandler(2, 'Trying to access array offset on value of type null', 'C:\\laragon\\www\\coffee\\app\\Views\\user\\addtocart.php', 75)
 2 SYSTEMPATH\View\View.php(226): include('C:\\laragon\\www\\coffee\\app\\Views\\user\\addtocart.php')
 3 SYSTEMPATH\View\View.php(229): CodeIgniter\View\View->CodeIgniter\View\{closure}()
 4 SYSTEMPATH\Common.php(1188): CodeIgniter\View\View->render('user/addtocart', [], true)
 5 APPPATH\Controllers\CartController.php(127): view('user/addtocart', [...])
 6 SYSTEMPATH\CodeIgniter.php(919): App\Controllers\CartController->getProd('assets', 'images', 'quesadillas.jpg')
 7 SYSTEMPATH\CodeIgniter.php(494): CodeIgniter\CodeIgniter->runController(Object(App\Controllers\CartController))
 8 SYSTEMPATH\CodeIgniter.php(353): CodeIgniter\CodeIgniter->handleRequest(null, Object(Config\Cache), false)
 9 FCPATH\index.php(79): CodeIgniter\CodeIgniter->run()
10 SYSTEMPATH\Commands\Server\rewrite.php(47): require_once('C:\\laragon\\www\\coffee\\public\\index.php')
CRITICAL - 2024-02-26 04:10:33 --> Trying to access array offset on value of type null
in APPPATH\Controllers\CartController.php on line 48.
 1 APPPATH\Controllers\CartController.php(48): CodeIgniter\Debug\Exceptions->errorHandler(2, 'Trying to access array offset on value of type null', 'C:\\laragon\\www\\coffee\\app\\Controllers\\CartController.php', 48)
 2 SYSTEMPATH\CodeIgniter.php(919): App\Controllers\CartController->addtocart('160.000.00')
 3 SYSTEMPATH\CodeIgniter.php(494): CodeIgniter\CodeIgniter->runController(Object(App\Controllers\CartController))
 4 SYSTEMPATH\CodeIgniter.php(353): CodeIgniter\CodeIgniter->handleRequest(null, Object(Config\Cache), false)
 5 FCPATH\index.php(79): CodeIgniter\CodeIgniter->run()
 6 SYSTEMPATH\Commands\Server\rewrite.php(47): require_once('C:\\laragon\\www\\coffee\\public\\index.php')
CRITICAL - 2024-02-26 04:11:02 --> Trying to access array offset on value of type null
in APPPATH\Controllers\CartController.php on line 48.
 1 APPPATH\Controllers\CartController.php(48): CodeIgniter\Debug\Exceptions->errorHandler(2, 'Trying to access array offset on value of type null', 'C:\\laragon\\www\\coffee\\app\\Controllers\\CartController.php', 48)
 2 SYSTEMPATH\CodeIgniter.php(919): App\Controllers\CartController->addtocart('160.000.00')
 3 SYSTEMPATH\CodeIgniter.php(494): CodeIgniter\CodeIgniter->runController(Object(App\Controllers\CartController))
 4 SYSTEMPATH\CodeIgniter.php(353): CodeIgniter\CodeIgniter->handleRequest(null, Object(Config\Cache), false)
 5 FCPATH\index.php(79): CodeIgniter\CodeIgniter->run()
 6 SYSTEMPATH\Commands\Server\rewrite.php(47): require_once('C:\\laragon\\www\\coffee\\public\\index.php')
CRITICAL - 2024-02-26 04:11:14 --> Trying to access array offset on value of type null
in APPPATH\Views\user\addtocart.php on line 75.
 1 APPPATH\Views\user\addtocart.php(75): CodeIgniter\Debug\Exceptions->errorHandler(2, 'Trying to access array offset on value of type null', 'C:\\laragon\\www\\coffee\\app\\Views\\user\\addtocart.php', 75)
 2 SYSTEMPATH\View\View.php(226): include('C:\\laragon\\www\\coffee\\app\\Views\\user\\addtocart.php')
 3 SYSTEMPATH\View\View.php(229): CodeIgniter\View\View->CodeIgniter\View\{closure}()
 4 SYSTEMPATH\Common.php(1188): CodeIgniter\View\View->render('user/addtocart', [], true)
 5 APPPATH\Controllers\CartController.php(127): view('user/addtocart', [...])
 6 SYSTEMPATH\CodeIgniter.php(919): App\Controllers\CartController->getProd('assets', 'images', 'quesadillas.jpg')
 7 SYSTEMPATH\CodeIgniter.php(494): CodeIgniter\CodeIgniter->runController(Object(App\Controllers\CartController))
 8 SYSTEMPATH\CodeIgniter.php(353): CodeIgniter\CodeIgniter->handleRequest(null, Object(Config\Cache), false)
 9 FCPATH\index.php(79): CodeIgniter\CodeIgniter->run()
10 SYSTEMPATH\Commands\Server\rewrite.php(47): require_once('C:\\laragon\\www\\coffee\\public\\index.php')
CRITICAL - 2024-02-26 04:11:15 --> Trying to access array offset on value of type null
in APPPATH\Views\user\addtocart.php on line 75.
 1 APPPATH\Views\user\addtocart.php(75): CodeIgniter\Debug\Exceptions->errorHandler(2, 'Trying to access array offset on value of type null', 'C:\\laragon\\www\\coffee\\app\\Views\\user\\addtocart.php', 75)
 2 SYSTEMPATH\View\View.php(226): include('C:\\laragon\\www\\coffee\\app\\Views\\user\\addtocart.php')
 3 SYSTEMPATH\View\View.php(229): CodeIgniter\View\View->CodeIgniter\View\{closure}()
 4 SYSTEMPATH\Common.php(1188): CodeIgniter\View\View->render('user/addtocart', [], true)
 5 APPPATH\Controllers\CartController.php(127): view('user/addtocart', [...])
 6 SYSTEMPATH\CodeIgniter.php(919): App\Controllers\CartController->getProd('assets', 'images', 'quesadillas.jpg')
 7 SYSTEMPATH\CodeIgniter.php(494): CodeIgniter\CodeIgniter->runController(Object(App\Controllers\CartController))
 8 SYSTEMPATH\CodeIgniter.php(353): CodeIgniter\CodeIgniter->handleRequest(null, Object(Config\Cache), false)
 9 FCPATH\index.php(79): CodeIgniter\CodeIgniter->run()
10 SYSTEMPATH\Commands\Server\rewrite.php(47): require_once('C:\\laragon\\www\\coffee\\public\\index.php')
CRITICAL - 2024-02-26 04:11:28 --> Trying to access array offset on value of type null
in APPPATH\Views\user\addtocart.php on line 75.
 1 APPPATH\Views\user\addtocart.php(75): CodeIgniter\Debug\Exceptions->errorHandler(2, 'Trying to access array offset on value of type null', 'C:\\laragon\\www\\coffee\\app\\Views\\user\\addtocart.php', 75)
 2 SYSTEMPATH\View\View.php(226): include('C:\\laragon\\www\\coffee\\app\\Views\\user\\addtocart.php')
 3 SYSTEMPATH\View\View.php(229): CodeIgniter\View\View->CodeIgniter\View\{closure}()
 4 SYSTEMPATH\Common.php(1188): CodeIgniter\View\View->render('user/addtocart', [], true)
 5 APPPATH\Controllers\CartController.php(127): view('user/addtocart', [...])
 6 SYSTEMPATH\CodeIgniter.php(919): App\Controllers\CartController->getProd('assets', 'images', 'quesadillas.jpg')
 7 SYSTEMPATH\CodeIgniter.php(494): CodeIgniter\CodeIgniter->runController(Object(App\Controllers\CartController))
 8 SYSTEMPATH\CodeIgniter.php(353): CodeIgniter\CodeIgniter->handleRequest(null, Object(Config\Cache), false)
 9 FCPATH\index.php(79): CodeIgniter\CodeIgniter->run()
10 SYSTEMPATH\Commands\Server\rewrite.php(47): require_once('C:\\laragon\\www\\coffee\\public\\index.php')
CRITICAL - 2024-02-26 04:11:39 --> Trying to access array offset on value of type null
in APPPATH\Views\user\addtocart.php on line 75.
 1 APPPATH\Views\user\addtocart.php(75): CodeIgniter\Debug\Exceptions->errorHandler(2, 'Trying to access array offset on value of type null', 'C:\\laragon\\www\\coffee\\app\\Views\\user\\addtocart.php', 75)
 2 SYSTEMPATH\View\View.php(226): include('C:\\laragon\\www\\coffee\\app\\Views\\user\\addtocart.php')
 3 SYSTEMPATH\View\View.php(229): CodeIgniter\View\View->CodeIgniter\View\{closure}()
 4 SYSTEMPATH\Common.php(1188): CodeIgniter\View\View->render('user/addtocart', [], true)
 5 APPPATH\Controllers\CartController.php(127): view('user/addtocart', [...])
 6 SYSTEMPATH\CodeIgniter.php(919): App\Controllers\CartController->getProd('assets', 'images', 'quesadillas.jpg')
 7 SYSTEMPATH\CodeIgniter.php(494): CodeIgniter\CodeIgniter->runController(Object(App\Controllers\CartController))
 8 SYSTEMPATH\CodeIgniter.php(353): CodeIgniter\CodeIgniter->handleRequest(null, Object(Config\Cache), false)
 9 FCPATH\index.php(79): CodeIgniter\CodeIgniter->run()
10 SYSTEMPATH\Commands\Server\rewrite.php(47): require_once('C:\\laragon\\www\\coffee\\public\\index.php')
CRITICAL - 2024-02-26 04:11:41 --> Trying to access array offset on value of type null
in APPPATH\Views\user\addtocart.php on line 75.
 1 APPPATH\Views\user\addtocart.php(75): CodeIgniter\Debug\Exceptions->errorHandler(2, 'Trying to access array offset on value of type null', 'C:\\laragon\\www\\coffee\\app\\Views\\user\\addtocart.php', 75)
 2 SYSTEMPATH\View\View.php(226): include('C:\\laragon\\www\\coffee\\app\\Views\\user\\addtocart.php')
 3 SYSTEMPATH\View\View.php(229): CodeIgniter\View\View->CodeIgniter\View\{closure}()
 4 SYSTEMPATH\Common.php(1188): CodeIgniter\View\View->render('user/addtocart', [], true)
 5 APPPATH\Controllers\CartController.php(127): view('user/addtocart', [...])
 6 SYSTEMPATH\CodeIgniter.php(919): App\Controllers\CartController->getProd('assets', 'images', 'quesadillas.jpg')
 7 SYSTEMPATH\CodeIgniter.php(494): CodeIgniter\CodeIgniter->runController(Object(App\Controllers\CartController))
 8 SYSTEMPATH\CodeIgniter.php(353): CodeIgniter\CodeIgniter->handleRequest(null, Object(Config\Cache), false)
 9 FCPATH\index.php(79): CodeIgniter\CodeIgniter->run()
10 SYSTEMPATH\Commands\Server\rewrite.php(47): require_once('C:\\laragon\\www\\coffee\\public\\index.php')
CRITICAL - 2024-02-26 04:12:40 --> Trying to access array offset on value of type null
in APPPATH\Views\user\addtocart.php on line 75.
 1 APPPATH\Views\user\addtocart.php(75): CodeIgniter\Debug\Exceptions->errorHandler(2, 'Trying to access array offset on value of type null', 'C:\\laragon\\www\\coffee\\app\\Views\\user\\addtocart.php', 75)
 2 SYSTEMPATH\View\View.php(226): include('C:\\laragon\\www\\coffee\\app\\Views\\user\\addtocart.php')
 3 SYSTEMPATH\View\View.php(229): CodeIgniter\View\View->CodeIgniter\View\{closure}()
 4 SYSTEMPATH\Common.php(1188): CodeIgniter\View\View->render('user/addtocart', [], true)
 5 APPPATH\Controllers\CartController.php(127): view('user/addtocart', [...])
 6 SYSTEMPATH\CodeIgniter.php(919): App\Controllers\CartController->getProd('assets', 'images', 'quesadillas.jpg')
 7 SYSTEMPATH\CodeIgniter.php(494): CodeIgniter\CodeIgniter->runController(Object(App\Controllers\CartController))
 8 SYSTEMPATH\CodeIgniter.php(353): CodeIgniter\CodeIgniter->handleRequest(null, Object(Config\Cache), false)
 9 FCPATH\index.php(79): CodeIgniter\CodeIgniter->run()
10 SYSTEMPATH\Commands\Server\rewrite.php(47): require_once('C:\\laragon\\www\\coffee\\public\\index.php')
CRITICAL - 2024-02-26 04:13:02 --> Trying to access array offset on value of type null
in APPPATH\Views\user\addtocart.php on line 75.
 1 APPPATH\Views\user\addtocart.php(75): CodeIgniter\Debug\Exceptions->errorHandler(2, 'Trying to access array offset on value of type null', 'C:\\laragon\\www\\coffee\\app\\Views\\user\\addtocart.php', 75)
 2 SYSTEMPATH\View\View.php(226): include('C:\\laragon\\www\\coffee\\app\\Views\\user\\addtocart.php')
 3 SYSTEMPATH\View\View.php(229): CodeIgniter\View\View->CodeIgniter\View\{closure}()
 4 SYSTEMPATH\Common.php(1188): CodeIgniter\View\View->render('user/addtocart', [], true)
 5 APPPATH\Controllers\CartController.php(127): view('user/addtocart', [...])
 6 SYSTEMPATH\CodeIgniter.php(919): App\Controllers\CartController->getProd('assets', 'images', 'nachos.jpg')
 7 SYSTEMPATH\CodeIgniter.php(494): CodeIgniter\CodeIgniter->runController(Object(App\Controllers\CartController))
 8 SYSTEMPATH\CodeIgniter.php(353): CodeIgniter\CodeIgniter->handleRequest(null, Object(Config\Cache), false)
 9 FCPATH\index.php(79): CodeIgniter\CodeIgniter->run()
10 SYSTEMPATH\Commands\Server\rewrite.php(47): require_once('C:\\laragon\\www\\coffee\\public\\index.php')
CRITICAL - 2024-02-26 04:13:20 --> Trying to access array offset on value of type null
in APPPATH\Views\user\addtocart.php on line 75.
 1 APPPATH\Views\user\addtocart.php(75): CodeIgniter\Debug\Exceptions->errorHandler(2, 'Trying to access array offset on value of type null', 'C:\\laragon\\www\\coffee\\app\\Views\\user\\addtocart.php', 75)
 2 SYSTEMPATH\View\View.php(226): include('C:\\laragon\\www\\coffee\\app\\Views\\user\\addtocart.php')
 3 SYSTEMPATH\View\View.php(229): CodeIgniter\View\View->CodeIgniter\View\{closure}()
 4 SYSTEMPATH\Common.php(1188): CodeIgniter\View\View->render('user/addtocart', [], true)
 5 APPPATH\Controllers\CartController.php(127): view('user/addtocart', [...])
 6 SYSTEMPATH\CodeIgniter.php(919): App\Controllers\CartController->getProd('assets', 'images', 'nachos.jpg')
 7 SYSTEMPATH\CodeIgniter.php(494): CodeIgniter\CodeIgniter->runController(Object(App\Controllers\CartController))
 8 SYSTEMPATH\CodeIgniter.php(353): CodeIgniter\CodeIgniter->handleRequest(null, Object(Config\Cache), false)
 9 FCPATH\index.php(79): CodeIgniter\CodeIgniter->run()
10 SYSTEMPATH\Commands\Server\rewrite.php(47): require_once('C:\\laragon\\www\\coffee\\public\\index.php')
CRITICAL - 2024-02-26 04:16:56 --> Trying to access array offset on value of type null
in APPPATH\Views\user\addtocart.php on line 75.
 1 APPPATH\Views\user\addtocart.php(75): CodeIgniter\Debug\Exceptions->errorHandler(2, 'Trying to access array offset on value of type null', 'C:\\laragon\\www\\coffee\\app\\Views\\user\\addtocart.php', 75)
 2 SYSTEMPATH\View\View.php(226): include('C:\\laragon\\www\\coffee\\app\\Views\\user\\addtocart.php')
 3 SYSTEMPATH\View\View.php(229): CodeIgniter\View\View->CodeIgniter\View\{closure}()
 4 SYSTEMPATH\Common.php(1188): CodeIgniter\View\View->render('user/addtocart', [], true)
 5 APPPATH\Controllers\CartController.php(129): view('user/addtocart', [...])
 6 SYSTEMPATH\CodeIgniter.php(919): App\Controllers\CartController->getProd('assets', 'images', 'nachos.jpg')
 7 SYSTEMPATH\CodeIgniter.php(494): CodeIgniter\CodeIgniter->runController(Object(App\Controllers\CartController))
 8 SYSTEMPATH\CodeIgniter.php(353): CodeIgniter\CodeIgniter->handleRequest(null, Object(Config\Cache), false)
 9 FCPATH\index.php(79): CodeIgniter\CodeIgniter->run()
10 SYSTEMPATH\Commands\Server\rewrite.php(47): require_once('C:\\laragon\\www\\coffee\\public\\index.php')
CRITICAL - 2024-02-26 04:17:34 --> Trying to access array offset on value of type null
in APPPATH\Views\user\addtocart.php on line 75.
 1 APPPATH\Views\user\addtocart.php(75): CodeIgniter\Debug\Exceptions->errorHandler(2, 'Trying to access array offset on value of type null', 'C:\\laragon\\www\\coffee\\app\\Views\\user\\addtocart.php', 75)
 2 SYSTEMPATH\View\View.php(226): include('C:\\laragon\\www\\coffee\\app\\Views\\user\\addtocart.php')
 3 SYSTEMPATH\View\View.php(229): CodeIgniter\View\View->CodeIgniter\View\{closure}()
 4 SYSTEMPATH\Common.php(1188): CodeIgniter\View\View->render('user/addtocart', [], true)
 5 APPPATH\Controllers\CartController.php(129): view('user/addtocart', [...])
 6 SYSTEMPATH\CodeIgniter.php(919): App\Controllers\CartController->getProd('assets', 'images', 'nachos.jpg')
 7 SYSTEMPATH\CodeIgniter.php(494): CodeIgniter\CodeIgniter->runController(Object(App\Controllers\CartController))
 8 SYSTEMPATH\CodeIgniter.php(353): CodeIgniter\CodeIgniter->handleRequest(null, Object(Config\Cache), false)
 9 FCPATH\index.php(79): CodeIgniter\CodeIgniter->run()
10 SYSTEMPATH\Commands\Server\rewrite.php(47): require_once('C:\\laragon\\www\\coffee\\public\\index.php')
CRITICAL - 2024-02-26 04:17:35 --> Trying to access array offset on value of type null
in APPPATH\Views\user\addtocart.php on line 75.
 1 APPPATH\Views\user\addtocart.php(75): CodeIgniter\Debug\Exceptions->errorHandler(2, 'Trying to access array offset on value of type null', 'C:\\laragon\\www\\coffee\\app\\Views\\user\\addtocart.php', 75)
 2 SYSTEMPATH\View\View.php(226): include('C:\\laragon\\www\\coffee\\app\\Views\\user\\addtocart.php')
 3 SYSTEMPATH\View\View.php(229): CodeIgniter\View\View->CodeIgniter\View\{closure}()
 4 SYSTEMPATH\Common.php(1188): CodeIgniter\View\View->render('user/addtocart', [], true)
 5 APPPATH\Controllers\CartController.php(129): view('user/addtocart', [...])
 6 SYSTEMPATH\CodeIgniter.php(919): App\Controllers\CartController->getProd('assets', 'images', 'nachos.jpg')
 7 SYSTEMPATH\CodeIgniter.php(494): CodeIgniter\CodeIgniter->runController(Object(App\Controllers\CartController))
 8 SYSTEMPATH\CodeIgniter.php(353): CodeIgniter\CodeIgniter->handleRequest(null, Object(Config\Cache), false)
 9 FCPATH\index.php(79): CodeIgniter\CodeIgniter->run()
10 SYSTEMPATH\Commands\Server\rewrite.php(47): require_once('C:\\laragon\\www\\coffee\\public\\index.php')
CRITICAL - 2024-02-26 04:17:45 --> Trying to access array offset on value of type null
in APPPATH\Views\user\addtocart.php on line 75.
 1 APPPATH\Views\user\addtocart.php(75): CodeIgniter\Debug\Exceptions->errorHandler(2, 'Trying to access array offset on value of type null', 'C:\\laragon\\www\\coffee\\app\\Views\\user\\addtocart.php', 75)
 2 SYSTEMPATH\View\View.php(226): include('C:\\laragon\\www\\coffee\\app\\Views\\user\\addtocart.php')
 3 SYSTEMPATH\View\View.php(229): CodeIgniter\View\View->CodeIgniter\View\{closure}()
 4 SYSTEMPATH\Common.php(1188): CodeIgniter\View\View->render('user/addtocart', [], true)
 5 APPPATH\Controllers\CartController.php(129): view('user/addtocart', [...])
 6 SYSTEMPATH\CodeIgniter.php(919): App\Controllers\CartController->getProd('assets', 'images', 'nachos.jpg')
 7 SYSTEMPATH\CodeIgniter.php(494): CodeIgniter\CodeIgniter->runController(Object(App\Controllers\CartController))
 8 SYSTEMPATH\CodeIgniter.php(353): CodeIgniter\CodeIgniter->handleRequest(null, Object(Config\Cache), false)
 9 FCPATH\index.php(79): CodeIgniter\CodeIgniter->run()
10 SYSTEMPATH\Commands\Server\rewrite.php(47): require_once('C:\\laragon\\www\\coffee\\public\\index.php')
