CRITICAL - 2024-04-28 12:13:22 --> Class "App\Controllers\Mdf" not found
in APPPATH\Controllers\VisualizationController.php on line 17.
 1 SYSTEMPATH\CodeIgniter.php(891): App\Controllers\VisualizationController->__construct()
 2 SYSTEMPATH\CodeIgniter.php(485): CodeIgniter\CodeIgniter->createController()
 3 SYSTEMPATH\CodeIgniter.php(353): CodeIgniter\CodeIgniter->handleRequest(null, Object(Config\Cache), false)
 4 FCPATH\index.php(79): CodeIgniter\CodeIgniter->run()
 5 SYSTEMPATH\Commands\Server\rewrite.php(47): require_once('C:\\laragon\\www\\coffee\\public\\index.php')
CRITICAL - 2024-04-28 12:13:39 --> CodeIgniter\HTTP\RedirectResponse::to(): Argument #1 ($uri) must be of type string, null given, called in C:\laragon\www\coffee\app\Controllers\VisualizationController.php on line 126
in SYSTEMPATH\HTTP\RedirectResponse.php on line 32.
 1 APPPATH\Controllers\VisualizationController.php(126): CodeIgniter\HTTP\RedirectResponse->to(null)
 2 SYSTEMPATH\CodeIgniter.php(919): App\Controllers\VisualizationController->pdfReport()
 3 SYSTEMPATH\CodeIgniter.php(494): CodeIgniter\CodeIgniter->runController(Object(App\Controllers\VisualizationController))
 4 SYSTEMPATH\CodeIgniter.php(353): CodeIgniter\CodeIgniter->handleRequest(null, Object(Config\Cache), false)
 5 FCPATH\index.php(79): CodeIgniter\CodeIgniter->run()
 6 SYSTEMPATH\Commands\Server\rewrite.php(47): require_once('C:\\laragon\\www\\coffee\\public\\index.php')
CRITICAL - 2024-04-28 12:13:42 --> CodeIgniter\HTTP\RedirectResponse::to(): Argument #1 ($uri) must be of type string, null given, called in C:\laragon\www\coffee\app\Controllers\VisualizationController.php on line 126
in SYSTEMPATH\HTTP\RedirectResponse.php on line 32.
 1 APPPATH\Controllers\VisualizationController.php(126): CodeIgniter\HTTP\RedirectResponse->to(null)
 2 SYSTEMPATH\CodeIgniter.php(919): App\Controllers\VisualizationController->pdfReport()
 3 SYSTEMPATH\CodeIgniter.php(494): CodeIgniter\CodeIgniter->runController(Object(App\Controllers\VisualizationController))
 4 SYSTEMPATH\CodeIgniter.php(353): CodeIgniter\CodeIgniter->handleRequest(null, Object(Config\Cache), false)
 5 FCPATH\index.php(79): CodeIgniter\CodeIgniter->run()
 6 SYSTEMPATH\Commands\Server\rewrite.php(47): require_once('C:\\laragon\\www\\coffee\\public\\index.php')
CRITICAL - 2024-04-28 12:13:45 --> CodeIgniter\HTTP\RedirectResponse::to(): Argument #1 ($uri) must be of type string, null given, called in C:\laragon\www\coffee\app\Controllers\VisualizationController.php on line 126
in SYSTEMPATH\HTTP\RedirectResponse.php on line 32.
 1 APPPATH\Controllers\VisualizationController.php(126): CodeIgniter\HTTP\RedirectResponse->to(null)
 2 SYSTEMPATH\CodeIgniter.php(919): App\Controllers\VisualizationController->pdfReport()
 3 SYSTEMPATH\CodeIgniter.php(494): CodeIgniter\CodeIgniter->runController(Object(App\Controllers\VisualizationController))
 4 SYSTEMPATH\CodeIgniter.php(353): CodeIgniter\CodeIgniter->handleRequest(null, Object(Config\Cache), false)
 5 FCPATH\index.php(79): CodeIgniter\CodeIgniter->run()
 6 SYSTEMPATH\Commands\Server\rewrite.php(47): require_once('C:\\laragon\\www\\coffee\\public\\index.php')
CRITICAL - 2024-04-28 12:14:24 --> CodeIgniter\HTTP\RedirectResponse::to(): Argument #1 ($uri) must be of type string, null given, called in C:\laragon\www\coffee\app\Controllers\VisualizationController.php on line 126
in SYSTEMPATH\HTTP\RedirectResponse.php on line 32.
 1 APPPATH\Controllers\VisualizationController.php(126): CodeIgniter\HTTP\RedirectResponse->to(null)
 2 SYSTEMPATH\CodeIgniter.php(919): App\Controllers\VisualizationController->pdfReport()
 3 SYSTEMPATH\CodeIgniter.php(494): CodeIgniter\CodeIgniter->runController(Object(App\Controllers\VisualizationController))
 4 SYSTEMPATH\CodeIgniter.php(353): CodeIgniter\CodeIgniter->handleRequest(null, Object(Config\Cache), false)
 5 FCPATH\index.php(79): CodeIgniter\CodeIgniter->run()
 6 SYSTEMPATH\Commands\Server\rewrite.php(47): require_once('C:\\laragon\\www\\coffee\\public\\index.php')
CRITICAL - 2024-04-28 12:15:14 --> CodeIgniter\HTTP\RedirectResponse::to(): Argument #1 ($uri) must be of type string, null given, called in C:\laragon\www\coffee\app\Controllers\VisualizationController.php on line 126
in SYSTEMPATH\HTTP\RedirectResponse.php on line 32.
 1 APPPATH\Controllers\VisualizationController.php(126): CodeIgniter\HTTP\RedirectResponse->to(null)
 2 SYSTEMPATH\CodeIgniter.php(919): App\Controllers\VisualizationController->pdfReport()
 3 SYSTEMPATH\CodeIgniter.php(494): CodeIgniter\CodeIgniter->runController(Object(App\Controllers\VisualizationController))
 4 SYSTEMPATH\CodeIgniter.php(353): CodeIgniter\CodeIgniter->handleRequest(null, Object(Config\Cache), false)
 5 FCPATH\index.php(79): CodeIgniter\CodeIgniter->run()
 6 SYSTEMPATH\Commands\Server\rewrite.php(47): require_once('C:\\laragon\\www\\coffee\\public\\index.php')
CRITICAL - 2024-04-28 12:16:15 --> Call to undefined method Mpdf\Mpdf::WriteHTL()
in VENDORPATH\mpdf\mpdf\src\Strict.php on line 15.
 1 APPPATH\Controllers\VisualizationController.php(124): Mpdf\Mpdf->__call('WriteHTL', [...])
 2 SYSTEMPATH\CodeIgniter.php(919): App\Controllers\VisualizationController->pdfReport()
 3 SYSTEMPATH\CodeIgniter.php(494): CodeIgniter\CodeIgniter->runController(Object(App\Controllers\VisualizationController))
 4 SYSTEMPATH\CodeIgniter.php(353): CodeIgniter\CodeIgniter->handleRequest(null, Object(Config\Cache), false)
 5 FCPATH\index.php(79): CodeIgniter\CodeIgniter->run()
 6 SYSTEMPATH\Commands\Server\rewrite.php(47): require_once('C:\\laragon\\www\\coffee\\public\\index.php')
CRITICAL - 2024-04-28 12:16:19 --> CodeIgniter\HTTP\RedirectResponse::to(): Argument #1 ($uri) must be of type string, null given, called in C:\laragon\www\coffee\app\Controllers\VisualizationController.php on line 126
in SYSTEMPATH\HTTP\RedirectResponse.php on line 32.
 1 APPPATH\Controllers\VisualizationController.php(126): CodeIgniter\HTTP\RedirectResponse->to(null)
 2 SYSTEMPATH\CodeIgniter.php(919): App\Controllers\VisualizationController->pdfReport()
 3 SYSTEMPATH\CodeIgniter.php(494): CodeIgniter\CodeIgniter->runController(Object(App\Controllers\VisualizationController))
 4 SYSTEMPATH\CodeIgniter.php(353): CodeIgniter\CodeIgniter->handleRequest(null, Object(Config\Cache), false)
 5 FCPATH\index.php(79): CodeIgniter\CodeIgniter->run()
 6 SYSTEMPATH\Commands\Server\rewrite.php(47): require_once('C:\\laragon\\www\\coffee\\public\\index.php')
CRITICAL - 2024-04-28 12:16:23 --> CodeIgniter\HTTP\RedirectResponse::to(): Argument #1 ($uri) must be of type string, null given, called in C:\laragon\www\coffee\app\Controllers\VisualizationController.php on line 126
in SYSTEMPATH\HTTP\RedirectResponse.php on line 32.
 1 APPPATH\Controllers\VisualizationController.php(126): CodeIgniter\HTTP\RedirectResponse->to(null)
 2 SYSTEMPATH\CodeIgniter.php(919): App\Controllers\VisualizationController->pdfReport()
 3 SYSTEMPATH\CodeIgniter.php(494): CodeIgniter\CodeIgniter->runController(Object(App\Controllers\VisualizationController))
 4 SYSTEMPATH\CodeIgniter.php(353): CodeIgniter\CodeIgniter->handleRequest(null, Object(Config\Cache), false)
 5 FCPATH\index.php(79): CodeIgniter\CodeIgniter->run()
 6 SYSTEMPATH\Commands\Server\rewrite.php(47): require_once('C:\\laragon\\www\\coffee\\public\\index.php')
CRITICAL - 2024-04-28 12:16:25 --> CodeIgniter\HTTP\RedirectResponse::to(): Argument #1 ($uri) must be of type string, null given, called in C:\laragon\www\coffee\app\Controllers\VisualizationController.php on line 126
in SYSTEMPATH\HTTP\RedirectResponse.php on line 32.
 1 APPPATH\Controllers\VisualizationController.php(126): CodeIgniter\HTTP\RedirectResponse->to(null)
 2 SYSTEMPATH\CodeIgniter.php(919): App\Controllers\VisualizationController->pdfReport()
 3 SYSTEMPATH\CodeIgniter.php(494): CodeIgniter\CodeIgniter->runController(Object(App\Controllers\VisualizationController))
 4 SYSTEMPATH\CodeIgniter.php(353): CodeIgniter\CodeIgniter->handleRequest(null, Object(Config\Cache), false)
 5 FCPATH\index.php(79): CodeIgniter\CodeIgniter->run()
 6 SYSTEMPATH\Commands\Server\rewrite.php(47): require_once('C:\\laragon\\www\\coffee\\public\\index.php')
CRITICAL - 2024-04-28 12:17:21 --> CodeIgniter\HTTP\RedirectResponse::to(): Argument #1 ($uri) must be of type string, null given, called in C:\laragon\www\coffee\app\Controllers\VisualizationController.php on line 126
in SYSTEMPATH\HTTP\RedirectResponse.php on line 32.
 1 APPPATH\Controllers\VisualizationController.php(126): CodeIgniter\HTTP\RedirectResponse->to(null)
 2 SYSTEMPATH\CodeIgniter.php(919): App\Controllers\VisualizationController->pdfReport()
 3 SYSTEMPATH\CodeIgniter.php(494): CodeIgniter\CodeIgniter->runController(Object(App\Controllers\VisualizationController))
 4 SYSTEMPATH\CodeIgniter.php(353): CodeIgniter\CodeIgniter->handleRequest(null, Object(Config\Cache), false)
 5 FCPATH\index.php(79): CodeIgniter\CodeIgniter->run()
 6 SYSTEMPATH\Commands\Server\rewrite.php(47): require_once('C:\\laragon\\www\\coffee\\public\\index.php')
CRITICAL - 2024-04-28 12:17:35 --> CodeIgniter\HTTP\RedirectResponse::to(): Argument #1 ($uri) must be of type string, null given, called in C:\laragon\www\coffee\app\Controllers\VisualizationController.php on line 126
in SYSTEMPATH\HTTP\RedirectResponse.php on line 32.
 1 APPPATH\Controllers\VisualizationController.php(126): CodeIgniter\HTTP\RedirectResponse->to(null)
 2 SYSTEMPATH\CodeIgniter.php(919): App\Controllers\VisualizationController->pdfReport()
 3 SYSTEMPATH\CodeIgniter.php(494): CodeIgniter\CodeIgniter->runController(Object(App\Controllers\VisualizationController))
 4 SYSTEMPATH\CodeIgniter.php(353): CodeIgniter\CodeIgniter->handleRequest(null, Object(Config\Cache), false)
 5 FCPATH\index.php(79): CodeIgniter\CodeIgniter->run()
 6 SYSTEMPATH\Commands\Server\rewrite.php(47): require_once('C:\\laragon\\www\\coffee\\public\\index.php')
CRITICAL - 2024-04-28 12:17:42 --> CodeIgniter\HTTP\RedirectResponse::to(): Argument #1 ($uri) must be of type string, null given, called in C:\laragon\www\coffee\app\Controllers\VisualizationController.php on line 126
in SYSTEMPATH\HTTP\RedirectResponse.php on line 32.
 1 APPPATH\Controllers\VisualizationController.php(126): CodeIgniter\HTTP\RedirectResponse->to(null)
 2 SYSTEMPATH\CodeIgniter.php(919): App\Controllers\VisualizationController->pdfReport()
 3 SYSTEMPATH\CodeIgniter.php(494): CodeIgniter\CodeIgniter->runController(Object(App\Controllers\VisualizationController))
 4 SYSTEMPATH\CodeIgniter.php(353): CodeIgniter\CodeIgniter->handleRequest(null, Object(Config\Cache), false)
 5 FCPATH\index.php(79): CodeIgniter\CodeIgniter->run()
 6 SYSTEMPATH\Commands\Server\rewrite.php(47): require_once('C:\\laragon\\www\\coffee\\public\\index.php')
CRITICAL - 2024-04-28 12:18:22 --> CodeIgniter\HTTP\RedirectResponse::to(): Argument #1 ($uri) must be of type string, null given, called in C:\laragon\www\coffee\app\Controllers\VisualizationController.php on line 126
in SYSTEMPATH\HTTP\RedirectResponse.php on line 32.
 1 APPPATH\Controllers\VisualizationController.php(126): CodeIgniter\HTTP\RedirectResponse->to(null)
 2 SYSTEMPATH\CodeIgniter.php(919): App\Controllers\VisualizationController->pdfReport()
 3 SYSTEMPATH\CodeIgniter.php(494): CodeIgniter\CodeIgniter->runController(Object(App\Controllers\VisualizationController))
 4 SYSTEMPATH\CodeIgniter.php(353): CodeIgniter\CodeIgniter->handleRequest(null, Object(Config\Cache), false)
 5 FCPATH\index.php(79): CodeIgniter\CodeIgniter->run()
 6 SYSTEMPATH\Commands\Server\rewrite.php(47): require_once('C:\\laragon\\www\\coffee\\public\\index.php')
CRITICAL - 2024-04-28 12:19:12 --> CodeIgniter\HTTP\RedirectResponse::to(): Argument #1 ($uri) must be of type string, null given, called in C:\laragon\www\coffee\app\Controllers\VisualizationController.php on line 126
in SYSTEMPATH\HTTP\RedirectResponse.php on line 32.
 1 APPPATH\Controllers\VisualizationController.php(126): CodeIgniter\HTTP\RedirectResponse->to(null)
 2 SYSTEMPATH\CodeIgniter.php(919): App\Controllers\VisualizationController->pdfReport()
 3 SYSTEMPATH\CodeIgniter.php(494): CodeIgniter\CodeIgniter->runController(Object(App\Controllers\VisualizationController))
 4 SYSTEMPATH\CodeIgniter.php(353): CodeIgniter\CodeIgniter->handleRequest(null, Object(Config\Cache), false)
 5 FCPATH\index.php(79): CodeIgniter\CodeIgniter->run()
 6 SYSTEMPATH\Commands\Server\rewrite.php(47): require_once('C:\\laragon\\www\\coffee\\public\\index.php')
CRITICAL - 2024-04-28 12:19:19 --> CodeIgniter\HTTP\RedirectResponse::to(): Argument #1 ($uri) must be of type string, null given, called in C:\laragon\www\coffee\app\Controllers\VisualizationController.php on line 126
in SYSTEMPATH\HTTP\RedirectResponse.php on line 32.
 1 APPPATH\Controllers\VisualizationController.php(126): CodeIgniter\HTTP\RedirectResponse->to(null)
 2 SYSTEMPATH\CodeIgniter.php(919): App\Controllers\VisualizationController->pdfReport()
 3 SYSTEMPATH\CodeIgniter.php(494): CodeIgniter\CodeIgniter->runController(Object(App\Controllers\VisualizationController))
 4 SYSTEMPATH\CodeIgniter.php(353): CodeIgniter\CodeIgniter->handleRequest(null, Object(Config\Cache), false)
 5 FCPATH\index.php(79): CodeIgniter\CodeIgniter->run()
 6 SYSTEMPATH\Commands\Server\rewrite.php(47): require_once('C:\\laragon\\www\\coffee\\public\\index.php')
CRITICAL - 2024-04-28 12:22:48 --> CodeIgniter\HTTP\RedirectResponse::to(): Argument #1 ($uri) must be of type string, null given, called in C:\laragon\www\coffee\app\Controllers\VisualizationController.php on line 126
in SYSTEMPATH\HTTP\RedirectResponse.php on line 32.
 1 APPPATH\Controllers\VisualizationController.php(126): CodeIgniter\HTTP\RedirectResponse->to(null)
 2 SYSTEMPATH\CodeIgniter.php(919): App\Controllers\VisualizationController->pdfReport()
 3 SYSTEMPATH\CodeIgniter.php(494): CodeIgniter\CodeIgniter->runController(Object(App\Controllers\VisualizationController))
 4 SYSTEMPATH\CodeIgniter.php(353): CodeIgniter\CodeIgniter->handleRequest(null, Object(Config\Cache), false)
 5 FCPATH\index.php(79): CodeIgniter\CodeIgniter->run()
 6 SYSTEMPATH\Commands\Server\rewrite.php(47): require_once('C:\\laragon\\www\\coffee\\public\\index.php')
CRITICAL - 2024-04-28 12:41:05 --> CodeIgniter\HTTP\RedirectResponse::to(): Argument #1 ($uri) must be of type string, null given, called in C:\laragon\www\coffee\app\Controllers\VisualizationController.php on line 126
in SYSTEMPATH\HTTP\RedirectResponse.php on line 32.
 1 APPPATH\Controllers\VisualizationController.php(126): CodeIgniter\HTTP\RedirectResponse->to(null)
 2 SYSTEMPATH\CodeIgniter.php(919): App\Controllers\VisualizationController->pdfReport()
 3 SYSTEMPATH\CodeIgniter.php(494): CodeIgniter\CodeIgniter->runController(Object(App\Controllers\VisualizationController))
 4 SYSTEMPATH\CodeIgniter.php(353): CodeIgniter\CodeIgniter->handleRequest(null, Object(Config\Cache), false)
 5 FCPATH\index.php(79): CodeIgniter\CodeIgniter->run()
 6 SYSTEMPATH\Commands\Server\rewrite.php(47): require_once('C:\\laragon\\www\\coffee\\public\\index.php')
CRITICAL - 2024-04-28 12:41:11 --> CodeIgniter\HTTP\RedirectResponse::to(): Argument #1 ($uri) must be of type string, null given, called in C:\laragon\www\coffee\app\Controllers\VisualizationController.php on line 126
in SYSTEMPATH\HTTP\RedirectResponse.php on line 32.
 1 APPPATH\Controllers\VisualizationController.php(126): CodeIgniter\HTTP\RedirectResponse->to(null)
 2 SYSTEMPATH\CodeIgniter.php(919): App\Controllers\VisualizationController->pdfReport()
 3 SYSTEMPATH\CodeIgniter.php(494): CodeIgniter\CodeIgniter->runController(Object(App\Controllers\VisualizationController))
 4 SYSTEMPATH\CodeIgniter.php(353): CodeIgniter\CodeIgniter->handleRequest(null, Object(Config\Cache), false)
 5 FCPATH\index.php(79): CodeIgniter\CodeIgniter->run()
 6 SYSTEMPATH\Commands\Server\rewrite.php(47): require_once('C:\\laragon\\www\\coffee\\public\\index.php')
CRITICAL - 2024-04-28 12:43:27 --> CodeIgniter\HTTP\RedirectResponse::to(): Argument #1 ($uri) must be of type string, null given, called in C:\laragon\www\coffee\app\Controllers\VisualizationController.php on line 126
in SYSTEMPATH\HTTP\RedirectResponse.php on line 32.
 1 APPPATH\Controllers\VisualizationController.php(126): CodeIgniter\HTTP\RedirectResponse->to(null)
 2 SYSTEMPATH\CodeIgniter.php(919): App\Controllers\VisualizationController->pdfReport()
 3 SYSTEMPATH\CodeIgniter.php(494): CodeIgniter\CodeIgniter->runController(Object(App\Controllers\VisualizationController))
 4 SYSTEMPATH\CodeIgniter.php(353): CodeIgniter\CodeIgniter->handleRequest(null, Object(Config\Cache), false)
 5 FCPATH\index.php(79): CodeIgniter\CodeIgniter->run()
 6 SYSTEMPATH\Commands\Server\rewrite.php(47): require_once('C:\\laragon\\www\\coffee\\public\\index.php')
CRITICAL - 2024-04-28 12:43:31 --> CodeIgniter\HTTP\RedirectResponse::to(): Argument #1 ($uri) must be of type string, null given, called in C:\laragon\www\coffee\app\Controllers\VisualizationController.php on line 126
in SYSTEMPATH\HTTP\RedirectResponse.php on line 32.
 1 APPPATH\Controllers\VisualizationController.php(126): CodeIgniter\HTTP\RedirectResponse->to(null)
 2 SYSTEMPATH\CodeIgniter.php(919): App\Controllers\VisualizationController->pdfReport()
 3 SYSTEMPATH\CodeIgniter.php(494): CodeIgniter\CodeIgniter->runController(Object(App\Controllers\VisualizationController))
 4 SYSTEMPATH\CodeIgniter.php(353): CodeIgniter\CodeIgniter->handleRequest(null, Object(Config\Cache), false)
 5 FCPATH\index.php(79): CodeIgniter\CodeIgniter->run()
 6 SYSTEMPATH\Commands\Server\rewrite.php(47): require_once('C:\\laragon\\www\\coffee\\public\\index.php')
CRITICAL - 2024-04-28 12:43:38 --> CodeIgniter\HTTP\RedirectResponse::to(): Argument #1 ($uri) must be of type string, null given, called in C:\laragon\www\coffee\app\Controllers\VisualizationController.php on line 126
in SYSTEMPATH\HTTP\RedirectResponse.php on line 32.
 1 APPPATH\Controllers\VisualizationController.php(126): CodeIgniter\HTTP\RedirectResponse->to(null)
 2 SYSTEMPATH\CodeIgniter.php(919): App\Controllers\VisualizationController->pdfReport()
 3 SYSTEMPATH\CodeIgniter.php(494): CodeIgniter\CodeIgniter->runController(Object(App\Controllers\VisualizationController))
 4 SYSTEMPATH\CodeIgniter.php(353): CodeIgniter\CodeIgniter->handleRequest(null, Object(Config\Cache), false)
 5 FCPATH\index.php(79): CodeIgniter\CodeIgniter->run()
 6 SYSTEMPATH\Commands\Server\rewrite.php(47): require_once('C:\\laragon\\www\\coffee\\public\\index.php')
CRITICAL - 2024-04-28 12:44:22 --> CodeIgniter\HTTP\RedirectResponse::to(): Argument #1 ($uri) must be of type string, null given, called in C:\laragon\www\coffee\app\Controllers\VisualizationController.php on line 126
in SYSTEMPATH\HTTP\RedirectResponse.php on line 32.
 1 APPPATH\Controllers\VisualizationController.php(126): CodeIgniter\HTTP\RedirectResponse->to(null)
 2 SYSTEMPATH\CodeIgniter.php(919): App\Controllers\VisualizationController->pdfReport()
 3 SYSTEMPATH\CodeIgniter.php(494): CodeIgniter\CodeIgniter->runController(Object(App\Controllers\VisualizationController))
 4 SYSTEMPATH\CodeIgniter.php(353): CodeIgniter\CodeIgniter->handleRequest(null, Object(Config\Cache), false)
 5 FCPATH\index.php(79): CodeIgniter\CodeIgniter->run()
 6 SYSTEMPATH\Commands\Server\rewrite.php(47): require_once('C:\\laragon\\www\\coffee\\public\\index.php')
CRITICAL - 2024-04-28 12:50:07 --> Incorrect output destination REPORT
in VENDORPATH\mpdf\mpdf\src\Mpdf.php on line 9645.
 1 APPPATH\Controllers\VisualizationController.php(126): Mpdf\Mpdf->Output('filename.pdf', 'REPORT')
 2 SYSTEMPATH\CodeIgniter.php(919): App\Controllers\VisualizationController->pdfReport()
 3 SYSTEMPATH\CodeIgniter.php(494): CodeIgniter\CodeIgniter->runController(Object(App\Controllers\VisualizationController))
 4 SYSTEMPATH\CodeIgniter.php(353): CodeIgniter\CodeIgniter->handleRequest(null, Object(Config\Cache), false)
 5 FCPATH\index.php(79): CodeIgniter\CodeIgniter->run()
 6 SYSTEMPATH\Commands\Server\rewrite.php(47): require_once('C:\\laragon\\www\\coffee\\public\\index.php')
CRITICAL - 2024-04-28 12:50:22 --> CodeIgniter\HTTP\RedirectResponse::to(): Argument #1 ($uri) must be of type string, null given, called in C:\laragon\www\coffee\app\Controllers\VisualizationController.php on line 126
in SYSTEMPATH\HTTP\RedirectResponse.php on line 32.
 1 APPPATH\Controllers\VisualizationController.php(126): CodeIgniter\HTTP\RedirectResponse->to(null)
 2 SYSTEMPATH\CodeIgniter.php(919): App\Controllers\VisualizationController->pdfReport()
 3 SYSTEMPATH\CodeIgniter.php(494): CodeIgniter\CodeIgniter->runController(Object(App\Controllers\VisualizationController))
 4 SYSTEMPATH\CodeIgniter.php(353): CodeIgniter\CodeIgniter->handleRequest(null, Object(Config\Cache), false)
 5 FCPATH\index.php(79): CodeIgniter\CodeIgniter->run()
 6 SYSTEMPATH\Commands\Server\rewrite.php(47): require_once('C:\\laragon\\www\\coffee\\public\\index.php')
CRITICAL - 2024-04-28 12:50:25 --> CodeIgniter\HTTP\RedirectResponse::to(): Argument #1 ($uri) must be of type string, null given, called in C:\laragon\www\coffee\app\Controllers\VisualizationController.php on line 126
in SYSTEMPATH\HTTP\RedirectResponse.php on line 32.
 1 APPPATH\Controllers\VisualizationController.php(126): CodeIgniter\HTTP\RedirectResponse->to(null)
 2 SYSTEMPATH\CodeIgniter.php(919): App\Controllers\VisualizationController->pdfReport()
 3 SYSTEMPATH\CodeIgniter.php(494): CodeIgniter\CodeIgniter->runController(Object(App\Controllers\VisualizationController))
 4 SYSTEMPATH\CodeIgniter.php(353): CodeIgniter\CodeIgniter->handleRequest(null, Object(Config\Cache), false)
 5 FCPATH\index.php(79): CodeIgniter\CodeIgniter->run()
 6 SYSTEMPATH\Commands\Server\rewrite.php(47): require_once('C:\\laragon\\www\\coffee\\public\\index.php')
CRITICAL - 2024-04-28 12:50:30 --> Incorrect output destination REPORT
in VENDORPATH\mpdf\mpdf\src\Mpdf.php on line 9645.
 1 APPPATH\Controllers\VisualizationController.php(126): Mpdf\Mpdf->Output('filename.pdf', 'REPORT')
 2 SYSTEMPATH\CodeIgniter.php(919): App\Controllers\VisualizationController->pdfReport()
 3 SYSTEMPATH\CodeIgniter.php(494): CodeIgniter\CodeIgniter->runController(Object(App\Controllers\VisualizationController))
 4 SYSTEMPATH\CodeIgniter.php(353): CodeIgniter\CodeIgniter->handleRequest(null, Object(Config\Cache), false)
 5 FCPATH\index.php(79): CodeIgniter\CodeIgniter->run()
 6 SYSTEMPATH\Commands\Server\rewrite.php(47): require_once('C:\\laragon\\www\\coffee\\public\\index.php')
CRITICAL - 2024-04-28 12:50:41 --> CodeIgniter\HTTP\RedirectResponse::to(): Argument #1 ($uri) must be of type string, null given, called in C:\laragon\www\coffee\app\Controllers\VisualizationController.php on line 126
in SYSTEMPATH\HTTP\RedirectResponse.php on line 32.
 1 APPPATH\Controllers\VisualizationController.php(126): CodeIgniter\HTTP\RedirectResponse->to(null)
 2 SYSTEMPATH\CodeIgniter.php(919): App\Controllers\VisualizationController->pdfReport()
 3 SYSTEMPATH\CodeIgniter.php(494): CodeIgniter\CodeIgniter->runController(Object(App\Controllers\VisualizationController))
 4 SYSTEMPATH\CodeIgniter.php(353): CodeIgniter\CodeIgniter->handleRequest(null, Object(Config\Cache), false)
 5 FCPATH\index.php(79): CodeIgniter\CodeIgniter->run()
 6 SYSTEMPATH\Commands\Server\rewrite.php(47): require_once('C:\\laragon\\www\\coffee\\public\\index.php')
CRITICAL - 2024-04-28 12:50:52 --> CodeIgniter\HTTP\RedirectResponse::to(): Argument #1 ($uri) must be of type string, null given, called in C:\laragon\www\coffee\app\Controllers\VisualizationController.php on line 126
in SYSTEMPATH\HTTP\RedirectResponse.php on line 32.
 1 APPPATH\Controllers\VisualizationController.php(126): CodeIgniter\HTTP\RedirectResponse->to(null)
 2 SYSTEMPATH\CodeIgniter.php(919): App\Controllers\VisualizationController->pdfReport()
 3 SYSTEMPATH\CodeIgniter.php(494): CodeIgniter\CodeIgniter->runController(Object(App\Controllers\VisualizationController))
 4 SYSTEMPATH\CodeIgniter.php(353): CodeIgniter\CodeIgniter->handleRequest(null, Object(Config\Cache), false)
 5 FCPATH\index.php(79): CodeIgniter\CodeIgniter->run()
 6 SYSTEMPATH\Commands\Server\rewrite.php(47): require_once('C:\\laragon\\www\\coffee\\public\\index.php')
