CRITICAL - 2024-06-05 09:17:34 --> Undefined property: App\Controllers\AdminController::$googleClient
in APPPATH\Controllers\AdminController.php on line 2084.
 1 APPPATH\Controllers\AdminController.php(2084): CodeIgniter\Debug\Exceptions->errorHandler(2, 'Undefined property: App\\Controllers\\AdminController::$googleClient', 'C:\\laragon\\www\\coffee\\app\\Controllers\\AdminController.php', 2084)
 2 SYSTEMPATH\CodeIgniter.php(919): App\Controllers\AdminController->login()
 3 SYSTEMPATH\CodeIgniter.php(494): CodeIgniter\CodeIgniter->runController(Object(App\Controllers\AdminController))
 4 SYSTEMPATH\CodeIgniter.php(353): CodeIgniter\CodeIgniter->handleRequest(null, Object(Config\Cache), false)
 5 FCPATH\index.php(79): CodeIgniter\CodeIgniter->run()
 6 SYSTEMPATH\Commands\Server\rewrite.php(47): require_once('C:\\laragon\\www\\coffee\\public\\index.php')
CRITICAL - 2024-06-05 10:08:05 --> Array callback must have exactly two elements
in APPPATH\Controllers\AdminController.php on line 2103.
 1 SYSTEMPATH\CodeIgniter.php(919): App\Controllers\AdminController->googleAuthLogin()
 2 SYSTEMPATH\CodeIgniter.php(494): CodeIgniter\CodeIgniter->runController(Object(App\Controllers\AdminController))
 3 SYSTEMPATH\CodeIgniter.php(353): CodeIgniter\CodeIgniter->handleRequest(null, Object(Config\Cache), false)
 4 FCPATH\index.php(79): CodeIgniter\CodeIgniter->run()
 5 SYSTEMPATH\Commands\Server\rewrite.php(47): require_once('C:\\laragon\\www\\coffee\\public\\index.php')
CRITICAL - 2024-06-05 10:10:08 --> Client error: `POST https://oauth2.googleapis.com/token` resulted in a `400 Bad Request` response:
{
  "error": "invalid_grant",
  "error_description": "Bad Request"
}

in APPPATH\Libraries\vendor\guzzlehttp\guzzle\src\Exception\RequestException.php on line 113.
 1 APPPATH\Libraries\vendor\guzzlehttp\guzzle\src\Middleware.php(72): GuzzleHttp\Exception\RequestException::create(Object(GuzzleHttp\Psr7\Request), Object(GuzzleHttp\Psr7\Response), null, [], null)
 2 APPPATH\Libraries\vendor\guzzlehttp\promises\src\Promise.php(209): GuzzleHttp\Middleware::GuzzleHttp\{closure}(Object(GuzzleHttp\Psr7\Response))
 3 APPPATH\Libraries\vendor\guzzlehttp\promises\src\Promise.php(158): GuzzleHttp\Promise\Promise::callHandler(1, Object(GuzzleHttp\Psr7\Response), null)
 4 APPPATH\Libraries\vendor\guzzlehttp\promises\src\TaskQueue.php(52): GuzzleHttp\Promise\Promise::GuzzleHttp\Promise\{closure}()
 5 APPPATH\Libraries\vendor\guzzlehttp\promises\src\Promise.php(251): GuzzleHttp\Promise\TaskQueue->run(true)
 6 APPPATH\Libraries\vendor\guzzlehttp\promises\src\Promise.php(227): GuzzleHttp\Promise\Promise->invokeWaitFn()
 7 APPPATH\Libraries\vendor\guzzlehttp\promises\src\Promise.php(272): GuzzleHttp\Promise\Promise->waitIfPending()
 8 APPPATH\Libraries\vendor\guzzlehttp\promises\src\Promise.php(229): GuzzleHttp\Promise\Promise->invokeWaitList()
 9 APPPATH\Libraries\vendor\guzzlehttp\promises\src\Promise.php(69): GuzzleHttp\Promise\Promise->waitIfPending()
10 APPPATH\Libraries\vendor\guzzlehttp\guzzle\src\Client.php(124): GuzzleHttp\Promise\Promise->wait()
11 APPPATH\Libraries\vendor\google\auth\src\HttpHandler\Guzzle6HttpHandler.php(47): GuzzleHttp\Client->send(Object(GuzzleHttp\Psr7\Request), [...])
12 APPPATH\Libraries\vendor\google\auth\src\OAuth2.php(551): Google\Auth\HttpHandler\Guzzle6HttpHandler->__invoke(Object(GuzzleHttp\Psr7\Request))
13 APPPATH\Libraries\vendor\google\apiclient\src\Google\Client.php(215): Google\Auth\OAuth2->fetchAuthToken(Object(Google\Auth\HttpHandler\Guzzle7HttpHandler))
14 APPPATH\Controllers\AdminController.php(2098): Google_Client->fetchAccessTokenWithAuthCode('4/0AdLIrYdhdLc_dsaXlKVXjcrtPJ1hZuHwywNOYRD5RIJwZCb6YIxTQmVCdQjh3F3_xFgHSQ')
15 SYSTEMPATH\CodeIgniter.php(919): App\Controllers\AdminController->googleAuthLogin()
16 SYSTEMPATH\CodeIgniter.php(494): CodeIgniter\CodeIgniter->runController(Object(App\Controllers\AdminController))
17 SYSTEMPATH\CodeIgniter.php(353): CodeIgniter\CodeIgniter->handleRequest(null, Object(Config\Cache), false)
18 FCPATH\index.php(79): CodeIgniter\CodeIgniter->run()
19 SYSTEMPATH\Commands\Server\rewrite.php(47): require_once('C:\\laragon\\www\\coffee\\public\\index.php')
CRITICAL - 2024-06-05 10:10:30 --> Client error: `POST https://oauth2.googleapis.com/token` resulted in a `400 Bad Request` response:
{
  "error": "invalid_grant",
  "error_description": "Bad Request"
}

in APPPATH\Libraries\vendor\guzzlehttp\guzzle\src\Exception\RequestException.php on line 113.
 1 APPPATH\Libraries\vendor\guzzlehttp\guzzle\src\Middleware.php(72): GuzzleHttp\Exception\RequestException::create(Object(GuzzleHttp\Psr7\Request), Object(GuzzleHttp\Psr7\Response), null, [], null)
 2 APPPATH\Libraries\vendor\guzzlehttp\promises\src\Promise.php(209): GuzzleHttp\Middleware::GuzzleHttp\{closure}(Object(GuzzleHttp\Psr7\Response))
 3 APPPATH\Libraries\vendor\guzzlehttp\promises\src\Promise.php(158): GuzzleHttp\Promise\Promise::callHandler(1, Object(GuzzleHttp\Psr7\Response), null)
 4 APPPATH\Libraries\vendor\guzzlehttp\promises\src\TaskQueue.php(52): GuzzleHttp\Promise\Promise::GuzzleHttp\Promise\{closure}()
 5 APPPATH\Libraries\vendor\guzzlehttp\promises\src\Promise.php(251): GuzzleHttp\Promise\TaskQueue->run(true)
 6 APPPATH\Libraries\vendor\guzzlehttp\promises\src\Promise.php(227): GuzzleHttp\Promise\Promise->invokeWaitFn()
 7 APPPATH\Libraries\vendor\guzzlehttp\promises\src\Promise.php(272): GuzzleHttp\Promise\Promise->waitIfPending()
 8 APPPATH\Libraries\vendor\guzzlehttp\promises\src\Promise.php(229): GuzzleHttp\Promise\Promise->invokeWaitList()
 9 APPPATH\Libraries\vendor\guzzlehttp\promises\src\Promise.php(69): GuzzleHttp\Promise\Promise->waitIfPending()
10 APPPATH\Libraries\vendor\guzzlehttp\guzzle\src\Client.php(124): GuzzleHttp\Promise\Promise->wait()
11 APPPATH\Libraries\vendor\google\auth\src\HttpHandler\Guzzle6HttpHandler.php(47): GuzzleHttp\Client->send(Object(GuzzleHttp\Psr7\Request), [...])
12 APPPATH\Libraries\vendor\google\auth\src\OAuth2.php(551): Google\Auth\HttpHandler\Guzzle6HttpHandler->__invoke(Object(GuzzleHttp\Psr7\Request))
13 APPPATH\Libraries\vendor\google\apiclient\src\Google\Client.php(215): Google\Auth\OAuth2->fetchAuthToken(Object(Google\Auth\HttpHandler\Guzzle7HttpHandler))
14 APPPATH\Controllers\AdminController.php(2098): Google_Client->fetchAccessTokenWithAuthCode('4/0AdLIrYdhdLc_dsaXlKVXjcrtPJ1hZuHwywNOYRD5RIJwZCb6YIxTQmVCdQjh3F3_xFgHSQ')
15 SYSTEMPATH\CodeIgniter.php(919): App\Controllers\AdminController->googleAuthLogin()
16 SYSTEMPATH\CodeIgniter.php(494): CodeIgniter\CodeIgniter->runController(Object(App\Controllers\AdminController))
17 SYSTEMPATH\CodeIgniter.php(353): CodeIgniter\CodeIgniter->handleRequest(null, Object(Config\Cache), false)
18 FCPATH\index.php(79): CodeIgniter\CodeIgniter->run()
19 SYSTEMPATH\Commands\Server\rewrite.php(47): require_once('C:\\laragon\\www\\coffee\\public\\index.php')
CRITICAL - 2024-06-05 10:13:31 --> Client error: `POST https://oauth2.googleapis.com/token` resulted in a `400 Bad Request` response:
{
  "error": "invalid_grant",
  "error_description": "Bad Request"
}

in APPPATH\Libraries\vendor\guzzlehttp\guzzle\src\Exception\RequestException.php on line 113.
 1 APPPATH\Libraries\vendor\guzzlehttp\guzzle\src\Middleware.php(72): GuzzleHttp\Exception\RequestException::create(Object(GuzzleHttp\Psr7\Request), Object(GuzzleHttp\Psr7\Response), null, [], null)
 2 APPPATH\Libraries\vendor\guzzlehttp\promises\src\Promise.php(209): GuzzleHttp\Middleware::GuzzleHttp\{closure}(Object(GuzzleHttp\Psr7\Response))
 3 APPPATH\Libraries\vendor\guzzlehttp\promises\src\Promise.php(158): GuzzleHttp\Promise\Promise::callHandler(1, Object(GuzzleHttp\Psr7\Response), null)
 4 APPPATH\Libraries\vendor\guzzlehttp\promises\src\TaskQueue.php(52): GuzzleHttp\Promise\Promise::GuzzleHttp\Promise\{closure}()
 5 APPPATH\Libraries\vendor\guzzlehttp\promises\src\Promise.php(251): GuzzleHttp\Promise\TaskQueue->run(true)
 6 APPPATH\Libraries\vendor\guzzlehttp\promises\src\Promise.php(227): GuzzleHttp\Promise\Promise->invokeWaitFn()
 7 APPPATH\Libraries\vendor\guzzlehttp\promises\src\Promise.php(272): GuzzleHttp\Promise\Promise->waitIfPending()
 8 APPPATH\Libraries\vendor\guzzlehttp\promises\src\Promise.php(229): GuzzleHttp\Promise\Promise->invokeWaitList()
 9 APPPATH\Libraries\vendor\guzzlehttp\promises\src\Promise.php(69): GuzzleHttp\Promise\Promise->waitIfPending()
10 APPPATH\Libraries\vendor\guzzlehttp\guzzle\src\Client.php(124): GuzzleHttp\Promise\Promise->wait()
11 APPPATH\Libraries\vendor\google\auth\src\HttpHandler\Guzzle6HttpHandler.php(47): GuzzleHttp\Client->send(Object(GuzzleHttp\Psr7\Request), [...])
12 APPPATH\Libraries\vendor\google\auth\src\OAuth2.php(551): Google\Auth\HttpHandler\Guzzle6HttpHandler->__invoke(Object(GuzzleHttp\Psr7\Request))
13 APPPATH\Libraries\vendor\google\apiclient\src\Google\Client.php(215): Google\Auth\OAuth2->fetchAuthToken(Object(Google\Auth\HttpHandler\Guzzle7HttpHandler))
14 APPPATH\Controllers\AdminController.php(2106): Google_Client->fetchAccessTokenWithAuthCode('4/0AdLIrYdhdLc_dsaXlKVXjcrtPJ1hZuHwywNOYRD5RIJwZCb6YIxTQmVCdQjh3F3_xFgHSQ')
15 SYSTEMPATH\CodeIgniter.php(919): App\Controllers\AdminController->googleAuthLogin()
16 SYSTEMPATH\CodeIgniter.php(494): CodeIgniter\CodeIgniter->runController(Object(App\Controllers\AdminController))
17 SYSTEMPATH\CodeIgniter.php(353): CodeIgniter\CodeIgniter->handleRequest(null, Object(Config\Cache), false)
18 FCPATH\index.php(79): CodeIgniter\CodeIgniter->run()
19 SYSTEMPATH\Commands\Server\rewrite.php(47): require_once('C:\\laragon\\www\\coffee\\public\\index.php')
CRITICAL - 2024-06-05 10:13:39 --> Client error: `POST https://oauth2.googleapis.com/token` resulted in a `400 Bad Request` response:
{
  "error": "invalid_grant",
  "error_description": "Bad Request"
}

in APPPATH\Libraries\vendor\guzzlehttp\guzzle\src\Exception\RequestException.php on line 113.
 1 APPPATH\Libraries\vendor\guzzlehttp\guzzle\src\Middleware.php(72): GuzzleHttp\Exception\RequestException::create(Object(GuzzleHttp\Psr7\Request), Object(GuzzleHttp\Psr7\Response), null, [], null)
 2 APPPATH\Libraries\vendor\guzzlehttp\promises\src\Promise.php(209): GuzzleHttp\Middleware::GuzzleHttp\{closure}(Object(GuzzleHttp\Psr7\Response))
 3 APPPATH\Libraries\vendor\guzzlehttp\promises\src\Promise.php(158): GuzzleHttp\Promise\Promise::callHandler(1, Object(GuzzleHttp\Psr7\Response), null)
 4 APPPATH\Libraries\vendor\guzzlehttp\promises\src\TaskQueue.php(52): GuzzleHttp\Promise\Promise::GuzzleHttp\Promise\{closure}()
 5 APPPATH\Libraries\vendor\guzzlehttp\promises\src\Promise.php(251): GuzzleHttp\Promise\TaskQueue->run(true)
 6 APPPATH\Libraries\vendor\guzzlehttp\promises\src\Promise.php(227): GuzzleHttp\Promise\Promise->invokeWaitFn()
 7 APPPATH\Libraries\vendor\guzzlehttp\promises\src\Promise.php(272): GuzzleHttp\Promise\Promise->waitIfPending()
 8 APPPATH\Libraries\vendor\guzzlehttp\promises\src\Promise.php(229): GuzzleHttp\Promise\Promise->invokeWaitList()
 9 APPPATH\Libraries\vendor\guzzlehttp\promises\src\Promise.php(69): GuzzleHttp\Promise\Promise->waitIfPending()
10 APPPATH\Libraries\vendor\guzzlehttp\guzzle\src\Client.php(124): GuzzleHttp\Promise\Promise->wait()
11 APPPATH\Libraries\vendor\google\auth\src\HttpHandler\Guzzle6HttpHandler.php(47): GuzzleHttp\Client->send(Object(GuzzleHttp\Psr7\Request), [...])
12 APPPATH\Libraries\vendor\google\auth\src\OAuth2.php(551): Google\Auth\HttpHandler\Guzzle6HttpHandler->__invoke(Object(GuzzleHttp\Psr7\Request))
13 APPPATH\Libraries\vendor\google\apiclient\src\Google\Client.php(215): Google\Auth\OAuth2->fetchAuthToken(Object(Google\Auth\HttpHandler\Guzzle7HttpHandler))
14 APPPATH\Controllers\AdminController.php(2098): Google_Client->fetchAccessTokenWithAuthCode('4/0AdLIrYdhdLc_dsaXlKVXjcrtPJ1hZuHwywNOYRD5RIJwZCb6YIxTQmVCdQjh3F3_xFgHSQ')
15 SYSTEMPATH\CodeIgniter.php(919): App\Controllers\AdminController->googleAuthLogin()
16 SYSTEMPATH\CodeIgniter.php(494): CodeIgniter\CodeIgniter->runController(Object(App\Controllers\AdminController))
17 SYSTEMPATH\CodeIgniter.php(353): CodeIgniter\CodeIgniter->handleRequest(null, Object(Config\Cache), false)
18 FCPATH\index.php(79): CodeIgniter\CodeIgniter->run()
19 SYSTEMPATH\Commands\Server\rewrite.php(47): require_once('C:\\laragon\\www\\coffee\\public\\index.php')
CRITICAL - 2024-06-05 10:14:17 --> Client error: `POST https://oauth2.googleapis.com/token` resulted in a `400 Bad Request` response:
{
  "error": "invalid_grant",
  "error_description": "Bad Request"
}

in APPPATH\Libraries\vendor\guzzlehttp\guzzle\src\Exception\RequestException.php on line 113.
 1 APPPATH\Libraries\vendor\guzzlehttp\guzzle\src\Middleware.php(72): GuzzleHttp\Exception\RequestException::create(Object(GuzzleHttp\Psr7\Request), Object(GuzzleHttp\Psr7\Response), null, [], null)
 2 APPPATH\Libraries\vendor\guzzlehttp\promises\src\Promise.php(209): GuzzleHttp\Middleware::GuzzleHttp\{closure}(Object(GuzzleHttp\Psr7\Response))
 3 APPPATH\Libraries\vendor\guzzlehttp\promises\src\Promise.php(158): GuzzleHttp\Promise\Promise::callHandler(1, Object(GuzzleHttp\Psr7\Response), null)
 4 APPPATH\Libraries\vendor\guzzlehttp\promises\src\TaskQueue.php(52): GuzzleHttp\Promise\Promise::GuzzleHttp\Promise\{closure}()
 5 APPPATH\Libraries\vendor\guzzlehttp\promises\src\Promise.php(251): GuzzleHttp\Promise\TaskQueue->run(true)
 6 APPPATH\Libraries\vendor\guzzlehttp\promises\src\Promise.php(227): GuzzleHttp\Promise\Promise->invokeWaitFn()
 7 APPPATH\Libraries\vendor\guzzlehttp\promises\src\Promise.php(272): GuzzleHttp\Promise\Promise->waitIfPending()
 8 APPPATH\Libraries\vendor\guzzlehttp\promises\src\Promise.php(229): GuzzleHttp\Promise\Promise->invokeWaitList()
 9 APPPATH\Libraries\vendor\guzzlehttp\promises\src\Promise.php(69): GuzzleHttp\Promise\Promise->waitIfPending()
10 APPPATH\Libraries\vendor\guzzlehttp\guzzle\src\Client.php(124): GuzzleHttp\Promise\Promise->wait()
11 APPPATH\Libraries\vendor\google\auth\src\HttpHandler\Guzzle6HttpHandler.php(47): GuzzleHttp\Client->send(Object(GuzzleHttp\Psr7\Request), [...])
12 APPPATH\Libraries\vendor\google\auth\src\OAuth2.php(551): Google\Auth\HttpHandler\Guzzle6HttpHandler->__invoke(Object(GuzzleHttp\Psr7\Request))
13 APPPATH\Libraries\vendor\google\apiclient\src\Google\Client.php(215): Google\Auth\OAuth2->fetchAuthToken(Object(Google\Auth\HttpHandler\Guzzle7HttpHandler))
14 APPPATH\Controllers\AdminController.php(2098): Google_Client->fetchAccessTokenWithAuthCode('4/0AdLIrYdhdLc_dsaXlKVXjcrtPJ1hZuHwywNOYRD5RIJwZCb6YIxTQmVCdQjh3F3_xFgHSQ')
15 SYSTEMPATH\CodeIgniter.php(919): App\Controllers\AdminController->googleAuthLogin()
16 SYSTEMPATH\CodeIgniter.php(494): CodeIgniter\CodeIgniter->runController(Object(App\Controllers\AdminController))
17 SYSTEMPATH\CodeIgniter.php(353): CodeIgniter\CodeIgniter->handleRequest(null, Object(Config\Cache), false)
18 FCPATH\index.php(79): CodeIgniter\CodeIgniter->run()
19 SYSTEMPATH\Commands\Server\rewrite.php(47): require_once('C:\\laragon\\www\\coffee\\public\\index.php')
CRITICAL - 2024-06-05 10:16:28 --> Client error: `POST https://oauth2.googleapis.com/token` resulted in a `400 Bad Request` response:
{
  "error": "invalid_grant",
  "error_description": "Bad Request"
}

in APPPATH\Libraries\vendor\guzzlehttp\guzzle\src\Exception\RequestException.php on line 113.
 1 APPPATH\Libraries\vendor\guzzlehttp\guzzle\src\Middleware.php(72): GuzzleHttp\Exception\RequestException::create(Object(GuzzleHttp\Psr7\Request), Object(GuzzleHttp\Psr7\Response), null, [], null)
 2 APPPATH\Libraries\vendor\guzzlehttp\promises\src\Promise.php(209): GuzzleHttp\Middleware::GuzzleHttp\{closure}(Object(GuzzleHttp\Psr7\Response))
 3 APPPATH\Libraries\vendor\guzzlehttp\promises\src\Promise.php(158): GuzzleHttp\Promise\Promise::callHandler(1, Object(GuzzleHttp\Psr7\Response), null)
 4 APPPATH\Libraries\vendor\guzzlehttp\promises\src\TaskQueue.php(52): GuzzleHttp\Promise\Promise::GuzzleHttp\Promise\{closure}()
 5 APPPATH\Libraries\vendor\guzzlehttp\promises\src\Promise.php(251): GuzzleHttp\Promise\TaskQueue->run(true)
 6 APPPATH\Libraries\vendor\guzzlehttp\promises\src\Promise.php(227): GuzzleHttp\Promise\Promise->invokeWaitFn()
 7 APPPATH\Libraries\vendor\guzzlehttp\promises\src\Promise.php(272): GuzzleHttp\Promise\Promise->waitIfPending()
 8 APPPATH\Libraries\vendor\guzzlehttp\promises\src\Promise.php(229): GuzzleHttp\Promise\Promise->invokeWaitList()
 9 APPPATH\Libraries\vendor\guzzlehttp\promises\src\Promise.php(69): GuzzleHttp\Promise\Promise->waitIfPending()
10 APPPATH\Libraries\vendor\guzzlehttp\guzzle\src\Client.php(124): GuzzleHttp\Promise\Promise->wait()
11 APPPATH\Libraries\vendor\google\auth\src\HttpHandler\Guzzle6HttpHandler.php(47): GuzzleHttp\Client->send(Object(GuzzleHttp\Psr7\Request), [...])
12 APPPATH\Libraries\vendor\google\auth\src\OAuth2.php(551): Google\Auth\HttpHandler\Guzzle6HttpHandler->__invoke(Object(GuzzleHttp\Psr7\Request))
13 APPPATH\Libraries\vendor\google\apiclient\src\Google\Client.php(215): Google\Auth\OAuth2->fetchAuthToken(Object(Google\Auth\HttpHandler\Guzzle7HttpHandler))
14 APPPATH\Controllers\AdminController.php(2098): Google_Client->fetchAccessTokenWithAuthCode('4/0AdLIrYdhdLc_dsaXlKVXjcrtPJ1hZuHwywNOYRD5RIJwZCb6YIxTQmVCdQjh3F3_xFgHSQ')
15 SYSTEMPATH\CodeIgniter.php(919): App\Controllers\AdminController->googleAuthLogin()
16 SYSTEMPATH\CodeIgniter.php(494): CodeIgniter\CodeIgniter->runController(Object(App\Controllers\AdminController))
17 SYSTEMPATH\CodeIgniter.php(353): CodeIgniter\CodeIgniter->handleRequest(null, Object(Config\Cache), false)
18 FCPATH\index.php(79): CodeIgniter\CodeIgniter->run()
19 SYSTEMPATH\Commands\Server\rewrite.php(47): require_once('C:\\laragon\\www\\coffee\\public\\index.php')
CRITICAL - 2024-06-05 10:19:03 --> Client error: `POST https://oauth2.googleapis.com/token` resulted in a `400 Bad Request` response:
{
  "error": "invalid_grant",
  "error_description": "Bad Request"
}

in APPPATH\Libraries\vendor\guzzlehttp\guzzle\src\Exception\RequestException.php on line 113.
 1 APPPATH\Libraries\vendor\guzzlehttp\guzzle\src\Middleware.php(72): GuzzleHttp\Exception\RequestException::create(Object(GuzzleHttp\Psr7\Request), Object(GuzzleHttp\Psr7\Response), null, [], null)
 2 APPPATH\Libraries\vendor\guzzlehttp\promises\src\Promise.php(209): GuzzleHttp\Middleware::GuzzleHttp\{closure}(Object(GuzzleHttp\Psr7\Response))
 3 APPPATH\Libraries\vendor\guzzlehttp\promises\src\Promise.php(158): GuzzleHttp\Promise\Promise::callHandler(1, Object(GuzzleHttp\Psr7\Response), null)
 4 APPPATH\Libraries\vendor\guzzlehttp\promises\src\TaskQueue.php(52): GuzzleHttp\Promise\Promise::GuzzleHttp\Promise\{closure}()
 5 APPPATH\Libraries\vendor\guzzlehttp\promises\src\Promise.php(251): GuzzleHttp\Promise\TaskQueue->run(true)
 6 APPPATH\Libraries\vendor\guzzlehttp\promises\src\Promise.php(227): GuzzleHttp\Promise\Promise->invokeWaitFn()
 7 APPPATH\Libraries\vendor\guzzlehttp\promises\src\Promise.php(272): GuzzleHttp\Promise\Promise->waitIfPending()
 8 APPPATH\Libraries\vendor\guzzlehttp\promises\src\Promise.php(229): GuzzleHttp\Promise\Promise->invokeWaitList()
 9 APPPATH\Libraries\vendor\guzzlehttp\promises\src\Promise.php(69): GuzzleHttp\Promise\Promise->waitIfPending()
10 APPPATH\Libraries\vendor\guzzlehttp\guzzle\src\Client.php(124): GuzzleHttp\Promise\Promise->wait()
11 APPPATH\Libraries\vendor\google\auth\src\HttpHandler\Guzzle6HttpHandler.php(47): GuzzleHttp\Client->send(Object(GuzzleHttp\Psr7\Request), [...])
12 APPPATH\Libraries\vendor\google\auth\src\OAuth2.php(551): Google\Auth\HttpHandler\Guzzle6HttpHandler->__invoke(Object(GuzzleHttp\Psr7\Request))
13 APPPATH\Libraries\vendor\google\apiclient\src\Google\Client.php(215): Google\Auth\OAuth2->fetchAuthToken(Object(Google\Auth\HttpHandler\Guzzle7HttpHandler))
14 APPPATH\Controllers\AdminController.php(2098): Google_Client->fetchAccessTokenWithAuthCode('4/0AdLIrYdhdLc_dsaXlKVXjcrtPJ1hZuHwywNOYRD5RIJwZCb6YIxTQmVCdQjh3F3_xFgHSQ')
15 SYSTEMPATH\CodeIgniter.php(919): App\Controllers\AdminController->googleAuthLogin()
16 SYSTEMPATH\CodeIgniter.php(494): CodeIgniter\CodeIgniter->runController(Object(App\Controllers\AdminController))
17 SYSTEMPATH\CodeIgniter.php(353): CodeIgniter\CodeIgniter->handleRequest(null, Object(Config\Cache), false)
18 FCPATH\index.php(79): CodeIgniter\CodeIgniter->run()
19 SYSTEMPATH\Commands\Server\rewrite.php(47): require_once('C:\\laragon\\www\\coffee\\public\\index.php')
CRITICAL - 2024-06-05 11:10:54 --> Client error: `POST https://oauth2.googleapis.com/token` resulted in a `400 Bad Request` response:
{
  "error": "invalid_grant",
  "error_description": "Bad Request"
}

in APPPATH\Libraries\vendor\guzzlehttp\guzzle\src\Exception\RequestException.php on line 113.
 1 APPPATH\Libraries\vendor\guzzlehttp\guzzle\src\Middleware.php(72): GuzzleHttp\Exception\RequestException::create(Object(GuzzleHttp\Psr7\Request), Object(GuzzleHttp\Psr7\Response), null, [], null)
 2 APPPATH\Libraries\vendor\guzzlehttp\promises\src\Promise.php(209): GuzzleHttp\Middleware::GuzzleHttp\{closure}(Object(GuzzleHttp\Psr7\Response))
 3 APPPATH\Libraries\vendor\guzzlehttp\promises\src\Promise.php(158): GuzzleHttp\Promise\Promise::callHandler(1, Object(GuzzleHttp\Psr7\Response), null)
 4 APPPATH\Libraries\vendor\guzzlehttp\promises\src\TaskQueue.php(52): GuzzleHttp\Promise\Promise::GuzzleHttp\Promise\{closure}()
 5 APPPATH\Libraries\vendor\guzzlehttp\promises\src\Promise.php(251): GuzzleHttp\Promise\TaskQueue->run(true)
 6 APPPATH\Libraries\vendor\guzzlehttp\promises\src\Promise.php(227): GuzzleHttp\Promise\Promise->invokeWaitFn()
 7 APPPATH\Libraries\vendor\guzzlehttp\promises\src\Promise.php(272): GuzzleHttp\Promise\Promise->waitIfPending()
 8 APPPATH\Libraries\vendor\guzzlehttp\promises\src\Promise.php(229): GuzzleHttp\Promise\Promise->invokeWaitList()
 9 APPPATH\Libraries\vendor\guzzlehttp\promises\src\Promise.php(69): GuzzleHttp\Promise\Promise->waitIfPending()
10 APPPATH\Libraries\vendor\guzzlehttp\guzzle\src\Client.php(124): GuzzleHttp\Promise\Promise->wait()
11 APPPATH\Libraries\vendor\google\auth\src\HttpHandler\Guzzle6HttpHandler.php(47): GuzzleHttp\Client->send(Object(GuzzleHttp\Psr7\Request), [...])
12 APPPATH\Libraries\vendor\google\auth\src\OAuth2.php(551): Google\Auth\HttpHandler\Guzzle6HttpHandler->__invoke(Object(GuzzleHttp\Psr7\Request))
13 APPPATH\Libraries\vendor\google\apiclient\src\Google\Client.php(215): Google\Auth\OAuth2->fetchAuthToken(Object(Google\Auth\HttpHandler\Guzzle7HttpHandler))
14 APPPATH\Controllers\AdminController.php(2101): Google_Client->fetchAccessTokenWithAuthCode('4/0AdLIrYe-vP8v3HZuvT75gvK8VbPZiS8ZzLm7ZHCXLDwlnJwj9DdkbjRpjglTBR4mrn6pyA')
15 SYSTEMPATH\CodeIgniter.php(919): App\Controllers\AdminController->googleAuthLogin()
16 SYSTEMPATH\CodeIgniter.php(494): CodeIgniter\CodeIgniter->runController(Object(App\Controllers\AdminController))
17 SYSTEMPATH\CodeIgniter.php(353): CodeIgniter\CodeIgniter->handleRequest(null, Object(Config\Cache), false)
18 FCPATH\index.php(79): CodeIgniter\CodeIgniter->run()
19 SYSTEMPATH\Commands\Server\rewrite.php(47): require_once('C:\\laragon\\www\\coffee\\public\\index.php')
CRITICAL - 2024-06-05 11:11:09 --> Call to undefined method CodeIgniter\Database\MySQLi\Result::getRorArray()
in APPPATH\Models\UserModel.php on line 53.
 1 APPPATH\Controllers\AdminController.php(2113): App\Models\UserModel->isAlreadyRegistered('113036758206697854029')
 2 SYSTEMPATH\CodeIgniter.php(919): App\Controllers\AdminController->googleAuthLogin()
 3 SYSTEMPATH\CodeIgniter.php(494): CodeIgniter\CodeIgniter->runController(Object(App\Controllers\AdminController))
 4 SYSTEMPATH\CodeIgniter.php(353): CodeIgniter\CodeIgniter->handleRequest(null, Object(Config\Cache), false)
 5 FCPATH\index.php(79): CodeIgniter\CodeIgniter->run()
 6 SYSTEMPATH\Commands\Server\rewrite.php(47): require_once('C:\\laragon\\www\\coffee\\public\\index.php')
CRITICAL - 2024-06-05 11:27:19 --> Client error: `POST https://oauth2.googleapis.com/token` resulted in a `400 Bad Request` response:
{
  "error": "invalid_grant",
  "error_description": "Bad Request"
}

in APPPATH\Libraries\vendor\guzzlehttp\guzzle\src\Exception\RequestException.php on line 113.
 1 APPPATH\Libraries\vendor\guzzlehttp\guzzle\src\Middleware.php(72): GuzzleHttp\Exception\RequestException::create(Object(GuzzleHttp\Psr7\Request), Object(GuzzleHttp\Psr7\Response), null, [], null)
 2 APPPATH\Libraries\vendor\guzzlehttp\promises\src\Promise.php(209): GuzzleHttp\Middleware::GuzzleHttp\{closure}(Object(GuzzleHttp\Psr7\Response))
 3 APPPATH\Libraries\vendor\guzzlehttp\promises\src\Promise.php(158): GuzzleHttp\Promise\Promise::callHandler(1, Object(GuzzleHttp\Psr7\Response), null)
 4 APPPATH\Libraries\vendor\guzzlehttp\promises\src\TaskQueue.php(52): GuzzleHttp\Promise\Promise::GuzzleHttp\Promise\{closure}()
 5 APPPATH\Libraries\vendor\guzzlehttp\promises\src\Promise.php(251): GuzzleHttp\Promise\TaskQueue->run(true)
 6 APPPATH\Libraries\vendor\guzzlehttp\promises\src\Promise.php(227): GuzzleHttp\Promise\Promise->invokeWaitFn()
 7 APPPATH\Libraries\vendor\guzzlehttp\promises\src\Promise.php(272): GuzzleHttp\Promise\Promise->waitIfPending()
 8 APPPATH\Libraries\vendor\guzzlehttp\promises\src\Promise.php(229): GuzzleHttp\Promise\Promise->invokeWaitList()
 9 APPPATH\Libraries\vendor\guzzlehttp\promises\src\Promise.php(69): GuzzleHttp\Promise\Promise->waitIfPending()
10 APPPATH\Libraries\vendor\guzzlehttp\guzzle\src\Client.php(124): GuzzleHttp\Promise\Promise->wait()
11 APPPATH\Libraries\vendor\google\auth\src\HttpHandler\Guzzle6HttpHandler.php(47): GuzzleHttp\Client->send(Object(GuzzleHttp\Psr7\Request), [...])
12 APPPATH\Libraries\vendor\google\auth\src\OAuth2.php(551): Google\Auth\HttpHandler\Guzzle6HttpHandler->__invoke(Object(GuzzleHttp\Psr7\Request))
13 APPPATH\Libraries\vendor\google\apiclient\src\Google\Client.php(215): Google\Auth\OAuth2->fetchAuthToken(Object(Google\Auth\HttpHandler\Guzzle7HttpHandler))
14 APPPATH\Controllers\AdminController.php(2101): Google_Client->fetchAccessTokenWithAuthCode('4/0AdLIrYcV774Y4zYBAcxEmuVNDuJ1ABs6tF9Y0ls7VJQGfZzl09FZlJkajHjQksQErpBojQ')
15 SYSTEMPATH\CodeIgniter.php(919): App\Controllers\AdminController->googleAuthLogin()
16 SYSTEMPATH\CodeIgniter.php(494): CodeIgniter\CodeIgniter->runController(Object(App\Controllers\AdminController))
17 SYSTEMPATH\CodeIgniter.php(353): CodeIgniter\CodeIgniter->handleRequest(null, Object(Config\Cache), false)
18 FCPATH\index.php(79): CodeIgniter\CodeIgniter->run()
19 SYSTEMPATH\Commands\Server\rewrite.php(47): require_once('C:\\laragon\\www\\coffee\\public\\index.php')
CRITICAL - 2024-06-05 11:27:38 --> Call to undefined method CodeIgniter\Database\MySQLi\Result::getRorArray()
in APPPATH\Models\UserModel.php on line 53.
 1 APPPATH\Controllers\AdminController.php(2113): App\Models\UserModel->isAlreadyRegistered('113036758206697854029')
 2 SYSTEMPATH\CodeIgniter.php(919): App\Controllers\AdminController->googleAuthLogin()
 3 SYSTEMPATH\CodeIgniter.php(494): CodeIgniter\CodeIgniter->runController(Object(App\Controllers\AdminController))
 4 SYSTEMPATH\CodeIgniter.php(353): CodeIgniter\CodeIgniter->handleRequest(null, Object(Config\Cache), false)
 5 FCPATH\index.php(79): CodeIgniter\CodeIgniter->run()
 6 SYSTEMPATH\Commands\Server\rewrite.php(47): require_once('C:\\laragon\\www\\coffee\\public\\index.php')
CRITICAL - 2024-06-05 11:29:03 --> Client error: `POST https://oauth2.googleapis.com/token` resulted in a `400 Bad Request` response:
{
  "error": "invalid_grant",
  "error_description": "Bad Request"
}

in APPPATH\Libraries\vendor\guzzlehttp\guzzle\src\Exception\RequestException.php on line 113.
 1 APPPATH\Libraries\vendor\guzzlehttp\guzzle\src\Middleware.php(72): GuzzleHttp\Exception\RequestException::create(Object(GuzzleHttp\Psr7\Request), Object(GuzzleHttp\Psr7\Response), null, [], null)
 2 APPPATH\Libraries\vendor\guzzlehttp\promises\src\Promise.php(209): GuzzleHttp\Middleware::GuzzleHttp\{closure}(Object(GuzzleHttp\Psr7\Response))
 3 APPPATH\Libraries\vendor\guzzlehttp\promises\src\Promise.php(158): GuzzleHttp\Promise\Promise::callHandler(1, Object(GuzzleHttp\Psr7\Response), null)
 4 APPPATH\Libraries\vendor\guzzlehttp\promises\src\TaskQueue.php(52): GuzzleHttp\Promise\Promise::GuzzleHttp\Promise\{closure}()
 5 APPPATH\Libraries\vendor\guzzlehttp\promises\src\Promise.php(251): GuzzleHttp\Promise\TaskQueue->run(true)
 6 APPPATH\Libraries\vendor\guzzlehttp\promises\src\Promise.php(227): GuzzleHttp\Promise\Promise->invokeWaitFn()
 7 APPPATH\Libraries\vendor\guzzlehttp\promises\src\Promise.php(272): GuzzleHttp\Promise\Promise->waitIfPending()
 8 APPPATH\Libraries\vendor\guzzlehttp\promises\src\Promise.php(229): GuzzleHttp\Promise\Promise->invokeWaitList()
 9 APPPATH\Libraries\vendor\guzzlehttp\promises\src\Promise.php(69): GuzzleHttp\Promise\Promise->waitIfPending()
10 APPPATH\Libraries\vendor\guzzlehttp\guzzle\src\Client.php(124): GuzzleHttp\Promise\Promise->wait()
11 APPPATH\Libraries\vendor\google\auth\src\HttpHandler\Guzzle6HttpHandler.php(47): GuzzleHttp\Client->send(Object(GuzzleHttp\Psr7\Request), [...])
12 APPPATH\Libraries\vendor\google\auth\src\OAuth2.php(551): Google\Auth\HttpHandler\Guzzle6HttpHandler->__invoke(Object(GuzzleHttp\Psr7\Request))
13 APPPATH\Libraries\vendor\google\apiclient\src\Google\Client.php(215): Google\Auth\OAuth2->fetchAuthToken(Object(Google\Auth\HttpHandler\Guzzle7HttpHandler))
14 APPPATH\Controllers\AdminController.php(2101): Google_Client->fetchAccessTokenWithAuthCode('4/0AdLIrYd82golh1TaWhEqPbshKQJ8itaQwRXzlSH8nu8UMoya0ge6M7fntBO2OIaHEymJaQ')
15 SYSTEMPATH\CodeIgniter.php(919): App\Controllers\AdminController->googleAuthLogin()
16 SYSTEMPATH\CodeIgniter.php(494): CodeIgniter\CodeIgniter->runController(Object(App\Controllers\AdminController))
17 SYSTEMPATH\CodeIgniter.php(353): CodeIgniter\CodeIgniter->handleRequest(null, Object(Config\Cache), false)
18 FCPATH\index.php(79): CodeIgniter\CodeIgniter->run()
19 SYSTEMPATH\Commands\Server\rewrite.php(47): require_once('C:\\laragon\\www\\coffee\\public\\index.php')
CRITICAL - 2024-06-05 11:29:08 --> Client error: `POST https://oauth2.googleapis.com/token` resulted in a `400 Bad Request` response:
{
  "error": "invalid_grant",
  "error_description": "Bad Request"
}

in APPPATH\Libraries\vendor\guzzlehttp\guzzle\src\Exception\RequestException.php on line 113.
 1 APPPATH\Libraries\vendor\guzzlehttp\guzzle\src\Middleware.php(72): GuzzleHttp\Exception\RequestException::create(Object(GuzzleHttp\Psr7\Request), Object(GuzzleHttp\Psr7\Response), null, [], null)
 2 APPPATH\Libraries\vendor\guzzlehttp\promises\src\Promise.php(209): GuzzleHttp\Middleware::GuzzleHttp\{closure}(Object(GuzzleHttp\Psr7\Response))
 3 APPPATH\Libraries\vendor\guzzlehttp\promises\src\Promise.php(158): GuzzleHttp\Promise\Promise::callHandler(1, Object(GuzzleHttp\Psr7\Response), null)
 4 APPPATH\Libraries\vendor\guzzlehttp\promises\src\TaskQueue.php(52): GuzzleHttp\Promise\Promise::GuzzleHttp\Promise\{closure}()
 5 APPPATH\Libraries\vendor\guzzlehttp\promises\src\Promise.php(251): GuzzleHttp\Promise\TaskQueue->run(true)
 6 APPPATH\Libraries\vendor\guzzlehttp\promises\src\Promise.php(227): GuzzleHttp\Promise\Promise->invokeWaitFn()
 7 APPPATH\Libraries\vendor\guzzlehttp\promises\src\Promise.php(272): GuzzleHttp\Promise\Promise->waitIfPending()
 8 APPPATH\Libraries\vendor\guzzlehttp\promises\src\Promise.php(229): GuzzleHttp\Promise\Promise->invokeWaitList()
 9 APPPATH\Libraries\vendor\guzzlehttp\promises\src\Promise.php(69): GuzzleHttp\Promise\Promise->waitIfPending()
10 APPPATH\Libraries\vendor\guzzlehttp\guzzle\src\Client.php(124): GuzzleHttp\Promise\Promise->wait()
11 APPPATH\Libraries\vendor\google\auth\src\HttpHandler\Guzzle6HttpHandler.php(47): GuzzleHttp\Client->send(Object(GuzzleHttp\Psr7\Request), [...])
12 APPPATH\Libraries\vendor\google\auth\src\OAuth2.php(551): Google\Auth\HttpHandler\Guzzle6HttpHandler->__invoke(Object(GuzzleHttp\Psr7\Request))
13 APPPATH\Libraries\vendor\google\apiclient\src\Google\Client.php(215): Google\Auth\OAuth2->fetchAuthToken(Object(Google\Auth\HttpHandler\Guzzle7HttpHandler))
14 APPPATH\Controllers\AdminController.php(2101): Google_Client->fetchAccessTokenWithAuthCode('4/0AdLIrYckuxWcwnHkveb1HMb9bE0wjeQzwcCNzWIEWucMU-TbHnHWJGXz4NR73Jh4mnijwQ')
15 SYSTEMPATH\CodeIgniter.php(919): App\Controllers\AdminController->googleAuthLogin()
16 SYSTEMPATH\CodeIgniter.php(494): CodeIgniter\CodeIgniter->runController(Object(App\Controllers\AdminController))
17 SYSTEMPATH\CodeIgniter.php(353): CodeIgniter\CodeIgniter->handleRequest(null, Object(Config\Cache), false)
18 FCPATH\index.php(79): CodeIgniter\CodeIgniter->run()
19 SYSTEMPATH\Commands\Server\rewrite.php(47): require_once('C:\\laragon\\www\\coffee\\public\\index.php')
CRITICAL - 2024-06-05 11:29:23 --> Call to undefined method App\Models\UserModel::getRorArray
in SYSTEMPATH\Model.php on line 873.
 1 APPPATH\Models\UserModel.php(53): CodeIgniter\Model->__call('getRorArray', [])
 2 APPPATH\Controllers\AdminController.php(2113): App\Models\UserModel->isAlreadyRegistered('113036758206697854029')
 3 SYSTEMPATH\CodeIgniter.php(919): App\Controllers\AdminController->googleAuthLogin()
 4 SYSTEMPATH\CodeIgniter.php(494): CodeIgniter\CodeIgniter->runController(Object(App\Controllers\AdminController))
 5 SYSTEMPATH\CodeIgniter.php(353): CodeIgniter\CodeIgniter->handleRequest(null, Object(Config\Cache), false)
 6 FCPATH\index.php(79): CodeIgniter\CodeIgniter->run()
 7 SYSTEMPATH\Commands\Server\rewrite.php(47): require_once('C:\\laragon\\www\\coffee\\public\\index.php')
ERROR - 2024-06-05 11:30:23 --> mysqli_sql_exception: Column 'LastName' cannot be null in C:\laragon\www\coffee\system\Database\MySQLi\Connection.php:306
Stack trace:
#0 C:\laragon\www\coffee\system\Database\MySQLi\Connection.php(306): mysqli->query('INSERT INTO `us...', 0)
#1 C:\laragon\www\coffee\system\Database\BaseConnection.php(692): CodeIgniter\Database\MySQLi\Connection->execute('INSERT INTO `us...')
#2 C:\laragon\www\coffee\system\Database\BaseConnection.php(606): CodeIgniter\Database\BaseConnection->simpleQuery('INSERT INTO `us...')
#3 C:\laragon\www\coffee\system\Database\BaseBuilder.php(2308): CodeIgniter\Database\BaseConnection->query('INSERT INTO `us...', Array, false)
#4 C:\laragon\www\coffee\system\Model.php(319): CodeIgniter\Database\BaseBuilder->insert()
#5 C:\laragon\www\coffee\system\BaseModel.php(788): CodeIgniter\Model->doInsert(Array)
#6 C:\laragon\www\coffee\system\Model.php(715): CodeIgniter\BaseModel->insert(Array, true)
#7 C:\laragon\www\coffee\app\Models\UserModel.php(62): CodeIgniter\Model->insert(Array)
#8 C:\laragon\www\coffee\app\Controllers\AdminController.php(2135): App\Models\UserModel->insertUserData(Array)
#9 C:\laragon\www\coffee\system\CodeIgniter.php(919): App\Controllers\AdminController->googleAuthLogin()
#10 C:\laragon\www\coffee\system\CodeIgniter.php(494): CodeIgniter\CodeIgniter->runController(Object(App\Controllers\AdminController))
#11 C:\laragon\www\coffee\system\CodeIgniter.php(353): CodeIgniter\CodeIgniter->handleRequest(NULL, Object(Config\Cache), false)
#12 C:\laragon\www\coffee\public\index.php(79): CodeIgniter\CodeIgniter->run()
#13 C:\laragon\www\coffee\system\Commands\Server\rewrite.php(47): require_once('C:\\laragon\\www\\...')
#14 {main}
CRITICAL - 2024-06-05 11:30:23 --> Column 'LastName' cannot be null
in SYSTEMPATH\Database\BaseConnection.php on line 646.
 1 SYSTEMPATH\Database\BaseBuilder.php(2308): CodeIgniter\Database\BaseConnection->query('INSERT INTO `user` (`code`, `FirstName`, `LastName`, `email`) VALUES (:code:, :FirstName:, :LastName:, :email:)', [...], false)
 2 SYSTEMPATH\Model.php(319): CodeIgniter\Database\BaseBuilder->insert()
 3 SYSTEMPATH\BaseModel.php(788): CodeIgniter\Model->doInsert([...])
 4 SYSTEMPATH\Model.php(715): CodeIgniter\BaseModel->insert([...], true)
 5 APPPATH\Models\UserModel.php(62): CodeIgniter\Model->insert([...])
 6 APPPATH\Controllers\AdminController.php(2135): App\Models\UserModel->insertUserData([...])
 7 SYSTEMPATH\CodeIgniter.php(919): App\Controllers\AdminController->googleAuthLogin()
 8 SYSTEMPATH\CodeIgniter.php(494): CodeIgniter\CodeIgniter->runController(Object(App\Controllers\AdminController))
 9 SYSTEMPATH\CodeIgniter.php(353): CodeIgniter\CodeIgniter->handleRequest(null, Object(Config\Cache), false)
10 FCPATH\index.php(79): CodeIgniter\CodeIgniter->run()
11 SYSTEMPATH\Commands\Server\rewrite.php(47): require_once('C:\\laragon\\www\\coffee\\public\\index.php')
CRITICAL - 2024-06-05 11:33:24 --> There is no data to update.
in SYSTEMPATH\BaseModel.php on line 1724.
 1 SYSTEMPATH\BaseModel.php(1724): CodeIgniter\Database\Exceptions\DataException::forEmptyDataset('update')
 2 SYSTEMPATH\BaseModel.php(916): CodeIgniter\BaseModel->transformDataToArray(null, 'update')
 3 SYSTEMPATH\Model.php(776): CodeIgniter\BaseModel->update([...], null)
 4 APPPATH\Models\UserModel.php(57): CodeIgniter\Model->update([...])
 5 APPPATH\Controllers\AdminController.php(2123): App\Models\UserModel->updateUserData([...], '114958375415236566219')
 6 SYSTEMPATH\CodeIgniter.php(919): App\Controllers\AdminController->googleAuthLogin()
 7 SYSTEMPATH\CodeIgniter.php(494): CodeIgniter\CodeIgniter->runController(Object(App\Controllers\AdminController))
 8 SYSTEMPATH\CodeIgniter.php(353): CodeIgniter\CodeIgniter->handleRequest(null, Object(Config\Cache), false)
 9 FCPATH\index.php(79): CodeIgniter\CodeIgniter->run()
10 SYSTEMPATH\Commands\Server\rewrite.php(47): require_once('C:\\laragon\\www\\coffee\\public\\index.php')
CRITICAL - 2024-06-05 11:33:42 --> There is no data to update.
in SYSTEMPATH\BaseModel.php on line 1724.
 1 SYSTEMPATH\BaseModel.php(1724): CodeIgniter\Database\Exceptions\DataException::forEmptyDataset('update')
 2 SYSTEMPATH\BaseModel.php(916): CodeIgniter\BaseModel->transformDataToArray(null, 'update')
 3 SYSTEMPATH\Model.php(776): CodeIgniter\BaseModel->update([...], null)
 4 APPPATH\Models\UserModel.php(57): CodeIgniter\Model->update([...])
 5 APPPATH\Controllers\AdminController.php(2123): App\Models\UserModel->updateUserData([...], '114958375415236566219')
 6 SYSTEMPATH\CodeIgniter.php(919): App\Controllers\AdminController->googleAuthLogin()
 7 SYSTEMPATH\CodeIgniter.php(494): CodeIgniter\CodeIgniter->runController(Object(App\Controllers\AdminController))
 8 SYSTEMPATH\CodeIgniter.php(353): CodeIgniter\CodeIgniter->handleRequest(null, Object(Config\Cache), false)
 9 FCPATH\index.php(79): CodeIgniter\CodeIgniter->run()
10 SYSTEMPATH\Commands\Server\rewrite.php(47): require_once('C:\\laragon\\www\\coffee\\public\\index.php')
ERROR - 2024-06-05 11:34:06 --> mysqli_sql_exception: Column 'LastName' cannot be null in C:\laragon\www\coffee\system\Database\MySQLi\Connection.php:306
Stack trace:
#0 C:\laragon\www\coffee\system\Database\MySQLi\Connection.php(306): mysqli->query('INSERT INTO `us...', 0)
#1 C:\laragon\www\coffee\system\Database\BaseConnection.php(692): CodeIgniter\Database\MySQLi\Connection->execute('INSERT INTO `us...')
#2 C:\laragon\www\coffee\system\Database\BaseConnection.php(606): CodeIgniter\Database\BaseConnection->simpleQuery('INSERT INTO `us...')
#3 C:\laragon\www\coffee\system\Database\BaseBuilder.php(2308): CodeIgniter\Database\BaseConnection->query('INSERT INTO `us...', Array, false)
#4 C:\laragon\www\coffee\system\Model.php(319): CodeIgniter\Database\BaseBuilder->insert()
#5 C:\laragon\www\coffee\system\BaseModel.php(788): CodeIgniter\Model->doInsert(Array)
#6 C:\laragon\www\coffee\system\Model.php(715): CodeIgniter\BaseModel->insert(Array, true)
#7 C:\laragon\www\coffee\app\Models\UserModel.php(62): CodeIgniter\Model->insert(Array)
#8 C:\laragon\www\coffee\app\Controllers\AdminController.php(2135): App\Models\UserModel->insertUserData(Array)
#9 C:\laragon\www\coffee\system\CodeIgniter.php(919): App\Controllers\AdminController->googleAuthLogin()
#10 C:\laragon\www\coffee\system\CodeIgniter.php(494): CodeIgniter\CodeIgniter->runController(Object(App\Controllers\AdminController))
#11 C:\laragon\www\coffee\system\CodeIgniter.php(353): CodeIgniter\CodeIgniter->handleRequest(NULL, Object(Config\Cache), false)
#12 C:\laragon\www\coffee\public\index.php(79): CodeIgniter\CodeIgniter->run()
#13 C:\laragon\www\coffee\system\Commands\Server\rewrite.php(47): require_once('C:\\laragon\\www\\...')
#14 {main}
CRITICAL - 2024-06-05 11:34:06 --> Column 'LastName' cannot be null
in SYSTEMPATH\Database\BaseConnection.php on line 646.
 1 SYSTEMPATH\Database\BaseBuilder.php(2308): CodeIgniter\Database\BaseConnection->query('INSERT INTO `user` (`code`, `FirstName`, `LastName`, `email`) VALUES (:code:, :FirstName:, :LastName:, :email:)', [...], false)
 2 SYSTEMPATH\Model.php(319): CodeIgniter\Database\BaseBuilder->insert()
 3 SYSTEMPATH\BaseModel.php(788): CodeIgniter\Model->doInsert([...])
 4 SYSTEMPATH\Model.php(715): CodeIgniter\BaseModel->insert([...], true)
 5 APPPATH\Models\UserModel.php(62): CodeIgniter\Model->insert([...])
 6 APPPATH\Controllers\AdminController.php(2135): App\Models\UserModel->insertUserData([...])
 7 SYSTEMPATH\CodeIgniter.php(919): App\Controllers\AdminController->googleAuthLogin()
 8 SYSTEMPATH\CodeIgniter.php(494): CodeIgniter\CodeIgniter->runController(Object(App\Controllers\AdminController))
 9 SYSTEMPATH\CodeIgniter.php(353): CodeIgniter\CodeIgniter->handleRequest(null, Object(Config\Cache), false)
10 FCPATH\index.php(79): CodeIgniter\CodeIgniter->run()
11 SYSTEMPATH\Commands\Server\rewrite.php(47): require_once('C:\\laragon\\www\\coffee\\public\\index.php')
ERROR - 2024-06-05 11:34:51 --> mysqli_sql_exception: Column 'LastName' cannot be null in C:\laragon\www\coffee\system\Database\MySQLi\Connection.php:306
Stack trace:
#0 C:\laragon\www\coffee\system\Database\MySQLi\Connection.php(306): mysqli->query('INSERT INTO `us...', 0)
#1 C:\laragon\www\coffee\system\Database\BaseConnection.php(692): CodeIgniter\Database\MySQLi\Connection->execute('INSERT INTO `us...')
#2 C:\laragon\www\coffee\system\Database\BaseConnection.php(606): CodeIgniter\Database\BaseConnection->simpleQuery('INSERT INTO `us...')
#3 C:\laragon\www\coffee\system\Database\BaseBuilder.php(2308): CodeIgniter\Database\BaseConnection->query('INSERT INTO `us...', Array, false)
#4 C:\laragon\www\coffee\system\Model.php(319): CodeIgniter\Database\BaseBuilder->insert()
#5 C:\laragon\www\coffee\system\BaseModel.php(788): CodeIgniter\Model->doInsert(Array)
#6 C:\laragon\www\coffee\system\Model.php(715): CodeIgniter\BaseModel->insert(Array, true)
#7 C:\laragon\www\coffee\app\Models\UserModel.php(62): CodeIgniter\Model->insert(Array)
#8 C:\laragon\www\coffee\app\Controllers\AdminController.php(2135): App\Models\UserModel->insertUserData(Array)
#9 C:\laragon\www\coffee\system\CodeIgniter.php(919): App\Controllers\AdminController->googleAuthLogin()
#10 C:\laragon\www\coffee\system\CodeIgniter.php(494): CodeIgniter\CodeIgniter->runController(Object(App\Controllers\AdminController))
#11 C:\laragon\www\coffee\system\CodeIgniter.php(353): CodeIgniter\CodeIgniter->handleRequest(NULL, Object(Config\Cache), false)
#12 C:\laragon\www\coffee\public\index.php(79): CodeIgniter\CodeIgniter->run()
#13 C:\laragon\www\coffee\system\Commands\Server\rewrite.php(47): require_once('C:\\laragon\\www\\...')
#14 {main}
CRITICAL - 2024-06-05 11:34:51 --> Column 'LastName' cannot be null
in SYSTEMPATH\Database\BaseConnection.php on line 646.
 1 SYSTEMPATH\Database\BaseBuilder.php(2308): CodeIgniter\Database\BaseConnection->query('INSERT INTO `user` (`code`, `FirstName`, `LastName`, `email`) VALUES (:code:, :FirstName:, :LastName:, :email:)', [...], false)
 2 SYSTEMPATH\Model.php(319): CodeIgniter\Database\BaseBuilder->insert()
 3 SYSTEMPATH\BaseModel.php(788): CodeIgniter\Model->doInsert([...])
 4 SYSTEMPATH\Model.php(715): CodeIgniter\BaseModel->insert([...], true)
 5 APPPATH\Models\UserModel.php(62): CodeIgniter\Model->insert([...])
 6 APPPATH\Controllers\AdminController.php(2135): App\Models\UserModel->insertUserData([...])
 7 SYSTEMPATH\CodeIgniter.php(919): App\Controllers\AdminController->googleAuthLogin()
 8 SYSTEMPATH\CodeIgniter.php(494): CodeIgniter\CodeIgniter->runController(Object(App\Controllers\AdminController))
 9 SYSTEMPATH\CodeIgniter.php(353): CodeIgniter\CodeIgniter->handleRequest(null, Object(Config\Cache), false)
10 FCPATH\index.php(79): CodeIgniter\CodeIgniter->run()
11 SYSTEMPATH\Commands\Server\rewrite.php(47): require_once('C:\\laragon\\www\\coffee\\public\\index.php')
CRITICAL - 2024-06-05 11:35:18 --> Client error: `POST https://oauth2.googleapis.com/token` resulted in a `400 Bad Request` response:
{
  "error": "invalid_grant",
  "error_description": "Bad Request"
}

in APPPATH\Libraries\vendor\guzzlehttp\guzzle\src\Exception\RequestException.php on line 113.
 1 APPPATH\Libraries\vendor\guzzlehttp\guzzle\src\Middleware.php(72): GuzzleHttp\Exception\RequestException::create(Object(GuzzleHttp\Psr7\Request), Object(GuzzleHttp\Psr7\Response), null, [], null)
 2 APPPATH\Libraries\vendor\guzzlehttp\promises\src\Promise.php(209): GuzzleHttp\Middleware::GuzzleHttp\{closure}(Object(GuzzleHttp\Psr7\Response))
 3 APPPATH\Libraries\vendor\guzzlehttp\promises\src\Promise.php(158): GuzzleHttp\Promise\Promise::callHandler(1, Object(GuzzleHttp\Psr7\Response), null)
 4 APPPATH\Libraries\vendor\guzzlehttp\promises\src\TaskQueue.php(52): GuzzleHttp\Promise\Promise::GuzzleHttp\Promise\{closure}()
 5 APPPATH\Libraries\vendor\guzzlehttp\promises\src\Promise.php(251): GuzzleHttp\Promise\TaskQueue->run(true)
 6 APPPATH\Libraries\vendor\guzzlehttp\promises\src\Promise.php(227): GuzzleHttp\Promise\Promise->invokeWaitFn()
 7 APPPATH\Libraries\vendor\guzzlehttp\promises\src\Promise.php(272): GuzzleHttp\Promise\Promise->waitIfPending()
 8 APPPATH\Libraries\vendor\guzzlehttp\promises\src\Promise.php(229): GuzzleHttp\Promise\Promise->invokeWaitList()
 9 APPPATH\Libraries\vendor\guzzlehttp\promises\src\Promise.php(69): GuzzleHttp\Promise\Promise->waitIfPending()
10 APPPATH\Libraries\vendor\guzzlehttp\guzzle\src\Client.php(124): GuzzleHttp\Promise\Promise->wait()
11 APPPATH\Libraries\vendor\google\auth\src\HttpHandler\Guzzle6HttpHandler.php(47): GuzzleHttp\Client->send(Object(GuzzleHttp\Psr7\Request), [...])
12 APPPATH\Libraries\vendor\google\auth\src\OAuth2.php(551): Google\Auth\HttpHandler\Guzzle6HttpHandler->__invoke(Object(GuzzleHttp\Psr7\Request))
13 APPPATH\Libraries\vendor\google\apiclient\src\Google\Client.php(215): Google\Auth\OAuth2->fetchAuthToken(Object(Google\Auth\HttpHandler\Guzzle7HttpHandler))
14 APPPATH\Controllers\AdminController.php(2101): Google_Client->fetchAccessTokenWithAuthCode('4/0AdLIrYfVYJR91orWyEFTmJkkYbS7wySIyCKCtKOjmb0yUwYkafVk8rUEJkI32C-gLaYhyg')
15 SYSTEMPATH\CodeIgniter.php(919): App\Controllers\AdminController->googleAuthLogin()
16 SYSTEMPATH\CodeIgniter.php(494): CodeIgniter\CodeIgniter->runController(Object(App\Controllers\AdminController))
17 SYSTEMPATH\CodeIgniter.php(353): CodeIgniter\CodeIgniter->handleRequest(null, Object(Config\Cache), false)
18 FCPATH\index.php(79): CodeIgniter\CodeIgniter->run()
19 SYSTEMPATH\Commands\Server\rewrite.php(47): require_once('C:\\laragon\\www\\coffee\\public\\index.php')
ERROR - 2024-06-05 11:35:25 --> mysqli_sql_exception: Column 'LastName' cannot be null in C:\laragon\www\coffee\system\Database\MySQLi\Connection.php:306
Stack trace:
#0 C:\laragon\www\coffee\system\Database\MySQLi\Connection.php(306): mysqli->query('INSERT INTO `us...', 0)
#1 C:\laragon\www\coffee\system\Database\BaseConnection.php(692): CodeIgniter\Database\MySQLi\Connection->execute('INSERT INTO `us...')
#2 C:\laragon\www\coffee\system\Database\BaseConnection.php(606): CodeIgniter\Database\BaseConnection->simpleQuery('INSERT INTO `us...')
#3 C:\laragon\www\coffee\system\Database\BaseBuilder.php(2308): CodeIgniter\Database\BaseConnection->query('INSERT INTO `us...', Array, false)
#4 C:\laragon\www\coffee\system\Model.php(319): CodeIgniter\Database\BaseBuilder->insert()
#5 C:\laragon\www\coffee\system\BaseModel.php(788): CodeIgniter\Model->doInsert(Array)
#6 C:\laragon\www\coffee\system\Model.php(715): CodeIgniter\BaseModel->insert(Array, true)
#7 C:\laragon\www\coffee\app\Models\UserModel.php(62): CodeIgniter\Model->insert(Array)
#8 C:\laragon\www\coffee\app\Controllers\AdminController.php(2134): App\Models\UserModel->insertUserData(Array)
#9 C:\laragon\www\coffee\system\CodeIgniter.php(919): App\Controllers\AdminController->googleAuthLogin()
#10 C:\laragon\www\coffee\system\CodeIgniter.php(494): CodeIgniter\CodeIgniter->runController(Object(App\Controllers\AdminController))
#11 C:\laragon\www\coffee\system\CodeIgniter.php(353): CodeIgniter\CodeIgniter->handleRequest(NULL, Object(Config\Cache), false)
#12 C:\laragon\www\coffee\public\index.php(79): CodeIgniter\CodeIgniter->run()
#13 C:\laragon\www\coffee\system\Commands\Server\rewrite.php(47): require_once('C:\\laragon\\www\\...')
#14 {main}
CRITICAL - 2024-06-05 11:35:25 --> Column 'LastName' cannot be null
in SYSTEMPATH\Database\BaseConnection.php on line 646.
 1 SYSTEMPATH\Database\BaseBuilder.php(2308): CodeIgniter\Database\BaseConnection->query('INSERT INTO `user` (`code`, `FirstName`, `LastName`, `email`) VALUES (:code:, :FirstName:, :LastName:, :email:)', [...], false)
 2 SYSTEMPATH\Model.php(319): CodeIgniter\Database\BaseBuilder->insert()
 3 SYSTEMPATH\BaseModel.php(788): CodeIgniter\Model->doInsert([...])
 4 SYSTEMPATH\Model.php(715): CodeIgniter\BaseModel->insert([...], true)
 5 APPPATH\Models\UserModel.php(62): CodeIgniter\Model->insert([...])
 6 APPPATH\Controllers\AdminController.php(2134): App\Models\UserModel->insertUserData([...])
 7 SYSTEMPATH\CodeIgniter.php(919): App\Controllers\AdminController->googleAuthLogin()
 8 SYSTEMPATH\CodeIgniter.php(494): CodeIgniter\CodeIgniter->runController(Object(App\Controllers\AdminController))
 9 SYSTEMPATH\CodeIgniter.php(353): CodeIgniter\CodeIgniter->handleRequest(null, Object(Config\Cache), false)
10 FCPATH\index.php(79): CodeIgniter\CodeIgniter->run()
11 SYSTEMPATH\Commands\Server\rewrite.php(47): require_once('C:\\laragon\\www\\coffee\\public\\index.php')
CRITICAL - 2024-06-05 11:35:37 --> There is no data to update.
in SYSTEMPATH\BaseModel.php on line 1724.
 1 SYSTEMPATH\BaseModel.php(1724): CodeIgniter\Database\Exceptions\DataException::forEmptyDataset('update')
 2 SYSTEMPATH\BaseModel.php(916): CodeIgniter\BaseModel->transformDataToArray(null, 'update')
 3 SYSTEMPATH\Model.php(776): CodeIgniter\BaseModel->update([...], null)
 4 APPPATH\Models\UserModel.php(57): CodeIgniter\Model->update('114958375415236566219')
 5 APPPATH\Controllers\AdminController.php(2122): App\Models\UserModel->updateUserData('114958375415236566219', [...])
 6 SYSTEMPATH\CodeIgniter.php(919): App\Controllers\AdminController->googleAuthLogin()
 7 SYSTEMPATH\CodeIgniter.php(494): CodeIgniter\CodeIgniter->runController(Object(App\Controllers\AdminController))
 8 SYSTEMPATH\CodeIgniter.php(353): CodeIgniter\CodeIgniter->handleRequest(null, Object(Config\Cache), false)
 9 FCPATH\index.php(79): CodeIgniter\CodeIgniter->run()
10 SYSTEMPATH\Commands\Server\rewrite.php(47): require_once('C:\\laragon\\www\\coffee\\public\\index.php')
CRITICAL - 2024-06-05 11:36:14 --> Client error: `POST https://oauth2.googleapis.com/token` resulted in a `400 Bad Request` response:
{
  "error": "invalid_grant",
  "error_description": "Bad Request"
}

in APPPATH\Libraries\vendor\guzzlehttp\guzzle\src\Exception\RequestException.php on line 113.
 1 APPPATH\Libraries\vendor\guzzlehttp\guzzle\src\Middleware.php(72): GuzzleHttp\Exception\RequestException::create(Object(GuzzleHttp\Psr7\Request), Object(GuzzleHttp\Psr7\Response), null, [], null)
 2 APPPATH\Libraries\vendor\guzzlehttp\promises\src\Promise.php(209): GuzzleHttp\Middleware::GuzzleHttp\{closure}(Object(GuzzleHttp\Psr7\Response))
 3 APPPATH\Libraries\vendor\guzzlehttp\promises\src\Promise.php(158): GuzzleHttp\Promise\Promise::callHandler(1, Object(GuzzleHttp\Psr7\Response), null)
 4 APPPATH\Libraries\vendor\guzzlehttp\promises\src\TaskQueue.php(52): GuzzleHttp\Promise\Promise::GuzzleHttp\Promise\{closure}()
 5 APPPATH\Libraries\vendor\guzzlehttp\promises\src\Promise.php(251): GuzzleHttp\Promise\TaskQueue->run(true)
 6 APPPATH\Libraries\vendor\guzzlehttp\promises\src\Promise.php(227): GuzzleHttp\Promise\Promise->invokeWaitFn()
 7 APPPATH\Libraries\vendor\guzzlehttp\promises\src\Promise.php(272): GuzzleHttp\Promise\Promise->waitIfPending()
 8 APPPATH\Libraries\vendor\guzzlehttp\promises\src\Promise.php(229): GuzzleHttp\Promise\Promise->invokeWaitList()
 9 APPPATH\Libraries\vendor\guzzlehttp\promises\src\Promise.php(69): GuzzleHttp\Promise\Promise->waitIfPending()
10 APPPATH\Libraries\vendor\guzzlehttp\guzzle\src\Client.php(124): GuzzleHttp\Promise\Promise->wait()
11 APPPATH\Libraries\vendor\google\auth\src\HttpHandler\Guzzle6HttpHandler.php(47): GuzzleHttp\Client->send(Object(GuzzleHttp\Psr7\Request), [...])
12 APPPATH\Libraries\vendor\google\auth\src\OAuth2.php(551): Google\Auth\HttpHandler\Guzzle6HttpHandler->__invoke(Object(GuzzleHttp\Psr7\Request))
13 APPPATH\Libraries\vendor\google\apiclient\src\Google\Client.php(215): Google\Auth\OAuth2->fetchAuthToken(Object(Google\Auth\HttpHandler\Guzzle7HttpHandler))
14 APPPATH\Controllers\AdminController.php(2101): Google_Client->fetchAccessTokenWithAuthCode('4/0AdLIrYeXMsA32FIG4Jt4Ixvou5ZG6loF9Sh5DtxBb73iu3JvC84L1OhH9wjMhQvqhz12Rw')
15 SYSTEMPATH\CodeIgniter.php(919): App\Controllers\AdminController->googleAuthLogin()
16 SYSTEMPATH\CodeIgniter.php(494): CodeIgniter\CodeIgniter->runController(Object(App\Controllers\AdminController))
17 SYSTEMPATH\CodeIgniter.php(353): CodeIgniter\CodeIgniter->handleRequest(null, Object(Config\Cache), false)
18 FCPATH\index.php(79): CodeIgniter\CodeIgniter->run()
19 SYSTEMPATH\Commands\Server\rewrite.php(47): require_once('C:\\laragon\\www\\coffee\\public\\index.php')
CRITICAL - 2024-06-05 11:36:24 --> CodeIgniter\BaseModel::transformDataToArray(): Return value must be of type array, string returned
in SYSTEMPATH\BaseModel.php on line 1750.
 1 SYSTEMPATH\BaseModel.php(916): CodeIgniter\BaseModel->transformDataToArray('114958375415236566219', 'update')
 2 SYSTEMPATH\Model.php(776): CodeIgniter\BaseModel->update([...], '114958375415236566219')
 3 APPPATH\Models\UserModel.php(57): CodeIgniter\Model->update([...], '114958375415236566219')
 4 APPPATH\Controllers\AdminController.php(2122): App\Models\UserModel->updateUserData('114958375415236566219', [...])
 5 SYSTEMPATH\CodeIgniter.php(919): App\Controllers\AdminController->googleAuthLogin()
 6 SYSTEMPATH\CodeIgniter.php(494): CodeIgniter\CodeIgniter->runController(Object(App\Controllers\AdminController))
 7 SYSTEMPATH\CodeIgniter.php(353): CodeIgniter\CodeIgniter->handleRequest(null, Object(Config\Cache), false)
 8 FCPATH\index.php(79): CodeIgniter\CodeIgniter->run()
 9 SYSTEMPATH\Commands\Server\rewrite.php(47): require_once('C:\\laragon\\www\\coffee\\public\\index.php')
CRITICAL - 2024-06-05 11:36:33 --> Client error: `POST https://oauth2.googleapis.com/token` resulted in a `400 Bad Request` response:
{
  "error": "invalid_grant",
  "error_description": "Bad Request"
}

in APPPATH\Libraries\vendor\guzzlehttp\guzzle\src\Exception\RequestException.php on line 113.
 1 APPPATH\Libraries\vendor\guzzlehttp\guzzle\src\Middleware.php(72): GuzzleHttp\Exception\RequestException::create(Object(GuzzleHttp\Psr7\Request), Object(GuzzleHttp\Psr7\Response), null, [], null)
 2 APPPATH\Libraries\vendor\guzzlehttp\promises\src\Promise.php(209): GuzzleHttp\Middleware::GuzzleHttp\{closure}(Object(GuzzleHttp\Psr7\Response))
 3 APPPATH\Libraries\vendor\guzzlehttp\promises\src\Promise.php(158): GuzzleHttp\Promise\Promise::callHandler(1, Object(GuzzleHttp\Psr7\Response), null)
 4 APPPATH\Libraries\vendor\guzzlehttp\promises\src\TaskQueue.php(52): GuzzleHttp\Promise\Promise::GuzzleHttp\Promise\{closure}()
 5 APPPATH\Libraries\vendor\guzzlehttp\promises\src\Promise.php(251): GuzzleHttp\Promise\TaskQueue->run(true)
 6 APPPATH\Libraries\vendor\guzzlehttp\promises\src\Promise.php(227): GuzzleHttp\Promise\Promise->invokeWaitFn()
 7 APPPATH\Libraries\vendor\guzzlehttp\promises\src\Promise.php(272): GuzzleHttp\Promise\Promise->waitIfPending()
 8 APPPATH\Libraries\vendor\guzzlehttp\promises\src\Promise.php(229): GuzzleHttp\Promise\Promise->invokeWaitList()
 9 APPPATH\Libraries\vendor\guzzlehttp\promises\src\Promise.php(69): GuzzleHttp\Promise\Promise->waitIfPending()
10 APPPATH\Libraries\vendor\guzzlehttp\guzzle\src\Client.php(124): GuzzleHttp\Promise\Promise->wait()
11 APPPATH\Libraries\vendor\google\auth\src\HttpHandler\Guzzle6HttpHandler.php(47): GuzzleHttp\Client->send(Object(GuzzleHttp\Psr7\Request), [...])
12 APPPATH\Libraries\vendor\google\auth\src\OAuth2.php(551): Google\Auth\HttpHandler\Guzzle6HttpHandler->__invoke(Object(GuzzleHttp\Psr7\Request))
13 APPPATH\Libraries\vendor\google\apiclient\src\Google\Client.php(215): Google\Auth\OAuth2->fetchAuthToken(Object(Google\Auth\HttpHandler\Guzzle7HttpHandler))
14 APPPATH\Controllers\AdminController.php(2101): Google_Client->fetchAccessTokenWithAuthCode('4/0AdLIrYd8X6AGoeKriIz6qNrsOQ-jBCReIsd1o5rMjYYtA8zl3fAbm3g2T5QvDx21My2YZw')
15 SYSTEMPATH\CodeIgniter.php(919): App\Controllers\AdminController->googleAuthLogin()
16 SYSTEMPATH\CodeIgniter.php(494): CodeIgniter\CodeIgniter->runController(Object(App\Controllers\AdminController))
17 SYSTEMPATH\CodeIgniter.php(353): CodeIgniter\CodeIgniter->handleRequest(null, Object(Config\Cache), false)
18 FCPATH\index.php(79): CodeIgniter\CodeIgniter->run()
19 SYSTEMPATH\Commands\Server\rewrite.php(47): require_once('C:\\laragon\\www\\coffee\\public\\index.php')
CRITICAL - 2024-06-05 11:36:51 --> CodeIgniter\BaseModel::transformDataToArray(): Return value must be of type array, string returned
in SYSTEMPATH\BaseModel.php on line 1750.
 1 SYSTEMPATH\BaseModel.php(916): CodeIgniter\BaseModel->transformDataToArray('114958375415236566219', 'update')
 2 SYSTEMPATH\Model.php(776): CodeIgniter\BaseModel->update([...], '114958375415236566219')
 3 APPPATH\Models\UserModel.php(57): CodeIgniter\Model->update([...], '114958375415236566219')
 4 APPPATH\Controllers\AdminController.php(2122): App\Models\UserModel->updateUserData('114958375415236566219', [...])
 5 SYSTEMPATH\CodeIgniter.php(919): App\Controllers\AdminController->googleAuthLogin()
 6 SYSTEMPATH\CodeIgniter.php(494): CodeIgniter\CodeIgniter->runController(Object(App\Controllers\AdminController))
 7 SYSTEMPATH\CodeIgniter.php(353): CodeIgniter\CodeIgniter->handleRequest(null, Object(Config\Cache), false)
 8 FCPATH\index.php(79): CodeIgniter\CodeIgniter->run()
 9 SYSTEMPATH\Commands\Server\rewrite.php(47): require_once('C:\\laragon\\www\\coffee\\public\\index.php')
CRITICAL - 2024-06-05 11:38:46 --> App\Models\UserModel::updateUserData(): Argument #1 ($userdata) must be of type array, string given, called in C:\laragon\www\coffee\app\Controllers\AdminController.php on line 2122
in APPPATH\Models\UserModel.php on line 55.
 1 APPPATH\Controllers\AdminController.php(2122): App\Models\UserModel->updateUserData('114958375415236566219', [...])
 2 SYSTEMPATH\CodeIgniter.php(919): App\Controllers\AdminController->googleAuthLogin()
 3 SYSTEMPATH\CodeIgniter.php(494): CodeIgniter\CodeIgniter->runController(Object(App\Controllers\AdminController))
 4 SYSTEMPATH\CodeIgniter.php(353): CodeIgniter\CodeIgniter->handleRequest(null, Object(Config\Cache), false)
 5 FCPATH\index.php(79): CodeIgniter\CodeIgniter->run()
 6 SYSTEMPATH\Commands\Server\rewrite.php(47): require_once('C:\\laragon\\www\\coffee\\public\\index.php')
CRITICAL - 2024-06-05 11:39:05 --> There is no data to update.
in SYSTEMPATH\BaseModel.php on line 930.
 1 SYSTEMPATH\BaseModel.php(930): CodeIgniter\Database\Exceptions\DataException::forEmptyDataset('update')
 2 SYSTEMPATH\Model.php(776): CodeIgniter\BaseModel->update(null, [])
 3 APPPATH\Models\UserModel.php(57): CodeIgniter\Model->update()
 4 APPPATH\Controllers\AdminController.php(2122): App\Models\UserModel->updateUserData('114958375415236566219', [...])
 5 SYSTEMPATH\CodeIgniter.php(919): App\Controllers\AdminController->googleAuthLogin()
 6 SYSTEMPATH\CodeIgniter.php(494): CodeIgniter\CodeIgniter->runController(Object(App\Controllers\AdminController))
 7 SYSTEMPATH\CodeIgniter.php(353): CodeIgniter\CodeIgniter->handleRequest(null, Object(Config\Cache), false)
 8 FCPATH\index.php(79): CodeIgniter\CodeIgniter->run()
 9 SYSTEMPATH\Commands\Server\rewrite.php(47): require_once('C:\\laragon\\www\\coffee\\public\\index.php')
