<<<<<<< Updated upstream
ERROR - 2024-04-04 02:00:51 --> Error connecting to the database: mysqli_sql_exception: Access denied for user 'root'@'localhost' (using password: NO) in C:\laragon\www\coffee\system\Database\MySQLi\Connection.php:185
=======
ERROR - 2024-04-04 12:20:28 --> Error connecting to the database: mysqli_sql_exception: No connection could be made because the target machine actively refused it in C:\laragon\www\coffee\system\Database\MySQLi\Connection.php:185
Stack trace:
#0 C:\laragon\www\coffee\system\Database\MySQLi\Connection.php(185): mysqli->real_connect('localhost', 'root', '', 'coffeeledgerdb', 3306, '', 0)
#1 C:\laragon\www\coffee\system\Database\BaseConnection.php(391): CodeIgniter\Database\MySQLi\Connection->connect(false)
#2 C:\laragon\www\coffee\system\Database\BaseConnection.php(574): CodeIgniter\Database\BaseConnection->initialize()
#3 C:\laragon\www\coffee\system\Database\BaseBuilder.php(1615): CodeIgniter\Database\BaseConnection->query('SELECT `cart_tb...', Array, false)
#4 C:\laragon\www\coffee\system\Model.php(237): CodeIgniter\Database\BaseBuilder->get()
#5 C:\laragon\www\coffee\system\BaseModel.php(624): CodeIgniter\Model->doFindAll(0, 0)
#6 C:\laragon\www\coffee\app\Controllers\CartController.php(34): CodeIgniter\BaseModel->findAll()
#7 C:\laragon\www\coffee\system\CodeIgniter.php(919): App\Controllers\CartController->home_cart()
#8 C:\laragon\www\coffee\system\CodeIgniter.php(494): CodeIgniter\CodeIgniter->runController(Object(App\Controllers\CartController))
#9 C:\laragon\www\coffee\system\CodeIgniter.php(353): CodeIgniter\CodeIgniter->handleRequest(NULL, Object(Config\Cache), false)
#10 C:\laragon\www\coffee\public\index.php(79): CodeIgniter\CodeIgniter->run()
#11 C:\laragon\www\coffee\system\Commands\Server\rewrite.php(47): require_once('C:\\laragon\\www\\...')
#12 {main}

Next CodeIgniter\Database\Exceptions\DatabaseException: No connection could be made because the target machine actively refused it in C:\laragon\www\coffee\system\Database\MySQLi\Connection.php:229
Stack trace:
#0 C:\laragon\www\coffee\system\Database\BaseConnection.php(391): CodeIgniter\Database\MySQLi\Connection->connect(false)
#1 C:\laragon\www\coffee\system\Database\BaseConnection.php(574): CodeIgniter\Database\BaseConnection->initialize()
#2 C:\laragon\www\coffee\system\Database\BaseBuilder.php(1615): CodeIgniter\Database\BaseConnection->query('SELECT `cart_tb...', Array, false)
#3 C:\laragon\www\coffee\system\Model.php(237): CodeIgniter\Database\BaseBuilder->get()
#4 C:\laragon\www\coffee\system\BaseModel.php(624): CodeIgniter\Model->doFindAll(0, 0)
#5 C:\laragon\www\coffee\app\Controllers\CartController.php(34): CodeIgniter\BaseModel->findAll()
#6 C:\laragon\www\coffee\system\CodeIgniter.php(919): App\Controllers\CartController->home_cart()
#7 C:\laragon\www\coffee\system\CodeIgniter.php(494): CodeIgniter\CodeIgniter->runController(Object(App\Controllers\CartController))
#8 C:\laragon\www\coffee\system\CodeIgniter.php(353): CodeIgniter\CodeIgniter->handleRequest(NULL, Object(Config\Cache), false)
#9 C:\laragon\www\coffee\public\index.php(79): CodeIgniter\CodeIgniter->run()
#10 C:\laragon\www\coffee\system\Commands\Server\rewrite.php(47): require_once('C:\\laragon\\www\\...')
#11 {main}
CRITICAL - 2024-04-04 12:20:28 --> Unable to connect to the database.
Main connection [MySQLi]: No connection could be made because the target machine actively refused it
in SYSTEMPATH\Database\BaseConnection.php on line 427.
 1 SYSTEMPATH\Database\BaseConnection.php(574): CodeIgniter\Database\BaseConnection->initialize()
 2 SYSTEMPATH\Database\BaseBuilder.php(1615): CodeIgniter\Database\BaseConnection->query('SELECT `cart_tbl`.`id`, `cart_tbl`.`size`, `cart_tbl`.`ProductID`, `cart_tbl`.`CustomerID`, `cart_tbl`.`total`, `cart_tbl`.`quantity`, `product_tbl`.`prod_id`, `product_tbl`.`prod_img`, `product_tbl`.`prod_name`, `product_tbl`.`prod_mprice`, `product_tbl`.`product_status`, `product_tbl`.`prod_lprice`
FROM `cart_tbl`
JOIN `product_tbl` ON `product_tbl`.`prod_id` = `cart_tbl`.`ProductID`
WHERE `cart_tbl`.`CustomerID` = :cart_tbl.CustomerID:', [...], false)
 3 SYSTEMPATH\Model.php(237): CodeIgniter\Database\BaseBuilder->get()
 4 SYSTEMPATH\BaseModel.php(624): CodeIgniter\Model->doFindAll(0, 0)
 5 APPPATH\Controllers\CartController.php(34): CodeIgniter\BaseModel->findAll()
 6 SYSTEMPATH\CodeIgniter.php(919): App\Controllers\CartController->home_cart()
 7 SYSTEMPATH\CodeIgniter.php(494): CodeIgniter\CodeIgniter->runController(Object(App\Controllers\CartController))
 8 SYSTEMPATH\CodeIgniter.php(353): CodeIgniter\CodeIgniter->handleRequest(null, Object(Config\Cache), false)
 9 FCPATH\index.php(79): CodeIgniter\CodeIgniter->run()
10 SYSTEMPATH\Commands\Server\rewrite.php(47): require_once('C:\\laragon\\www\\coffee\\public\\index.php')
ERROR - 2024-04-04 12:20:34 --> Error connecting to the database: mysqli_sql_exception: No connection could be made because the target machine actively refused it in C:\laragon\www\coffee\system\Database\MySQLi\Connection.php:185
>>>>>>> Stashed changes
Stack trace:
#0 C:\laragon\www\coffee\system\Database\MySQLi\Connection.php(185): mysqli->real_connect('localhost', 'root', '', 'coffeeledgerdb', 3306, '', 0)
#1 C:\laragon\www\coffee\system\Database\BaseConnection.php(391): CodeIgniter\Database\MySQLi\Connection->connect(false)
#2 C:\laragon\www\coffee\system\Database\BaseConnection.php(574): CodeIgniter\Database\BaseConnection->initialize()
#3 C:\laragon\www\coffee\system\Database\BaseBuilder.php(1615): CodeIgniter\Database\BaseConnection->query('SELECT Count(si...', Array, false)
#4 C:\laragon\www\coffee\system\Model.php(264): CodeIgniter\Database\BaseBuilder->get()
#5 C:\laragon\www\coffee\system\BaseModel.php(662): CodeIgniter\Model->doFirst()
#6 C:\laragon\www\coffee\app\Controllers\UserController.php(120): CodeIgniter\BaseModel->first()
#7 C:\laragon\www\coffee\system\CodeIgniter.php(919): App\Controllers\UserController->home()
#8 C:\laragon\www\coffee\system\CodeIgniter.php(494): CodeIgniter\CodeIgniter->runController(Object(App\Controllers\UserController))
#9 C:\laragon\www\coffee\system\CodeIgniter.php(353): CodeIgniter\CodeIgniter->handleRequest(NULL, Object(Config\Cache), false)
#10 C:\laragon\www\coffee\public\index.php(79): CodeIgniter\CodeIgniter->run()
#11 C:\laragon\www\coffee\system\Commands\Server\rewrite.php(47): require_once('C:\\laragon\\www\\...')
#12 {main}

<<<<<<< Updated upstream
Next CodeIgniter\Database\Exceptions\DatabaseException: Access denied for user '****'@'localhost' (using password: NO) in C:\laragon\www\coffee\system\Database\MySQLi\Connection.php:229
=======
Next CodeIgniter\Database\Exceptions\DatabaseException: No connection could be made because the target machine actively refused it in C:\laragon\www\coffee\system\Database\MySQLi\Connection.php:229
>>>>>>> Stashed changes
Stack trace:
#0 C:\laragon\www\coffee\system\Database\BaseConnection.php(391): CodeIgniter\Database\MySQLi\Connection->connect(false)
#1 C:\laragon\www\coffee\system\Database\BaseConnection.php(574): CodeIgniter\Database\BaseConnection->initialize()
#2 C:\laragon\www\coffee\system\Database\BaseBuilder.php(1615): CodeIgniter\Database\BaseConnection->query('SELECT Count(si...', Array, false)
#3 C:\laragon\www\coffee\system\Model.php(264): CodeIgniter\Database\BaseBuilder->get()
#4 C:\laragon\www\coffee\system\BaseModel.php(662): CodeIgniter\Model->doFirst()
#5 C:\laragon\www\coffee\app\Controllers\UserController.php(120): CodeIgniter\BaseModel->first()
#6 C:\laragon\www\coffee\system\CodeIgniter.php(919): App\Controllers\UserController->home()
#7 C:\laragon\www\coffee\system\CodeIgniter.php(494): CodeIgniter\CodeIgniter->runController(Object(App\Controllers\UserController))
#8 C:\laragon\www\coffee\system\CodeIgniter.php(353): CodeIgniter\CodeIgniter->handleRequest(NULL, Object(Config\Cache), false)
#9 C:\laragon\www\coffee\public\index.php(79): CodeIgniter\CodeIgniter->run()
#10 C:\laragon\www\coffee\system\Commands\Server\rewrite.php(47): require_once('C:\\laragon\\www\\...')
#11 {main}
<<<<<<< Updated upstream
CRITICAL - 2024-04-04 02:00:51 --> Unable to connect to the database.
Main connection [MySQLi]: Access denied for user '****'@'localhost' (using password: NO)
=======
CRITICAL - 2024-04-04 12:20:34 --> Unable to connect to the database.
Main connection [MySQLi]: No connection could be made because the target machine actively refused it
>>>>>>> Stashed changes
in SYSTEMPATH\Database\BaseConnection.php on line 427.
 1 SYSTEMPATH\Database\BaseConnection.php(574): CodeIgniter\Database\BaseConnection->initialize()
 2 SYSTEMPATH\Database\BaseBuilder.php(1615): CodeIgniter\Database\BaseConnection->query('SELECT Count(size)
FROM `cart_tbl`
WHERE `CustomerID` = :CustomerID:
 LIMIT 1', [...], false)
 3 SYSTEMPATH\Model.php(264): CodeIgniter\Database\BaseBuilder->get()
 4 SYSTEMPATH\BaseModel.php(662): CodeIgniter\Model->doFirst()
 5 APPPATH\Controllers\UserController.php(120): CodeIgniter\BaseModel->first()
 6 SYSTEMPATH\CodeIgniter.php(919): App\Controllers\UserController->home()
 7 SYSTEMPATH\CodeIgniter.php(494): CodeIgniter\CodeIgniter->runController(Object(App\Controllers\UserController))
 8 SYSTEMPATH\CodeIgniter.php(353): CodeIgniter\CodeIgniter->handleRequest(null, Object(Config\Cache), false)
 9 FCPATH\index.php(79): CodeIgniter\CodeIgniter->run()
10 SYSTEMPATH\Commands\Server\rewrite.php(47): require_once('C:\\laragon\\www\\coffee\\public\\index.php')
<<<<<<< Updated upstream
CRITICAL - 2024-04-04 04:30:17 --> Call to undefined function incluce()
in APPPATH\Views\admin\paymentoforders.php on line 2.
 1 SYSTEMPATH\View\View.php(226): include()
 2 SYSTEMPATH\View\View.php(229): CodeIgniter\View\View->CodeIgniter\View\{closure}()
 3 SYSTEMPATH\Common.php(1188): CodeIgniter\View\View->render('/admin/paymentoforders', [], true)
 4 APPPATH\Controllers\AdminController.php(76): view('/admin/paymentoforders', [...])
 5 SYSTEMPATH\CodeIgniter.php(919): App\Controllers\AdminController->orderpayment()
 6 SYSTEMPATH\CodeIgniter.php(494): CodeIgniter\CodeIgniter->runController(Object(App\Controllers\AdminController))
 7 SYSTEMPATH\CodeIgniter.php(353): CodeIgniter\CodeIgniter->handleRequest(null, Object(Config\Cache), false)
 8 FCPATH\index.php(79): CodeIgniter\CodeIgniter->run()
 9 SYSTEMPATH\Commands\Server\rewrite.php(47): require_once('C:\\laragon\\www\\coffee\\public\\index.php')
CRITICAL - 2024-04-04 04:30:27 --> include(paymentoforders): Failed to open stream: No such file or directory
in APPPATH\Views\admin\paymentoforders.php on line 2.
 1 APPPATH\Views\admin\paymentoforders.php(2): CodeIgniter\Debug\Exceptions->errorHandler(2, 'include(paymentoforders): Failed to open stream: No such file or directory', 'C:\\laragon\\www\\coffee\\app\\Views\\admin\\paymentoforders.php', 2)
 2 APPPATH\Views\admin\paymentoforders.php(2): include()
 3 SYSTEMPATH\View\View.php(226): include('C:\\laragon\\www\\coffee\\app\\Views\\admin\\paymentoforders.php')
 4 SYSTEMPATH\View\View.php(229): CodeIgniter\View\View->CodeIgniter\View\{closure}()
 5 SYSTEMPATH\Common.php(1188): CodeIgniter\View\View->render('/admin/paymentoforders', [], true)
 6 APPPATH\Controllers\AdminController.php(76): view('/admin/paymentoforders', [...])
 7 SYSTEMPATH\CodeIgniter.php(919): App\Controllers\AdminController->orderpayment()
 8 SYSTEMPATH\CodeIgniter.php(494): CodeIgniter\CodeIgniter->runController(Object(App\Controllers\AdminController))
 9 SYSTEMPATH\CodeIgniter.php(353): CodeIgniter\CodeIgniter->handleRequest(null, Object(Config\Cache), false)
10 FCPATH\index.php(79): CodeIgniter\CodeIgniter->run()
11 SYSTEMPATH\Commands\Server\rewrite.php(47): require_once('C:\\laragon\\www\\coffee\\public\\index.php')
CRITICAL - 2024-04-04 04:30:28 --> include(paymentoforders): Failed to open stream: No such file or directory
in APPPATH\Views\admin\paymentoforders.php on line 2.
 1 APPPATH\Views\admin\paymentoforders.php(2): CodeIgniter\Debug\Exceptions->errorHandler(2, 'include(paymentoforders): Failed to open stream: No such file or directory', 'C:\\laragon\\www\\coffee\\app\\Views\\admin\\paymentoforders.php', 2)
 2 APPPATH\Views\admin\paymentoforders.php(2): include()
 3 SYSTEMPATH\View\View.php(226): include('C:\\laragon\\www\\coffee\\app\\Views\\admin\\paymentoforders.php')
 4 SYSTEMPATH\View\View.php(229): CodeIgniter\View\View->CodeIgniter\View\{closure}()
 5 SYSTEMPATH\Common.php(1188): CodeIgniter\View\View->render('/admin/paymentoforders', [], true)
 6 APPPATH\Controllers\AdminController.php(76): view('/admin/paymentoforders', [...])
 7 SYSTEMPATH\CodeIgniter.php(919): App\Controllers\AdminController->orderpayment()
 8 SYSTEMPATH\CodeIgniter.php(494): CodeIgniter\CodeIgniter->runController(Object(App\Controllers\AdminController))
 9 SYSTEMPATH\CodeIgniter.php(353): CodeIgniter\CodeIgniter->handleRequest(null, Object(Config\Cache), false)
10 FCPATH\index.php(79): CodeIgniter\CodeIgniter->run()
11 SYSTEMPATH\Commands\Server\rewrite.php(47): require_once('C:\\laragon\\www\\coffee\\public\\index.php')
CRITICAL - 2024-04-04 04:30:29 --> include(paymentoforders): Failed to open stream: No such file or directory
in APPPATH\Views\admin\paymentoforders.php on line 2.
 1 APPPATH\Views\admin\paymentoforders.php(2): CodeIgniter\Debug\Exceptions->errorHandler(2, 'include(paymentoforders): Failed to open stream: No such file or directory', 'C:\\laragon\\www\\coffee\\app\\Views\\admin\\paymentoforders.php', 2)
 2 APPPATH\Views\admin\paymentoforders.php(2): include()
 3 SYSTEMPATH\View\View.php(226): include('C:\\laragon\\www\\coffee\\app\\Views\\admin\\paymentoforders.php')
 4 SYSTEMPATH\View\View.php(229): CodeIgniter\View\View->CodeIgniter\View\{closure}()
 5 SYSTEMPATH\Common.php(1188): CodeIgniter\View\View->render('/admin/paymentoforders', [], true)
 6 APPPATH\Controllers\AdminController.php(76): view('/admin/paymentoforders', [...])
 7 SYSTEMPATH\CodeIgniter.php(919): App\Controllers\AdminController->orderpayment()
 8 SYSTEMPATH\CodeIgniter.php(494): CodeIgniter\CodeIgniter->runController(Object(App\Controllers\AdminController))
 9 SYSTEMPATH\CodeIgniter.php(353): CodeIgniter\CodeIgniter->handleRequest(null, Object(Config\Cache), false)
10 FCPATH\index.php(79): CodeIgniter\CodeIgniter->run()
11 SYSTEMPATH\Commands\Server\rewrite.php(47): require_once('C:\\laragon\\www\\coffee\\public\\index.php')
CRITICAL - 2024-04-04 04:30:30 --> include(paymentoforders): Failed to open stream: No such file or directory
in APPPATH\Views\admin\paymentoforders.php on line 2.
 1 APPPATH\Views\admin\paymentoforders.php(2): CodeIgniter\Debug\Exceptions->errorHandler(2, 'include(paymentoforders): Failed to open stream: No such file or directory', 'C:\\laragon\\www\\coffee\\app\\Views\\admin\\paymentoforders.php', 2)
 2 APPPATH\Views\admin\paymentoforders.php(2): include()
 3 SYSTEMPATH\View\View.php(226): include('C:\\laragon\\www\\coffee\\app\\Views\\admin\\paymentoforders.php')
 4 SYSTEMPATH\View\View.php(229): CodeIgniter\View\View->CodeIgniter\View\{closure}()
 5 SYSTEMPATH\Common.php(1188): CodeIgniter\View\View->render('/admin/paymentoforders', [], true)
 6 APPPATH\Controllers\AdminController.php(76): view('/admin/paymentoforders', [...])
 7 SYSTEMPATH\CodeIgniter.php(919): App\Controllers\AdminController->orderpayment()
 8 SYSTEMPATH\CodeIgniter.php(494): CodeIgniter\CodeIgniter->runController(Object(App\Controllers\AdminController))
 9 SYSTEMPATH\CodeIgniter.php(353): CodeIgniter\CodeIgniter->handleRequest(null, Object(Config\Cache), false)
10 FCPATH\index.php(79): CodeIgniter\CodeIgniter->run()
11 SYSTEMPATH\Commands\Server\rewrite.php(47): require_once('C:\\laragon\\www\\coffee\\public\\index.php')
CRITICAL - 2024-04-04 04:30:43 --> include(orderview): Failed to open stream: No such file or directory
in APPPATH\Views\admin\paymentoforders.php on line 2.
 1 APPPATH\Views\admin\paymentoforders.php(2): CodeIgniter\Debug\Exceptions->errorHandler(2, 'include(orderview): Failed to open stream: No such file or directory', 'C:\\laragon\\www\\coffee\\app\\Views\\admin\\paymentoforders.php', 2)
 2 APPPATH\Views\admin\paymentoforders.php(2): include()
 3 SYSTEMPATH\View\View.php(226): include('C:\\laragon\\www\\coffee\\app\\Views\\admin\\paymentoforders.php')
 4 SYSTEMPATH\View\View.php(229): CodeIgniter\View\View->CodeIgniter\View\{closure}()
 5 SYSTEMPATH\Common.php(1188): CodeIgniter\View\View->render('/admin/paymentoforders', [], true)
 6 APPPATH\Controllers\AdminController.php(76): view('/admin/paymentoforders', [...])
 7 SYSTEMPATH\CodeIgniter.php(919): App\Controllers\AdminController->orderpayment()
 8 SYSTEMPATH\CodeIgniter.php(494): CodeIgniter\CodeIgniter->runController(Object(App\Controllers\AdminController))
 9 SYSTEMPATH\CodeIgniter.php(353): CodeIgniter\CodeIgniter->handleRequest(null, Object(Config\Cache), false)
10 FCPATH\index.php(79): CodeIgniter\CodeIgniter->run()
11 SYSTEMPATH\Commands\Server\rewrite.php(47): require_once('C:\\laragon\\www\\coffee\\public\\index.php')
CRITICAL - 2024-04-04 04:30:44 --> include(orderview): Failed to open stream: No such file or directory
in APPPATH\Views\admin\paymentoforders.php on line 2.
 1 APPPATH\Views\admin\paymentoforders.php(2): CodeIgniter\Debug\Exceptions->errorHandler(2, 'include(orderview): Failed to open stream: No such file or directory', 'C:\\laragon\\www\\coffee\\app\\Views\\admin\\paymentoforders.php', 2)
 2 APPPATH\Views\admin\paymentoforders.php(2): include()
 3 SYSTEMPATH\View\View.php(226): include('C:\\laragon\\www\\coffee\\app\\Views\\admin\\paymentoforders.php')
 4 SYSTEMPATH\View\View.php(229): CodeIgniter\View\View->CodeIgniter\View\{closure}()
 5 SYSTEMPATH\Common.php(1188): CodeIgniter\View\View->render('/admin/paymentoforders', [], true)
 6 APPPATH\Controllers\AdminController.php(76): view('/admin/paymentoforders', [...])
 7 SYSTEMPATH\CodeIgniter.php(919): App\Controllers\AdminController->orderpayment()
 8 SYSTEMPATH\CodeIgniter.php(494): CodeIgniter\CodeIgniter->runController(Object(App\Controllers\AdminController))
 9 SYSTEMPATH\CodeIgniter.php(353): CodeIgniter\CodeIgniter->handleRequest(null, Object(Config\Cache), false)
10 FCPATH\index.php(79): CodeIgniter\CodeIgniter->run()
11 SYSTEMPATH\Commands\Server\rewrite.php(47): require_once('C:\\laragon\\www\\coffee\\public\\index.php')
CRITICAL - 2024-04-04 04:30:45 --> include(orderview): Failed to open stream: No such file or directory
in APPPATH\Views\admin\paymentoforders.php on line 2.
 1 APPPATH\Views\admin\paymentoforders.php(2): CodeIgniter\Debug\Exceptions->errorHandler(2, 'include(orderview): Failed to open stream: No such file or directory', 'C:\\laragon\\www\\coffee\\app\\Views\\admin\\paymentoforders.php', 2)
 2 APPPATH\Views\admin\paymentoforders.php(2): include()
 3 SYSTEMPATH\View\View.php(226): include('C:\\laragon\\www\\coffee\\app\\Views\\admin\\paymentoforders.php')
 4 SYSTEMPATH\View\View.php(229): CodeIgniter\View\View->CodeIgniter\View\{closure}()
 5 SYSTEMPATH\Common.php(1188): CodeIgniter\View\View->render('/admin/paymentoforders', [], true)
 6 APPPATH\Controllers\AdminController.php(76): view('/admin/paymentoforders', [...])
 7 SYSTEMPATH\CodeIgniter.php(919): App\Controllers\AdminController->orderpayment()
 8 SYSTEMPATH\CodeIgniter.php(494): CodeIgniter\CodeIgniter->runController(Object(App\Controllers\AdminController))
 9 SYSTEMPATH\CodeIgniter.php(353): CodeIgniter\CodeIgniter->handleRequest(null, Object(Config\Cache), false)
10 FCPATH\index.php(79): CodeIgniter\CodeIgniter->run()
11 SYSTEMPATH\Commands\Server\rewrite.php(47): require_once('C:\\laragon\\www\\coffee\\public\\index.php')
CRITICAL - 2024-04-04 04:30:58 --> Undefined variable $orderview
in APPPATH\Views\admin\orderview.php on line 22.
 1 APPPATH\Views\admin\orderview.php(22): CodeIgniter\Debug\Exceptions->errorHandler(2, 'Undefined variable $orderview', 'C:\\laragon\\www\\coffee\\app\\Views\\admin\\orderview.php', 22)
 2 APPPATH\Views\admin\paymentoforders.php(2): include('C:\\laragon\\www\\coffee\\app\\Views\\admin\\orderview.php')
 3 SYSTEMPATH\View\View.php(226): include('C:\\laragon\\www\\coffee\\app\\Views\\admin\\paymentoforders.php')
 4 SYSTEMPATH\View\View.php(229): CodeIgniter\View\View->CodeIgniter\View\{closure}()
 5 SYSTEMPATH\Common.php(1188): CodeIgniter\View\View->render('/admin/paymentoforders', [], true)
 6 APPPATH\Controllers\AdminController.php(76): view('/admin/paymentoforders', [...])
 7 SYSTEMPATH\CodeIgniter.php(919): App\Controllers\AdminController->orderpayment()
 8 SYSTEMPATH\CodeIgniter.php(494): CodeIgniter\CodeIgniter->runController(Object(App\Controllers\AdminController))
 9 SYSTEMPATH\CodeIgniter.php(353): CodeIgniter\CodeIgniter->handleRequest(null, Object(Config\Cache), false)
10 FCPATH\index.php(79): CodeIgniter\CodeIgniter->run()
11 SYSTEMPATH\Commands\Server\rewrite.php(47): require_once('C:\\laragon\\www\\coffee\\public\\index.php')
CRITICAL - 2024-04-04 04:31:00 --> Undefined variable $orderview
in APPPATH\Views\admin\orderview.php on line 22.
 1 APPPATH\Views\admin\orderview.php(22): CodeIgniter\Debug\Exceptions->errorHandler(2, 'Undefined variable $orderview', 'C:\\laragon\\www\\coffee\\app\\Views\\admin\\orderview.php', 22)
 2 APPPATH\Views\admin\paymentoforders.php(2): include('C:\\laragon\\www\\coffee\\app\\Views\\admin\\orderview.php')
 3 SYSTEMPATH\View\View.php(226): include('C:\\laragon\\www\\coffee\\app\\Views\\admin\\paymentoforders.php')
 4 SYSTEMPATH\View\View.php(229): CodeIgniter\View\View->CodeIgniter\View\{closure}()
 5 SYSTEMPATH\Common.php(1188): CodeIgniter\View\View->render('/admin/paymentoforders', [], true)
 6 APPPATH\Controllers\AdminController.php(76): view('/admin/paymentoforders', [...])
 7 SYSTEMPATH\CodeIgniter.php(919): App\Controllers\AdminController->orderpayment()
 8 SYSTEMPATH\CodeIgniter.php(494): CodeIgniter\CodeIgniter->runController(Object(App\Controllers\AdminController))
 9 SYSTEMPATH\CodeIgniter.php(353): CodeIgniter\CodeIgniter->handleRequest(null, Object(Config\Cache), false)
10 FCPATH\index.php(79): CodeIgniter\CodeIgniter->run()
11 SYSTEMPATH\Commands\Server\rewrite.php(47): require_once('C:\\laragon\\www\\coffee\\public\\index.php')
CRITICAL - 2024-04-04 04:31:00 --> Undefined variable $orderview
in APPPATH\Views\admin\orderview.php on line 22.
 1 APPPATH\Views\admin\orderview.php(22): CodeIgniter\Debug\Exceptions->errorHandler(2, 'Undefined variable $orderview', 'C:\\laragon\\www\\coffee\\app\\Views\\admin\\orderview.php', 22)
 2 APPPATH\Views\admin\paymentoforders.php(2): include('C:\\laragon\\www\\coffee\\app\\Views\\admin\\orderview.php')
 3 SYSTEMPATH\View\View.php(226): include('C:\\laragon\\www\\coffee\\app\\Views\\admin\\paymentoforders.php')
 4 SYSTEMPATH\View\View.php(229): CodeIgniter\View\View->CodeIgniter\View\{closure}()
 5 SYSTEMPATH\Common.php(1188): CodeIgniter\View\View->render('/admin/paymentoforders', [], true)
 6 APPPATH\Controllers\AdminController.php(76): view('/admin/paymentoforders', [...])
 7 SYSTEMPATH\CodeIgniter.php(919): App\Controllers\AdminController->orderpayment()
 8 SYSTEMPATH\CodeIgniter.php(494): CodeIgniter\CodeIgniter->runController(Object(App\Controllers\AdminController))
 9 SYSTEMPATH\CodeIgniter.php(353): CodeIgniter\CodeIgniter->handleRequest(null, Object(Config\Cache), false)
10 FCPATH\index.php(79): CodeIgniter\CodeIgniter->run()
11 SYSTEMPATH\Commands\Server\rewrite.php(47): require_once('C:\\laragon\\www\\coffee\\public\\index.php')
CRITICAL - 2024-04-04 04:34:40 --> Undefined variable $orderview
in APPPATH\Views\admin\orderview.php on line 22.
 1 APPPATH\Views\admin\orderview.php(22): CodeIgniter\Debug\Exceptions->errorHandler(2, 'Undefined variable $orderview', 'C:\\laragon\\www\\coffee\\app\\Views\\admin\\orderview.php', 22)
 2 APPPATH\Views\admin\paymentoforders.php(2): include('C:\\laragon\\www\\coffee\\app\\Views\\admin\\orderview.php')
 3 SYSTEMPATH\View\View.php(226): include('C:\\laragon\\www\\coffee\\app\\Views\\admin\\paymentoforders.php')
 4 SYSTEMPATH\View\View.php(229): CodeIgniter\View\View->CodeIgniter\View\{closure}()
 5 SYSTEMPATH\Common.php(1188): CodeIgniter\View\View->render('/admin/paymentoforders', [], true)
 6 APPPATH\Controllers\AdminController.php(76): view('/admin/paymentoforders', [...])
 7 SYSTEMPATH\CodeIgniter.php(919): App\Controllers\AdminController->orderpayment()
 8 SYSTEMPATH\CodeIgniter.php(494): CodeIgniter\CodeIgniter->runController(Object(App\Controllers\AdminController))
 9 SYSTEMPATH\CodeIgniter.php(353): CodeIgniter\CodeIgniter->handleRequest(null, Object(Config\Cache), false)
10 FCPATH\index.php(79): CodeIgniter\CodeIgniter->run()
11 SYSTEMPATH\Commands\Server\rewrite.php(47): require_once('C:\\laragon\\www\\coffee\\public\\index.php')
CRITICAL - 2024-04-04 04:36:00 --> Undefined variable $orderview
in APPPATH\Views\admin\orderview.php on line 22.
 1 APPPATH\Views\admin\orderview.php(22): CodeIgniter\Debug\Exceptions->errorHandler(2, 'Undefined variable $orderview', 'C:\\laragon\\www\\coffee\\app\\Views\\admin\\orderview.php', 22)
 2 APPPATH\Views\admin\paymentoforders.php(2): include('C:\\laragon\\www\\coffee\\app\\Views\\admin\\orderview.php')
 3 SYSTEMPATH\View\View.php(226): include('C:\\laragon\\www\\coffee\\app\\Views\\admin\\paymentoforders.php')
 4 SYSTEMPATH\View\View.php(229): CodeIgniter\View\View->CodeIgniter\View\{closure}()
 5 SYSTEMPATH\Common.php(1188): CodeIgniter\View\View->render('/admin/paymentoforders', [], true)
 6 APPPATH\Controllers\AdminController.php(76): view('/admin/paymentoforders', [...])
 7 SYSTEMPATH\CodeIgniter.php(919): App\Controllers\AdminController->orderpayment()
 8 SYSTEMPATH\CodeIgniter.php(494): CodeIgniter\CodeIgniter->runController(Object(App\Controllers\AdminController))
 9 SYSTEMPATH\CodeIgniter.php(353): CodeIgniter\CodeIgniter->handleRequest(null, Object(Config\Cache), false)
10 FCPATH\index.php(79): CodeIgniter\CodeIgniter->run()
11 SYSTEMPATH\Commands\Server\rewrite.php(47): require_once('C:\\laragon\\www\\coffee\\public\\index.php')
CRITICAL - 2024-04-04 04:36:01 --> Undefined variable $orderview
in APPPATH\Views\admin\orderview.php on line 22.
 1 APPPATH\Views\admin\orderview.php(22): CodeIgniter\Debug\Exceptions->errorHandler(2, 'Undefined variable $orderview', 'C:\\laragon\\www\\coffee\\app\\Views\\admin\\orderview.php', 22)
 2 APPPATH\Views\admin\paymentoforders.php(2): include('C:\\laragon\\www\\coffee\\app\\Views\\admin\\orderview.php')
 3 SYSTEMPATH\View\View.php(226): include('C:\\laragon\\www\\coffee\\app\\Views\\admin\\paymentoforders.php')
 4 SYSTEMPATH\View\View.php(229): CodeIgniter\View\View->CodeIgniter\View\{closure}()
 5 SYSTEMPATH\Common.php(1188): CodeIgniter\View\View->render('/admin/paymentoforders', [], true)
 6 APPPATH\Controllers\AdminController.php(76): view('/admin/paymentoforders', [...])
 7 SYSTEMPATH\CodeIgniter.php(919): App\Controllers\AdminController->orderpayment()
 8 SYSTEMPATH\CodeIgniter.php(494): CodeIgniter\CodeIgniter->runController(Object(App\Controllers\AdminController))
 9 SYSTEMPATH\CodeIgniter.php(353): CodeIgniter\CodeIgniter->handleRequest(null, Object(Config\Cache), false)
10 FCPATH\index.php(79): CodeIgniter\CodeIgniter->run()
11 SYSTEMPATH\Commands\Server\rewrite.php(47): require_once('C:\\laragon\\www\\coffee\\public\\index.php')
CRITICAL - 2024-04-04 04:36:01 --> Undefined variable $orderview
in APPPATH\Views\admin\orderview.php on line 22.
 1 APPPATH\Views\admin\orderview.php(22): CodeIgniter\Debug\Exceptions->errorHandler(2, 'Undefined variable $orderview', 'C:\\laragon\\www\\coffee\\app\\Views\\admin\\orderview.php', 22)
 2 APPPATH\Views\admin\paymentoforders.php(2): include('C:\\laragon\\www\\coffee\\app\\Views\\admin\\orderview.php')
 3 SYSTEMPATH\View\View.php(226): include('C:\\laragon\\www\\coffee\\app\\Views\\admin\\paymentoforders.php')
 4 SYSTEMPATH\View\View.php(229): CodeIgniter\View\View->CodeIgniter\View\{closure}()
 5 SYSTEMPATH\Common.php(1188): CodeIgniter\View\View->render('/admin/paymentoforders', [], true)
 6 APPPATH\Controllers\AdminController.php(76): view('/admin/paymentoforders', [...])
 7 SYSTEMPATH\CodeIgniter.php(919): App\Controllers\AdminController->orderpayment()
 8 SYSTEMPATH\CodeIgniter.php(494): CodeIgniter\CodeIgniter->runController(Object(App\Controllers\AdminController))
 9 SYSTEMPATH\CodeIgniter.php(353): CodeIgniter\CodeIgniter->handleRequest(null, Object(Config\Cache), false)
10 FCPATH\index.php(79): CodeIgniter\CodeIgniter->run()
11 SYSTEMPATH\Commands\Server\rewrite.php(47): require_once('C:\\laragon\\www\\coffee\\public\\index.php')
CRITICAL - 2024-04-04 04:36:02 --> Undefined variable $orderview
in APPPATH\Views\admin\orderview.php on line 22.
 1 APPPATH\Views\admin\orderview.php(22): CodeIgniter\Debug\Exceptions->errorHandler(2, 'Undefined variable $orderview', 'C:\\laragon\\www\\coffee\\app\\Views\\admin\\orderview.php', 22)
 2 APPPATH\Views\admin\paymentoforders.php(2): include('C:\\laragon\\www\\coffee\\app\\Views\\admin\\orderview.php')
 3 SYSTEMPATH\View\View.php(226): include('C:\\laragon\\www\\coffee\\app\\Views\\admin\\paymentoforders.php')
 4 SYSTEMPATH\View\View.php(229): CodeIgniter\View\View->CodeIgniter\View\{closure}()
 5 SYSTEMPATH\Common.php(1188): CodeIgniter\View\View->render('/admin/paymentoforders', [], true)
 6 APPPATH\Controllers\AdminController.php(76): view('/admin/paymentoforders', [...])
 7 SYSTEMPATH\CodeIgniter.php(919): App\Controllers\AdminController->orderpayment()
 8 SYSTEMPATH\CodeIgniter.php(494): CodeIgniter\CodeIgniter->runController(Object(App\Controllers\AdminController))
 9 SYSTEMPATH\CodeIgniter.php(353): CodeIgniter\CodeIgniter->handleRequest(null, Object(Config\Cache), false)
10 FCPATH\index.php(79): CodeIgniter\CodeIgniter->run()
11 SYSTEMPATH\Commands\Server\rewrite.php(47): require_once('C:\\laragon\\www\\coffee\\public\\index.php')
CRITICAL - 2024-04-04 04:36:15 --> Undefined variable $orderview
in APPPATH\Views\admin\orderview.php on line 22.
 1 APPPATH\Views\admin\orderview.php(22): CodeIgniter\Debug\Exceptions->errorHandler(2, 'Undefined variable $orderview', 'C:\\laragon\\www\\coffee\\app\\Views\\admin\\orderview.php', 22)
 2 APPPATH\Views\admin\paymentoforders.php(2): include('C:\\laragon\\www\\coffee\\app\\Views\\admin\\orderview.php')
 3 SYSTEMPATH\View\View.php(226): include('C:\\laragon\\www\\coffee\\app\\Views\\admin\\paymentoforders.php')
 4 SYSTEMPATH\View\View.php(229): CodeIgniter\View\View->CodeIgniter\View\{closure}()
 5 SYSTEMPATH\Common.php(1188): CodeIgniter\View\View->render('/admin/paymentoforders', [], true)
 6 APPPATH\Controllers\AdminController.php(76): view('/admin/paymentoforders', [...])
 7 SYSTEMPATH\CodeIgniter.php(919): App\Controllers\AdminController->orderpayment()
 8 SYSTEMPATH\CodeIgniter.php(494): CodeIgniter\CodeIgniter->runController(Object(App\Controllers\AdminController))
 9 SYSTEMPATH\CodeIgniter.php(353): CodeIgniter\CodeIgniter->handleRequest(null, Object(Config\Cache), false)
10 FCPATH\index.php(79): CodeIgniter\CodeIgniter->run()
11 SYSTEMPATH\Commands\Server\rewrite.php(47): require_once('C:\\laragon\\www\\coffee\\public\\index.php')
CRITICAL - 2024-04-04 04:36:17 --> Undefined variable $orderview
in APPPATH\Views\admin\orderview.php on line 22.
 1 APPPATH\Views\admin\orderview.php(22): CodeIgniter\Debug\Exceptions->errorHandler(2, 'Undefined variable $orderview', 'C:\\laragon\\www\\coffee\\app\\Views\\admin\\orderview.php', 22)
 2 APPPATH\Views\admin\paymentoforders.php(2): include('C:\\laragon\\www\\coffee\\app\\Views\\admin\\orderview.php')
 3 SYSTEMPATH\View\View.php(226): include('C:\\laragon\\www\\coffee\\app\\Views\\admin\\paymentoforders.php')
 4 SYSTEMPATH\View\View.php(229): CodeIgniter\View\View->CodeIgniter\View\{closure}()
 5 SYSTEMPATH\Common.php(1188): CodeIgniter\View\View->render('/admin/paymentoforders', [], true)
 6 APPPATH\Controllers\AdminController.php(76): view('/admin/paymentoforders', [...])
 7 SYSTEMPATH\CodeIgniter.php(919): App\Controllers\AdminController->orderpayment()
 8 SYSTEMPATH\CodeIgniter.php(494): CodeIgniter\CodeIgniter->runController(Object(App\Controllers\AdminController))
 9 SYSTEMPATH\CodeIgniter.php(353): CodeIgniter\CodeIgniter->handleRequest(null, Object(Config\Cache), false)
10 FCPATH\index.php(79): CodeIgniter\CodeIgniter->run()
11 SYSTEMPATH\Commands\Server\rewrite.php(47): require_once('C:\\laragon\\www\\coffee\\public\\index.php')
CRITICAL - 2024-04-04 04:36:23 --> Undefined variable $orderview
in APPPATH\Views\admin\orderview.php on line 22.
 1 APPPATH\Views\admin\orderview.php(22): CodeIgniter\Debug\Exceptions->errorHandler(2, 'Undefined variable $orderview', 'C:\\laragon\\www\\coffee\\app\\Views\\admin\\orderview.php', 22)
 2 APPPATH\Views\admin\paymentoforders.php(2): include('C:\\laragon\\www\\coffee\\app\\Views\\admin\\orderview.php')
 3 SYSTEMPATH\View\View.php(226): include('C:\\laragon\\www\\coffee\\app\\Views\\admin\\paymentoforders.php')
 4 SYSTEMPATH\View\View.php(229): CodeIgniter\View\View->CodeIgniter\View\{closure}()
 5 SYSTEMPATH\Common.php(1188): CodeIgniter\View\View->render('/admin/paymentoforders', [], true)
 6 APPPATH\Controllers\AdminController.php(76): view('/admin/paymentoforders', [...])
 7 SYSTEMPATH\CodeIgniter.php(919): App\Controllers\AdminController->orderpayment()
 8 SYSTEMPATH\CodeIgniter.php(494): CodeIgniter\CodeIgniter->runController(Object(App\Controllers\AdminController))
 9 SYSTEMPATH\CodeIgniter.php(353): CodeIgniter\CodeIgniter->handleRequest(null, Object(Config\Cache), false)
10 FCPATH\index.php(79): CodeIgniter\CodeIgniter->run()
11 SYSTEMPATH\Commands\Server\rewrite.php(47): require_once('C:\\laragon\\www\\coffee\\public\\index.php')
CRITICAL - 2024-04-04 04:37:24 --> Undefined variable $orderview
in APPPATH\Views\admin\orderview.php on line 22.
 1 APPPATH\Views\admin\orderview.php(22): CodeIgniter\Debug\Exceptions->errorHandler(2, 'Undefined variable $orderview', 'C:\\laragon\\www\\coffee\\app\\Views\\admin\\orderview.php', 22)
 2 APPPATH\Views\admin\paymentoforders.php(2): include('C:\\laragon\\www\\coffee\\app\\Views\\admin\\orderview.php')
 3 SYSTEMPATH\View\View.php(226): include('C:\\laragon\\www\\coffee\\app\\Views\\admin\\paymentoforders.php')
 4 SYSTEMPATH\View\View.php(229): CodeIgniter\View\View->CodeIgniter\View\{closure}()
 5 SYSTEMPATH\Common.php(1188): CodeIgniter\View\View->render('/admin/paymentoforders', [], true)
 6 APPPATH\Controllers\AdminController.php(76): view('/admin/paymentoforders', [...])
 7 SYSTEMPATH\CodeIgniter.php(919): App\Controllers\AdminController->orderpayment()
 8 SYSTEMPATH\CodeIgniter.php(494): CodeIgniter\CodeIgniter->runController(Object(App\Controllers\AdminController))
 9 SYSTEMPATH\CodeIgniter.php(353): CodeIgniter\CodeIgniter->handleRequest(null, Object(Config\Cache), false)
10 FCPATH\index.php(79): CodeIgniter\CodeIgniter->run()
11 SYSTEMPATH\Commands\Server\rewrite.php(47): require_once('C:\\laragon\\www\\coffee\\public\\index.php')
CRITICAL - 2024-04-04 04:39:21 --> Undefined variable $orderview
in APPPATH\Views\admin\orderview.php on line 22.
 1 APPPATH\Views\admin\orderview.php(22): CodeIgniter\Debug\Exceptions->errorHandler(2, 'Undefined variable $orderview', 'C:\\laragon\\www\\coffee\\app\\Views\\admin\\orderview.php', 22)
 2 APPPATH\Views\admin\paymentoforders.php(4): include('C:\\laragon\\www\\coffee\\app\\Views\\admin\\orderview.php')
 3 SYSTEMPATH\View\View.php(226): include('C:\\laragon\\www\\coffee\\app\\Views\\admin\\paymentoforders.php')
 4 SYSTEMPATH\View\View.php(229): CodeIgniter\View\View->CodeIgniter\View\{closure}()
 5 SYSTEMPATH\Common.php(1188): CodeIgniter\View\View->render('/admin/paymentoforders', [], true)
 6 APPPATH\Controllers\AdminController.php(76): view('/admin/paymentoforders', [...])
 7 SYSTEMPATH\CodeIgniter.php(919): App\Controllers\AdminController->orderpayment()
 8 SYSTEMPATH\CodeIgniter.php(494): CodeIgniter\CodeIgniter->runController(Object(App\Controllers\AdminController))
 9 SYSTEMPATH\CodeIgniter.php(353): CodeIgniter\CodeIgniter->handleRequest(null, Object(Config\Cache), false)
10 FCPATH\index.php(79): CodeIgniter\CodeIgniter->run()
11 SYSTEMPATH\Commands\Server\rewrite.php(47): require_once('C:\\laragon\\www\\coffee\\public\\index.php')
=======
>>>>>>> Stashed changes
