CRITICAL - 2024-08-23 00:59:43 --> Class "App\Controllers\DateTime" not found
in APPPATH\Controllers\ReservationController.php on line 116.
 1 SYSTEMPATH\CodeIgniter.php(919): App\Controllers\ReservationController->previewReservation()
 2 SYSTEMPATH\CodeIgniter.php(494): CodeIgniter\CodeIgniter->runController(Object(App\Controllers\ReservationController))
 3 SYSTEMPATH\CodeIgniter.php(353): CodeIgniter\CodeIgniter->handleRequest(null, Object(Config\Cache), false)
 4 FCPATH\index.php(79): CodeIgniter\CodeIgniter->run()
 5 SYSTEMPATH\Commands\Server\rewrite.php(47): require_once('C:\\laragon\\www\\coffee\\public\\index.php')
CRITICAL - 2024-08-23 01:00:11 --> Class "App\Controllers\DateTime" not found
in APPPATH\Controllers\ReservationController.php on line 118.
 1 SYSTEMPATH\CodeIgniter.php(919): App\Controllers\ReservationController->previewReservation()
 2 SYSTEMPATH\CodeIgniter.php(494): CodeIgniter\CodeIgniter->runController(Object(App\Controllers\ReservationController))
 3 SYSTEMPATH\CodeIgniter.php(353): CodeIgniter\CodeIgniter->handleRequest(null, Object(Config\Cache), false)
 4 FCPATH\index.php(79): CodeIgniter\CodeIgniter->run()
 5 SYSTEMPATH\Commands\Server\rewrite.php(47): require_once('C:\\laragon\\www\\coffee\\public\\index.php')
CRITICAL - 2024-08-23 01:00:21 --> Class "App\Controllers\DateTime" not found
in APPPATH\Controllers\ReservationController.php on line 118.
 1 SYSTEMPATH\CodeIgniter.php(919): App\Controllers\ReservationController->previewReservation()
 2 SYSTEMPATH\CodeIgniter.php(494): CodeIgniter\CodeIgniter->runController(Object(App\Controllers\ReservationController))
 3 SYSTEMPATH\CodeIgniter.php(353): CodeIgniter\CodeIgniter->handleRequest(null, Object(Config\Cache), false)
 4 FCPATH\index.php(79): CodeIgniter\CodeIgniter->run()
 5 SYSTEMPATH\Commands\Server\rewrite.php(47): require_once('C:\\laragon\\www\\coffee\\public\\index.php')
CRITICAL - 2024-08-23 01:00:53 --> Class "App\Controllers\DateTime" not found
in APPPATH\Controllers\ReservationController.php on line 119.
 1 SYSTEMPATH\CodeIgniter.php(919): App\Controllers\ReservationController->previewReservation()
 2 SYSTEMPATH\CodeIgniter.php(494): CodeIgniter\CodeIgniter->runController(Object(App\Controllers\ReservationController))
 3 SYSTEMPATH\CodeIgniter.php(353): CodeIgniter\CodeIgniter->handleRequest(null, Object(Config\Cache), false)
 4 FCPATH\index.php(79): CodeIgniter\CodeIgniter->run()
 5 SYSTEMPATH\Commands\Server\rewrite.php(47): require_once('C:\\laragon\\www\\coffee\\public\\index.php')
CRITICAL - 2024-08-23 01:03:36 --> Call to a member function format() on bool
in APPPATH\Controllers\ReservationController.php on line 120.
 1 SYSTEMPATH\CodeIgniter.php(919): App\Controllers\ReservationController->previewReservation()
 2 SYSTEMPATH\CodeIgniter.php(494): CodeIgniter\CodeIgniter->runController(Object(App\Controllers\ReservationController))
 3 SYSTEMPATH\CodeIgniter.php(353): CodeIgniter\CodeIgniter->handleRequest(null, Object(Config\Cache), false)
 4 FCPATH\index.php(79): CodeIgniter\CodeIgniter->run()
 5 SYSTEMPATH\Commands\Server\rewrite.php(47): require_once('C:\\laragon\\www\\coffee\\public\\index.php')
CRITICAL - 2024-08-23 05:02:07 --> Undefined variable $HCustomer
in APPPATH\Views\user\ProdReservation\reservationWorderingProduct.php on line 94.
 1 APPPATH\Views\user\ProdReservation\reservationWorderingProduct.php(94): CodeIgniter\Debug\Exceptions->errorHandler(2, 'Undefined variable $HCustomer', 'C:\\laragon\\www\\coffee\\app\\Views\\user\\ProdReservation\\reservationWorderingProduct.php', 94)
 2 SYSTEMPATH\View\View.php(226): include('C:\\laragon\\www\\coffee\\app\\Views\\user\\ProdReservation\\reservationWorderingProduct.php')
 3 SYSTEMPATH\View\View.php(229): CodeIgniter\View\View->CodeIgniter\View\{closure}()
 4 SYSTEMPATH\Common.php(1188): CodeIgniter\View\View->render('user/ProdReservation/reservationWorderingProduct', [], true)
 5 APPPATH\Controllers\ReservationController.php(98): view('user/ProdReservation/reservationWorderingProduct', [...])
 6 SYSTEMPATH\CodeIgniter.php(919): App\Controllers\ReservationController->getResevartion()
 7 SYSTEMPATH\CodeIgniter.php(494): CodeIgniter\CodeIgniter->runController(Object(App\Controllers\ReservationController))
 8 SYSTEMPATH\CodeIgniter.php(353): CodeIgniter\CodeIgniter->handleRequest(null, Object(Config\Cache), false)
 9 FCPATH\index.php(79): CodeIgniter\CodeIgniter->run()
10 SYSTEMPATH\Commands\Server\rewrite.php(47): require_once('C:\\laragon\\www\\coffee\\public\\index.php')
