CRITICAL - 2024-04-23 01:19:37 --> Trying to access array offset on value of type null
in APPPATH\Views\admin\viewByBarcode.php on line 65.
 1 APPPATH\Views\admin\viewByBarcode.php(65): CodeIgniter\Debug\Exceptions->errorHandler(2, 'Trying to access array offset on value of type null', 'C:\\laragon\\www\\coffee\\app\\Views\\admin\\viewByBarcode.php', 65)
 2 SYSTEMPATH\View\View.php(226): include('C:\\laragon\\www\\coffee\\app\\Views\\admin\\viewByBarcode.php')
 3 SYSTEMPATH\View\View.php(229): CodeIgniter\View\View->CodeIgniter\View\{closure}()
 4 SYSTEMPATH\Common.php(1188): CodeIgniter\View\View->render('admin/viewByBarcode', [], true)
 5 APPPATH\Controllers\AdminController.php(295): view('admin/viewByBarcode', [...])
 6 SYSTEMPATH\CodeIgniter.php(919): App\Controllers\AdminController->viewToAcceptorders('assets', 'images', 'logo-mini.svg')
 7 SYSTEMPATH\CodeIgniter.php(494): CodeIgniter\CodeIgniter->runController(Object(App\Controllers\AdminController))
 8 SYSTEMPATH\CodeIgniter.php(353): CodeIgniter\CodeIgniter->handleRequest(null, Object(Config\Cache), false)
 9 FCPATH\index.php(79): CodeIgniter\CodeIgniter->run()
10 SYSTEMPATH\Commands\Server\rewrite.php(47): require_once('C:\\laragon\\www\\coffee\\public\\index.php')
CRITICAL - 2024-04-23 01:19:37 --> Trying to access array offset on value of type null
in APPPATH\Views\admin\viewByBarcode.php on line 65.
 1 APPPATH\Views\admin\viewByBarcode.php(65): CodeIgniter\Debug\Exceptions->errorHandler(2, 'Trying to access array offset on value of type null', 'C:\\laragon\\www\\coffee\\app\\Views\\admin\\viewByBarcode.php', 65)
 2 SYSTEMPATH\View\View.php(226): include('C:\\laragon\\www\\coffee\\app\\Views\\admin\\viewByBarcode.php')
 3 SYSTEMPATH\View\View.php(229): CodeIgniter\View\View->CodeIgniter\View\{closure}()
 4 SYSTEMPATH\Common.php(1188): CodeIgniter\View\View->render('admin/viewByBarcode', [], true)
 5 APPPATH\Controllers\AdminController.php(295): view('admin/viewByBarcode', [...])
 6 SYSTEMPATH\CodeIgniter.php(919): App\Controllers\AdminController->viewToAcceptorders('assets', 'images', 'faces', 'face4.jpg')
 7 SYSTEMPATH\CodeIgniter.php(494): CodeIgniter\CodeIgniter->runController(Object(App\Controllers\AdminController))
 8 SYSTEMPATH\CodeIgniter.php(353): CodeIgniter\CodeIgniter->handleRequest(null, Object(Config\Cache), false)
 9 FCPATH\index.php(79): CodeIgniter\CodeIgniter->run()
10 SYSTEMPATH\Commands\Server\rewrite.php(47): require_once('C:\\laragon\\www\\coffee\\public\\index.php')
CRITICAL - 2024-04-23 01:19:37 --> Trying to access array offset on value of type null
in APPPATH\Views\admin\viewByBarcode.php on line 65.
 1 APPPATH\Views\admin\viewByBarcode.php(65): CodeIgniter\Debug\Exceptions->errorHandler(2, 'Trying to access array offset on value of type null', 'C:\\laragon\\www\\coffee\\app\\Views\\admin\\viewByBarcode.php', 65)
 2 SYSTEMPATH\View\View.php(226): include('C:\\laragon\\www\\coffee\\app\\Views\\admin\\viewByBarcode.php')
 3 SYSTEMPATH\View\View.php(229): CodeIgniter\View\View->CodeIgniter\View\{closure}()
 4 SYSTEMPATH\Common.php(1188): CodeIgniter\View\View->render('admin/viewByBarcode', [], true)
 5 APPPATH\Controllers\AdminController.php(295): view('admin/viewByBarcode', [...])
 6 SYSTEMPATH\CodeIgniter.php(919): App\Controllers\AdminController->viewToAcceptorders('assets', 'images', 'faces', 'face2.jpg')
 7 SYSTEMPATH\CodeIgniter.php(494): CodeIgniter\CodeIgniter->runController(Object(App\Controllers\AdminController))
 8 SYSTEMPATH\CodeIgniter.php(353): CodeIgniter\CodeIgniter->handleRequest(null, Object(Config\Cache), false)
 9 FCPATH\index.php(79): CodeIgniter\CodeIgniter->run()
10 SYSTEMPATH\Commands\Server\rewrite.php(47): require_once('C:\\laragon\\www\\coffee\\public\\index.php')
CRITICAL - 2024-04-23 01:19:37 --> Trying to access array offset on value of type null
in APPPATH\Views\admin\viewByBarcode.php on line 65.
 1 APPPATH\Views\admin\viewByBarcode.php(65): CodeIgniter\Debug\Exceptions->errorHandler(2, 'Trying to access array offset on value of type null', 'C:\\laragon\\www\\coffee\\app\\Views\\admin\\viewByBarcode.php', 65)
 2 SYSTEMPATH\View\View.php(226): include('C:\\laragon\\www\\coffee\\app\\Views\\admin\\viewByBarcode.php')
 3 SYSTEMPATH\View\View.php(229): CodeIgniter\View\View->CodeIgniter\View\{closure}()
 4 SYSTEMPATH\Common.php(1188): CodeIgniter\View\View->render('admin/viewByBarcode', [], true)
 5 APPPATH\Controllers\AdminController.php(295): view('admin/viewByBarcode', [...])
 6 SYSTEMPATH\CodeIgniter.php(919): App\Controllers\AdminController->viewToAcceptorders('assets', 'images', 'faces', 'face3.jpg')
 7 SYSTEMPATH\CodeIgniter.php(494): CodeIgniter\CodeIgniter->runController(Object(App\Controllers\AdminController))
 8 SYSTEMPATH\CodeIgniter.php(353): CodeIgniter\CodeIgniter->handleRequest(null, Object(Config\Cache), false)
 9 FCPATH\index.php(79): CodeIgniter\CodeIgniter->run()
10 SYSTEMPATH\Commands\Server\rewrite.php(47): require_once('C:\\laragon\\www\\coffee\\public\\index.php')
CRITICAL - 2024-04-23 02:24:54 --> Undefined variable $itm
in APPPATH\Views\user\viewOrders.php on line 53.
 1 APPPATH\Views\user\viewOrders.php(53): CodeIgniter\Debug\Exceptions->errorHandler(2, 'Undefined variable $itm', 'C:\\laragon\\www\\coffee\\app\\Views\\user\\viewOrders.php', 53)
 2 SYSTEMPATH\View\View.php(226): include('C:\\laragon\\www\\coffee\\app\\Views\\user\\viewOrders.php')
 3 SYSTEMPATH\View\View.php(229): CodeIgniter\View\View->CodeIgniter\View\{closure}()
 4 SYSTEMPATH\Common.php(1188): CodeIgniter\View\View->render('user/viewOrders', [], true)
 5 APPPATH\Controllers\OrderController.php(143): view('user/viewOrders', [...])
 6 SYSTEMPATH\CodeIgniter.php(919): App\Controllers\OrderController->viewOrders()
 7 SYSTEMPATH\CodeIgniter.php(494): CodeIgniter\CodeIgniter->runController(Object(App\Controllers\OrderController))
 8 SYSTEMPATH\CodeIgniter.php(353): CodeIgniter\CodeIgniter->handleRequest(null, Object(Config\Cache), false)
 9 FCPATH\index.php(79): CodeIgniter\CodeIgniter->run()
10 SYSTEMPATH\Commands\Server\rewrite.php(47): require_once('C:\\laragon\\www\\coffee\\public\\index.php')
CRITICAL - 2024-04-23 02:25:03 --> Undefined variable $cartItemCount
in APPPATH\Views\user\mainheader.php on line 47.
 1 APPPATH\Views\user\mainheader.php(47): CodeIgniter\Debug\Exceptions->errorHandler(2, 'Undefined variable $cartItemCount', 'C:\\laragon\\www\\coffee\\app\\Views\\user\\mainheader.php', 47)
 2 APPPATH\Views\user\viewOrders.php(71): include('C:\\laragon\\www\\coffee\\app\\Views\\user\\mainheader.php')
 3 SYSTEMPATH\View\View.php(226): include('C:\\laragon\\www\\coffee\\app\\Views\\user\\viewOrders.php')
 4 SYSTEMPATH\View\View.php(229): CodeIgniter\View\View->CodeIgniter\View\{closure}()
 5 SYSTEMPATH\Common.php(1188): CodeIgniter\View\View->render('user/viewOrders', [], true)
 6 APPPATH\Controllers\OrderController.php(143): view('user/viewOrders', [...])
 7 SYSTEMPATH\CodeIgniter.php(919): App\Controllers\OrderController->viewOrders()
 8 SYSTEMPATH\CodeIgniter.php(494): CodeIgniter\CodeIgniter->runController(Object(App\Controllers\OrderController))
 9 SYSTEMPATH\CodeIgniter.php(353): CodeIgniter\CodeIgniter->handleRequest(null, Object(Config\Cache), false)
10 FCPATH\index.php(79): CodeIgniter\CodeIgniter->run()
11 SYSTEMPATH\Commands\Server\rewrite.php(47): require_once('C:\\laragon\\www\\coffee\\public\\index.php')
CRITICAL - 2024-04-23 02:25:31 --> Undefined variable $user
in APPPATH\Controllers\OrderController.php on line 135.
 1 APPPATH\Controllers\OrderController.php(135): CodeIgniter\Debug\Exceptions->errorHandler(2, 'Undefined variable $user', 'C:\\laragon\\www\\coffee\\app\\Controllers\\OrderController.php', 135)
 2 SYSTEMPATH\CodeIgniter.php(919): App\Controllers\OrderController->viewOrders()
 3 SYSTEMPATH\CodeIgniter.php(494): CodeIgniter\CodeIgniter->runController(Object(App\Controllers\OrderController))
 4 SYSTEMPATH\CodeIgniter.php(353): CodeIgniter\CodeIgniter->handleRequest(null, Object(Config\Cache), false)
 5 FCPATH\index.php(79): CodeIgniter\CodeIgniter->run()
 6 SYSTEMPATH\Commands\Server\rewrite.php(47): require_once('C:\\laragon\\www\\coffee\\public\\index.php')
CRITICAL - 2024-04-23 04:05:07 --> Undefined variable $cartItemCount
in APPPATH\Views\user\mainheader.php on line 47.
 1 APPPATH\Views\user\mainheader.php(47): CodeIgniter\Debug\Exceptions->errorHandler(2, 'Undefined variable $cartItemCount', 'C:\\laragon\\www\\coffee\\app\\Views\\user\\mainheader.php', 47)
 2 APPPATH\Views\user\checkoutorder.php(192): include('C:\\laragon\\www\\coffee\\app\\Views\\user\\mainheader.php')
 3 SYSTEMPATH\View\View.php(226): include('C:\\laragon\\www\\coffee\\app\\Views\\user\\checkoutorder.php')
 4 SYSTEMPATH\View\View.php(229): CodeIgniter\View\View->CodeIgniter\View\{closure}()
 5 SYSTEMPATH\Common.php(1188): CodeIgniter\View\View->render('user/checkoutorder', [], true)
 6 APPPATH\Controllers\OrderController.php(103): view('user/checkoutorder', [...])
 7 SYSTEMPATH\CodeIgniter.php(919): App\Controllers\OrderController->placeToOrder()
 8 SYSTEMPATH\CodeIgniter.php(494): CodeIgniter\CodeIgniter->runController(Object(App\Controllers\OrderController))
 9 SYSTEMPATH\CodeIgniter.php(353): CodeIgniter\CodeIgniter->handleRequest(null, Object(Config\Cache), false)
10 FCPATH\index.php(79): CodeIgniter\CodeIgniter->run()
11 SYSTEMPATH\Commands\Server\rewrite.php(47): require_once('C:\\laragon\\www\\coffee\\public\\index.php')
CRITICAL - 2024-04-23 04:06:18 --> Undefined variable $cartItemCount
in APPPATH\Views\user\mainheader.php on line 47.
 1 APPPATH\Views\user\mainheader.php(47): CodeIgniter\Debug\Exceptions->errorHandler(2, 'Undefined variable $cartItemCount', 'C:\\laragon\\www\\coffee\\app\\Views\\user\\mainheader.php', 47)
 2 APPPATH\Views\user\checkoutorder.php(192): include('C:\\laragon\\www\\coffee\\app\\Views\\user\\mainheader.php')
 3 SYSTEMPATH\View\View.php(226): include('C:\\laragon\\www\\coffee\\app\\Views\\user\\checkoutorder.php')
 4 SYSTEMPATH\View\View.php(229): CodeIgniter\View\View->CodeIgniter\View\{closure}()
 5 SYSTEMPATH\Common.php(1188): CodeIgniter\View\View->render('user/checkoutorder', [], true)
 6 APPPATH\Controllers\OrderController.php(117): view('user/checkoutorder', [...])
 7 SYSTEMPATH\CodeIgniter.php(919): App\Controllers\OrderController->placeToOrder()
 8 SYSTEMPATH\CodeIgniter.php(494): CodeIgniter\CodeIgniter->runController(Object(App\Controllers\OrderController))
 9 SYSTEMPATH\CodeIgniter.php(353): CodeIgniter\CodeIgniter->handleRequest(null, Object(Config\Cache), false)
10 FCPATH\index.php(79): CodeIgniter\CodeIgniter->run()
11 SYSTEMPATH\Commands\Server\rewrite.php(47): require_once('C:\\laragon\\www\\coffee\\public\\index.php')
ERROR - 2024-04-23 05:22:02 --> mysqli_sql_exception: Table 'coffeeledgerdb.tbl_orders' doesn't exist in C:\laragon\www\coffee\system\Database\MySQLi\Connection.php:306
Stack trace:
#0 C:\laragon\www\coffee\system\Database\MySQLi\Connection.php(306): mysqli->query('SELECT SUM(tota...', 0)
#1 C:\laragon\www\coffee\system\Database\BaseConnection.php(692): CodeIgniter\Database\MySQLi\Connection->execute('SELECT SUM(tota...')
#2 C:\laragon\www\coffee\system\Database\BaseConnection.php(606): CodeIgniter\Database\BaseConnection->simpleQuery('SELECT SUM(tota...')
#3 C:\laragon\www\coffee\system\Database\BaseBuilder.php(1615): CodeIgniter\Database\BaseConnection->query('SELECT SUM(tota...', Array, false)
#4 C:\laragon\www\coffee\app\Controllers\VisualizationController.php(23): CodeIgniter\Database\BaseBuilder->get()
#5 C:\laragon\www\coffee\system\CodeIgniter.php(919): App\Controllers\VisualizationController->allChart()
#6 C:\laragon\www\coffee\system\CodeIgniter.php(494): CodeIgniter\CodeIgniter->runController(Object(App\Controllers\VisualizationController))
#7 C:\laragon\www\coffee\system\CodeIgniter.php(353): CodeIgniter\CodeIgniter->handleRequest(NULL, Object(Config\Cache), false)
#8 C:\laragon\www\coffee\public\index.php(79): CodeIgniter\CodeIgniter->run()
#9 C:\laragon\www\coffee\system\Commands\Server\rewrite.php(47): require_once('C:\\laragon\\www\\...')
#10 {main}
CRITICAL - 2024-04-23 05:22:03 --> Table 'coffeeledgerdb.tbl_orders' doesn't exist
in SYSTEMPATH\Database\BaseConnection.php on line 646.
 1 SYSTEMPATH\Database\BaseBuilder.php(1615): CodeIgniter\Database\BaseConnection->query('SELECT SUM(total_amount) as count, SUM(total_amount) as s, DAYNAME(order_date) as day
FROM `tbl_orders`
GROUP BY DAYNAME(order_date)', [], false)
 2 APPPATH\Controllers\VisualizationController.php(23): CodeIgniter\Database\BaseBuilder->get()
 3 SYSTEMPATH\CodeIgniter.php(919): App\Controllers\VisualizationController->allChart()
 4 SYSTEMPATH\CodeIgniter.php(494): CodeIgniter\CodeIgniter->runController(Object(App\Controllers\VisualizationController))
 5 SYSTEMPATH\CodeIgniter.php(353): CodeIgniter\CodeIgniter->handleRequest(null, Object(Config\Cache), false)
 6 FCPATH\index.php(79): CodeIgniter\CodeIgniter->run()
 7 SYSTEMPATH\Commands\Server\rewrite.php(47): require_once('C:\\laragon\\www\\coffee\\public\\index.php')
CRITICAL - 2024-04-23 05:27:28 --> Trying to access array offset on value of type null
in APPPATH\Views\admin\viewByBarcode.php on line 65.
 1 APPPATH\Views\admin\viewByBarcode.php(65): CodeIgniter\Debug\Exceptions->errorHandler(2, 'Trying to access array offset on value of type null', 'C:\\laragon\\www\\coffee\\app\\Views\\admin\\viewByBarcode.php', 65)
 2 SYSTEMPATH\View\View.php(226): include('C:\\laragon\\www\\coffee\\app\\Views\\admin\\viewByBarcode.php')
 3 SYSTEMPATH\View\View.php(229): CodeIgniter\View\View->CodeIgniter\View\{closure}()
 4 SYSTEMPATH\Common.php(1188): CodeIgniter\View\View->render('admin/viewByBarcode', [], true)
 5 APPPATH\Controllers\AdminController.php(295): view('admin/viewByBarcode', [...])
 6 SYSTEMPATH\CodeIgniter.php(919): App\Controllers\AdminController->viewToAcceptorders('Z6C0SBGYX5')
 7 SYSTEMPATH\CodeIgniter.php(494): CodeIgniter\CodeIgniter->runController(Object(App\Controllers\AdminController))
 8 SYSTEMPATH\CodeIgniter.php(353): CodeIgniter\CodeIgniter->handleRequest(null, Object(Config\Cache), false)
 9 FCPATH\index.php(79): CodeIgniter\CodeIgniter->run()
10 SYSTEMPATH\Commands\Server\rewrite.php(47): require_once('C:\\laragon\\www\\coffee\\public\\index.php')
CRITICAL - 2024-04-23 05:27:45 --> Trying to access array offset on value of type null
in APPPATH\Views\admin\viewByBarcode.php on line 65.
 1 APPPATH\Views\admin\viewByBarcode.php(65): CodeIgniter\Debug\Exceptions->errorHandler(2, 'Trying to access array offset on value of type null', 'C:\\laragon\\www\\coffee\\app\\Views\\admin\\viewByBarcode.php', 65)
 2 SYSTEMPATH\View\View.php(226): include('C:\\laragon\\www\\coffee\\app\\Views\\admin\\viewByBarcode.php')
 3 SYSTEMPATH\View\View.php(229): CodeIgniter\View\View->CodeIgniter\View\{closure}()
 4 SYSTEMPATH\Common.php(1188): CodeIgniter\View\View->render('admin/viewByBarcode', [], true)
 5 APPPATH\Controllers\AdminController.php(295): view('admin/viewByBarcode', [...])
 6 SYSTEMPATH\CodeIgniter.php(919): App\Controllers\AdminController->viewToAcceptorders('6I7QND1IAI')
 7 SYSTEMPATH\CodeIgniter.php(494): CodeIgniter\CodeIgniter->runController(Object(App\Controllers\AdminController))
 8 SYSTEMPATH\CodeIgniter.php(353): CodeIgniter\CodeIgniter->handleRequest(null, Object(Config\Cache), false)
 9 FCPATH\index.php(79): CodeIgniter\CodeIgniter->run()
10 SYSTEMPATH\Commands\Server\rewrite.php(47): require_once('C:\\laragon\\www\\coffee\\public\\index.php')
CRITICAL - 2024-04-23 05:28:30 --> Trying to access array offset on value of type null
in APPPATH\Views\admin\viewByBarcode.php on line 65.
 1 APPPATH\Views\admin\viewByBarcode.php(65): CodeIgniter\Debug\Exceptions->errorHandler(2, 'Trying to access array offset on value of type null', 'C:\\laragon\\www\\coffee\\app\\Views\\admin\\viewByBarcode.php', 65)
 2 SYSTEMPATH\View\View.php(226): include('C:\\laragon\\www\\coffee\\app\\Views\\admin\\viewByBarcode.php')
 3 SYSTEMPATH\View\View.php(229): CodeIgniter\View\View->CodeIgniter\View\{closure}()
 4 SYSTEMPATH\Common.php(1188): CodeIgniter\View\View->render('admin/viewByBarcode', [], true)
 5 APPPATH\Controllers\AdminController.php(295): view('admin/viewByBarcode', [...])
 6 SYSTEMPATH\CodeIgniter.php(919): App\Controllers\AdminController->viewToAcceptorders('assets', 'images', 'logo-mini.svg')
 7 SYSTEMPATH\CodeIgniter.php(494): CodeIgniter\CodeIgniter->runController(Object(App\Controllers\AdminController))
 8 SYSTEMPATH\CodeIgniter.php(353): CodeIgniter\CodeIgniter->handleRequest(null, Object(Config\Cache), false)
 9 FCPATH\index.php(79): CodeIgniter\CodeIgniter->run()
10 SYSTEMPATH\Commands\Server\rewrite.php(47): require_once('C:\\laragon\\www\\coffee\\public\\index.php')
CRITICAL - 2024-04-23 05:28:30 --> Trying to access array offset on value of type null
in APPPATH\Views\admin\viewByBarcode.php on line 65.
 1 APPPATH\Views\admin\viewByBarcode.php(65): CodeIgniter\Debug\Exceptions->errorHandler(2, 'Trying to access array offset on value of type null', 'C:\\laragon\\www\\coffee\\app\\Views\\admin\\viewByBarcode.php', 65)
 2 SYSTEMPATH\View\View.php(226): include('C:\\laragon\\www\\coffee\\app\\Views\\admin\\viewByBarcode.php')
 3 SYSTEMPATH\View\View.php(229): CodeIgniter\View\View->CodeIgniter\View\{closure}()
 4 SYSTEMPATH\Common.php(1188): CodeIgniter\View\View->render('admin/viewByBarcode', [], true)
 5 APPPATH\Controllers\AdminController.php(295): view('admin/viewByBarcode', [...])
 6 SYSTEMPATH\CodeIgniter.php(919): App\Controllers\AdminController->viewToAcceptorders('assets', 'images', 'faces', 'face4.jpg')
 7 SYSTEMPATH\CodeIgniter.php(494): CodeIgniter\CodeIgniter->runController(Object(App\Controllers\AdminController))
 8 SYSTEMPATH\CodeIgniter.php(353): CodeIgniter\CodeIgniter->handleRequest(null, Object(Config\Cache), false)
 9 FCPATH\index.php(79): CodeIgniter\CodeIgniter->run()
10 SYSTEMPATH\Commands\Server\rewrite.php(47): require_once('C:\\laragon\\www\\coffee\\public\\index.php')
CRITICAL - 2024-04-23 05:28:30 --> Trying to access array offset on value of type null
in APPPATH\Views\admin\viewByBarcode.php on line 65.
 1 APPPATH\Views\admin\viewByBarcode.php(65): CodeIgniter\Debug\Exceptions->errorHandler(2, 'Trying to access array offset on value of type null', 'C:\\laragon\\www\\coffee\\app\\Views\\admin\\viewByBarcode.php', 65)
 2 SYSTEMPATH\View\View.php(226): include('C:\\laragon\\www\\coffee\\app\\Views\\admin\\viewByBarcode.php')
 3 SYSTEMPATH\View\View.php(229): CodeIgniter\View\View->CodeIgniter\View\{closure}()
 4 SYSTEMPATH\Common.php(1188): CodeIgniter\View\View->render('admin/viewByBarcode', [], true)
 5 APPPATH\Controllers\AdminController.php(295): view('admin/viewByBarcode', [...])
 6 SYSTEMPATH\CodeIgniter.php(919): App\Controllers\AdminController->viewToAcceptorders('assets', 'images', 'faces', 'face2.jpg')
 7 SYSTEMPATH\CodeIgniter.php(494): CodeIgniter\CodeIgniter->runController(Object(App\Controllers\AdminController))
 8 SYSTEMPATH\CodeIgniter.php(353): CodeIgniter\CodeIgniter->handleRequest(null, Object(Config\Cache), false)
 9 FCPATH\index.php(79): CodeIgniter\CodeIgniter->run()
10 SYSTEMPATH\Commands\Server\rewrite.php(47): require_once('C:\\laragon\\www\\coffee\\public\\index.php')
CRITICAL - 2024-04-23 05:28:31 --> Trying to access array offset on value of type null
in APPPATH\Views\admin\viewByBarcode.php on line 65.
 1 APPPATH\Views\admin\viewByBarcode.php(65): CodeIgniter\Debug\Exceptions->errorHandler(2, 'Trying to access array offset on value of type null', 'C:\\laragon\\www\\coffee\\app\\Views\\admin\\viewByBarcode.php', 65)
 2 SYSTEMPATH\View\View.php(226): include('C:\\laragon\\www\\coffee\\app\\Views\\admin\\viewByBarcode.php')
 3 SYSTEMPATH\View\View.php(229): CodeIgniter\View\View->CodeIgniter\View\{closure}()
 4 SYSTEMPATH\Common.php(1188): CodeIgniter\View\View->render('admin/viewByBarcode', [], true)
 5 APPPATH\Controllers\AdminController.php(295): view('admin/viewByBarcode', [...])
 6 SYSTEMPATH\CodeIgniter.php(919): App\Controllers\AdminController->viewToAcceptorders('assets', 'images', 'faces', 'face3.jpg')
 7 SYSTEMPATH\CodeIgniter.php(494): CodeIgniter\CodeIgniter->runController(Object(App\Controllers\AdminController))
 8 SYSTEMPATH\CodeIgniter.php(353): CodeIgniter\CodeIgniter->handleRequest(null, Object(Config\Cache), false)
 9 FCPATH\index.php(79): CodeIgniter\CodeIgniter->run()
10 SYSTEMPATH\Commands\Server\rewrite.php(47): require_once('C:\\laragon\\www\\coffee\\public\\index.php')
CRITICAL - 2024-04-23 05:30:21 --> Trying to access array offset on value of type null
in APPPATH\Views\admin\viewByBarcode.php on line 65.
 1 APPPATH\Views\admin\viewByBarcode.php(65): CodeIgniter\Debug\Exceptions->errorHandler(2, 'Trying to access array offset on value of type null', 'C:\\laragon\\www\\coffee\\app\\Views\\admin\\viewByBarcode.php', 65)
 2 SYSTEMPATH\View\View.php(226): include('C:\\laragon\\www\\coffee\\app\\Views\\admin\\viewByBarcode.php')
 3 SYSTEMPATH\View\View.php(229): CodeIgniter\View\View->CodeIgniter\View\{closure}()
 4 SYSTEMPATH\Common.php(1188): CodeIgniter\View\View->render('admin/viewByBarcode', [], true)
 5 APPPATH\Controllers\AdminController.php(295): view('admin/viewByBarcode', [...])
 6 SYSTEMPATH\CodeIgniter.php(919): App\Controllers\AdminController->viewToAcceptorders('assets', 'images', 'logo-mini.svg')
 7 SYSTEMPATH\CodeIgniter.php(494): CodeIgniter\CodeIgniter->runController(Object(App\Controllers\AdminController))
 8 SYSTEMPATH\CodeIgniter.php(353): CodeIgniter\CodeIgniter->handleRequest(null, Object(Config\Cache), false)
 9 FCPATH\index.php(79): CodeIgniter\CodeIgniter->run()
10 SYSTEMPATH\Commands\Server\rewrite.php(47): require_once('C:\\laragon\\www\\coffee\\public\\index.php')
CRITICAL - 2024-04-23 05:30:21 --> Trying to access array offset on value of type null
in APPPATH\Views\admin\viewByBarcode.php on line 65.
 1 APPPATH\Views\admin\viewByBarcode.php(65): CodeIgniter\Debug\Exceptions->errorHandler(2, 'Trying to access array offset on value of type null', 'C:\\laragon\\www\\coffee\\app\\Views\\admin\\viewByBarcode.php', 65)
 2 SYSTEMPATH\View\View.php(226): include('C:\\laragon\\www\\coffee\\app\\Views\\admin\\viewByBarcode.php')
 3 SYSTEMPATH\View\View.php(229): CodeIgniter\View\View->CodeIgniter\View\{closure}()
 4 SYSTEMPATH\Common.php(1188): CodeIgniter\View\View->render('admin/viewByBarcode', [], true)
 5 APPPATH\Controllers\AdminController.php(295): view('admin/viewByBarcode', [...])
 6 SYSTEMPATH\CodeIgniter.php(919): App\Controllers\AdminController->viewToAcceptorders('assets', 'images', 'faces', 'face4.jpg')
 7 SYSTEMPATH\CodeIgniter.php(494): CodeIgniter\CodeIgniter->runController(Object(App\Controllers\AdminController))
 8 SYSTEMPATH\CodeIgniter.php(353): CodeIgniter\CodeIgniter->handleRequest(null, Object(Config\Cache), false)
 9 FCPATH\index.php(79): CodeIgniter\CodeIgniter->run()
10 SYSTEMPATH\Commands\Server\rewrite.php(47): require_once('C:\\laragon\\www\\coffee\\public\\index.php')
CRITICAL - 2024-04-23 05:30:22 --> Trying to access array offset on value of type null
in APPPATH\Views\admin\viewByBarcode.php on line 65.
 1 APPPATH\Views\admin\viewByBarcode.php(65): CodeIgniter\Debug\Exceptions->errorHandler(2, 'Trying to access array offset on value of type null', 'C:\\laragon\\www\\coffee\\app\\Views\\admin\\viewByBarcode.php', 65)
 2 SYSTEMPATH\View\View.php(226): include('C:\\laragon\\www\\coffee\\app\\Views\\admin\\viewByBarcode.php')
 3 SYSTEMPATH\View\View.php(229): CodeIgniter\View\View->CodeIgniter\View\{closure}()
 4 SYSTEMPATH\Common.php(1188): CodeIgniter\View\View->render('admin/viewByBarcode', [], true)
 5 APPPATH\Controllers\AdminController.php(295): view('admin/viewByBarcode', [...])
 6 SYSTEMPATH\CodeIgniter.php(919): App\Controllers\AdminController->viewToAcceptorders('assets', 'images', 'faces', 'face2.jpg')
 7 SYSTEMPATH\CodeIgniter.php(494): CodeIgniter\CodeIgniter->runController(Object(App\Controllers\AdminController))
 8 SYSTEMPATH\CodeIgniter.php(353): CodeIgniter\CodeIgniter->handleRequest(null, Object(Config\Cache), false)
 9 FCPATH\index.php(79): CodeIgniter\CodeIgniter->run()
10 SYSTEMPATH\Commands\Server\rewrite.php(47): require_once('C:\\laragon\\www\\coffee\\public\\index.php')
CRITICAL - 2024-04-23 05:30:22 --> Trying to access array offset on value of type null
in APPPATH\Views\admin\viewByBarcode.php on line 65.
 1 APPPATH\Views\admin\viewByBarcode.php(65): CodeIgniter\Debug\Exceptions->errorHandler(2, 'Trying to access array offset on value of type null', 'C:\\laragon\\www\\coffee\\app\\Views\\admin\\viewByBarcode.php', 65)
 2 SYSTEMPATH\View\View.php(226): include('C:\\laragon\\www\\coffee\\app\\Views\\admin\\viewByBarcode.php')
 3 SYSTEMPATH\View\View.php(229): CodeIgniter\View\View->CodeIgniter\View\{closure}()
 4 SYSTEMPATH\Common.php(1188): CodeIgniter\View\View->render('admin/viewByBarcode', [], true)
 5 APPPATH\Controllers\AdminController.php(295): view('admin/viewByBarcode', [...])
 6 SYSTEMPATH\CodeIgniter.php(919): App\Controllers\AdminController->viewToAcceptorders('assets', 'images', 'faces', 'face3.jpg')
 7 SYSTEMPATH\CodeIgniter.php(494): CodeIgniter\CodeIgniter->runController(Object(App\Controllers\AdminController))
 8 SYSTEMPATH\CodeIgniter.php(353): CodeIgniter\CodeIgniter->handleRequest(null, Object(Config\Cache), false)
 9 FCPATH\index.php(79): CodeIgniter\CodeIgniter->run()
10 SYSTEMPATH\Commands\Server\rewrite.php(47): require_once('C:\\laragon\\www\\coffee\\public\\index.php')
CRITICAL - 2024-04-23 05:30:48 --> Trying to access array offset on value of type null
in APPPATH\Views\admin\viewByBarcode.php on line 65.
 1 APPPATH\Views\admin\viewByBarcode.php(65): CodeIgniter\Debug\Exceptions->errorHandler(2, 'Trying to access array offset on value of type null', 'C:\\laragon\\www\\coffee\\app\\Views\\admin\\viewByBarcode.php', 65)
 2 SYSTEMPATH\View\View.php(226): include('C:\\laragon\\www\\coffee\\app\\Views\\admin\\viewByBarcode.php')
 3 SYSTEMPATH\View\View.php(229): CodeIgniter\View\View->CodeIgniter\View\{closure}()
 4 SYSTEMPATH\Common.php(1188): CodeIgniter\View\View->render('admin/viewByBarcode', [], true)
 5 APPPATH\Controllers\AdminController.php(295): view('admin/viewByBarcode', [...])
 6 SYSTEMPATH\CodeIgniter.php(919): App\Controllers\AdminController->viewToAcceptorders('assets', 'images', 'logo-mini.svg')
 7 SYSTEMPATH\CodeIgniter.php(494): CodeIgniter\CodeIgniter->runController(Object(App\Controllers\AdminController))
 8 SYSTEMPATH\CodeIgniter.php(353): CodeIgniter\CodeIgniter->handleRequest(null, Object(Config\Cache), false)
 9 FCPATH\index.php(79): CodeIgniter\CodeIgniter->run()
10 SYSTEMPATH\Commands\Server\rewrite.php(47): require_once('C:\\laragon\\www\\coffee\\public\\index.php')
CRITICAL - 2024-04-23 05:30:48 --> Trying to access array offset on value of type null
in APPPATH\Views\admin\viewByBarcode.php on line 65.
 1 APPPATH\Views\admin\viewByBarcode.php(65): CodeIgniter\Debug\Exceptions->errorHandler(2, 'Trying to access array offset on value of type null', 'C:\\laragon\\www\\coffee\\app\\Views\\admin\\viewByBarcode.php', 65)
 2 SYSTEMPATH\View\View.php(226): include('C:\\laragon\\www\\coffee\\app\\Views\\admin\\viewByBarcode.php')
 3 SYSTEMPATH\View\View.php(229): CodeIgniter\View\View->CodeIgniter\View\{closure}()
 4 SYSTEMPATH\Common.php(1188): CodeIgniter\View\View->render('admin/viewByBarcode', [], true)
 5 APPPATH\Controllers\AdminController.php(295): view('admin/viewByBarcode', [...])
 6 SYSTEMPATH\CodeIgniter.php(919): App\Controllers\AdminController->viewToAcceptorders('assets', 'images', 'faces', 'face4.jpg')
 7 SYSTEMPATH\CodeIgniter.php(494): CodeIgniter\CodeIgniter->runController(Object(App\Controllers\AdminController))
 8 SYSTEMPATH\CodeIgniter.php(353): CodeIgniter\CodeIgniter->handleRequest(null, Object(Config\Cache), false)
 9 FCPATH\index.php(79): CodeIgniter\CodeIgniter->run()
10 SYSTEMPATH\Commands\Server\rewrite.php(47): require_once('C:\\laragon\\www\\coffee\\public\\index.php')
CRITICAL - 2024-04-23 05:30:48 --> Trying to access array offset on value of type null
in APPPATH\Views\admin\viewByBarcode.php on line 65.
 1 APPPATH\Views\admin\viewByBarcode.php(65): CodeIgniter\Debug\Exceptions->errorHandler(2, 'Trying to access array offset on value of type null', 'C:\\laragon\\www\\coffee\\app\\Views\\admin\\viewByBarcode.php', 65)
 2 SYSTEMPATH\View\View.php(226): include('C:\\laragon\\www\\coffee\\app\\Views\\admin\\viewByBarcode.php')
 3 SYSTEMPATH\View\View.php(229): CodeIgniter\View\View->CodeIgniter\View\{closure}()
 4 SYSTEMPATH\Common.php(1188): CodeIgniter\View\View->render('admin/viewByBarcode', [], true)
 5 APPPATH\Controllers\AdminController.php(295): view('admin/viewByBarcode', [...])
 6 SYSTEMPATH\CodeIgniter.php(919): App\Controllers\AdminController->viewToAcceptorders('assets', 'images', 'faces', 'face2.jpg')
 7 SYSTEMPATH\CodeIgniter.php(494): CodeIgniter\CodeIgniter->runController(Object(App\Controllers\AdminController))
 8 SYSTEMPATH\CodeIgniter.php(353): CodeIgniter\CodeIgniter->handleRequest(null, Object(Config\Cache), false)
 9 FCPATH\index.php(79): CodeIgniter\CodeIgniter->run()
10 SYSTEMPATH\Commands\Server\rewrite.php(47): require_once('C:\\laragon\\www\\coffee\\public\\index.php')
CRITICAL - 2024-04-23 05:30:49 --> Trying to access array offset on value of type null
in APPPATH\Views\admin\viewByBarcode.php on line 65.
 1 APPPATH\Views\admin\viewByBarcode.php(65): CodeIgniter\Debug\Exceptions->errorHandler(2, 'Trying to access array offset on value of type null', 'C:\\laragon\\www\\coffee\\app\\Views\\admin\\viewByBarcode.php', 65)
 2 SYSTEMPATH\View\View.php(226): include('C:\\laragon\\www\\coffee\\app\\Views\\admin\\viewByBarcode.php')
 3 SYSTEMPATH\View\View.php(229): CodeIgniter\View\View->CodeIgniter\View\{closure}()
 4 SYSTEMPATH\Common.php(1188): CodeIgniter\View\View->render('admin/viewByBarcode', [], true)
 5 APPPATH\Controllers\AdminController.php(295): view('admin/viewByBarcode', [...])
 6 SYSTEMPATH\CodeIgniter.php(919): App\Controllers\AdminController->viewToAcceptorders('assets', 'images', 'faces', 'face3.jpg')
 7 SYSTEMPATH\CodeIgniter.php(494): CodeIgniter\CodeIgniter->runController(Object(App\Controllers\AdminController))
 8 SYSTEMPATH\CodeIgniter.php(353): CodeIgniter\CodeIgniter->handleRequest(null, Object(Config\Cache), false)
 9 FCPATH\index.php(79): CodeIgniter\CodeIgniter->run()
10 SYSTEMPATH\Commands\Server\rewrite.php(47): require_once('C:\\laragon\\www\\coffee\\public\\index.php')
CRITICAL - 2024-04-23 05:32:39 --> Trying to access array offset on value of type null
in APPPATH\Views\admin\viewByBarcode.php on line 65.
 1 APPPATH\Views\admin\viewByBarcode.php(65): CodeIgniter\Debug\Exceptions->errorHandler(2, 'Trying to access array offset on value of type null', 'C:\\laragon\\www\\coffee\\app\\Views\\admin\\viewByBarcode.php', 65)
 2 SYSTEMPATH\View\View.php(226): include('C:\\laragon\\www\\coffee\\app\\Views\\admin\\viewByBarcode.php')
 3 SYSTEMPATH\View\View.php(229): CodeIgniter\View\View->CodeIgniter\View\{closure}()
 4 SYSTEMPATH\Common.php(1188): CodeIgniter\View\View->render('admin/viewByBarcode', [], true)
 5 APPPATH\Controllers\AdminController.php(295): view('admin/viewByBarcode', [...])
 6 SYSTEMPATH\CodeIgniter.php(919): App\Controllers\AdminController->viewToAcceptorders('assets', 'images', 'logo-mini.svg')
 7 SYSTEMPATH\CodeIgniter.php(494): CodeIgniter\CodeIgniter->runController(Object(App\Controllers\AdminController))
 8 SYSTEMPATH\CodeIgniter.php(353): CodeIgniter\CodeIgniter->handleRequest(null, Object(Config\Cache), false)
 9 FCPATH\index.php(79): CodeIgniter\CodeIgniter->run()
10 SYSTEMPATH\Commands\Server\rewrite.php(47): require_once('C:\\laragon\\www\\coffee\\public\\index.php')
CRITICAL - 2024-04-23 05:32:40 --> Trying to access array offset on value of type null
in APPPATH\Views\admin\viewByBarcode.php on line 65.
 1 APPPATH\Views\admin\viewByBarcode.php(65): CodeIgniter\Debug\Exceptions->errorHandler(2, 'Trying to access array offset on value of type null', 'C:\\laragon\\www\\coffee\\app\\Views\\admin\\viewByBarcode.php', 65)
 2 SYSTEMPATH\View\View.php(226): include('C:\\laragon\\www\\coffee\\app\\Views\\admin\\viewByBarcode.php')
 3 SYSTEMPATH\View\View.php(229): CodeIgniter\View\View->CodeIgniter\View\{closure}()
 4 SYSTEMPATH\Common.php(1188): CodeIgniter\View\View->render('admin/viewByBarcode', [], true)
 5 APPPATH\Controllers\AdminController.php(295): view('admin/viewByBarcode', [...])
 6 SYSTEMPATH\CodeIgniter.php(919): App\Controllers\AdminController->viewToAcceptorders('assets', 'images', 'faces', 'face4.jpg')
 7 SYSTEMPATH\CodeIgniter.php(494): CodeIgniter\CodeIgniter->runController(Object(App\Controllers\AdminController))
 8 SYSTEMPATH\CodeIgniter.php(353): CodeIgniter\CodeIgniter->handleRequest(null, Object(Config\Cache), false)
 9 FCPATH\index.php(79): CodeIgniter\CodeIgniter->run()
10 SYSTEMPATH\Commands\Server\rewrite.php(47): require_once('C:\\laragon\\www\\coffee\\public\\index.php')
CRITICAL - 2024-04-23 05:32:40 --> Trying to access array offset on value of type null
in APPPATH\Views\admin\viewByBarcode.php on line 65.
 1 APPPATH\Views\admin\viewByBarcode.php(65): CodeIgniter\Debug\Exceptions->errorHandler(2, 'Trying to access array offset on value of type null', 'C:\\laragon\\www\\coffee\\app\\Views\\admin\\viewByBarcode.php', 65)
 2 SYSTEMPATH\View\View.php(226): include('C:\\laragon\\www\\coffee\\app\\Views\\admin\\viewByBarcode.php')
 3 SYSTEMPATH\View\View.php(229): CodeIgniter\View\View->CodeIgniter\View\{closure}()
 4 SYSTEMPATH\Common.php(1188): CodeIgniter\View\View->render('admin/viewByBarcode', [], true)
 5 APPPATH\Controllers\AdminController.php(295): view('admin/viewByBarcode', [...])
 6 SYSTEMPATH\CodeIgniter.php(919): App\Controllers\AdminController->viewToAcceptorders('assets', 'images', 'faces', 'face2.jpg')
 7 SYSTEMPATH\CodeIgniter.php(494): CodeIgniter\CodeIgniter->runController(Object(App\Controllers\AdminController))
 8 SYSTEMPATH\CodeIgniter.php(353): CodeIgniter\CodeIgniter->handleRequest(null, Object(Config\Cache), false)
 9 FCPATH\index.php(79): CodeIgniter\CodeIgniter->run()
10 SYSTEMPATH\Commands\Server\rewrite.php(47): require_once('C:\\laragon\\www\\coffee\\public\\index.php')
CRITICAL - 2024-04-23 05:32:41 --> Trying to access array offset on value of type null
in APPPATH\Views\admin\viewByBarcode.php on line 65.
 1 APPPATH\Views\admin\viewByBarcode.php(65): CodeIgniter\Debug\Exceptions->errorHandler(2, 'Trying to access array offset on value of type null', 'C:\\laragon\\www\\coffee\\app\\Views\\admin\\viewByBarcode.php', 65)
 2 SYSTEMPATH\View\View.php(226): include('C:\\laragon\\www\\coffee\\app\\Views\\admin\\viewByBarcode.php')
 3 SYSTEMPATH\View\View.php(229): CodeIgniter\View\View->CodeIgniter\View\{closure}()
 4 SYSTEMPATH\Common.php(1188): CodeIgniter\View\View->render('admin/viewByBarcode', [], true)
 5 APPPATH\Controllers\AdminController.php(295): view('admin/viewByBarcode', [...])
 6 SYSTEMPATH\CodeIgniter.php(919): App\Controllers\AdminController->viewToAcceptorders('assets', 'images', 'faces', 'face3.jpg')
 7 SYSTEMPATH\CodeIgniter.php(494): CodeIgniter\CodeIgniter->runController(Object(App\Controllers\AdminController))
 8 SYSTEMPATH\CodeIgniter.php(353): CodeIgniter\CodeIgniter->handleRequest(null, Object(Config\Cache), false)
 9 FCPATH\index.php(79): CodeIgniter\CodeIgniter->run()
10 SYSTEMPATH\Commands\Server\rewrite.php(47): require_once('C:\\laragon\\www\\coffee\\public\\index.php')
CRITICAL - 2024-04-23 05:39:05 --> Trying to access array offset on value of type null
in APPPATH\Views\admin\viewByBarcode.php on line 65.
 1 APPPATH\Views\admin\viewByBarcode.php(65): CodeIgniter\Debug\Exceptions->errorHandler(2, 'Trying to access array offset on value of type null', 'C:\\laragon\\www\\coffee\\app\\Views\\admin\\viewByBarcode.php', 65)
 2 SYSTEMPATH\View\View.php(226): include('C:\\laragon\\www\\coffee\\app\\Views\\admin\\viewByBarcode.php')
 3 SYSTEMPATH\View\View.php(229): CodeIgniter\View\View->CodeIgniter\View\{closure}()
 4 SYSTEMPATH\Common.php(1188): CodeIgniter\View\View->render('admin/viewByBarcode', [], true)
 5 APPPATH\Controllers\AdminController.php(295): view('admin/viewByBarcode', [...])
 6 SYSTEMPATH\CodeIgniter.php(919): App\Controllers\AdminController->viewToAcceptorders('assets', 'images', 'logo-mini.svg')
 7 SYSTEMPATH\CodeIgniter.php(494): CodeIgniter\CodeIgniter->runController(Object(App\Controllers\AdminController))
 8 SYSTEMPATH\CodeIgniter.php(353): CodeIgniter\CodeIgniter->handleRequest(null, Object(Config\Cache), false)
 9 FCPATH\index.php(79): CodeIgniter\CodeIgniter->run()
10 SYSTEMPATH\Commands\Server\rewrite.php(47): require_once('C:\\laragon\\www\\coffee\\public\\index.php')
CRITICAL - 2024-04-23 05:39:05 --> Trying to access array offset on value of type null
in APPPATH\Views\admin\viewByBarcode.php on line 65.
 1 APPPATH\Views\admin\viewByBarcode.php(65): CodeIgniter\Debug\Exceptions->errorHandler(2, 'Trying to access array offset on value of type null', 'C:\\laragon\\www\\coffee\\app\\Views\\admin\\viewByBarcode.php', 65)
 2 SYSTEMPATH\View\View.php(226): include('C:\\laragon\\www\\coffee\\app\\Views\\admin\\viewByBarcode.php')
 3 SYSTEMPATH\View\View.php(229): CodeIgniter\View\View->CodeIgniter\View\{closure}()
 4 SYSTEMPATH\Common.php(1188): CodeIgniter\View\View->render('admin/viewByBarcode', [], true)
 5 APPPATH\Controllers\AdminController.php(295): view('admin/viewByBarcode', [...])
 6 SYSTEMPATH\CodeIgniter.php(919): App\Controllers\AdminController->viewToAcceptorders('assets', 'images', 'faces', 'face4.jpg')
 7 SYSTEMPATH\CodeIgniter.php(494): CodeIgniter\CodeIgniter->runController(Object(App\Controllers\AdminController))
 8 SYSTEMPATH\CodeIgniter.php(353): CodeIgniter\CodeIgniter->handleRequest(null, Object(Config\Cache), false)
 9 FCPATH\index.php(79): CodeIgniter\CodeIgniter->run()
10 SYSTEMPATH\Commands\Server\rewrite.php(47): require_once('C:\\laragon\\www\\coffee\\public\\index.php')
CRITICAL - 2024-04-23 05:39:06 --> Trying to access array offset on value of type null
in APPPATH\Views\admin\viewByBarcode.php on line 65.
 1 APPPATH\Views\admin\viewByBarcode.php(65): CodeIgniter\Debug\Exceptions->errorHandler(2, 'Trying to access array offset on value of type null', 'C:\\laragon\\www\\coffee\\app\\Views\\admin\\viewByBarcode.php', 65)
 2 SYSTEMPATH\View\View.php(226): include('C:\\laragon\\www\\coffee\\app\\Views\\admin\\viewByBarcode.php')
 3 SYSTEMPATH\View\View.php(229): CodeIgniter\View\View->CodeIgniter\View\{closure}()
 4 SYSTEMPATH\Common.php(1188): CodeIgniter\View\View->render('admin/viewByBarcode', [], true)
 5 APPPATH\Controllers\AdminController.php(295): view('admin/viewByBarcode', [...])
 6 SYSTEMPATH\CodeIgniter.php(919): App\Controllers\AdminController->viewToAcceptorders('assets', 'images', 'faces', 'face2.jpg')
 7 SYSTEMPATH\CodeIgniter.php(494): CodeIgniter\CodeIgniter->runController(Object(App\Controllers\AdminController))
 8 SYSTEMPATH\CodeIgniter.php(353): CodeIgniter\CodeIgniter->handleRequest(null, Object(Config\Cache), false)
 9 FCPATH\index.php(79): CodeIgniter\CodeIgniter->run()
10 SYSTEMPATH\Commands\Server\rewrite.php(47): require_once('C:\\laragon\\www\\coffee\\public\\index.php')
CRITICAL - 2024-04-23 05:39:06 --> Trying to access array offset on value of type null
in APPPATH\Views\admin\viewByBarcode.php on line 65.
 1 APPPATH\Views\admin\viewByBarcode.php(65): CodeIgniter\Debug\Exceptions->errorHandler(2, 'Trying to access array offset on value of type null', 'C:\\laragon\\www\\coffee\\app\\Views\\admin\\viewByBarcode.php', 65)
 2 SYSTEMPATH\View\View.php(226): include('C:\\laragon\\www\\coffee\\app\\Views\\admin\\viewByBarcode.php')
 3 SYSTEMPATH\View\View.php(229): CodeIgniter\View\View->CodeIgniter\View\{closure}()
 4 SYSTEMPATH\Common.php(1188): CodeIgniter\View\View->render('admin/viewByBarcode', [], true)
 5 APPPATH\Controllers\AdminController.php(295): view('admin/viewByBarcode', [...])
 6 SYSTEMPATH\CodeIgniter.php(919): App\Controllers\AdminController->viewToAcceptorders('assets', 'images', 'faces', 'face3.jpg')
 7 SYSTEMPATH\CodeIgniter.php(494): CodeIgniter\CodeIgniter->runController(Object(App\Controllers\AdminController))
 8 SYSTEMPATH\CodeIgniter.php(353): CodeIgniter\CodeIgniter->handleRequest(null, Object(Config\Cache), false)
 9 FCPATH\index.php(79): CodeIgniter\CodeIgniter->run()
10 SYSTEMPATH\Commands\Server\rewrite.php(47): require_once('C:\\laragon\\www\\coffee\\public\\index.php')
CRITICAL - 2024-04-23 05:44:16 --> Undefined variable $order
in APPPATH\Views\user\receipt.php on line 34.
 1 APPPATH\Views\user\receipt.php(34): CodeIgniter\Debug\Exceptions->errorHandler(2, 'Undefined variable $order', 'C:\\laragon\\www\\coffee\\app\\Views\\user\\receipt.php', 34)
 2 SYSTEMPATH\View\View.php(226): include('C:\\laragon\\www\\coffee\\app\\Views\\user\\receipt.php')
 3 SYSTEMPATH\View\View.php(229): CodeIgniter\View\View->CodeIgniter\View\{closure}()
 4 SYSTEMPATH\Common.php(1188): CodeIgniter\View\View->render('user/receipt', [], true)
 5 APPPATH\Controllers\OrderController.php(226): view('user/receipt', [...])
 6 SYSTEMPATH\CodeIgniter.php(919): App\Controllers\OrderController->coffeereceipt()
 7 SYSTEMPATH\CodeIgniter.php(494): CodeIgniter\CodeIgniter->runController(Object(App\Controllers\OrderController))
 8 SYSTEMPATH\CodeIgniter.php(353): CodeIgniter\CodeIgniter->handleRequest(null, Object(Config\Cache), false)
 9 FCPATH\index.php(79): CodeIgniter\CodeIgniter->run()
10 SYSTEMPATH\Commands\Server\rewrite.php(47): require_once('C:\\laragon\\www\\coffee\\public\\index.php')
