CRITICAL - 2024-02-20 03:09:50 --> Too few arguments to function App\Controllers\ProductController::Cart(), 0 passed in C:\laragon\www\coffee\system\CodeIgniter.php on line 919 and exactly 1 expected
in APPPATH\Controllers\ProductController.php on line 100.
 1 SYSTEMPATH\CodeIgniter.php(919): App\Controllers\ProductController->Cart()
 2 SYSTEMPATH\CodeIgniter.php(494): CodeIgniter\CodeIgniter->runController(Object(App\Controllers\ProductController))
 3 SYSTEMPATH\CodeIgniter.php(353): CodeIgniter\CodeIgniter->handleRequest(null, Object(Config\Cache), false)
 4 FCPATH\index.php(79): CodeIgniter\CodeIgniter->run()
 5 SYSTEMPATH\Commands\Server\rewrite.php(47): require_once('C:\\laragon\\www\\coffee\\public\\index.php')
CRITICAL - 2024-02-20 13:54:40 --> Undefined variable $user
in APPPATH\Views\user\header.php on line 52.
 1 APPPATH\Views\user\header.php(52): CodeIgniter\Debug\Exceptions->errorHandler(2, 'Undefined variable $user', 'C:\\laragon\\www\\coffee\\app\\Views\\user\\header.php', 52)
 2 APPPATH\Views\user\home.php(383): include('C:\\laragon\\www\\coffee\\app\\Views\\user\\header.php')
 3 SYSTEMPATH\View\View.php(226): include('C:\\laragon\\www\\coffee\\app\\Views\\user\\home.php')
 4 SYSTEMPATH\View\View.php(229): CodeIgniter\View\View->CodeIgniter\View\{closure}()
 5 SYSTEMPATH\Common.php(1188): CodeIgniter\View\View->render('/user/home', [], true)
 6 APPPATH\Controllers\UserController.php(130): view('/user/home', [...])
 7 SYSTEMPATH\CodeIgniter.php(919): App\Controllers\UserController->home()
 8 SYSTEMPATH\CodeIgniter.php(494): CodeIgniter\CodeIgniter->runController(Object(App\Controllers\UserController))
 9 SYSTEMPATH\CodeIgniter.php(353): CodeIgniter\CodeIgniter->handleRequest(null, Object(Config\Cache), false)
10 FCPATH\index.php(79): CodeIgniter\CodeIgniter->run()
11 SYSTEMPATH\Commands\Server\rewrite.php(47): require_once('C:\\laragon\\www\\coffee\\public\\index.php')
CRITICAL - 2024-02-20 14:12:39 --> Undefined variable $p
in APPPATH\Views\user\header.php on line 52.
 1 APPPATH\Views\user\header.php(52): CodeIgniter\Debug\Exceptions->errorHandler(2, 'Undefined variable $p', 'C:\\laragon\\www\\coffee\\app\\Views\\user\\header.php', 52)
 2 APPPATH\Views\user\home.php(383): include('C:\\laragon\\www\\coffee\\app\\Views\\user\\header.php')
 3 SYSTEMPATH\View\View.php(226): include('C:\\laragon\\www\\coffee\\app\\Views\\user\\home.php')
 4 SYSTEMPATH\View\View.php(229): CodeIgniter\View\View->CodeIgniter\View\{closure}()
 5 SYSTEMPATH\Common.php(1188): CodeIgniter\View\View->render('/user/home', [], true)
 6 APPPATH\Controllers\UserController.php(130): view('/user/home', [...])
 7 SYSTEMPATH\CodeIgniter.php(919): App\Controllers\UserController->home()
 8 SYSTEMPATH\CodeIgniter.php(494): CodeIgniter\CodeIgniter->runController(Object(App\Controllers\UserController))
 9 SYSTEMPATH\CodeIgniter.php(353): CodeIgniter\CodeIgniter->handleRequest(null, Object(Config\Cache), false)
10 FCPATH\index.php(79): CodeIgniter\CodeIgniter->run()
11 SYSTEMPATH\Commands\Server\rewrite.php(47): require_once('C:\\laragon\\www\\coffee\\public\\index.php')
