CRITICAL - 2024-07-06 13:40:46 --> Undefined variable $pice
in APPPATH\Views\user\cart.php on line 69.
 1 APPPATH\Views\user\cart.php(69): CodeIgniter\Debug\Exceptions->errorHandler(2, 'Undefined variable $pice', 'C:\\laragon\\www\\coffee\\app\\Views\\user\\cart.php', 69)
 2 SYSTEMPATH\View\View.php(226): include('C:\\laragon\\www\\coffee\\app\\Views\\user\\cart.php')
 3 SYSTEMPATH\View\View.php(229): CodeIgniter\View\View->CodeIgniter\View\{closure}()
 4 SYSTEMPATH\Common.php(1188): CodeIgniter\View\View->render('/user/cart', [], true)
 5 APPPATH\Controllers\CartController.php(127): view('/user/cart', [...])
 6 SYSTEMPATH\CodeIgniter.php(919): App\Controllers\CartController->home_cart()
 7 SYSTEMPATH\CodeIgniter.php(494): CodeIgniter\CodeIgniter->runController(Object(App\Controllers\CartController))
 8 SYSTEMPATH\CodeIgniter.php(353): CodeIgniter\CodeIgniter->handleRequest(null, Object(Config\Cache), false)
 9 FCPATH\index.php(79): CodeIgniter\CodeIgniter->run()
10 SYSTEMPATH\Commands\Server\rewrite.php(47): require_once('C:\\laragon\\www\\coffee\\public\\index.php')
CRITICAL - 2024-07-06 13:49:58 --> insertBatch() has no data.
in SYSTEMPATH\Database\BaseBuilder.php on line 1771.
 1 SYSTEMPATH\Database\BaseBuilder.php(2191): CodeIgniter\Database\BaseBuilder->batchExecute('_insertBatch', 100)
 2 SYSTEMPATH\Model.php(353): CodeIgniter\Database\BaseBuilder->insertBatch([], null, 100)
 3 SYSTEMPATH\BaseModel.php(880): CodeIgniter\Model->doInsertBatch([], null, 100, false)
 4 APPPATH\Controllers\CartController.php(543): CodeIgniter\BaseModel->insertBatch([])
 5 APPPATH\Controllers\CartController.php(371): App\Controllers\CartController->insertOrder([], 'COD', null)
 6 SYSTEMPATH\CodeIgniter.php(919): App\Controllers\CartController->placeOrder()
 7 SYSTEMPATH\CodeIgniter.php(494): CodeIgniter\CodeIgniter->runController(Object(App\Controllers\CartController))
 8 SYSTEMPATH\CodeIgniter.php(353): CodeIgniter\CodeIgniter->handleRequest(null, Object(Config\Cache), false)
 9 FCPATH\index.php(79): CodeIgniter\CodeIgniter->run()
10 SYSTEMPATH\Commands\Server\rewrite.php(47): require_once('C:\\laragon\\www\\coffee\\public\\index.php')
CRITICAL - 2024-07-06 13:50:26 --> insertBatch() has no data.
in SYSTEMPATH\Database\BaseBuilder.php on line 1771.
 1 SYSTEMPATH\Database\BaseBuilder.php(2191): CodeIgniter\Database\BaseBuilder->batchExecute('_insertBatch', 100)
 2 SYSTEMPATH\Model.php(353): CodeIgniter\Database\BaseBuilder->insertBatch([], null, 100)
 3 SYSTEMPATH\BaseModel.php(880): CodeIgniter\Model->doInsertBatch([], null, 100, false)
 4 APPPATH\Controllers\CartController.php(543): CodeIgniter\BaseModel->insertBatch([])
 5 APPPATH\Controllers\CartController.php(371): App\Controllers\CartController->insertOrder([], 'COD', null)
 6 SYSTEMPATH\CodeIgniter.php(919): App\Controllers\CartController->placeOrder()
 7 SYSTEMPATH\CodeIgniter.php(494): CodeIgniter\CodeIgniter->runController(Object(App\Controllers\CartController))
 8 SYSTEMPATH\CodeIgniter.php(353): CodeIgniter\CodeIgniter->handleRequest(null, Object(Config\Cache), false)
 9 FCPATH\index.php(79): CodeIgniter\CodeIgniter->run()
10 SYSTEMPATH\Commands\Server\rewrite.php(47): require_once('C:\\laragon\\www\\coffee\\public\\index.php')
CRITICAL - 2024-07-06 13:57:44 --> insertBatch() has no data.
in SYSTEMPATH\Database\BaseBuilder.php on line 1771.
 1 SYSTEMPATH\Database\BaseBuilder.php(2191): CodeIgniter\Database\BaseBuilder->batchExecute('_insertBatch', 100)
 2 SYSTEMPATH\Model.php(353): CodeIgniter\Database\BaseBuilder->insertBatch([], null, 100)
 3 SYSTEMPATH\BaseModel.php(880): CodeIgniter\Model->doInsertBatch([], null, 100, false)
 4 APPPATH\Controllers\CartController.php(543): CodeIgniter\BaseModel->insertBatch([])
 5 APPPATH\Controllers\CartController.php(371): App\Controllers\CartController->insertOrder([], 'COD', null)
 6 SYSTEMPATH\CodeIgniter.php(919): App\Controllers\CartController->placeOrder()
 7 SYSTEMPATH\CodeIgniter.php(494): CodeIgniter\CodeIgniter->runController(Object(App\Controllers\CartController))
 8 SYSTEMPATH\CodeIgniter.php(353): CodeIgniter\CodeIgniter->handleRequest(null, Object(Config\Cache), false)
 9 FCPATH\index.php(79): CodeIgniter\CodeIgniter->run()
10 SYSTEMPATH\Commands\Server\rewrite.php(47): require_once('C:\\laragon\\www\\coffee\\public\\index.php')
CRITICAL - 2024-07-06 13:59:23 --> insertBatch() has no data.
in SYSTEMPATH\Database\BaseBuilder.php on line 1771.
 1 SYSTEMPATH\Database\BaseBuilder.php(2191): CodeIgniter\Database\BaseBuilder->batchExecute('_insertBatch', 100)
 2 SYSTEMPATH\Model.php(353): CodeIgniter\Database\BaseBuilder->insertBatch([], null, 100)
 3 SYSTEMPATH\BaseModel.php(880): CodeIgniter\Model->doInsertBatch([], null, 100, false)
 4 APPPATH\Controllers\CartController.php(543): CodeIgniter\BaseModel->insertBatch([])
 5 APPPATH\Controllers\CartController.php(371): App\Controllers\CartController->insertOrder([], 'COD', null)
 6 SYSTEMPATH\CodeIgniter.php(919): App\Controllers\CartController->placeOrder()
 7 SYSTEMPATH\CodeIgniter.php(494): CodeIgniter\CodeIgniter->runController(Object(App\Controllers\CartController))
 8 SYSTEMPATH\CodeIgniter.php(353): CodeIgniter\CodeIgniter->handleRequest(null, Object(Config\Cache), false)
 9 FCPATH\index.php(79): CodeIgniter\CodeIgniter->run()
10 SYSTEMPATH\Commands\Server\rewrite.php(47): require_once('C:\\laragon\\www\\coffee\\public\\index.php')
CRITICAL - 2024-07-06 13:59:55 --> insertBatch() has no data.
in SYSTEMPATH\Database\BaseBuilder.php on line 1771.
 1 SYSTEMPATH\Database\BaseBuilder.php(2191): CodeIgniter\Database\BaseBuilder->batchExecute('_insertBatch', 100)
 2 SYSTEMPATH\Model.php(353): CodeIgniter\Database\BaseBuilder->insertBatch([], null, 100)
 3 SYSTEMPATH\BaseModel.php(880): CodeIgniter\Model->doInsertBatch([], null, 100, false)
 4 APPPATH\Controllers\CartController.php(543): CodeIgniter\BaseModel->insertBatch([])
 5 APPPATH\Controllers\CartController.php(371): App\Controllers\CartController->insertOrder([], 'COD', null)
 6 SYSTEMPATH\CodeIgniter.php(919): App\Controllers\CartController->placeOrder()
 7 SYSTEMPATH\CodeIgniter.php(494): CodeIgniter\CodeIgniter->runController(Object(App\Controllers\CartController))
 8 SYSTEMPATH\CodeIgniter.php(353): CodeIgniter\CodeIgniter->handleRequest(null, Object(Config\Cache), false)
 9 FCPATH\index.php(79): CodeIgniter\CodeIgniter->run()
10 SYSTEMPATH\Commands\Server\rewrite.php(47): require_once('C:\\laragon\\www\\coffee\\public\\index.php')
CRITICAL - 2024-07-06 14:00:35 --> insertBatch() has no data.
in SYSTEMPATH\Database\BaseBuilder.php on line 1771.
 1 SYSTEMPATH\Database\BaseBuilder.php(2191): CodeIgniter\Database\BaseBuilder->batchExecute('_insertBatch', 100)
 2 SYSTEMPATH\Model.php(353): CodeIgniter\Database\BaseBuilder->insertBatch([], null, 100)
 3 SYSTEMPATH\BaseModel.php(880): CodeIgniter\Model->doInsertBatch([], null, 100, false)
 4 APPPATH\Controllers\CartController.php(543): CodeIgniter\BaseModel->insertBatch([])
 5 APPPATH\Controllers\CartController.php(371): App\Controllers\CartController->insertOrder([], 'COD', null)
 6 SYSTEMPATH\CodeIgniter.php(919): App\Controllers\CartController->placeOrder()
 7 SYSTEMPATH\CodeIgniter.php(494): CodeIgniter\CodeIgniter->runController(Object(App\Controllers\CartController))
 8 SYSTEMPATH\CodeIgniter.php(353): CodeIgniter\CodeIgniter->handleRequest(null, Object(Config\Cache), false)
 9 FCPATH\index.php(79): CodeIgniter\CodeIgniter->run()
10 SYSTEMPATH\Commands\Server\rewrite.php(47): require_once('C:\\laragon\\www\\coffee\\public\\index.php')
CRITICAL - 2024-07-06 14:02:09 --> Call to undefined method App\Controllers\CartController::getCartItems()
in APPPATH\Controllers\CartController.php on line 357.
 1 SYSTEMPATH\CodeIgniter.php(919): App\Controllers\CartController->placeOrder()
 2 SYSTEMPATH\CodeIgniter.php(494): CodeIgniter\CodeIgniter->runController(Object(App\Controllers\CartController))
 3 SYSTEMPATH\CodeIgniter.php(353): CodeIgniter\CodeIgniter->handleRequest(null, Object(Config\Cache), false)
 4 FCPATH\index.php(79): CodeIgniter\CodeIgniter->run()
 5 SYSTEMPATH\Commands\Server\rewrite.php(47): require_once('C:\\laragon\\www\\coffee\\public\\index.php')
CRITICAL - 2024-07-06 14:04:02 --> insertBatch() has no data.
in SYSTEMPATH\Database\BaseBuilder.php on line 1771.
 1 SYSTEMPATH\Database\BaseBuilder.php(2191): CodeIgniter\Database\BaseBuilder->batchExecute('_insertBatch', 100)
 2 SYSTEMPATH\Model.php(353): CodeIgniter\Database\BaseBuilder->insertBatch([], null, 100)
 3 SYSTEMPATH\BaseModel.php(880): CodeIgniter\Model->doInsertBatch([], null, 100, false)
 4 APPPATH\Controllers\CartController.php(545): CodeIgniter\BaseModel->insertBatch([])
 5 APPPATH\Controllers\CartController.php(371): App\Controllers\CartController->insertOrder([], 'COD', null)
 6 SYSTEMPATH\CodeIgniter.php(919): App\Controllers\CartController->placeOrder()
 7 SYSTEMPATH\CodeIgniter.php(494): CodeIgniter\CodeIgniter->runController(Object(App\Controllers\CartController))
 8 SYSTEMPATH\CodeIgniter.php(353): CodeIgniter\CodeIgniter->handleRequest(null, Object(Config\Cache), false)
 9 FCPATH\index.php(79): CodeIgniter\CodeIgniter->run()
10 SYSTEMPATH\Commands\Server\rewrite.php(47): require_once('C:\\laragon\\www\\coffee\\public\\index.php')
CRITICAL - 2024-07-06 14:04:19 --> There is no data to insert.
in SYSTEMPATH\BaseModel.php on line 1724.
 1 SYSTEMPATH\BaseModel.php(1724): CodeIgniter\Database\Exceptions\DataException::forEmptyDataset('insert')
 2 SYSTEMPATH\BaseModel.php(748): CodeIgniter\BaseModel->transformDataToArray([], 'insert')
 3 SYSTEMPATH\Model.php(715): CodeIgniter\BaseModel->insert([], true)
 4 APPPATH\Controllers\CartController.php(543): CodeIgniter\Model->insert([])
 5 APPPATH\Controllers\CartController.php(371): App\Controllers\CartController->insertOrder([], 'COD', null)
 6 SYSTEMPATH\CodeIgniter.php(919): App\Controllers\CartController->placeOrder()
 7 SYSTEMPATH\CodeIgniter.php(494): CodeIgniter\CodeIgniter->runController(Object(App\Controllers\CartController))
 8 SYSTEMPATH\CodeIgniter.php(353): CodeIgniter\CodeIgniter->handleRequest(null, Object(Config\Cache), false)
 9 FCPATH\index.php(79): CodeIgniter\CodeIgniter->run()
10 SYSTEMPATH\Commands\Server\rewrite.php(47): require_once('C:\\laragon\\www\\coffee\\public\\index.php')
CRITICAL - 2024-07-06 14:51:20 --> Trying to access array offset on value of type int
in APPPATH\Views\user\cart.php on line 54.
 1 APPPATH\Views\user\cart.php(54): CodeIgniter\Debug\Exceptions->errorHandler(2, 'Trying to access array offset on value of type int', 'C:\\laragon\\www\\coffee\\app\\Views\\user\\cart.php', 54)
 2 SYSTEMPATH\View\View.php(226): include('C:\\laragon\\www\\coffee\\app\\Views\\user\\cart.php')
 3 SYSTEMPATH\View\View.php(229): CodeIgniter\View\View->CodeIgniter\View\{closure}()
 4 SYSTEMPATH\Common.php(1188): CodeIgniter\View\View->render('/user/cart', [], true)
 5 APPPATH\Controllers\CartController.php(127): view('/user/cart', [...])
 6 SYSTEMPATH\CodeIgniter.php(919): App\Controllers\CartController->home_cart()
 7 SYSTEMPATH\CodeIgniter.php(494): CodeIgniter\CodeIgniter->runController(Object(App\Controllers\CartController))
 8 SYSTEMPATH\CodeIgniter.php(353): CodeIgniter\CodeIgniter->handleRequest(null, Object(Config\Cache), false)
 9 FCPATH\index.php(79): CodeIgniter\CodeIgniter->run()
10 SYSTEMPATH\Commands\Server\rewrite.php(47): require_once('C:\\laragon\\www\\coffee\\public\\index.php')
CRITICAL - 2024-07-06 14:51:40 --> Array to string conversion
in APPPATH\Views\user\cart.php on line 54.
 1 APPPATH\Views\user\cart.php(54): CodeIgniter\Debug\Exceptions->errorHandler(2, 'Array to string conversion', 'C:\\laragon\\www\\coffee\\app\\Views\\user\\cart.php', 54)
 2 SYSTEMPATH\View\View.php(226): include('C:\\laragon\\www\\coffee\\app\\Views\\user\\cart.php')
 3 SYSTEMPATH\View\View.php(229): CodeIgniter\View\View->CodeIgniter\View\{closure}()
 4 SYSTEMPATH\Common.php(1188): CodeIgniter\View\View->render('/user/cart', [], true)
 5 APPPATH\Controllers\CartController.php(127): view('/user/cart', [...])
 6 SYSTEMPATH\CodeIgniter.php(919): App\Controllers\CartController->home_cart()
 7 SYSTEMPATH\CodeIgniter.php(494): CodeIgniter\CodeIgniter->runController(Object(App\Controllers\CartController))
 8 SYSTEMPATH\CodeIgniter.php(353): CodeIgniter\CodeIgniter->handleRequest(null, Object(Config\Cache), false)
 9 FCPATH\index.php(79): CodeIgniter\CodeIgniter->run()
10 SYSTEMPATH\Commands\Server\rewrite.php(47): require_once('C:\\laragon\\www\\coffee\\public\\index.php')
CRITICAL - 2024-07-06 14:59:58 --> Undefined array key "barcode"
in APPPATH\Controllers\CartController.php on line 516.
 1 APPPATH\Controllers\CartController.php(516): CodeIgniter\Debug\Exceptions->errorHandler(2, 'Undefined array key "barcode"', 'C:\\laragon\\www\\coffee\\app\\Controllers\\CartController.php', 516)
 2 APPPATH\Controllers\CartController.php(371): App\Controllers\CartController->insertOrder([...], 'COD', null)
 3 SYSTEMPATH\CodeIgniter.php(919): App\Controllers\CartController->placeOrder()
 4 SYSTEMPATH\CodeIgniter.php(494): CodeIgniter\CodeIgniter->runController(Object(App\Controllers\CartController))
 5 SYSTEMPATH\CodeIgniter.php(353): CodeIgniter\CodeIgniter->handleRequest(null, Object(Config\Cache), false)
 6 FCPATH\index.php(79): CodeIgniter\CodeIgniter->run()
 7 SYSTEMPATH\Commands\Server\rewrite.php(47): require_once('C:\\laragon\\www\\coffee\\public\\index.php')
CRITICAL - 2024-07-06 15:01:13 --> Undefined array key "barcode"
in APPPATH\Controllers\CartController.php on line 516.
 1 APPPATH\Controllers\CartController.php(516): CodeIgniter\Debug\Exceptions->errorHandler(2, 'Undefined array key "barcode"', 'C:\\laragon\\www\\coffee\\app\\Controllers\\CartController.php', 516)
 2 APPPATH\Controllers\CartController.php(371): App\Controllers\CartController->insertOrder([...], 'COD', null)
 3 SYSTEMPATH\CodeIgniter.php(919): App\Controllers\CartController->placeOrder()
 4 SYSTEMPATH\CodeIgniter.php(494): CodeIgniter\CodeIgniter->runController(Object(App\Controllers\CartController))
 5 SYSTEMPATH\CodeIgniter.php(353): CodeIgniter\CodeIgniter->handleRequest(null, Object(Config\Cache), false)
 6 FCPATH\index.php(79): CodeIgniter\CodeIgniter->run()
 7 SYSTEMPATH\Commands\Server\rewrite.php(47): require_once('C:\\laragon\\www\\coffee\\public\\index.php')
CRITICAL - 2024-07-06 15:02:03 --> Undefined array key "barcode"
in APPPATH\Controllers\CartController.php on line 516.
 1 APPPATH\Controllers\CartController.php(516): CodeIgniter\Debug\Exceptions->errorHandler(2, 'Undefined array key "barcode"', 'C:\\laragon\\www\\coffee\\app\\Controllers\\CartController.php', 516)
 2 APPPATH\Controllers\CartController.php(371): App\Controllers\CartController->insertOrder([...], 'COD', null)
 3 SYSTEMPATH\CodeIgniter.php(919): App\Controllers\CartController->placeOrder()
 4 SYSTEMPATH\CodeIgniter.php(494): CodeIgniter\CodeIgniter->runController(Object(App\Controllers\CartController))
 5 SYSTEMPATH\CodeIgniter.php(353): CodeIgniter\CodeIgniter->handleRequest(null, Object(Config\Cache), false)
 6 FCPATH\index.php(79): CodeIgniter\CodeIgniter->run()
 7 SYSTEMPATH\Commands\Server\rewrite.php(47): require_once('C:\\laragon\\www\\coffee\\public\\index.php')
