ERROR - 2024-02-14 01:07:30 --> Error connecting to the database: mysqli_sql_exception: Access denied for user 'root'@'localhost' (using password: YES) in C:\laragon\www\crossroad_coffee_system\system\Database\MySQLi\Connection.php:185
Stack trace:
#0 C:\laragon\www\crossroad_coffee_system\system\Database\MySQLi\Connection.php(185): mysqli->real_connect('localhost', 'root', 'dankeneth221133...', 'coffeeledgerdb', 3306, '', 0)
#1 C:\laragon\www\crossroad_coffee_system\system\Database\BaseConnection.php(391): CodeIgniter\Database\MySQLi\Connection->connect(false)
#2 C:\laragon\www\crossroad_coffee_system\system\Database\BaseConnection.php(574): CodeIgniter\Database\BaseConnection->initialize()
#3 C:\laragon\www\crossroad_coffee_system\system\Database\BaseBuilder.php(1615): CodeIgniter\Database\BaseConnection->query('SELECT *\nFROM `...', Array, false)
#4 C:\laragon\www\crossroad_coffee_system\system\Model.php(237): CodeIgniter\Database\BaseBuilder->get()
#5 C:\laragon\www\crossroad_coffee_system\system\BaseModel.php(624): CodeIgniter\Model->doFindAll(0, 0)
#6 C:\laragon\www\crossroad_coffee_system\app\Models\ProductModel.php(105): CodeIgniter\BaseModel->findAll()
#7 C:\laragon\www\crossroad_coffee_system\app\Controllers\UserController.php(114): App\Models\ProductModel->products('Meals')
#8 C:\laragon\www\crossroad_coffee_system\system\CodeIgniter.php(919): App\Controllers\UserController->home_menu()
#9 C:\laragon\www\crossroad_coffee_system\system\CodeIgniter.php(494): CodeIgniter\CodeIgniter->runController(Object(App\Controllers\UserController))
#10 C:\laragon\www\crossroad_coffee_system\system\CodeIgniter.php(353): CodeIgniter\CodeIgniter->handleRequest(NULL, Object(Config\Cache), false)
#11 C:\laragon\www\crossroad_coffee_system\public\index.php(79): CodeIgniter\CodeIgniter->run()
#12 C:\laragon\www\crossroad_coffee_system\system\Commands\Server\rewrite.php(47): require_once('C:\\laragon\\www\\...')
#13 {main}

Next CodeIgniter\Database\Exceptions\DatabaseException: Access denied for user '****'@'localhost' (using password: YES) in C:\laragon\www\crossroad_coffee_system\system\Database\MySQLi\Connection.php:229
Stack trace:
#0 C:\laragon\www\crossroad_coffee_system\system\Database\BaseConnection.php(391): CodeIgniter\Database\MySQLi\Connection->connect(false)
#1 C:\laragon\www\crossroad_coffee_system\system\Database\BaseConnection.php(574): CodeIgniter\Database\BaseConnection->initialize()
#2 C:\laragon\www\crossroad_coffee_system\system\Database\BaseBuilder.php(1615): CodeIgniter\Database\BaseConnection->query('SELECT *\nFROM `...', Array, false)
#3 C:\laragon\www\crossroad_coffee_system\system\Model.php(237): CodeIgniter\Database\BaseBuilder->get()
#4 C:\laragon\www\crossroad_coffee_system\system\BaseModel.php(624): CodeIgniter\Model->doFindAll(0, 0)
#5 C:\laragon\www\crossroad_coffee_system\app\Models\ProductModel.php(105): CodeIgniter\BaseModel->findAll()
#6 C:\laragon\www\crossroad_coffee_system\app\Controllers\UserController.php(114): App\Models\ProductModel->products('Meals')
#7 C:\laragon\www\crossroad_coffee_system\system\CodeIgniter.php(919): App\Controllers\UserController->home_menu()
#8 C:\laragon\www\crossroad_coffee_system\system\CodeIgniter.php(494): CodeIgniter\CodeIgniter->runController(Object(App\Controllers\UserController))
#9 C:\laragon\www\crossroad_coffee_system\system\CodeIgniter.php(353): CodeIgniter\CodeIgniter->handleRequest(NULL, Object(Config\Cache), false)
#10 C:\laragon\www\crossroad_coffee_system\public\index.php(79): CodeIgniter\CodeIgniter->run()
#11 C:\laragon\www\crossroad_coffee_system\system\Commands\Server\rewrite.php(47): require_once('C:\\laragon\\www\\...')
#12 {main}
CRITICAL - 2024-02-14 01:07:30 --> Unable to connect to the database.
Main connection [MySQLi]: Access denied for user '****'@'localhost' (using password: YES)
in SYSTEMPATH\Database\BaseConnection.php on line 427.
 1 SYSTEMPATH\Database\BaseConnection.php(574): CodeIgniter\Database\BaseConnection->initialize()
 2 SYSTEMPATH\Database\BaseBuilder.php(1615): CodeIgniter\Database\BaseConnection->query('SELECT *
FROM `product_tbl`
WHERE `prod_categ` = :prod_categ:', [...], false)
 3 SYSTEMPATH\Model.php(237): CodeIgniter\Database\BaseBuilder->get()
 4 SYSTEMPATH\BaseModel.php(624): CodeIgniter\Model->doFindAll(0, 0)
 5 APPPATH\Models\ProductModel.php(105): CodeIgniter\BaseModel->findAll()
 6 APPPATH\Controllers\UserController.php(114): App\Models\ProductModel->products('Meals')
 7 SYSTEMPATH\CodeIgniter.php(919): App\Controllers\UserController->home_menu()
 8 SYSTEMPATH\CodeIgniter.php(494): CodeIgniter\CodeIgniter->runController(Object(App\Controllers\UserController))
 9 SYSTEMPATH\CodeIgniter.php(353): CodeIgniter\CodeIgniter->handleRequest(null, Object(Config\Cache), false)
10 FCPATH\index.php(79): CodeIgniter\CodeIgniter->run()
11 SYSTEMPATH\Commands\Server\rewrite.php(47): require_once('C:\\laragon\\www\\crossroad_coffee_system\\public\\index.php')
ERROR - 2024-02-14 01:12:29 --> Error connecting to the database: mysqli_sql_exception: Access denied for user 'root'@'localhost' (using password: YES) in C:\laragon\www\crossroad_coffee_system\system\Database\MySQLi\Connection.php:185
Stack trace:
#0 C:\laragon\www\crossroad_coffee_system\system\Database\MySQLi\Connection.php(185): mysqli->real_connect('localhost', 'root', 'dankeneth221133...', 'coffeeledgerdb', 3306, '', 0)
#1 C:\laragon\www\crossroad_coffee_system\system\Database\BaseConnection.php(391): CodeIgniter\Database\MySQLi\Connection->connect(false)
#2 C:\laragon\www\crossroad_coffee_system\system\Database\BaseConnection.php(574): CodeIgniter\Database\BaseConnection->initialize()
#3 C:\laragon\www\crossroad_coffee_system\system\Database\BaseBuilder.php(1615): CodeIgniter\Database\BaseConnection->query('SELECT *\nFROM `...', Array, false)
#4 C:\laragon\www\crossroad_coffee_system\system\Model.php(237): CodeIgniter\Database\BaseBuilder->get()
#5 C:\laragon\www\crossroad_coffee_system\system\BaseModel.php(624): CodeIgniter\Model->doFindAll(0, 0)
#6 C:\laragon\www\crossroad_coffee_system\app\Models\ProductModel.php(105): CodeIgniter\BaseModel->findAll()
#7 C:\laragon\www\crossroad_coffee_system\app\Controllers\UserController.php(114): App\Models\ProductModel->products('Meals')
#8 C:\laragon\www\crossroad_coffee_system\system\CodeIgniter.php(919): App\Controllers\UserController->home_menu()
#9 C:\laragon\www\crossroad_coffee_system\system\CodeIgniter.php(494): CodeIgniter\CodeIgniter->runController(Object(App\Controllers\UserController))
#10 C:\laragon\www\crossroad_coffee_system\system\CodeIgniter.php(353): CodeIgniter\CodeIgniter->handleRequest(NULL, Object(Config\Cache), false)
#11 C:\laragon\www\crossroad_coffee_system\public\index.php(79): CodeIgniter\CodeIgniter->run()
#12 C:\laragon\www\crossroad_coffee_system\system\Commands\Server\rewrite.php(47): require_once('C:\\laragon\\www\\...')
#13 {main}

Next CodeIgniter\Database\Exceptions\DatabaseException: Access denied for user '****'@'localhost' (using password: YES) in C:\laragon\www\crossroad_coffee_system\system\Database\MySQLi\Connection.php:229
Stack trace:
#0 C:\laragon\www\crossroad_coffee_system\system\Database\BaseConnection.php(391): CodeIgniter\Database\MySQLi\Connection->connect(false)
#1 C:\laragon\www\crossroad_coffee_system\system\Database\BaseConnection.php(574): CodeIgniter\Database\BaseConnection->initialize()
#2 C:\laragon\www\crossroad_coffee_system\system\Database\BaseBuilder.php(1615): CodeIgniter\Database\BaseConnection->query('SELECT *\nFROM `...', Array, false)
#3 C:\laragon\www\crossroad_coffee_system\system\Model.php(237): CodeIgniter\Database\BaseBuilder->get()
#4 C:\laragon\www\crossroad_coffee_system\system\BaseModel.php(624): CodeIgniter\Model->doFindAll(0, 0)
#5 C:\laragon\www\crossroad_coffee_system\app\Models\ProductModel.php(105): CodeIgniter\BaseModel->findAll()
#6 C:\laragon\www\crossroad_coffee_system\app\Controllers\UserController.php(114): App\Models\ProductModel->products('Meals')
#7 C:\laragon\www\crossroad_coffee_system\system\CodeIgniter.php(919): App\Controllers\UserController->home_menu()
#8 C:\laragon\www\crossroad_coffee_system\system\CodeIgniter.php(494): CodeIgniter\CodeIgniter->runController(Object(App\Controllers\UserController))
#9 C:\laragon\www\crossroad_coffee_system\system\CodeIgniter.php(353): CodeIgniter\CodeIgniter->handleRequest(NULL, Object(Config\Cache), false)
#10 C:\laragon\www\crossroad_coffee_system\public\index.php(79): CodeIgniter\CodeIgniter->run()
#11 C:\laragon\www\crossroad_coffee_system\system\Commands\Server\rewrite.php(47): require_once('C:\\laragon\\www\\...')
#12 {main}
CRITICAL - 2024-02-14 01:12:29 --> Unable to connect to the database.
Main connection [MySQLi]: Access denied for user '****'@'localhost' (using password: YES)
in SYSTEMPATH\Database\BaseConnection.php on line 427.
 1 SYSTEMPATH\Database\BaseConnection.php(574): CodeIgniter\Database\BaseConnection->initialize()
 2 SYSTEMPATH\Database\BaseBuilder.php(1615): CodeIgniter\Database\BaseConnection->query('SELECT *
FROM `product_tbl`
WHERE `prod_categ` = :prod_categ:', [...], false)
 3 SYSTEMPATH\Model.php(237): CodeIgniter\Database\BaseBuilder->get()
 4 SYSTEMPATH\BaseModel.php(624): CodeIgniter\Model->doFindAll(0, 0)
 5 APPPATH\Models\ProductModel.php(105): CodeIgniter\BaseModel->findAll()
 6 APPPATH\Controllers\UserController.php(114): App\Models\ProductModel->products('Meals')
 7 SYSTEMPATH\CodeIgniter.php(919): App\Controllers\UserController->home_menu()
 8 SYSTEMPATH\CodeIgniter.php(494): CodeIgniter\CodeIgniter->runController(Object(App\Controllers\UserController))
 9 SYSTEMPATH\CodeIgniter.php(353): CodeIgniter\CodeIgniter->handleRequest(null, Object(Config\Cache), false)
10 FCPATH\index.php(79): CodeIgniter\CodeIgniter->run()
11 SYSTEMPATH\Commands\Server\rewrite.php(47): require_once('C:\\laragon\\www\\crossroad_coffee_system\\public\\index.php')
ERROR - 2024-02-14 01:53:49 --> Error connecting to the database: mysqli_sql_exception: Access denied for user 'root'@'localhost' (using password: YES) in C:\laragon\www\crossroad_coffee_system\system\Database\MySQLi\Connection.php:185
Stack trace:
#0 C:\laragon\www\crossroad_coffee_system\system\Database\MySQLi\Connection.php(185): mysqli->real_connect('localhost', 'root', 'dankeneth221133...', 'coffeeledgerdb', 3306, '', 0)
#1 C:\laragon\www\crossroad_coffee_system\system\Database\BaseConnection.php(391): CodeIgniter\Database\MySQLi\Connection->connect(false)
#2 C:\laragon\www\crossroad_coffee_system\system\Database\BaseConnection.php(574): CodeIgniter\Database\BaseConnection->initialize()
#3 C:\laragon\www\crossroad_coffee_system\system\Database\BaseBuilder.php(1615): CodeIgniter\Database\BaseConnection->query('SELECT *\nFROM `...', Array, false)
#4 C:\laragon\www\crossroad_coffee_system\system\Model.php(237): CodeIgniter\Database\BaseBuilder->get()
#5 C:\laragon\www\crossroad_coffee_system\system\BaseModel.php(624): CodeIgniter\Model->doFindAll(0, 0)
#6 C:\laragon\www\crossroad_coffee_system\app\Models\ProductModel.php(105): CodeIgniter\BaseModel->findAll()
#7 C:\laragon\www\crossroad_coffee_system\app\Controllers\UserController.php(114): App\Models\ProductModel->products('Meals')
#8 C:\laragon\www\crossroad_coffee_system\system\CodeIgniter.php(919): App\Controllers\UserController->home_menu()
#9 C:\laragon\www\crossroad_coffee_system\system\CodeIgniter.php(494): CodeIgniter\CodeIgniter->runController(Object(App\Controllers\UserController))
#10 C:\laragon\www\crossroad_coffee_system\system\CodeIgniter.php(353): CodeIgniter\CodeIgniter->handleRequest(NULL, Object(Config\Cache), false)
#11 C:\laragon\www\crossroad_coffee_system\public\index.php(79): CodeIgniter\CodeIgniter->run()
#12 C:\laragon\www\crossroad_coffee_system\system\Commands\Server\rewrite.php(47): require_once('C:\\laragon\\www\\...')
#13 {main}

Next CodeIgniter\Database\Exceptions\DatabaseException: Access denied for user '****'@'localhost' (using password: YES) in C:\laragon\www\crossroad_coffee_system\system\Database\MySQLi\Connection.php:229
Stack trace:
#0 C:\laragon\www\crossroad_coffee_system\system\Database\BaseConnection.php(391): CodeIgniter\Database\MySQLi\Connection->connect(false)
#1 C:\laragon\www\crossroad_coffee_system\system\Database\BaseConnection.php(574): CodeIgniter\Database\BaseConnection->initialize()
#2 C:\laragon\www\crossroad_coffee_system\system\Database\BaseBuilder.php(1615): CodeIgniter\Database\BaseConnection->query('SELECT *\nFROM `...', Array, false)
#3 C:\laragon\www\crossroad_coffee_system\system\Model.php(237): CodeIgniter\Database\BaseBuilder->get()
#4 C:\laragon\www\crossroad_coffee_system\system\BaseModel.php(624): CodeIgniter\Model->doFindAll(0, 0)
#5 C:\laragon\www\crossroad_coffee_system\app\Models\ProductModel.php(105): CodeIgniter\BaseModel->findAll()
#6 C:\laragon\www\crossroad_coffee_system\app\Controllers\UserController.php(114): App\Models\ProductModel->products('Meals')
#7 C:\laragon\www\crossroad_coffee_system\system\CodeIgniter.php(919): App\Controllers\UserController->home_menu()
#8 C:\laragon\www\crossroad_coffee_system\system\CodeIgniter.php(494): CodeIgniter\CodeIgniter->runController(Object(App\Controllers\UserController))
#9 C:\laragon\www\crossroad_coffee_system\system\CodeIgniter.php(353): CodeIgniter\CodeIgniter->handleRequest(NULL, Object(Config\Cache), false)
#10 C:\laragon\www\crossroad_coffee_system\public\index.php(79): CodeIgniter\CodeIgniter->run()
#11 C:\laragon\www\crossroad_coffee_system\system\Commands\Server\rewrite.php(47): require_once('C:\\laragon\\www\\...')
#12 {main}
CRITICAL - 2024-02-14 01:53:49 --> Unable to connect to the database.
Main connection [MySQLi]: Access denied for user '****'@'localhost' (using password: YES)
in SYSTEMPATH\Database\BaseConnection.php on line 427.
 1 SYSTEMPATH\Database\BaseConnection.php(574): CodeIgniter\Database\BaseConnection->initialize()
 2 SYSTEMPATH\Database\BaseBuilder.php(1615): CodeIgniter\Database\BaseConnection->query('SELECT *
FROM `product_tbl`
WHERE `prod_categ` = :prod_categ:', [...], false)
 3 SYSTEMPATH\Model.php(237): CodeIgniter\Database\BaseBuilder->get()
 4 SYSTEMPATH\BaseModel.php(624): CodeIgniter\Model->doFindAll(0, 0)
 5 APPPATH\Models\ProductModel.php(105): CodeIgniter\BaseModel->findAll()
 6 APPPATH\Controllers\UserController.php(114): App\Models\ProductModel->products('Meals')
 7 SYSTEMPATH\CodeIgniter.php(919): App\Controllers\UserController->home_menu()
 8 SYSTEMPATH\CodeIgniter.php(494): CodeIgniter\CodeIgniter->runController(Object(App\Controllers\UserController))
 9 SYSTEMPATH\CodeIgniter.php(353): CodeIgniter\CodeIgniter->handleRequest(null, Object(Config\Cache), false)
10 FCPATH\index.php(79): CodeIgniter\CodeIgniter->run()
11 SYSTEMPATH\Commands\Server\rewrite.php(47): require_once('C:\\laragon\\www\\crossroad_coffee_system\\public\\index.php')
ERROR - 2024-02-14 02:10:22 --> Error connecting to the database: mysqli_sql_exception: Access denied for user 'root'@'localhost' (using password: YES) in C:\laragon\www\crossroad_coffee_system\system\Database\MySQLi\Connection.php:185
Stack trace:
#0 C:\laragon\www\crossroad_coffee_system\system\Database\MySQLi\Connection.php(185): mysqli->real_connect('localhost', 'root', 'dankeneth221133...', 'coffeeledgerdb', 3306, '', 0)
#1 C:\laragon\www\crossroad_coffee_system\system\Database\BaseConnection.php(391): CodeIgniter\Database\MySQLi\Connection->connect(false)
#2 C:\laragon\www\crossroad_coffee_system\system\Database\BaseConnection.php(574): CodeIgniter\Database\BaseConnection->initialize()
#3 C:\laragon\www\crossroad_coffee_system\system\Database\BaseBuilder.php(1615): CodeIgniter\Database\BaseConnection->query('SELECT *\nFROM `...', Array, false)
#4 C:\laragon\www\crossroad_coffee_system\system\Model.php(237): CodeIgniter\Database\BaseBuilder->get()
#5 C:\laragon\www\crossroad_coffee_system\system\BaseModel.php(624): CodeIgniter\Model->doFindAll(0, 0)
#6 C:\laragon\www\crossroad_coffee_system\app\Models\ProductModel.php(105): CodeIgniter\BaseModel->findAll()
#7 C:\laragon\www\crossroad_coffee_system\app\Controllers\UserController.php(114): App\Models\ProductModel->products('Meals')
#8 C:\laragon\www\crossroad_coffee_system\system\CodeIgniter.php(919): App\Controllers\UserController->home_menu()
#9 C:\laragon\www\crossroad_coffee_system\system\CodeIgniter.php(494): CodeIgniter\CodeIgniter->runController(Object(App\Controllers\UserController))
#10 C:\laragon\www\crossroad_coffee_system\system\CodeIgniter.php(353): CodeIgniter\CodeIgniter->handleRequest(NULL, Object(Config\Cache), false)
#11 C:\laragon\www\crossroad_coffee_system\public\index.php(79): CodeIgniter\CodeIgniter->run()
#12 C:\laragon\www\crossroad_coffee_system\system\Commands\Server\rewrite.php(47): require_once('C:\\laragon\\www\\...')
#13 {main}

Next CodeIgniter\Database\Exceptions\DatabaseException: Access denied for user '****'@'localhost' (using password: YES) in C:\laragon\www\crossroad_coffee_system\system\Database\MySQLi\Connection.php:229
Stack trace:
#0 C:\laragon\www\crossroad_coffee_system\system\Database\BaseConnection.php(391): CodeIgniter\Database\MySQLi\Connection->connect(false)
#1 C:\laragon\www\crossroad_coffee_system\system\Database\BaseConnection.php(574): CodeIgniter\Database\BaseConnection->initialize()
#2 C:\laragon\www\crossroad_coffee_system\system\Database\BaseBuilder.php(1615): CodeIgniter\Database\BaseConnection->query('SELECT *\nFROM `...', Array, false)
#3 C:\laragon\www\crossroad_coffee_system\system\Model.php(237): CodeIgniter\Database\BaseBuilder->get()
#4 C:\laragon\www\crossroad_coffee_system\system\BaseModel.php(624): CodeIgniter\Model->doFindAll(0, 0)
#5 C:\laragon\www\crossroad_coffee_system\app\Models\ProductModel.php(105): CodeIgniter\BaseModel->findAll()
#6 C:\laragon\www\crossroad_coffee_system\app\Controllers\UserController.php(114): App\Models\ProductModel->products('Meals')
#7 C:\laragon\www\crossroad_coffee_system\system\CodeIgniter.php(919): App\Controllers\UserController->home_menu()
#8 C:\laragon\www\crossroad_coffee_system\system\CodeIgniter.php(494): CodeIgniter\CodeIgniter->runController(Object(App\Controllers\UserController))
#9 C:\laragon\www\crossroad_coffee_system\system\CodeIgniter.php(353): CodeIgniter\CodeIgniter->handleRequest(NULL, Object(Config\Cache), false)
#10 C:\laragon\www\crossroad_coffee_system\public\index.php(79): CodeIgniter\CodeIgniter->run()
#11 C:\laragon\www\crossroad_coffee_system\system\Commands\Server\rewrite.php(47): require_once('C:\\laragon\\www\\...')
#12 {main}
CRITICAL - 2024-02-14 02:10:22 --> Unable to connect to the database.
Main connection [MySQLi]: Access denied for user '****'@'localhost' (using password: YES)
in SYSTEMPATH\Database\BaseConnection.php on line 427.
 1 SYSTEMPATH\Database\BaseConnection.php(574): CodeIgniter\Database\BaseConnection->initialize()
 2 SYSTEMPATH\Database\BaseBuilder.php(1615): CodeIgniter\Database\BaseConnection->query('SELECT *
FROM `product_tbl`
WHERE `prod_categ` = :prod_categ:', [...], false)
 3 SYSTEMPATH\Model.php(237): CodeIgniter\Database\BaseBuilder->get()
 4 SYSTEMPATH\BaseModel.php(624): CodeIgniter\Model->doFindAll(0, 0)
 5 APPPATH\Models\ProductModel.php(105): CodeIgniter\BaseModel->findAll()
 6 APPPATH\Controllers\UserController.php(114): App\Models\ProductModel->products('Meals')
 7 SYSTEMPATH\CodeIgniter.php(919): App\Controllers\UserController->home_menu()
 8 SYSTEMPATH\CodeIgniter.php(494): CodeIgniter\CodeIgniter->runController(Object(App\Controllers\UserController))
 9 SYSTEMPATH\CodeIgniter.php(353): CodeIgniter\CodeIgniter->handleRequest(null, Object(Config\Cache), false)
10 FCPATH\index.php(79): CodeIgniter\CodeIgniter->run()
11 SYSTEMPATH\Commands\Server\rewrite.php(47): require_once('C:\\laragon\\www\\crossroad_coffee_system\\public\\index.php')
ERROR - 2024-02-14 02:15:00 --> Error connecting to the database: mysqli_sql_exception: Access denied for user 'root'@'localhost' (using password: YES) in C:\laragon\www\crossroad_coffee_system\system\Database\MySQLi\Connection.php:185
Stack trace:
#0 C:\laragon\www\crossroad_coffee_system\system\Database\MySQLi\Connection.php(185): mysqli->real_connect('localhost', 'root', 'dankeneth221133...', 'coffeeledgerdb', 3306, '', 0)
#1 C:\laragon\www\crossroad_coffee_system\system\Database\BaseConnection.php(391): CodeIgniter\Database\MySQLi\Connection->connect(false)
#2 C:\laragon\www\crossroad_coffee_system\system\Database\BaseConnection.php(574): CodeIgniter\Database\BaseConnection->initialize()
#3 C:\laragon\www\crossroad_coffee_system\system\Database\BaseBuilder.php(1615): CodeIgniter\Database\BaseConnection->query('SELECT *\nFROM `...', Array, false)
#4 C:\laragon\www\crossroad_coffee_system\system\Model.php(237): CodeIgniter\Database\BaseBuilder->get()
#5 C:\laragon\www\crossroad_coffee_system\system\BaseModel.php(624): CodeIgniter\Model->doFindAll(0, 0)
#6 C:\laragon\www\crossroad_coffee_system\app\Models\ProductModel.php(105): CodeIgniter\BaseModel->findAll()
#7 C:\laragon\www\crossroad_coffee_system\app\Controllers\UserController.php(145): App\Models\ProductModel->products('Meals')
#8 C:\laragon\www\crossroad_coffee_system\system\CodeIgniter.php(919): App\Controllers\UserController->home_shop()
#9 C:\laragon\www\crossroad_coffee_system\system\CodeIgniter.php(494): CodeIgniter\CodeIgniter->runController(Object(App\Controllers\UserController))
#10 C:\laragon\www\crossroad_coffee_system\system\CodeIgniter.php(353): CodeIgniter\CodeIgniter->handleRequest(NULL, Object(Config\Cache), false)
#11 C:\laragon\www\crossroad_coffee_system\public\index.php(79): CodeIgniter\CodeIgniter->run()
#12 C:\laragon\www\crossroad_coffee_system\system\Commands\Server\rewrite.php(47): require_once('C:\\laragon\\www\\...')
#13 {main}

Next CodeIgniter\Database\Exceptions\DatabaseException: Access denied for user '****'@'localhost' (using password: YES) in C:\laragon\www\crossroad_coffee_system\system\Database\MySQLi\Connection.php:229
Stack trace:
#0 C:\laragon\www\crossroad_coffee_system\system\Database\BaseConnection.php(391): CodeIgniter\Database\MySQLi\Connection->connect(false)
#1 C:\laragon\www\crossroad_coffee_system\system\Database\BaseConnection.php(574): CodeIgniter\Database\BaseConnection->initialize()
#2 C:\laragon\www\crossroad_coffee_system\system\Database\BaseBuilder.php(1615): CodeIgniter\Database\BaseConnection->query('SELECT *\nFROM `...', Array, false)
#3 C:\laragon\www\crossroad_coffee_system\system\Model.php(237): CodeIgniter\Database\BaseBuilder->get()
#4 C:\laragon\www\crossroad_coffee_system\system\BaseModel.php(624): CodeIgniter\Model->doFindAll(0, 0)
#5 C:\laragon\www\crossroad_coffee_system\app\Models\ProductModel.php(105): CodeIgniter\BaseModel->findAll()
#6 C:\laragon\www\crossroad_coffee_system\app\Controllers\UserController.php(145): App\Models\ProductModel->products('Meals')
#7 C:\laragon\www\crossroad_coffee_system\system\CodeIgniter.php(919): App\Controllers\UserController->home_shop()
#8 C:\laragon\www\crossroad_coffee_system\system\CodeIgniter.php(494): CodeIgniter\CodeIgniter->runController(Object(App\Controllers\UserController))
#9 C:\laragon\www\crossroad_coffee_system\system\CodeIgniter.php(353): CodeIgniter\CodeIgniter->handleRequest(NULL, Object(Config\Cache), false)
#10 C:\laragon\www\crossroad_coffee_system\public\index.php(79): CodeIgniter\CodeIgniter->run()
#11 C:\laragon\www\crossroad_coffee_system\system\Commands\Server\rewrite.php(47): require_once('C:\\laragon\\www\\...')
#12 {main}
CRITICAL - 2024-02-14 02:15:00 --> Unable to connect to the database.
Main connection [MySQLi]: Access denied for user '****'@'localhost' (using password: YES)
in SYSTEMPATH\Database\BaseConnection.php on line 427.
 1 SYSTEMPATH\Database\BaseConnection.php(574): CodeIgniter\Database\BaseConnection->initialize()
 2 SYSTEMPATH\Database\BaseBuilder.php(1615): CodeIgniter\Database\BaseConnection->query('SELECT *
FROM `product_tbl`
WHERE `prod_categ` = :prod_categ:', [...], false)
 3 SYSTEMPATH\Model.php(237): CodeIgniter\Database\BaseBuilder->get()
 4 SYSTEMPATH\BaseModel.php(624): CodeIgniter\Model->doFindAll(0, 0)
 5 APPPATH\Models\ProductModel.php(105): CodeIgniter\BaseModel->findAll()
 6 APPPATH\Controllers\UserController.php(145): App\Models\ProductModel->products('Meals')
 7 SYSTEMPATH\CodeIgniter.php(919): App\Controllers\UserController->home_shop()
 8 SYSTEMPATH\CodeIgniter.php(494): CodeIgniter\CodeIgniter->runController(Object(App\Controllers\UserController))
 9 SYSTEMPATH\CodeIgniter.php(353): CodeIgniter\CodeIgniter->handleRequest(null, Object(Config\Cache), false)
10 FCPATH\index.php(79): CodeIgniter\CodeIgniter->run()
11 SYSTEMPATH\Commands\Server\rewrite.php(47): require_once('C:\\laragon\\www\\crossroad_coffee_system\\public\\index.php')
ERROR - 2024-02-14 02:38:14 --> Error connecting to the database: mysqli_sql_exception: Access denied for user 'root'@'localhost' (using password: YES) in C:\laragon\www\crossroad_coffee_system\system\Database\MySQLi\Connection.php:185
Stack trace:
#0 C:\laragon\www\crossroad_coffee_system\system\Database\MySQLi\Connection.php(185): mysqli->real_connect('localhost', 'root', 'dankeneth221133...', 'coffeeledgerdb', 3306, '', 0)
#1 C:\laragon\www\crossroad_coffee_system\system\Database\BaseConnection.php(391): CodeIgniter\Database\MySQLi\Connection->connect(false)
#2 C:\laragon\www\crossroad_coffee_system\system\Database\BaseConnection.php(574): CodeIgniter\Database\BaseConnection->initialize()
#3 C:\laragon\www\crossroad_coffee_system\system\Database\BaseBuilder.php(1615): CodeIgniter\Database\BaseConnection->query('SELECT *\nFROM `...', Array, false)
#4 C:\laragon\www\crossroad_coffee_system\system\Model.php(237): CodeIgniter\Database\BaseBuilder->get()
#5 C:\laragon\www\crossroad_coffee_system\system\BaseModel.php(624): CodeIgniter\Model->doFindAll(0, 0)
#6 C:\laragon\www\crossroad_coffee_system\app\Models\ProductModel.php(105): CodeIgniter\BaseModel->findAll()
#7 C:\laragon\www\crossroad_coffee_system\app\Controllers\UserController.php(114): App\Models\ProductModel->products('Meals')
#8 C:\laragon\www\crossroad_coffee_system\system\CodeIgniter.php(919): App\Controllers\UserController->home_menu()
#9 C:\laragon\www\crossroad_coffee_system\system\CodeIgniter.php(494): CodeIgniter\CodeIgniter->runController(Object(App\Controllers\UserController))
#10 C:\laragon\www\crossroad_coffee_system\system\CodeIgniter.php(353): CodeIgniter\CodeIgniter->handleRequest(NULL, Object(Config\Cache), false)
#11 C:\laragon\www\crossroad_coffee_system\public\index.php(79): CodeIgniter\CodeIgniter->run()
#12 C:\laragon\www\crossroad_coffee_system\system\Commands\Server\rewrite.php(47): require_once('C:\\laragon\\www\\...')
#13 {main}

Next CodeIgniter\Database\Exceptions\DatabaseException: Access denied for user '****'@'localhost' (using password: YES) in C:\laragon\www\crossroad_coffee_system\system\Database\MySQLi\Connection.php:229
Stack trace:
#0 C:\laragon\www\crossroad_coffee_system\system\Database\BaseConnection.php(391): CodeIgniter\Database\MySQLi\Connection->connect(false)
#1 C:\laragon\www\crossroad_coffee_system\system\Database\BaseConnection.php(574): CodeIgniter\Database\BaseConnection->initialize()
#2 C:\laragon\www\crossroad_coffee_system\system\Database\BaseBuilder.php(1615): CodeIgniter\Database\BaseConnection->query('SELECT *\nFROM `...', Array, false)
#3 C:\laragon\www\crossroad_coffee_system\system\Model.php(237): CodeIgniter\Database\BaseBuilder->get()
#4 C:\laragon\www\crossroad_coffee_system\system\BaseModel.php(624): CodeIgniter\Model->doFindAll(0, 0)
#5 C:\laragon\www\crossroad_coffee_system\app\Models\ProductModel.php(105): CodeIgniter\BaseModel->findAll()
#6 C:\laragon\www\crossroad_coffee_system\app\Controllers\UserController.php(114): App\Models\ProductModel->products('Meals')
#7 C:\laragon\www\crossroad_coffee_system\system\CodeIgniter.php(919): App\Controllers\UserController->home_menu()
#8 C:\laragon\www\crossroad_coffee_system\system\CodeIgniter.php(494): CodeIgniter\CodeIgniter->runController(Object(App\Controllers\UserController))
#9 C:\laragon\www\crossroad_coffee_system\system\CodeIgniter.php(353): CodeIgniter\CodeIgniter->handleRequest(NULL, Object(Config\Cache), false)
#10 C:\laragon\www\crossroad_coffee_system\public\index.php(79): CodeIgniter\CodeIgniter->run()
#11 C:\laragon\www\crossroad_coffee_system\system\Commands\Server\rewrite.php(47): require_once('C:\\laragon\\www\\...')
#12 {main}
CRITICAL - 2024-02-14 02:38:14 --> Unable to connect to the database.
Main connection [MySQLi]: Access denied for user '****'@'localhost' (using password: YES)
in SYSTEMPATH\Database\BaseConnection.php on line 427.
 1 SYSTEMPATH\Database\BaseConnection.php(574): CodeIgniter\Database\BaseConnection->initialize()
 2 SYSTEMPATH\Database\BaseBuilder.php(1615): CodeIgniter\Database\BaseConnection->query('SELECT *
FROM `product_tbl`
WHERE `prod_categ` = :prod_categ:', [...], false)
 3 SYSTEMPATH\Model.php(237): CodeIgniter\Database\BaseBuilder->get()
 4 SYSTEMPATH\BaseModel.php(624): CodeIgniter\Model->doFindAll(0, 0)
 5 APPPATH\Models\ProductModel.php(105): CodeIgniter\BaseModel->findAll()
 6 APPPATH\Controllers\UserController.php(114): App\Models\ProductModel->products('Meals')
 7 SYSTEMPATH\CodeIgniter.php(919): App\Controllers\UserController->home_menu()
 8 SYSTEMPATH\CodeIgniter.php(494): CodeIgniter\CodeIgniter->runController(Object(App\Controllers\UserController))
 9 SYSTEMPATH\CodeIgniter.php(353): CodeIgniter\CodeIgniter->handleRequest(null, Object(Config\Cache), false)
10 FCPATH\index.php(79): CodeIgniter\CodeIgniter->run()
11 SYSTEMPATH\Commands\Server\rewrite.php(47): require_once('C:\\laragon\\www\\crossroad_coffee_system\\public\\index.php')
ERROR - 2024-02-14 02:47:41 --> Error connecting to the database: mysqli_sql_exception: Access denied for user 'root'@'localhost' (using password: YES) in C:\laragon\www\crossroad_coffee_system\system\Database\MySQLi\Connection.php:185
Stack trace:
#0 C:\laragon\www\crossroad_coffee_system\system\Database\MySQLi\Connection.php(185): mysqli->real_connect('localhost', 'root', 'dankeneth221133...', 'coffeeledgerdb', 3306, '', 0)
#1 C:\laragon\www\crossroad_coffee_system\system\Database\BaseConnection.php(391): CodeIgniter\Database\MySQLi\Connection->connect(false)
#2 C:\laragon\www\crossroad_coffee_system\system\Database\BaseConnection.php(574): CodeIgniter\Database\BaseConnection->initialize()
#3 C:\laragon\www\crossroad_coffee_system\system\Database\BaseBuilder.php(1615): CodeIgniter\Database\BaseConnection->query('SELECT *\nFROM `...', Array, false)
#4 C:\laragon\www\crossroad_coffee_system\system\Model.php(237): CodeIgniter\Database\BaseBuilder->get()
#5 C:\laragon\www\crossroad_coffee_system\system\BaseModel.php(624): CodeIgniter\Model->doFindAll(0, 0)
#6 C:\laragon\www\crossroad_coffee_system\app\Models\ProductModel.php(105): CodeIgniter\BaseModel->findAll()
#7 C:\laragon\www\crossroad_coffee_system\app\Controllers\UserController.php(145): App\Models\ProductModel->products('Meals')
#8 C:\laragon\www\crossroad_coffee_system\system\CodeIgniter.php(919): App\Controllers\UserController->home_shop()
#9 C:\laragon\www\crossroad_coffee_system\system\CodeIgniter.php(494): CodeIgniter\CodeIgniter->runController(Object(App\Controllers\UserController))
#10 C:\laragon\www\crossroad_coffee_system\system\CodeIgniter.php(353): CodeIgniter\CodeIgniter->handleRequest(NULL, Object(Config\Cache), false)
#11 C:\laragon\www\crossroad_coffee_system\public\index.php(79): CodeIgniter\CodeIgniter->run()
#12 C:\laragon\www\crossroad_coffee_system\system\Commands\Server\rewrite.php(47): require_once('C:\\laragon\\www\\...')
#13 {main}

Next CodeIgniter\Database\Exceptions\DatabaseException: Access denied for user '****'@'localhost' (using password: YES) in C:\laragon\www\crossroad_coffee_system\system\Database\MySQLi\Connection.php:229
Stack trace:
#0 C:\laragon\www\crossroad_coffee_system\system\Database\BaseConnection.php(391): CodeIgniter\Database\MySQLi\Connection->connect(false)
#1 C:\laragon\www\crossroad_coffee_system\system\Database\BaseConnection.php(574): CodeIgniter\Database\BaseConnection->initialize()
#2 C:\laragon\www\crossroad_coffee_system\system\Database\BaseBuilder.php(1615): CodeIgniter\Database\BaseConnection->query('SELECT *\nFROM `...', Array, false)
#3 C:\laragon\www\crossroad_coffee_system\system\Model.php(237): CodeIgniter\Database\BaseBuilder->get()
#4 C:\laragon\www\crossroad_coffee_system\system\BaseModel.php(624): CodeIgniter\Model->doFindAll(0, 0)
#5 C:\laragon\www\crossroad_coffee_system\app\Models\ProductModel.php(105): CodeIgniter\BaseModel->findAll()
#6 C:\laragon\www\crossroad_coffee_system\app\Controllers\UserController.php(145): App\Models\ProductModel->products('Meals')
#7 C:\laragon\www\crossroad_coffee_system\system\CodeIgniter.php(919): App\Controllers\UserController->home_shop()
#8 C:\laragon\www\crossroad_coffee_system\system\CodeIgniter.php(494): CodeIgniter\CodeIgniter->runController(Object(App\Controllers\UserController))
#9 C:\laragon\www\crossroad_coffee_system\system\CodeIgniter.php(353): CodeIgniter\CodeIgniter->handleRequest(NULL, Object(Config\Cache), false)
#10 C:\laragon\www\crossroad_coffee_system\public\index.php(79): CodeIgniter\CodeIgniter->run()
#11 C:\laragon\www\crossroad_coffee_system\system\Commands\Server\rewrite.php(47): require_once('C:\\laragon\\www\\...')
#12 {main}
CRITICAL - 2024-02-14 02:47:41 --> Unable to connect to the database.
Main connection [MySQLi]: Access denied for user '****'@'localhost' (using password: YES)
in SYSTEMPATH\Database\BaseConnection.php on line 427.
 1 SYSTEMPATH\Database\BaseConnection.php(574): CodeIgniter\Database\BaseConnection->initialize()
 2 SYSTEMPATH\Database\BaseBuilder.php(1615): CodeIgniter\Database\BaseConnection->query('SELECT *
FROM `product_tbl`
WHERE `prod_categ` = :prod_categ:', [...], false)
 3 SYSTEMPATH\Model.php(237): CodeIgniter\Database\BaseBuilder->get()
 4 SYSTEMPATH\BaseModel.php(624): CodeIgniter\Model->doFindAll(0, 0)
 5 APPPATH\Models\ProductModel.php(105): CodeIgniter\BaseModel->findAll()
 6 APPPATH\Controllers\UserController.php(145): App\Models\ProductModel->products('Meals')
 7 SYSTEMPATH\CodeIgniter.php(919): App\Controllers\UserController->home_shop()
 8 SYSTEMPATH\CodeIgniter.php(494): CodeIgniter\CodeIgniter->runController(Object(App\Controllers\UserController))
 9 SYSTEMPATH\CodeIgniter.php(353): CodeIgniter\CodeIgniter->handleRequest(null, Object(Config\Cache), false)
10 FCPATH\index.php(79): CodeIgniter\CodeIgniter->run()
11 SYSTEMPATH\Commands\Server\rewrite.php(47): require_once('C:\\laragon\\www\\crossroad_coffee_system\\public\\index.php')
ERROR - 2024-02-14 03:08:32 --> Error connecting to the database: mysqli_sql_exception: Access denied for user 'root'@'localhost' (using password: YES) in C:\laragon\www\crossroad_coffee_system\system\Database\MySQLi\Connection.php:185
Stack trace:
#0 C:\laragon\www\crossroad_coffee_system\system\Database\MySQLi\Connection.php(185): mysqli->real_connect('localhost', 'root', 'dankeneth221133...', 'coffeeledgerdb', 3306, '', 0)
#1 C:\laragon\www\crossroad_coffee_system\system\Database\BaseConnection.php(391): CodeIgniter\Database\MySQLi\Connection->connect(false)
#2 C:\laragon\www\crossroad_coffee_system\system\Database\BaseConnection.php(574): CodeIgniter\Database\BaseConnection->initialize()
#3 C:\laragon\www\crossroad_coffee_system\system\Database\BaseBuilder.php(1615): CodeIgniter\Database\BaseConnection->query('SELECT *\nFROM `...', Array, false)
#4 C:\laragon\www\crossroad_coffee_system\system\Model.php(237): CodeIgniter\Database\BaseBuilder->get()
#5 C:\laragon\www\crossroad_coffee_system\system\BaseModel.php(624): CodeIgniter\Model->doFindAll(0, 0)
#6 C:\laragon\www\crossroad_coffee_system\app\Models\ProductModel.php(105): CodeIgniter\BaseModel->findAll()
#7 C:\laragon\www\crossroad_coffee_system\app\Controllers\UserController.php(114): App\Models\ProductModel->products('Meals')
#8 C:\laragon\www\crossroad_coffee_system\system\CodeIgniter.php(919): App\Controllers\UserController->home_menu()
#9 C:\laragon\www\crossroad_coffee_system\system\CodeIgniter.php(494): CodeIgniter\CodeIgniter->runController(Object(App\Controllers\UserController))
#10 C:\laragon\www\crossroad_coffee_system\system\CodeIgniter.php(353): CodeIgniter\CodeIgniter->handleRequest(NULL, Object(Config\Cache), false)
#11 C:\laragon\www\crossroad_coffee_system\public\index.php(79): CodeIgniter\CodeIgniter->run()
#12 C:\laragon\www\crossroad_coffee_system\system\Commands\Server\rewrite.php(47): require_once('C:\\laragon\\www\\...')
#13 {main}

Next CodeIgniter\Database\Exceptions\DatabaseException: Access denied for user '****'@'localhost' (using password: YES) in C:\laragon\www\crossroad_coffee_system\system\Database\MySQLi\Connection.php:229
Stack trace:
#0 C:\laragon\www\crossroad_coffee_system\system\Database\BaseConnection.php(391): CodeIgniter\Database\MySQLi\Connection->connect(false)
#1 C:\laragon\www\crossroad_coffee_system\system\Database\BaseConnection.php(574): CodeIgniter\Database\BaseConnection->initialize()
#2 C:\laragon\www\crossroad_coffee_system\system\Database\BaseBuilder.php(1615): CodeIgniter\Database\BaseConnection->query('SELECT *\nFROM `...', Array, false)
#3 C:\laragon\www\crossroad_coffee_system\system\Model.php(237): CodeIgniter\Database\BaseBuilder->get()
#4 C:\laragon\www\crossroad_coffee_system\system\BaseModel.php(624): CodeIgniter\Model->doFindAll(0, 0)
#5 C:\laragon\www\crossroad_coffee_system\app\Models\ProductModel.php(105): CodeIgniter\BaseModel->findAll()
#6 C:\laragon\www\crossroad_coffee_system\app\Controllers\UserController.php(114): App\Models\ProductModel->products('Meals')
#7 C:\laragon\www\crossroad_coffee_system\system\CodeIgniter.php(919): App\Controllers\UserController->home_menu()
#8 C:\laragon\www\crossroad_coffee_system\system\CodeIgniter.php(494): CodeIgniter\CodeIgniter->runController(Object(App\Controllers\UserController))
#9 C:\laragon\www\crossroad_coffee_system\system\CodeIgniter.php(353): CodeIgniter\CodeIgniter->handleRequest(NULL, Object(Config\Cache), false)
#10 C:\laragon\www\crossroad_coffee_system\public\index.php(79): CodeIgniter\CodeIgniter->run()
#11 C:\laragon\www\crossroad_coffee_system\system\Commands\Server\rewrite.php(47): require_once('C:\\laragon\\www\\...')
#12 {main}
CRITICAL - 2024-02-14 03:08:32 --> Unable to connect to the database.
Main connection [MySQLi]: Access denied for user '****'@'localhost' (using password: YES)
in SYSTEMPATH\Database\BaseConnection.php on line 427.
 1 SYSTEMPATH\Database\BaseConnection.php(574): CodeIgniter\Database\BaseConnection->initialize()
 2 SYSTEMPATH\Database\BaseBuilder.php(1615): CodeIgniter\Database\BaseConnection->query('SELECT *
FROM `product_tbl`
WHERE `prod_categ` = :prod_categ:', [...], false)
 3 SYSTEMPATH\Model.php(237): CodeIgniter\Database\BaseBuilder->get()
 4 SYSTEMPATH\BaseModel.php(624): CodeIgniter\Model->doFindAll(0, 0)
 5 APPPATH\Models\ProductModel.php(105): CodeIgniter\BaseModel->findAll()
 6 APPPATH\Controllers\UserController.php(114): App\Models\ProductModel->products('Meals')
 7 SYSTEMPATH\CodeIgniter.php(919): App\Controllers\UserController->home_menu()
 8 SYSTEMPATH\CodeIgniter.php(494): CodeIgniter\CodeIgniter->runController(Object(App\Controllers\UserController))
 9 SYSTEMPATH\CodeIgniter.php(353): CodeIgniter\CodeIgniter->handleRequest(null, Object(Config\Cache), false)
10 FCPATH\index.php(79): CodeIgniter\CodeIgniter->run()
11 SYSTEMPATH\Commands\Server\rewrite.php(47): require_once('C:\\laragon\\www\\crossroad_coffee_system\\public\\index.php')
CRITICAL - 2024-02-14 04:02:28 --> Invalid file: "/user/single_product.php"
in SYSTEMPATH\Exceptions\FrameworkException.php on line 39.
 1 SYSTEMPATH\View\View.php(214): CodeIgniter\Exceptions\FrameworkException::forInvalidFile('/user/single_product.php')
 2 SYSTEMPATH\Common.php(1188): CodeIgniter\View\View->render('/user/single_product', [], true)
 3 APPPATH\Controllers\UserController.php(173): view('/user/single_product')
 4 SYSTEMPATH\CodeIgniter.php(919): App\Controllers\UserController->home_single_product()
 5 SYSTEMPATH\CodeIgniter.php(494): CodeIgniter\CodeIgniter->runController(Object(App\Controllers\UserController))
 6 SYSTEMPATH\CodeIgniter.php(353): CodeIgniter\CodeIgniter->handleRequest(null, Object(Config\Cache), false)
 7 FCPATH\index.php(79): CodeIgniter\CodeIgniter->run()
 8 SYSTEMPATH\Commands\Server\rewrite.php(47): require_once('C:\\laragon\\www\\crossroad_coffee_system\\public\\index.php')
CRITICAL - 2024-02-14 04:02:50 --> Invalid file: "/user/single_product.php"
in SYSTEMPATH\Exceptions\FrameworkException.php on line 39.
 1 SYSTEMPATH\View\View.php(214): CodeIgniter\Exceptions\FrameworkException::forInvalidFile('/user/single_product.php')
 2 SYSTEMPATH\Common.php(1188): CodeIgniter\View\View->render('/user/single_product', [], true)
 3 APPPATH\Controllers\UserController.php(173): view('/user/single_product')
 4 SYSTEMPATH\CodeIgniter.php(919): App\Controllers\UserController->home_single_product()
 5 SYSTEMPATH\CodeIgniter.php(494): CodeIgniter\CodeIgniter->runController(Object(App\Controllers\UserController))
 6 SYSTEMPATH\CodeIgniter.php(353): CodeIgniter\CodeIgniter->handleRequest(null, Object(Config\Cache), false)
 7 FCPATH\index.php(79): CodeIgniter\CodeIgniter->run()
 8 SYSTEMPATH\Commands\Server\rewrite.php(47): require_once('C:\\laragon\\www\\crossroad_coffee_system\\public\\index.php')
CRITICAL - 2024-02-14 04:02:52 --> Invalid file: "/user/single_product.php"
in SYSTEMPATH\Exceptions\FrameworkException.php on line 39.
 1 SYSTEMPATH\View\View.php(214): CodeIgniter\Exceptions\FrameworkException::forInvalidFile('/user/single_product.php')
 2 SYSTEMPATH\Common.php(1188): CodeIgniter\View\View->render('/user/single_product', [], true)
 3 APPPATH\Controllers\UserController.php(173): view('/user/single_product')
 4 SYSTEMPATH\CodeIgniter.php(919): App\Controllers\UserController->home_single_product()
 5 SYSTEMPATH\CodeIgniter.php(494): CodeIgniter\CodeIgniter->runController(Object(App\Controllers\UserController))
 6 SYSTEMPATH\CodeIgniter.php(353): CodeIgniter\CodeIgniter->handleRequest(null, Object(Config\Cache), false)
 7 FCPATH\index.php(79): CodeIgniter\CodeIgniter->run()
 8 SYSTEMPATH\Commands\Server\rewrite.php(47): require_once('C:\\laragon\\www\\crossroad_coffee_system\\public\\index.php')
CRITICAL - 2024-02-14 04:02:52 --> Invalid file: "/user/single_product.php"
in SYSTEMPATH\Exceptions\FrameworkException.php on line 39.
 1 SYSTEMPATH\View\View.php(214): CodeIgniter\Exceptions\FrameworkException::forInvalidFile('/user/single_product.php')
 2 SYSTEMPATH\Common.php(1188): CodeIgniter\View\View->render('/user/single_product', [], true)
 3 APPPATH\Controllers\UserController.php(173): view('/user/single_product')
 4 SYSTEMPATH\CodeIgniter.php(919): App\Controllers\UserController->home_single_product()
 5 SYSTEMPATH\CodeIgniter.php(494): CodeIgniter\CodeIgniter->runController(Object(App\Controllers\UserController))
 6 SYSTEMPATH\CodeIgniter.php(353): CodeIgniter\CodeIgniter->handleRequest(null, Object(Config\Cache), false)
 7 FCPATH\index.php(79): CodeIgniter\CodeIgniter->run()
 8 SYSTEMPATH\Commands\Server\rewrite.php(47): require_once('C:\\laragon\\www\\crossroad_coffee_system\\public\\index.php')
CRITICAL - 2024-02-14 04:02:52 --> Invalid file: "/user/single_product.php"
in SYSTEMPATH\Exceptions\FrameworkException.php on line 39.
 1 SYSTEMPATH\View\View.php(214): CodeIgniter\Exceptions\FrameworkException::forInvalidFile('/user/single_product.php')
 2 SYSTEMPATH\Common.php(1188): CodeIgniter\View\View->render('/user/single_product', [], true)
 3 APPPATH\Controllers\UserController.php(173): view('/user/single_product')
 4 SYSTEMPATH\CodeIgniter.php(919): App\Controllers\UserController->home_single_product()
 5 SYSTEMPATH\CodeIgniter.php(494): CodeIgniter\CodeIgniter->runController(Object(App\Controllers\UserController))
 6 SYSTEMPATH\CodeIgniter.php(353): CodeIgniter\CodeIgniter->handleRequest(null, Object(Config\Cache), false)
 7 FCPATH\index.php(79): CodeIgniter\CodeIgniter->run()
 8 SYSTEMPATH\Commands\Server\rewrite.php(47): require_once('C:\\laragon\\www\\crossroad_coffee_system\\public\\index.php')
