ERROR - 2024-03-28 08:05:00 --> Error connecting to the database: mysqli_sql_exception: Access denied for user 'root'@'localhost' (using password: YES) in C:\laragon\www\coffee\system\Database\MySQLi\Connection.php:185
Stack trace:
#0 C:\laragon\www\coffee\system\Database\MySQLi\Connection.php(185): mysqli->real_connect('localhost', 'root', 'dankeneth221133...', 'coffeeledgerdb', 3306, '', 0)
#1 C:\laragon\www\coffee\system\Database\BaseConnection.php(391): CodeIgniter\Database\MySQLi\Connection->connect(false)
#2 C:\laragon\www\coffee\system\Database\BaseConnection.php(574): CodeIgniter\Database\BaseConnection->initialize()
#3 C:\laragon\www\coffee\system\Database\BaseBuilder.php(1615): CodeIgniter\Database\BaseConnection->query('SELECT *\nFROM `...', Array, false)
#4 C:\laragon\www\coffee\system\Model.php(264): CodeIgniter\Database\BaseBuilder->get()
#5 C:\laragon\www\coffee\system\BaseModel.php(662): CodeIgniter\Model->doFirst()
#6 C:\laragon\www\coffee\app\Controllers\UserController.php(68): CodeIgniter\BaseModel->first()
#7 C:\laragon\www\coffee\system\CodeIgniter.php(919): App\Controllers\UserController->login()
#8 C:\laragon\www\coffee\system\CodeIgniter.php(494): CodeIgniter\CodeIgniter->runController(Object(App\Controllers\UserController))
#9 C:\laragon\www\coffee\system\CodeIgniter.php(353): CodeIgniter\CodeIgniter->handleRequest(NULL, Object(Config\Cache), false)
#10 C:\laragon\www\coffee\public\index.php(79): CodeIgniter\CodeIgniter->run()
#11 C:\laragon\www\coffee\system\Commands\Server\rewrite.php(47): require_once('C:\\laragon\\www\\...')
#12 {main}

Next CodeIgniter\Database\Exceptions\DatabaseException: Access denied for user '****'@'localhost' (using password: YES) in C:\laragon\www\coffee\system\Database\MySQLi\Connection.php:229
Stack trace:
#0 C:\laragon\www\coffee\system\Database\BaseConnection.php(391): CodeIgniter\Database\MySQLi\Connection->connect(false)
#1 C:\laragon\www\coffee\system\Database\BaseConnection.php(574): CodeIgniter\Database\BaseConnection->initialize()
#2 C:\laragon\www\coffee\system\Database\BaseBuilder.php(1615): CodeIgniter\Database\BaseConnection->query('SELECT *\nFROM `...', Array, false)
#3 C:\laragon\www\coffee\system\Model.php(264): CodeIgniter\Database\BaseBuilder->get()
#4 C:\laragon\www\coffee\system\BaseModel.php(662): CodeIgniter\Model->doFirst()
#5 C:\laragon\www\coffee\app\Controllers\UserController.php(68): CodeIgniter\BaseModel->first()
#6 C:\laragon\www\coffee\system\CodeIgniter.php(919): App\Controllers\UserController->login()
#7 C:\laragon\www\coffee\system\CodeIgniter.php(494): CodeIgniter\CodeIgniter->runController(Object(App\Controllers\UserController))
#8 C:\laragon\www\coffee\system\CodeIgniter.php(353): CodeIgniter\CodeIgniter->handleRequest(NULL, Object(Config\Cache), false)
#9 C:\laragon\www\coffee\public\index.php(79): CodeIgniter\CodeIgniter->run()
#10 C:\laragon\www\coffee\system\Commands\Server\rewrite.php(47): require_once('C:\\laragon\\www\\...')
#11 {main}
CRITICAL - 2024-03-28 08:05:00 --> Unable to connect to the database.
Main connection [MySQLi]: Access denied for user '****'@'localhost' (using password: YES)
in SYSTEMPATH\Database\BaseConnection.php on line 427.
 1 SYSTEMPATH\Database\BaseConnection.php(574): CodeIgniter\Database\BaseConnection->initialize()
 2 SYSTEMPATH\Database\BaseBuilder.php(1615): CodeIgniter\Database\BaseConnection->query('SELECT *
FROM `user`
WHERE `email` = :email:
 LIMIT 1', [...], false)
 3 SYSTEMPATH\Model.php(264): CodeIgniter\Database\BaseBuilder->get()
 4 SYSTEMPATH\BaseModel.php(662): CodeIgniter\Model->doFirst()
 5 APPPATH\Controllers\UserController.php(68): CodeIgniter\BaseModel->first()
 6 SYSTEMPATH\CodeIgniter.php(919): App\Controllers\UserController->login()
 7 SYSTEMPATH\CodeIgniter.php(494): CodeIgniter\CodeIgniter->runController(Object(App\Controllers\UserController))
 8 SYSTEMPATH\CodeIgniter.php(353): CodeIgniter\CodeIgniter->handleRequest(null, Object(Config\Cache), false)
 9 FCPATH\index.php(79): CodeIgniter\CodeIgniter->run()
10 SYSTEMPATH\Commands\Server\rewrite.php(47): require_once('C:\\laragon\\www\\coffee\\public\\index.php')
CRITICAL - 2024-03-28 08:05:27 --> Undefined variable $mexnu
in APPPATH\Controllers\UserController.php on line 134.
 1 APPPATH\Controllers\UserController.php(134): CodeIgniter\Debug\Exceptions->errorHandler(2, 'Undefined variable $mexnu', 'C:\\laragon\\www\\coffee\\app\\Controllers\\UserController.php', 134)
 2 SYSTEMPATH\CodeIgniter.php(919): App\Controllers\UserController->home_menu()
 3 SYSTEMPATH\CodeIgniter.php(494): CodeIgniter\CodeIgniter->runController(Object(App\Controllers\UserController))
 4 SYSTEMPATH\CodeIgniter.php(353): CodeIgniter\CodeIgniter->handleRequest(null, Object(Config\Cache), false)
 5 FCPATH\index.php(79): CodeIgniter\CodeIgniter->run()
 6 SYSTEMPATH\Commands\Server\rewrite.php(47): require_once('C:\\laragon\\www\\coffee\\public\\index.php')
CRITICAL - 2024-03-28 09:08:05 --> Undefined variable $prod
in APPPATH\Views\inventory\meal.php on line 47.
 1 APPPATH\Views\inventory\meal.php(47): CodeIgniter\Debug\Exceptions->errorHandler(2, 'Undefined variable $prod', 'C:\\laragon\\www\\coffee\\app\\Views\\inventory\\meal.php', 47)
 2 SYSTEMPATH\View\View.php(226): include('C:\\laragon\\www\\coffee\\app\\Views\\inventory\\meal.php')
 3 SYSTEMPATH\View\View.php(229): CodeIgniter\View\View->CodeIgniter\View\{closure}()
 4 SYSTEMPATH\Common.php(1188): CodeIgniter\View\View->render('/inventory/meal', [], true)
 5 APPPATH\Controllers\InventoryController.php(290): view('/inventory/meal', [...])
 6 SYSTEMPATH\CodeIgniter.php(919): App\Controllers\InventoryController->getmeal()
 7 SYSTEMPATH\CodeIgniter.php(494): CodeIgniter\CodeIgniter->runController(Object(App\Controllers\InventoryController))
 8 SYSTEMPATH\CodeIgniter.php(353): CodeIgniter\CodeIgniter->handleRequest(null, Object(Config\Cache), false)
 9 FCPATH\index.php(79): CodeIgniter\CodeIgniter->run()
10 SYSTEMPATH\Commands\Server\rewrite.php(47): require_once('C:\\laragon\\www\\coffee\\public\\index.php')
CRITICAL - 2024-03-28 09:35:15 --> Undefined variable $prof
in APPPATH\Views\user\header.php on line 58.
 1 APPPATH\Views\user\header.php(58): CodeIgniter\Debug\Exceptions->errorHandler(2, 'Undefined variable $prof', 'C:\\laragon\\www\\coffee\\app\\Views\\user\\header.php', 58)
 2 APPPATH\Views\user\home.php(392): include('C:\\laragon\\www\\coffee\\app\\Views\\user\\header.php')
 3 SYSTEMPATH\View\View.php(226): include('C:\\laragon\\www\\coffee\\app\\Views\\user\\home.php')
 4 SYSTEMPATH\View\View.php(229): CodeIgniter\View\View->CodeIgniter\View\{closure}()
 5 SYSTEMPATH\Common.php(1188): CodeIgniter\View\View->render('user/home', [], true)
 6 APPPATH\Controllers\UserController.php(122): view('user/home', [...])
 7 SYSTEMPATH\CodeIgniter.php(919): App\Controllers\UserController->home()
 8 SYSTEMPATH\CodeIgniter.php(494): CodeIgniter\CodeIgniter->runController(Object(App\Controllers\UserController))
 9 SYSTEMPATH\CodeIgniter.php(353): CodeIgniter\CodeIgniter->handleRequest(null, Object(Config\Cache), false)
10 FCPATH\index.php(79): CodeIgniter\CodeIgniter->run()
11 SYSTEMPATH\Commands\Server\rewrite.php(47): require_once('C:\\laragon\\www\\coffee\\public\\index.php')
CRITICAL - 2024-03-28 09:36:58 --> Undefined variable $prof
in APPPATH\Views\user\header.php on line 58.
 1 APPPATH\Views\user\header.php(58): CodeIgniter\Debug\Exceptions->errorHandler(2, 'Undefined variable $prof', 'C:\\laragon\\www\\coffee\\app\\Views\\user\\header.php', 58)
 2 APPPATH\Views\user\home.php(392): include('C:\\laragon\\www\\coffee\\app\\Views\\user\\header.php')
 3 SYSTEMPATH\View\View.php(226): include('C:\\laragon\\www\\coffee\\app\\Views\\user\\home.php')
 4 SYSTEMPATH\View\View.php(229): CodeIgniter\View\View->CodeIgniter\View\{closure}()
 5 SYSTEMPATH\Common.php(1188): CodeIgniter\View\View->render('user/home', [], true)
 6 APPPATH\Controllers\UserController.php(122): view('user/home', [...])
 7 SYSTEMPATH\CodeIgniter.php(919): App\Controllers\UserController->home()
 8 SYSTEMPATH\CodeIgniter.php(494): CodeIgniter\CodeIgniter->runController(Object(App\Controllers\UserController))
 9 SYSTEMPATH\CodeIgniter.php(353): CodeIgniter\CodeIgniter->handleRequest(null, Object(Config\Cache), false)
10 FCPATH\index.php(79): CodeIgniter\CodeIgniter->run()
11 SYSTEMPATH\Commands\Server\rewrite.php(47): require_once('C:\\laragon\\www\\coffee\\public\\index.php')
CRITICAL - 2024-03-28 09:36:59 --> Undefined variable $prof
in APPPATH\Views\user\header.php on line 58.
 1 APPPATH\Views\user\header.php(58): CodeIgniter\Debug\Exceptions->errorHandler(2, 'Undefined variable $prof', 'C:\\laragon\\www\\coffee\\app\\Views\\user\\header.php', 58)
 2 APPPATH\Views\user\home.php(392): include('C:\\laragon\\www\\coffee\\app\\Views\\user\\header.php')
 3 SYSTEMPATH\View\View.php(226): include('C:\\laragon\\www\\coffee\\app\\Views\\user\\home.php')
 4 SYSTEMPATH\View\View.php(229): CodeIgniter\View\View->CodeIgniter\View\{closure}()
 5 SYSTEMPATH\Common.php(1188): CodeIgniter\View\View->render('user/home', [], true)
 6 APPPATH\Controllers\UserController.php(122): view('user/home', [...])
 7 SYSTEMPATH\CodeIgniter.php(919): App\Controllers\UserController->home()
 8 SYSTEMPATH\CodeIgniter.php(494): CodeIgniter\CodeIgniter->runController(Object(App\Controllers\UserController))
 9 SYSTEMPATH\CodeIgniter.php(353): CodeIgniter\CodeIgniter->handleRequest(null, Object(Config\Cache), false)
10 FCPATH\index.php(79): CodeIgniter\CodeIgniter->run()
11 SYSTEMPATH\Commands\Server\rewrite.php(47): require_once('C:\\laragon\\www\\coffee\\public\\index.php')
CRITICAL - 2024-03-28 09:36:59 --> Undefined variable $prof
in APPPATH\Views\user\header.php on line 58.
 1 APPPATH\Views\user\header.php(58): CodeIgniter\Debug\Exceptions->errorHandler(2, 'Undefined variable $prof', 'C:\\laragon\\www\\coffee\\app\\Views\\user\\header.php', 58)
 2 APPPATH\Views\user\home.php(392): include('C:\\laragon\\www\\coffee\\app\\Views\\user\\header.php')
 3 SYSTEMPATH\View\View.php(226): include('C:\\laragon\\www\\coffee\\app\\Views\\user\\home.php')
 4 SYSTEMPATH\View\View.php(229): CodeIgniter\View\View->CodeIgniter\View\{closure}()
 5 SYSTEMPATH\Common.php(1188): CodeIgniter\View\View->render('user/home', [], true)
 6 APPPATH\Controllers\UserController.php(122): view('user/home', [...])
 7 SYSTEMPATH\CodeIgniter.php(919): App\Controllers\UserController->home()
 8 SYSTEMPATH\CodeIgniter.php(494): CodeIgniter\CodeIgniter->runController(Object(App\Controllers\UserController))
 9 SYSTEMPATH\CodeIgniter.php(353): CodeIgniter\CodeIgniter->handleRequest(null, Object(Config\Cache), false)
10 FCPATH\index.php(79): CodeIgniter\CodeIgniter->run()
11 SYSTEMPATH\Commands\Server\rewrite.php(47): require_once('C:\\laragon\\www\\coffee\\public\\index.php')
CRITICAL - 2024-03-28 09:37:29 --> Undefined variable $prof
in APPPATH\Views\user\header.php on line 58.
 1 APPPATH\Views\user\header.php(58): CodeIgniter\Debug\Exceptions->errorHandler(2, 'Undefined variable $prof', 'C:\\laragon\\www\\coffee\\app\\Views\\user\\header.php', 58)
 2 APPPATH\Views\user\home.php(392): include('C:\\laragon\\www\\coffee\\app\\Views\\user\\header.php')
 3 SYSTEMPATH\View\View.php(226): include('C:\\laragon\\www\\coffee\\app\\Views\\user\\home.php')
 4 SYSTEMPATH\View\View.php(229): CodeIgniter\View\View->CodeIgniter\View\{closure}()
 5 SYSTEMPATH\Common.php(1188): CodeIgniter\View\View->render('user/home', [], true)
 6 APPPATH\Controllers\UserController.php(122): view('user/home', [...])
 7 SYSTEMPATH\CodeIgniter.php(919): App\Controllers\UserController->home()
 8 SYSTEMPATH\CodeIgniter.php(494): CodeIgniter\CodeIgniter->runController(Object(App\Controllers\UserController))
 9 SYSTEMPATH\CodeIgniter.php(353): CodeIgniter\CodeIgniter->handleRequest(null, Object(Config\Cache), false)
10 FCPATH\index.php(79): CodeIgniter\CodeIgniter->run()
11 SYSTEMPATH\Commands\Server\rewrite.php(47): require_once('C:\\laragon\\www\\coffee\\public\\index.php')
CRITICAL - 2024-03-28 09:37:30 --> Undefined variable $prof
in APPPATH\Views\user\header.php on line 58.
 1 APPPATH\Views\user\header.php(58): CodeIgniter\Debug\Exceptions->errorHandler(2, 'Undefined variable $prof', 'C:\\laragon\\www\\coffee\\app\\Views\\user\\header.php', 58)
 2 APPPATH\Views\user\home.php(392): include('C:\\laragon\\www\\coffee\\app\\Views\\user\\header.php')
 3 SYSTEMPATH\View\View.php(226): include('C:\\laragon\\www\\coffee\\app\\Views\\user\\home.php')
 4 SYSTEMPATH\View\View.php(229): CodeIgniter\View\View->CodeIgniter\View\{closure}()
 5 SYSTEMPATH\Common.php(1188): CodeIgniter\View\View->render('user/home', [], true)
 6 APPPATH\Controllers\UserController.php(122): view('user/home', [...])
 7 SYSTEMPATH\CodeIgniter.php(919): App\Controllers\UserController->home()
 8 SYSTEMPATH\CodeIgniter.php(494): CodeIgniter\CodeIgniter->runController(Object(App\Controllers\UserController))
 9 SYSTEMPATH\CodeIgniter.php(353): CodeIgniter\CodeIgniter->handleRequest(null, Object(Config\Cache), false)
10 FCPATH\index.php(79): CodeIgniter\CodeIgniter->run()
11 SYSTEMPATH\Commands\Server\rewrite.php(47): require_once('C:\\laragon\\www\\coffee\\public\\index.php')
CRITICAL - 2024-03-28 09:37:50 --> Undefined variable $prof
in APPPATH\Views\user\header.php on line 58.
 1 APPPATH\Views\user\header.php(58): CodeIgniter\Debug\Exceptions->errorHandler(2, 'Undefined variable $prof', 'C:\\laragon\\www\\coffee\\app\\Views\\user\\header.php', 58)
 2 APPPATH\Views\user\home.php(392): include('C:\\laragon\\www\\coffee\\app\\Views\\user\\header.php')
 3 SYSTEMPATH\View\View.php(226): include('C:\\laragon\\www\\coffee\\app\\Views\\user\\home.php')
 4 SYSTEMPATH\View\View.php(229): CodeIgniter\View\View->CodeIgniter\View\{closure}()
 5 SYSTEMPATH\Common.php(1188): CodeIgniter\View\View->render('user/home', [], true)
 6 APPPATH\Controllers\UserController.php(122): view('user/home', [...])
 7 SYSTEMPATH\CodeIgniter.php(919): App\Controllers\UserController->home()
 8 SYSTEMPATH\CodeIgniter.php(494): CodeIgniter\CodeIgniter->runController(Object(App\Controllers\UserController))
 9 SYSTEMPATH\CodeIgniter.php(353): CodeIgniter\CodeIgniter->handleRequest(null, Object(Config\Cache), false)
10 FCPATH\index.php(79): CodeIgniter\CodeIgniter->run()
11 SYSTEMPATH\Commands\Server\rewrite.php(47): require_once('C:\\laragon\\www\\coffee\\public\\index.php')
CRITICAL - 2024-03-28 09:37:51 --> Undefined variable $prof
in APPPATH\Views\user\header.php on line 58.
 1 APPPATH\Views\user\header.php(58): CodeIgniter\Debug\Exceptions->errorHandler(2, 'Undefined variable $prof', 'C:\\laragon\\www\\coffee\\app\\Views\\user\\header.php', 58)
 2 APPPATH\Views\user\home.php(392): include('C:\\laragon\\www\\coffee\\app\\Views\\user\\header.php')
 3 SYSTEMPATH\View\View.php(226): include('C:\\laragon\\www\\coffee\\app\\Views\\user\\home.php')
 4 SYSTEMPATH\View\View.php(229): CodeIgniter\View\View->CodeIgniter\View\{closure}()
 5 SYSTEMPATH\Common.php(1188): CodeIgniter\View\View->render('user/home', [], true)
 6 APPPATH\Controllers\UserController.php(122): view('user/home', [...])
 7 SYSTEMPATH\CodeIgniter.php(919): App\Controllers\UserController->home()
 8 SYSTEMPATH\CodeIgniter.php(494): CodeIgniter\CodeIgniter->runController(Object(App\Controllers\UserController))
 9 SYSTEMPATH\CodeIgniter.php(353): CodeIgniter\CodeIgniter->handleRequest(null, Object(Config\Cache), false)
10 FCPATH\index.php(79): CodeIgniter\CodeIgniter->run()
11 SYSTEMPATH\Commands\Server\rewrite.php(47): require_once('C:\\laragon\\www\\coffee\\public\\index.php')
CRITICAL - 2024-03-28 09:37:52 --> Undefined variable $prof
in APPPATH\Views\user\header.php on line 58.
 1 APPPATH\Views\user\header.php(58): CodeIgniter\Debug\Exceptions->errorHandler(2, 'Undefined variable $prof', 'C:\\laragon\\www\\coffee\\app\\Views\\user\\header.php', 58)
 2 APPPATH\Views\user\home.php(392): include('C:\\laragon\\www\\coffee\\app\\Views\\user\\header.php')
 3 SYSTEMPATH\View\View.php(226): include('C:\\laragon\\www\\coffee\\app\\Views\\user\\home.php')
 4 SYSTEMPATH\View\View.php(229): CodeIgniter\View\View->CodeIgniter\View\{closure}()
 5 SYSTEMPATH\Common.php(1188): CodeIgniter\View\View->render('user/home', [], true)
 6 APPPATH\Controllers\UserController.php(122): view('user/home', [...])
 7 SYSTEMPATH\CodeIgniter.php(919): App\Controllers\UserController->home()
 8 SYSTEMPATH\CodeIgniter.php(494): CodeIgniter\CodeIgniter->runController(Object(App\Controllers\UserController))
 9 SYSTEMPATH\CodeIgniter.php(353): CodeIgniter\CodeIgniter->handleRequest(null, Object(Config\Cache), false)
10 FCPATH\index.php(79): CodeIgniter\CodeIgniter->run()
11 SYSTEMPATH\Commands\Server\rewrite.php(47): require_once('C:\\laragon\\www\\coffee\\public\\index.php')
CRITICAL - 2024-03-28 09:37:52 --> Undefined variable $prof
in APPPATH\Views\user\header.php on line 58.
 1 APPPATH\Views\user\header.php(58): CodeIgniter\Debug\Exceptions->errorHandler(2, 'Undefined variable $prof', 'C:\\laragon\\www\\coffee\\app\\Views\\user\\header.php', 58)
 2 APPPATH\Views\user\home.php(392): include('C:\\laragon\\www\\coffee\\app\\Views\\user\\header.php')
 3 SYSTEMPATH\View\View.php(226): include('C:\\laragon\\www\\coffee\\app\\Views\\user\\home.php')
 4 SYSTEMPATH\View\View.php(229): CodeIgniter\View\View->CodeIgniter\View\{closure}()
 5 SYSTEMPATH\Common.php(1188): CodeIgniter\View\View->render('user/home', [], true)
 6 APPPATH\Controllers\UserController.php(122): view('user/home', [...])
 7 SYSTEMPATH\CodeIgniter.php(919): App\Controllers\UserController->home()
 8 SYSTEMPATH\CodeIgniter.php(494): CodeIgniter\CodeIgniter->runController(Object(App\Controllers\UserController))
 9 SYSTEMPATH\CodeIgniter.php(353): CodeIgniter\CodeIgniter->handleRequest(null, Object(Config\Cache), false)
10 FCPATH\index.php(79): CodeIgniter\CodeIgniter->run()
11 SYSTEMPATH\Commands\Server\rewrite.php(47): require_once('C:\\laragon\\www\\coffee\\public\\index.php')
CRITICAL - 2024-03-28 09:49:52 --> Cannot access offset of type string on string
in APPPATH\Views\user\edit_profile.php on line 23.
 1 SYSTEMPATH\View\View.php(226): include()
 2 SYSTEMPATH\View\View.php(229): CodeIgniter\View\View->CodeIgniter\View\{closure}()
 3 SYSTEMPATH\Common.php(1188): CodeIgniter\View\View->render('/user/edit_profile', [], true)
 4 APPPATH\Controllers\UserController.php(195): view('/user/edit_profile', [...])
 5 SYSTEMPATH\CodeIgniter.php(919): App\Controllers\UserController->edit_profile('18')
 6 SYSTEMPATH\CodeIgniter.php(494): CodeIgniter\CodeIgniter->runController(Object(App\Controllers\UserController))
 7 SYSTEMPATH\CodeIgniter.php(353): CodeIgniter\CodeIgniter->handleRequest(null, Object(Config\Cache), false)
 8 FCPATH\index.php(79): CodeIgniter\CodeIgniter->run()
 9 SYSTEMPATH\Commands\Server\rewrite.php(47): require_once('C:\\laragon\\www\\coffee\\public\\index.php')
CRITICAL - 2024-03-28 09:50:31 --> Cannot access offset of type string on string
in APPPATH\Views\user\edit_profile.php on line 23.
 1 SYSTEMPATH\View\View.php(226): include()
 2 SYSTEMPATH\View\View.php(229): CodeIgniter\View\View->CodeIgniter\View\{closure}()
 3 SYSTEMPATH\Common.php(1188): CodeIgniter\View\View->render('/user/edit_profile', [], true)
 4 APPPATH\Controllers\UserController.php(195): view('/user/edit_profile', [...])
 5 SYSTEMPATH\CodeIgniter.php(919): App\Controllers\UserController->edit_profile('18')
 6 SYSTEMPATH\CodeIgniter.php(494): CodeIgniter\CodeIgniter->runController(Object(App\Controllers\UserController))
 7 SYSTEMPATH\CodeIgniter.php(353): CodeIgniter\CodeIgniter->handleRequest(null, Object(Config\Cache), false)
 8 FCPATH\index.php(79): CodeIgniter\CodeIgniter->run()
 9 SYSTEMPATH\Commands\Server\rewrite.php(47): require_once('C:\\laragon\\www\\coffee\\public\\index.php')
CRITICAL - 2024-03-28 09:53:23 --> Cannot access offset of type string on string
in APPPATH\Views\user\edit_profile.php on line 28.
 1 SYSTEMPATH\View\View.php(226): include()
 2 SYSTEMPATH\View\View.php(229): CodeIgniter\View\View->CodeIgniter\View\{closure}()
 3 SYSTEMPATH\Common.php(1188): CodeIgniter\View\View->render('/user/edit_profile', [], true)
 4 APPPATH\Controllers\UserController.php(195): view('/user/edit_profile', [...])
 5 SYSTEMPATH\CodeIgniter.php(919): App\Controllers\UserController->edit_profile('18')
 6 SYSTEMPATH\CodeIgniter.php(494): CodeIgniter\CodeIgniter->runController(Object(App\Controllers\UserController))
 7 SYSTEMPATH\CodeIgniter.php(353): CodeIgniter\CodeIgniter->handleRequest(null, Object(Config\Cache), false)
 8 FCPATH\index.php(79): CodeIgniter\CodeIgniter->run()
 9 SYSTEMPATH\Commands\Server\rewrite.php(47): require_once('C:\\laragon\\www\\coffee\\public\\index.php')
