CRITICAL - 2024-04-16 05:18:58 --> Invalid file: "/home.php"
in SYSTEMPATH\Exceptions\FrameworkException.php on line 39.
 1 SYSTEMPATH\View\View.php(214): CodeIgniter\Exceptions\FrameworkException::forInvalidFile('/home.php')
 2 SYSTEMPATH\Common.php(1188): CodeIgniter\View\View->render('/home', [], true)
 3 APPPATH\Controllers\UserController.php(123): view('/home', [...])
 4 SYSTEMPATH\CodeIgniter.php(919): App\Controllers\UserController->home()
 5 SYSTEMPATH\CodeIgniter.php(494): CodeIgniter\CodeIgniter->runController(Object(App\Controllers\UserController))
 6 SYSTEMPATH\CodeIgniter.php(353): CodeIgniter\CodeIgniter->handleRequest(null, Object(Config\Cache), false)
 7 FCPATH\index.php(79): CodeIgniter\CodeIgniter->run()
 8 SYSTEMPATH\Commands\Server\rewrite.php(47): require_once('C:\\laragon\\www\\coffee\\public\\index.php')
CRITICAL - 2024-04-16 05:19:34 --> Invalid file: "home.php"
in SYSTEMPATH\Exceptions\FrameworkException.php on line 39.
 1 SYSTEMPATH\View\View.php(214): CodeIgniter\Exceptions\FrameworkException::forInvalidFile('home.php')
 2 SYSTEMPATH\Common.php(1188): CodeIgniter\View\View->render('home', [], true)
 3 APPPATH\Controllers\UserController.php(123): view('home', [...])
 4 SYSTEMPATH\CodeIgniter.php(919): App\Controllers\UserController->home()
 5 SYSTEMPATH\CodeIgniter.php(494): CodeIgniter\CodeIgniter->runController(Object(App\Controllers\UserController))
 6 SYSTEMPATH\CodeIgniter.php(353): CodeIgniter\CodeIgniter->handleRequest(null, Object(Config\Cache), false)
 7 FCPATH\index.php(79): CodeIgniter\CodeIgniter->run()
 8 SYSTEMPATH\Commands\Server\rewrite.php(47): require_once('C:\\laragon\\www\\coffee\\public\\index.php')
CRITICAL - 2024-04-16 08:05:04 --> Invalid file: "/checkout.php"
in SYSTEMPATH\Exceptions\FrameworkException.php on line 39.
 1 SYSTEMPATH\View\View.php(214): CodeIgniter\Exceptions\FrameworkException::forInvalidFile('/checkout.php')
 2 SYSTEMPATH\Common.php(1188): CodeIgniter\View\View->render('/checkout', [], true)
 3 APPPATH\Controllers\CartController.php(200): view('/checkout', [...])
 4 SYSTEMPATH\CodeIgniter.php(919): App\Controllers\CartController->GotoCheckOut()
 5 SYSTEMPATH\CodeIgniter.php(494): CodeIgniter\CodeIgniter->runController(Object(App\Controllers\CartController))
 6 SYSTEMPATH\CodeIgniter.php(353): CodeIgniter\CodeIgniter->handleRequest(null, Object(Config\Cache), false)
 7 FCPATH\index.php(79): CodeIgniter\CodeIgniter->run()
 8 SYSTEMPATH\Commands\Server\rewrite.php(47): require_once('C:\\laragon\\www\\coffee\\public\\index.php')
CRITICAL - 2024-04-16 09:12:28 --> Invalid file: "/addtocart.php"
in SYSTEMPATH\Exceptions\FrameworkException.php on line 39.
 1 SYSTEMPATH\View\View.php(214): CodeIgniter\Exceptions\FrameworkException::forInvalidFile('/addtocart.php')
 2 SYSTEMPATH\Common.php(1188): CodeIgniter\View\View->render('/addtocart', [], true)
 3 APPPATH\Controllers\CartController.php(141): view('/addtocart', [...])
 4 SYSTEMPATH\CodeIgniter.php(919): App\Controllers\CartController->getProd('2')
 5 SYSTEMPATH\CodeIgniter.php(494): CodeIgniter\CodeIgniter->runController(Object(App\Controllers\CartController))
 6 SYSTEMPATH\CodeIgniter.php(353): CodeIgniter\CodeIgniter->handleRequest(null, Object(Config\Cache), false)
 7 FCPATH\index.php(79): CodeIgniter\CodeIgniter->run()
 8 SYSTEMPATH\Commands\Server\rewrite.php(47): require_once('C:\\laragon\\www\\coffee\\public\\index.php')
