CRITICAL - 2024-09-03 02:44:26 --> Undefined variable $totalQuantity
in APPPATH\Controllers\ReservationController.php on line 196.
 1 APPPATH\Controllers\ReservationController.php(196): CodeIgniter\Debug\Exceptions->errorHandler(2, 'Undefined variable $totalQuantity', 'C:\\laragon\\www\\coffee\\app\\Controllers\\ReservationController.php', 196)
 2 SYSTEMPATH\CodeIgniter.php(919): App\Controllers\ReservationController->saveData()
 3 SYSTEMPATH\CodeIgniter.php(494): CodeIgniter\CodeIgniter->runController(Object(App\Controllers\ReservationController))
 4 SYSTEMPATH\CodeIgniter.php(353): CodeIgniter\CodeIgniter->handleRequest(null, Object(Config\Cache), false)
 5 FCPATH\index.php(79): CodeIgniter\CodeIgniter->run()
 6 SYSTEMPATH\Commands\Server\rewrite.php(47): require_once('C:\\laragon\\www\\coffee\\public\\index.php')
CRITICAL - 2024-09-03 02:45:20 --> Undefined variable $productReservation
in APPPATH\Controllers\ReservationController.php on line 197.
 1 APPPATH\Controllers\ReservationController.php(197): CodeIgniter\Debug\Exceptions->errorHandler(2, 'Undefined variable $productReservation', 'C:\\laragon\\www\\coffee\\app\\Controllers\\ReservationController.php', 197)
 2 SYSTEMPATH\CodeIgniter.php(919): App\Controllers\ReservationController->saveData()
 3 SYSTEMPATH\CodeIgniter.php(494): CodeIgniter\CodeIgniter->runController(Object(App\Controllers\ReservationController))
 4 SYSTEMPATH\CodeIgniter.php(353): CodeIgniter\CodeIgniter->handleRequest(null, Object(Config\Cache), false)
 5 FCPATH\index.php(79): CodeIgniter\CodeIgniter->run()
 6 SYSTEMPATH\Commands\Server\rewrite.php(47): require_once('C:\\laragon\\www\\coffee\\public\\index.php')
CRITICAL - 2024-09-03 02:51:08 --> Array to string conversion
in SYSTEMPATH\Database\BaseBuilder.php on line 2159.
 1 [internal function]: CodeIgniter\Debug\Exceptions->errorHandler(2, 'Array to string conversion', 'C:\\laragon\\www\\coffee\\system\\Database\\BaseBuilder.php', 2159)
 2 SYSTEMPATH\Database\BaseBuilder.php(2159): implode(',', [...])
 3 [internal function]: CodeIgniter\Database\BaseBuilder::CodeIgniter\Database\{closure}([...])
 4 SYSTEMPATH\Database\BaseBuilder.php(2159): array_map(Object(Closure), [...])
 5 SYSTEMPATH\Database\BaseBuilder.php(2220): CodeIgniter\Database\BaseBuilder->formatValues([...])
 6 SYSTEMPATH\Database\BaseBuilder.php(1791): CodeIgniter\Database\BaseBuilder->_insertBatch('`order`', [...], [...])
 7 SYSTEMPATH\Database\BaseBuilder.php(2191): CodeIgniter\Database\BaseBuilder->batchExecute('_insertBatch', 100)
 8 SYSTEMPATH\Model.php(353): CodeIgniter\Database\BaseBuilder->insertBatch([...], null, 100)
 9 SYSTEMPATH\BaseModel.php(880): CodeIgniter\Model->doInsertBatch([...], null, 100, false)
10 APPPATH\Controllers\CartController.php(545): CodeIgniter\BaseModel->insertBatch([...])
11 APPPATH\Controllers\CartController.php(373): App\Controllers\CartController->insertOrder([...], 'COD', null, [...], '2', null)
12 SYSTEMPATH\CodeIgniter.php(919): App\Controllers\CartController->placeOrder()
13 SYSTEMPATH\CodeIgniter.php(494): CodeIgniter\CodeIgniter->runController(Object(App\Controllers\CartController))
14 SYSTEMPATH\CodeIgniter.php(353): CodeIgniter\CodeIgniter->handleRequest(null, Object(Config\Cache), false)
15 FCPATH\index.php(79): CodeIgniter\CodeIgniter->run()
16 SYSTEMPATH\Commands\Server\rewrite.php(47): require_once('C:\\laragon\\www\\coffee\\public\\index.php')
CRITICAL - 2024-09-03 02:53:49 --> Array to string conversion
in SYSTEMPATH\Database\BaseBuilder.php on line 2159.
 1 [internal function]: CodeIgniter\Debug\Exceptions->errorHandler(2, 'Array to string conversion', 'C:\\laragon\\www\\coffee\\system\\Database\\BaseBuilder.php', 2159)
 2 SYSTEMPATH\Database\BaseBuilder.php(2159): implode(',', [...])
 3 [internal function]: CodeIgniter\Database\BaseBuilder::CodeIgniter\Database\{closure}([...])
 4 SYSTEMPATH\Database\BaseBuilder.php(2159): array_map(Object(Closure), [...])
 5 SYSTEMPATH\Database\BaseBuilder.php(2220): CodeIgniter\Database\BaseBuilder->formatValues([...])
 6 SYSTEMPATH\Database\BaseBuilder.php(1791): CodeIgniter\Database\BaseBuilder->_insertBatch('`order`', [...], [...])
 7 SYSTEMPATH\Database\BaseBuilder.php(2191): CodeIgniter\Database\BaseBuilder->batchExecute('_insertBatch', 100)
 8 SYSTEMPATH\Model.php(353): CodeIgniter\Database\BaseBuilder->insertBatch([...], null, 100)
 9 SYSTEMPATH\BaseModel.php(880): CodeIgniter\Model->doInsertBatch([...], null, 100, false)
10 APPPATH\Controllers\CartController.php(545): CodeIgniter\BaseModel->insertBatch([...])
11 APPPATH\Controllers\CartController.php(373): App\Controllers\CartController->insertOrder([...], 'COD', null, [...], '2', null)
12 SYSTEMPATH\CodeIgniter.php(919): App\Controllers\CartController->placeOrder()
13 SYSTEMPATH\CodeIgniter.php(494): CodeIgniter\CodeIgniter->runController(Object(App\Controllers\CartController))
14 SYSTEMPATH\CodeIgniter.php(353): CodeIgniter\CodeIgniter->handleRequest(null, Object(Config\Cache), false)
15 FCPATH\index.php(79): CodeIgniter\CodeIgniter->run()
16 SYSTEMPATH\Commands\Server\rewrite.php(47): require_once('C:\\laragon\\www\\coffee\\public\\index.php')
CRITICAL - 2024-09-03 03:02:06 --> Array to string conversion
in SYSTEMPATH\Database\BaseBuilder.php on line 2159.
 1 [internal function]: CodeIgniter\Debug\Exceptions->errorHandler(2, 'Array to string conversion', 'C:\\laragon\\www\\coffee\\system\\Database\\BaseBuilder.php', 2159)
 2 SYSTEMPATH\Database\BaseBuilder.php(2159): implode(',', [...])
 3 [internal function]: CodeIgniter\Database\BaseBuilder::CodeIgniter\Database\{closure}([...])
 4 SYSTEMPATH\Database\BaseBuilder.php(2159): array_map(Object(Closure), [...])
 5 SYSTEMPATH\Database\BaseBuilder.php(2220): CodeIgniter\Database\BaseBuilder->formatValues([...])
 6 SYSTEMPATH\Database\BaseBuilder.php(1791): CodeIgniter\Database\BaseBuilder->_insertBatch('`order`', [...], [...])
 7 SYSTEMPATH\Database\BaseBuilder.php(2191): CodeIgniter\Database\BaseBuilder->batchExecute('_insertBatch', 100)
 8 SYSTEMPATH\Model.php(353): CodeIgniter\Database\BaseBuilder->insertBatch([...], null, 100)
 9 SYSTEMPATH\BaseModel.php(880): CodeIgniter\Model->doInsertBatch([...], null, 100, false)
10 APPPATH\Controllers\CartController.php(545): CodeIgniter\BaseModel->insertBatch([...])
11 APPPATH\Controllers\CartController.php(373): App\Controllers\CartController->insertOrder([...], 'COD', null, [...], '2', null)
12 SYSTEMPATH\CodeIgniter.php(919): App\Controllers\CartController->placeOrder()
13 SYSTEMPATH\CodeIgniter.php(494): CodeIgniter\CodeIgniter->runController(Object(App\Controllers\CartController))
14 SYSTEMPATH\CodeIgniter.php(353): CodeIgniter\CodeIgniter->handleRequest(null, Object(Config\Cache), false)
15 FCPATH\index.php(79): CodeIgniter\CodeIgniter->run()
16 SYSTEMPATH\Commands\Server\rewrite.php(47): require_once('C:\\laragon\\www\\coffee\\public\\index.php')
CRITICAL - 2024-09-03 03:06:02 --> Array to string conversion
in SYSTEMPATH\Database\BaseBuilder.php on line 2159.
 1 [internal function]: CodeIgniter\Debug\Exceptions->errorHandler(2, 'Array to string conversion', 'C:\\laragon\\www\\coffee\\system\\Database\\BaseBuilder.php', 2159)
 2 SYSTEMPATH\Database\BaseBuilder.php(2159): implode(',', [...])
 3 [internal function]: CodeIgniter\Database\BaseBuilder::CodeIgniter\Database\{closure}([...])
 4 SYSTEMPATH\Database\BaseBuilder.php(2159): array_map(Object(Closure), [...])
 5 SYSTEMPATH\Database\BaseBuilder.php(2220): CodeIgniter\Database\BaseBuilder->formatValues([...])
 6 SYSTEMPATH\Database\BaseBuilder.php(1791): CodeIgniter\Database\BaseBuilder->_insertBatch('`order`', [...], [...])
 7 SYSTEMPATH\Database\BaseBuilder.php(2191): CodeIgniter\Database\BaseBuilder->batchExecute('_insertBatch', 100)
 8 SYSTEMPATH\Model.php(353): CodeIgniter\Database\BaseBuilder->insertBatch([...], null, 100)
 9 SYSTEMPATH\BaseModel.php(880): CodeIgniter\Model->doInsertBatch([...], null, 100, false)
10 APPPATH\Controllers\CartController.php(545): CodeIgniter\BaseModel->insertBatch([...])
11 APPPATH\Controllers\CartController.php(373): App\Controllers\CartController->insertOrder([...], 'COD', null, [...], '2', null)
12 SYSTEMPATH\CodeIgniter.php(919): App\Controllers\CartController->placeOrder()
13 SYSTEMPATH\CodeIgniter.php(494): CodeIgniter\CodeIgniter->runController(Object(App\Controllers\CartController))
14 SYSTEMPATH\CodeIgniter.php(353): CodeIgniter\CodeIgniter->handleRequest(null, Object(Config\Cache), false)
15 FCPATH\index.php(79): CodeIgniter\CodeIgniter->run()
16 SYSTEMPATH\Commands\Server\rewrite.php(47): require_once('C:\\laragon\\www\\coffee\\public\\index.php')
CRITICAL - 2024-09-03 03:07:58 --> Array to string conversion
in SYSTEMPATH\Database\BaseBuilder.php on line 2159.
 1 [internal function]: CodeIgniter\Debug\Exceptions->errorHandler(2, 'Array to string conversion', 'C:\\laragon\\www\\coffee\\system\\Database\\BaseBuilder.php', 2159)
 2 SYSTEMPATH\Database\BaseBuilder.php(2159): implode(',', [...])
 3 [internal function]: CodeIgniter\Database\BaseBuilder::CodeIgniter\Database\{closure}([...])
 4 SYSTEMPATH\Database\BaseBuilder.php(2159): array_map(Object(Closure), [...])
 5 SYSTEMPATH\Database\BaseBuilder.php(2220): CodeIgniter\Database\BaseBuilder->formatValues([...])
 6 SYSTEMPATH\Database\BaseBuilder.php(1791): CodeIgniter\Database\BaseBuilder->_insertBatch('`order`', [...], [...])
 7 SYSTEMPATH\Database\BaseBuilder.php(2191): CodeIgniter\Database\BaseBuilder->batchExecute('_insertBatch', 100)
 8 SYSTEMPATH\Model.php(353): CodeIgniter\Database\BaseBuilder->insertBatch([...], null, 100)
 9 SYSTEMPATH\BaseModel.php(880): CodeIgniter\Model->doInsertBatch([...], null, 100, false)
10 APPPATH\Controllers\CartController.php(546): CodeIgniter\BaseModel->insertBatch([...])
11 APPPATH\Controllers\CartController.php(373): App\Controllers\CartController->insertOrder([...], 'COD', null, [...], '2', null)
12 SYSTEMPATH\CodeIgniter.php(919): App\Controllers\CartController->placeOrder()
13 SYSTEMPATH\CodeIgniter.php(494): CodeIgniter\CodeIgniter->runController(Object(App\Controllers\CartController))
14 SYSTEMPATH\CodeIgniter.php(353): CodeIgniter\CodeIgniter->handleRequest(null, Object(Config\Cache), false)
15 FCPATH\index.php(79): CodeIgniter\CodeIgniter->run()
16 SYSTEMPATH\Commands\Server\rewrite.php(47): require_once('C:\\laragon\\www\\coffee\\public\\index.php')
CRITICAL - 2024-09-03 03:08:42 --> Array to string conversion
in SYSTEMPATH\Database\BaseBuilder.php on line 2159.
 1 [internal function]: CodeIgniter\Debug\Exceptions->errorHandler(2, 'Array to string conversion', 'C:\\laragon\\www\\coffee\\system\\Database\\BaseBuilder.php', 2159)
 2 SYSTEMPATH\Database\BaseBuilder.php(2159): implode(',', [...])
 3 [internal function]: CodeIgniter\Database\BaseBuilder::CodeIgniter\Database\{closure}([...])
 4 SYSTEMPATH\Database\BaseBuilder.php(2159): array_map(Object(Closure), [...])
 5 SYSTEMPATH\Database\BaseBuilder.php(2220): CodeIgniter\Database\BaseBuilder->formatValues([...])
 6 SYSTEMPATH\Database\BaseBuilder.php(1791): CodeIgniter\Database\BaseBuilder->_insertBatch('`order`', [...], [...])
 7 SYSTEMPATH\Database\BaseBuilder.php(2191): CodeIgniter\Database\BaseBuilder->batchExecute('_insertBatch', 100)
 8 SYSTEMPATH\Model.php(353): CodeIgniter\Database\BaseBuilder->insertBatch([...], null, 100)
 9 SYSTEMPATH\BaseModel.php(880): CodeIgniter\Model->doInsertBatch([...], null, 100, false)
10 APPPATH\Controllers\CartController.php(546): CodeIgniter\BaseModel->insertBatch([...])
11 APPPATH\Controllers\CartController.php(373): App\Controllers\CartController->insertOrder([...], 'COD', null, [...], '2', null)
12 SYSTEMPATH\CodeIgniter.php(919): App\Controllers\CartController->placeOrder()
13 SYSTEMPATH\CodeIgniter.php(494): CodeIgniter\CodeIgniter->runController(Object(App\Controllers\CartController))
14 SYSTEMPATH\CodeIgniter.php(353): CodeIgniter\CodeIgniter->handleRequest(null, Object(Config\Cache), false)
15 FCPATH\index.php(79): CodeIgniter\CodeIgniter->run()
16 SYSTEMPATH\Commands\Server\rewrite.php(47): require_once('C:\\laragon\\www\\coffee\\public\\index.php')
CRITICAL - 2024-09-03 03:09:01 --> Array to string conversion
in SYSTEMPATH\Database\BaseBuilder.php on line 2159.
 1 [internal function]: CodeIgniter\Debug\Exceptions->errorHandler(2, 'Array to string conversion', 'C:\\laragon\\www\\coffee\\system\\Database\\BaseBuilder.php', 2159)
 2 SYSTEMPATH\Database\BaseBuilder.php(2159): implode(',', [...])
 3 [internal function]: CodeIgniter\Database\BaseBuilder::CodeIgniter\Database\{closure}([...])
 4 SYSTEMPATH\Database\BaseBuilder.php(2159): array_map(Object(Closure), [...])
 5 SYSTEMPATH\Database\BaseBuilder.php(2220): CodeIgniter\Database\BaseBuilder->formatValues([...])
 6 SYSTEMPATH\Database\BaseBuilder.php(1791): CodeIgniter\Database\BaseBuilder->_insertBatch('`order`', [...], [...])
 7 SYSTEMPATH\Database\BaseBuilder.php(2191): CodeIgniter\Database\BaseBuilder->batchExecute('_insertBatch', 100)
 8 SYSTEMPATH\Model.php(353): CodeIgniter\Database\BaseBuilder->insertBatch([...], null, 100)
 9 SYSTEMPATH\BaseModel.php(880): CodeIgniter\Model->doInsertBatch([...], null, 100, false)
10 APPPATH\Controllers\CartController.php(546): CodeIgniter\BaseModel->insertBatch([...])
11 APPPATH\Controllers\CartController.php(373): App\Controllers\CartController->insertOrder([...], 'COD', null, [...], '2', null)
12 SYSTEMPATH\CodeIgniter.php(919): App\Controllers\CartController->placeOrder()
13 SYSTEMPATH\CodeIgniter.php(494): CodeIgniter\CodeIgniter->runController(Object(App\Controllers\CartController))
14 SYSTEMPATH\CodeIgniter.php(353): CodeIgniter\CodeIgniter->handleRequest(null, Object(Config\Cache), false)
15 FCPATH\index.php(79): CodeIgniter\CodeIgniter->run()
16 SYSTEMPATH\Commands\Server\rewrite.php(47): require_once('C:\\laragon\\www\\coffee\\public\\index.php')
CRITICAL - 2024-09-03 03:10:47 --> Array to string conversion
in SYSTEMPATH\Database\BaseBuilder.php on line 2159.
 1 [internal function]: CodeIgniter\Debug\Exceptions->errorHandler(2, 'Array to string conversion', 'C:\\laragon\\www\\coffee\\system\\Database\\BaseBuilder.php', 2159)
 2 SYSTEMPATH\Database\BaseBuilder.php(2159): implode(',', [...])
 3 [internal function]: CodeIgniter\Database\BaseBuilder::CodeIgniter\Database\{closure}([...])
 4 SYSTEMPATH\Database\BaseBuilder.php(2159): array_map(Object(Closure), [...])
 5 SYSTEMPATH\Database\BaseBuilder.php(2220): CodeIgniter\Database\BaseBuilder->formatValues([...])
 6 SYSTEMPATH\Database\BaseBuilder.php(1791): CodeIgniter\Database\BaseBuilder->_insertBatch('`order`', [...], [...])
 7 SYSTEMPATH\Database\BaseBuilder.php(2191): CodeIgniter\Database\BaseBuilder->batchExecute('_insertBatch', 100)
 8 SYSTEMPATH\Model.php(353): CodeIgniter\Database\BaseBuilder->insertBatch([...], null, 100)
 9 SYSTEMPATH\BaseModel.php(880): CodeIgniter\Model->doInsertBatch([...], null, 100, false)
10 APPPATH\Controllers\CartController.php(546): CodeIgniter\BaseModel->insertBatch([...])
11 APPPATH\Controllers\CartController.php(373): App\Controllers\CartController->insertOrder([...], 'COD', null, [...], '2', null)
12 SYSTEMPATH\CodeIgniter.php(919): App\Controllers\CartController->placeOrder()
13 SYSTEMPATH\CodeIgniter.php(494): CodeIgniter\CodeIgniter->runController(Object(App\Controllers\CartController))
14 SYSTEMPATH\CodeIgniter.php(353): CodeIgniter\CodeIgniter->handleRequest(null, Object(Config\Cache), false)
15 FCPATH\index.php(79): CodeIgniter\CodeIgniter->run()
16 SYSTEMPATH\Commands\Server\rewrite.php(47): require_once('C:\\laragon\\www\\coffee\\public\\index.php')
CRITICAL - 2024-09-03 03:15:00 --> Array to string conversion
in SYSTEMPATH\Database\BaseBuilder.php on line 2159.
 1 [internal function]: CodeIgniter\Debug\Exceptions->errorHandler(2, 'Array to string conversion', 'C:\\laragon\\www\\coffee\\system\\Database\\BaseBuilder.php', 2159)
 2 SYSTEMPATH\Database\BaseBuilder.php(2159): implode(',', [...])
 3 [internal function]: CodeIgniter\Database\BaseBuilder::CodeIgniter\Database\{closure}([...])
 4 SYSTEMPATH\Database\BaseBuilder.php(2159): array_map(Object(Closure), [...])
 5 SYSTEMPATH\Database\BaseBuilder.php(2220): CodeIgniter\Database\BaseBuilder->formatValues([...])
 6 SYSTEMPATH\Database\BaseBuilder.php(1791): CodeIgniter\Database\BaseBuilder->_insertBatch('`order`', [...], [...])
 7 SYSTEMPATH\Database\BaseBuilder.php(2191): CodeIgniter\Database\BaseBuilder->batchExecute('_insertBatch', 100)
 8 SYSTEMPATH\Model.php(353): CodeIgniter\Database\BaseBuilder->insertBatch([...], null, 100)
 9 SYSTEMPATH\BaseModel.php(880): CodeIgniter\Model->doInsertBatch([...], null, 100, false)
10 APPPATH\Controllers\CartController.php(546): CodeIgniter\BaseModel->insertBatch([...])
11 APPPATH\Controllers\CartController.php(373): App\Controllers\CartController->insertOrder([...], 'COD', null, [...], '2', null)
12 SYSTEMPATH\CodeIgniter.php(919): App\Controllers\CartController->placeOrder()
13 SYSTEMPATH\CodeIgniter.php(494): CodeIgniter\CodeIgniter->runController(Object(App\Controllers\CartController))
14 SYSTEMPATH\CodeIgniter.php(353): CodeIgniter\CodeIgniter->handleRequest(null, Object(Config\Cache), false)
15 FCPATH\index.php(79): CodeIgniter\CodeIgniter->run()
16 SYSTEMPATH\Commands\Server\rewrite.php(47): require_once('C:\\laragon\\www\\coffee\\public\\index.php')
ERROR - 2024-09-03 03:15:22 --> mysqli_sql_exception: Column 'size' cannot be null in C:\laragon\www\coffee\system\Database\MySQLi\Connection.php:306
Stack trace:
#0 C:\laragon\www\coffee\system\Database\MySQLi\Connection.php(306): mysqli->query('INSERT INTO `or...', 0)
#1 C:\laragon\www\coffee\system\Database\BaseConnection.php(692): CodeIgniter\Database\MySQLi\Connection->execute('INSERT INTO `or...')
#2 C:\laragon\www\coffee\system\Database\BaseConnection.php(606): CodeIgniter\Database\BaseConnection->simpleQuery('INSERT INTO `or...')
#3 C:\laragon\www\coffee\system\Database\BaseBuilder.php(1800): CodeIgniter\Database\BaseConnection->query('INSERT INTO `or...', NULL, false)
#4 C:\laragon\www\coffee\system\Database\BaseBuilder.php(2191): CodeIgniter\Database\BaseBuilder->batchExecute('_insertBatch', 100)
#5 C:\laragon\www\coffee\system\Model.php(353): CodeIgniter\Database\BaseBuilder->insertBatch(Array, NULL, 100)
#6 C:\laragon\www\coffee\system\BaseModel.php(880): CodeIgniter\Model->doInsertBatch(Array, NULL, 100, false)
#7 C:\laragon\www\coffee\app\Controllers\CartController.php(545): CodeIgniter\BaseModel->insertBatch(Array)
#8 C:\laragon\www\coffee\app\Controllers\CartController.php(373): App\Controllers\CartController->insertOrder(Array, 'COD', NULL, Array, '2', NULL)
#9 C:\laragon\www\coffee\system\CodeIgniter.php(919): App\Controllers\CartController->placeOrder()
#10 C:\laragon\www\coffee\system\CodeIgniter.php(494): CodeIgniter\CodeIgniter->runController(Object(App\Controllers\CartController))
#11 C:\laragon\www\coffee\system\CodeIgniter.php(353): CodeIgniter\CodeIgniter->handleRequest(NULL, Object(Config\Cache), false)
#12 C:\laragon\www\coffee\public\index.php(79): CodeIgniter\CodeIgniter->run()
#13 C:\laragon\www\coffee\system\Commands\Server\rewrite.php(47): require_once('C:\\laragon\\www\\...')
#14 {main}
CRITICAL - 2024-09-03 03:15:22 --> Column 'size' cannot be null
in SYSTEMPATH\Database\BaseConnection.php on line 646.
 1 SYSTEMPATH\Database\BaseBuilder.php(1800): CodeIgniter\Database\BaseConnection->query('INSERT INTO `order` (`CustomerID`, `ProductID`, `barcode`, `orderStatus`, `orderType`, `reference_number`, `size`)
VALUES (\'28\',\'1\',\'CRossOnline-OYP5Q75QY6\',\'onProcess\',\'onHouse\',\'This is an COD\',NULL)', null, false)
 2 SYSTEMPATH\Database\BaseBuilder.php(2191): CodeIgniter\Database\BaseBuilder->batchExecute('_insertBatch', 100)
 3 SYSTEMPATH\Model.php(353): CodeIgniter\Database\BaseBuilder->insertBatch([...], null, 100)
 4 SYSTEMPATH\BaseModel.php(880): CodeIgniter\Model->doInsertBatch([...], null, 100, false)
 5 APPPATH\Controllers\CartController.php(545): CodeIgniter\BaseModel->insertBatch([...])
 6 APPPATH\Controllers\CartController.php(373): App\Controllers\CartController->insertOrder([...], 'COD', null, [...], '2', null)
 7 SYSTEMPATH\CodeIgniter.php(919): App\Controllers\CartController->placeOrder()
 8 SYSTEMPATH\CodeIgniter.php(494): CodeIgniter\CodeIgniter->runController(Object(App\Controllers\CartController))
 9 SYSTEMPATH\CodeIgniter.php(353): CodeIgniter\CodeIgniter->handleRequest(null, Object(Config\Cache), false)
10 FCPATH\index.php(79): CodeIgniter\CodeIgniter->run()
11 SYSTEMPATH\Commands\Server\rewrite.php(47): require_once('C:\\laragon\\www\\coffee\\public\\index.php')
CRITICAL - 2024-09-03 03:19:10 --> Array to string conversion
in SYSTEMPATH\Database\BaseBuilder.php on line 2159.
 1 [internal function]: CodeIgniter\Debug\Exceptions->errorHandler(2, 'Array to string conversion', 'C:\\laragon\\www\\coffee\\system\\Database\\BaseBuilder.php', 2159)
 2 SYSTEMPATH\Database\BaseBuilder.php(2159): implode(',', [...])
 3 [internal function]: CodeIgniter\Database\BaseBuilder::CodeIgniter\Database\{closure}([...])
 4 SYSTEMPATH\Database\BaseBuilder.php(2159): array_map(Object(Closure), [...])
 5 SYSTEMPATH\Database\BaseBuilder.php(2220): CodeIgniter\Database\BaseBuilder->formatValues([...])
 6 SYSTEMPATH\Database\BaseBuilder.php(1791): CodeIgniter\Database\BaseBuilder->_insertBatch('`order`', [...], [...])
 7 SYSTEMPATH\Database\BaseBuilder.php(2191): CodeIgniter\Database\BaseBuilder->batchExecute('_insertBatch', 100)
 8 SYSTEMPATH\Model.php(353): CodeIgniter\Database\BaseBuilder->insertBatch([...], null, 100)
 9 SYSTEMPATH\BaseModel.php(880): CodeIgniter\Model->doInsertBatch([...], null, 100, false)
10 APPPATH\Controllers\CartController.php(554): CodeIgniter\BaseModel->insertBatch([...])
11 APPPATH\Controllers\CartController.php(373): App\Controllers\CartController->insertOrder([...], 'COD', null, [...], '2', 'medium')
12 SYSTEMPATH\CodeIgniter.php(919): App\Controllers\CartController->placeOrder()
13 SYSTEMPATH\CodeIgniter.php(494): CodeIgniter\CodeIgniter->runController(Object(App\Controllers\CartController))
14 SYSTEMPATH\CodeIgniter.php(353): CodeIgniter\CodeIgniter->handleRequest(null, Object(Config\Cache), false)
15 FCPATH\index.php(79): CodeIgniter\CodeIgniter->run()
16 SYSTEMPATH\Commands\Server\rewrite.php(47): require_once('C:\\laragon\\www\\coffee\\public\\index.php')
CRITICAL - 2024-09-03 18:51:26 --> Array to string conversion
in SYSTEMPATH\Database\BaseBuilder.php on line 2159.
 1 [internal function]: CodeIgniter\Debug\Exceptions->errorHandler(2, 'Array to string conversion', 'C:\\laragon\\www\\coffee\\system\\Database\\BaseBuilder.php', 2159)
 2 SYSTEMPATH\Database\BaseBuilder.php(2159): implode(',', [...])
 3 [internal function]: CodeIgniter\Database\BaseBuilder::CodeIgniter\Database\{closure}([...])
 4 SYSTEMPATH\Database\BaseBuilder.php(2159): array_map(Object(Closure), [...])
 5 SYSTEMPATH\Database\BaseBuilder.php(2220): CodeIgniter\Database\BaseBuilder->formatValues([...])
 6 SYSTEMPATH\Database\BaseBuilder.php(1791): CodeIgniter\Database\BaseBuilder->_insertBatch('`order`', [...], [...])
 7 SYSTEMPATH\Database\BaseBuilder.php(2191): CodeIgniter\Database\BaseBuilder->batchExecute('_insertBatch', 100)
 8 SYSTEMPATH\Model.php(353): CodeIgniter\Database\BaseBuilder->insertBatch([...], null, 100)
 9 SYSTEMPATH\BaseModel.php(880): CodeIgniter\Model->doInsertBatch([...], null, 100, false)
10 APPPATH\Controllers\CartController.php(554): CodeIgniter\BaseModel->insertBatch([...])
11 APPPATH\Controllers\CartController.php(373): App\Controllers\CartController->insertOrder([...], 'COD', null, [...], '2', 'medium')
12 SYSTEMPATH\CodeIgniter.php(919): App\Controllers\CartController->placeOrder()
13 SYSTEMPATH\CodeIgniter.php(494): CodeIgniter\CodeIgniter->runController(Object(App\Controllers\CartController))
14 SYSTEMPATH\CodeIgniter.php(353): CodeIgniter\CodeIgniter->handleRequest(null, Object(Config\Cache), false)
15 FCPATH\index.php(79): CodeIgniter\CodeIgniter->run()
16 SYSTEMPATH\Commands\Server\rewrite.php(47): require_once('C:\\laragon\\www\\coffee\\public\\index.php')
CRITICAL - 2024-09-03 18:52:06 --> Array to string conversion
in SYSTEMPATH\Database\BaseBuilder.php on line 2159.
 1 [internal function]: CodeIgniter\Debug\Exceptions->errorHandler(2, 'Array to string conversion', 'C:\\laragon\\www\\coffee\\system\\Database\\BaseBuilder.php', 2159)
 2 SYSTEMPATH\Database\BaseBuilder.php(2159): implode(',', [...])
 3 [internal function]: CodeIgniter\Database\BaseBuilder::CodeIgniter\Database\{closure}([...])
 4 SYSTEMPATH\Database\BaseBuilder.php(2159): array_map(Object(Closure), [...])
 5 SYSTEMPATH\Database\BaseBuilder.php(2220): CodeIgniter\Database\BaseBuilder->formatValues([...])
 6 SYSTEMPATH\Database\BaseBuilder.php(1791): CodeIgniter\Database\BaseBuilder->_insertBatch('`order`', [...], [...])
 7 SYSTEMPATH\Database\BaseBuilder.php(2191): CodeIgniter\Database\BaseBuilder->batchExecute('_insertBatch', 100)
 8 SYSTEMPATH\Model.php(353): CodeIgniter\Database\BaseBuilder->insertBatch([...], null, 100)
 9 SYSTEMPATH\BaseModel.php(880): CodeIgniter\Model->doInsertBatch([...], null, 100, false)
10 APPPATH\Controllers\CartController.php(554): CodeIgniter\BaseModel->insertBatch([...])
11 APPPATH\Controllers\CartController.php(373): App\Controllers\CartController->insertOrder([...], 'COD', null, [...], '2', 'medium')
12 SYSTEMPATH\CodeIgniter.php(919): App\Controllers\CartController->placeOrder()
13 SYSTEMPATH\CodeIgniter.php(494): CodeIgniter\CodeIgniter->runController(Object(App\Controllers\CartController))
14 SYSTEMPATH\CodeIgniter.php(353): CodeIgniter\CodeIgniter->handleRequest(null, Object(Config\Cache), false)
15 FCPATH\index.php(79): CodeIgniter\CodeIgniter->run()
16 SYSTEMPATH\Commands\Server\rewrite.php(47): require_once('C:\\laragon\\www\\coffee\\public\\index.php')
CRITICAL - 2024-09-03 18:52:56 --> Array to string conversion
in SYSTEMPATH\Database\BaseBuilder.php on line 2159.
 1 [internal function]: CodeIgniter\Debug\Exceptions->errorHandler(2, 'Array to string conversion', 'C:\\laragon\\www\\coffee\\system\\Database\\BaseBuilder.php', 2159)
 2 SYSTEMPATH\Database\BaseBuilder.php(2159): implode(',', [...])
 3 [internal function]: CodeIgniter\Database\BaseBuilder::CodeIgniter\Database\{closure}([...])
 4 SYSTEMPATH\Database\BaseBuilder.php(2159): array_map(Object(Closure), [...])
 5 SYSTEMPATH\Database\BaseBuilder.php(2220): CodeIgniter\Database\BaseBuilder->formatValues([...])
 6 SYSTEMPATH\Database\BaseBuilder.php(1791): CodeIgniter\Database\BaseBuilder->_insertBatch('`order`', [...], [...])
 7 SYSTEMPATH\Database\BaseBuilder.php(2191): CodeIgniter\Database\BaseBuilder->batchExecute('_insertBatch', 100)
 8 SYSTEMPATH\Model.php(353): CodeIgniter\Database\BaseBuilder->insertBatch([...], null, 100)
 9 SYSTEMPATH\BaseModel.php(880): CodeIgniter\Model->doInsertBatch([...], null, 100, false)
10 APPPATH\Controllers\CartController.php(554): CodeIgniter\BaseModel->insertBatch([...])
11 APPPATH\Controllers\CartController.php(373): App\Controllers\CartController->insertOrder([...], 'COD', null, [...], '2', 'medium')
12 SYSTEMPATH\CodeIgniter.php(919): App\Controllers\CartController->placeOrder()
13 SYSTEMPATH\CodeIgniter.php(494): CodeIgniter\CodeIgniter->runController(Object(App\Controllers\CartController))
14 SYSTEMPATH\CodeIgniter.php(353): CodeIgniter\CodeIgniter->handleRequest(null, Object(Config\Cache), false)
15 FCPATH\index.php(79): CodeIgniter\CodeIgniter->run()
16 SYSTEMPATH\Commands\Server\rewrite.php(47): require_once('C:\\laragon\\www\\coffee\\public\\index.php')
CRITICAL - 2024-09-03 18:53:48 --> Array to string conversion
in SYSTEMPATH\Database\BaseBuilder.php on line 2159.
 1 [internal function]: CodeIgniter\Debug\Exceptions->errorHandler(2, 'Array to string conversion', 'C:\\laragon\\www\\coffee\\system\\Database\\BaseBuilder.php', 2159)
 2 SYSTEMPATH\Database\BaseBuilder.php(2159): implode(',', [...])
 3 [internal function]: CodeIgniter\Database\BaseBuilder::CodeIgniter\Database\{closure}([...])
 4 SYSTEMPATH\Database\BaseBuilder.php(2159): array_map(Object(Closure), [...])
 5 SYSTEMPATH\Database\BaseBuilder.php(2220): CodeIgniter\Database\BaseBuilder->formatValues([...])
 6 SYSTEMPATH\Database\BaseBuilder.php(1791): CodeIgniter\Database\BaseBuilder->_insertBatch('`order`', [...], [...])
 7 SYSTEMPATH\Database\BaseBuilder.php(2191): CodeIgniter\Database\BaseBuilder->batchExecute('_insertBatch', 100)
 8 SYSTEMPATH\Model.php(353): CodeIgniter\Database\BaseBuilder->insertBatch([...], null, 100)
 9 SYSTEMPATH\BaseModel.php(880): CodeIgniter\Model->doInsertBatch([...], null, 100, false)
10 APPPATH\Controllers\CartController.php(554): CodeIgniter\BaseModel->insertBatch([...])
11 APPPATH\Controllers\CartController.php(373): App\Controllers\CartController->insertOrder([...], 'COD', null, [...], '2', 'medium')
12 SYSTEMPATH\CodeIgniter.php(919): App\Controllers\CartController->placeOrder()
13 SYSTEMPATH\CodeIgniter.php(494): CodeIgniter\CodeIgniter->runController(Object(App\Controllers\CartController))
14 SYSTEMPATH\CodeIgniter.php(353): CodeIgniter\CodeIgniter->handleRequest(null, Object(Config\Cache), false)
15 FCPATH\index.php(79): CodeIgniter\CodeIgniter->run()
16 SYSTEMPATH\Commands\Server\rewrite.php(47): require_once('C:\\laragon\\www\\coffee\\public\\index.php')
CRITICAL - 2024-09-03 18:57:13 --> Undefined variable $totalAmount
in APPPATH\Controllers\CartController.php on line 521.
 1 APPPATH\Controllers\CartController.php(521): CodeIgniter\Debug\Exceptions->errorHandler(2, 'Undefined variable $totalAmount', 'C:\\laragon\\www\\coffee\\app\\Controllers\\CartController.php', 521)
 2 APPPATH\Controllers\CartController.php(373): App\Controllers\CartController->insertOrder([...], 'COD', null, [...], '2', 'medium')
 3 SYSTEMPATH\CodeIgniter.php(919): App\Controllers\CartController->placeOrder()
 4 SYSTEMPATH\CodeIgniter.php(494): CodeIgniter\CodeIgniter->runController(Object(App\Controllers\CartController))
 5 SYSTEMPATH\CodeIgniter.php(353): CodeIgniter\CodeIgniter->handleRequest(null, Object(Config\Cache), false)
 6 FCPATH\index.php(79): CodeIgniter\CodeIgniter->run()
 7 SYSTEMPATH\Commands\Server\rewrite.php(47): require_once('C:\\laragon\\www\\coffee\\public\\index.php')
CRITICAL - 2024-09-03 18:57:41 --> Too few arguments to function App\Controllers\CartController::insertOrder(), 6 passed in C:\laragon\www\coffee\app\Controllers\CartController.php on line 373 and exactly 7 expected
in APPPATH\Controllers\CartController.php on line 499.
 1 APPPATH\Controllers\CartController.php(373): App\Controllers\CartController->insertOrder([...], 'COD', null, [...], '2', null)
 2 SYSTEMPATH\CodeIgniter.php(919): App\Controllers\CartController->placeOrder()
 3 SYSTEMPATH\CodeIgniter.php(494): CodeIgniter\CodeIgniter->runController(Object(App\Controllers\CartController))
 4 SYSTEMPATH\CodeIgniter.php(353): CodeIgniter\CodeIgniter->handleRequest(null, Object(Config\Cache), false)
 5 FCPATH\index.php(79): CodeIgniter\CodeIgniter->run()
 6 SYSTEMPATH\Commands\Server\rewrite.php(47): require_once('C:\\laragon\\www\\coffee\\public\\index.php')
CRITICAL - 2024-09-03 18:58:21 --> Array to string conversion
in SYSTEMPATH\Database\BaseBuilder.php on line 2159.
 1 [internal function]: CodeIgniter\Debug\Exceptions->errorHandler(2, 'Array to string conversion', 'C:\\laragon\\www\\coffee\\system\\Database\\BaseBuilder.php', 2159)
 2 SYSTEMPATH\Database\BaseBuilder.php(2159): implode(',', [...])
 3 [internal function]: CodeIgniter\Database\BaseBuilder::CodeIgniter\Database\{closure}([...])
 4 SYSTEMPATH\Database\BaseBuilder.php(2159): array_map(Object(Closure), [...])
 5 SYSTEMPATH\Database\BaseBuilder.php(2220): CodeIgniter\Database\BaseBuilder->formatValues([...])
 6 SYSTEMPATH\Database\BaseBuilder.php(1791): CodeIgniter\Database\BaseBuilder->_insertBatch('`order`', [...], [...])
 7 SYSTEMPATH\Database\BaseBuilder.php(2191): CodeIgniter\Database\BaseBuilder->batchExecute('_insertBatch', 100)
 8 SYSTEMPATH\Model.php(353): CodeIgniter\Database\BaseBuilder->insertBatch([...], null, 100)
 9 SYSTEMPATH\BaseModel.php(880): CodeIgniter\Model->doInsertBatch([...], null, 100, false)
10 APPPATH\Controllers\CartController.php(554): CodeIgniter\BaseModel->insertBatch([...])
11 APPPATH\Controllers\CartController.php(373): App\Controllers\CartController->insertOrder([...], 'COD', null, [...], [...], '2', 'medium')
12 SYSTEMPATH\CodeIgniter.php(919): App\Controllers\CartController->placeOrder()
13 SYSTEMPATH\CodeIgniter.php(494): CodeIgniter\CodeIgniter->runController(Object(App\Controllers\CartController))
14 SYSTEMPATH\CodeIgniter.php(353): CodeIgniter\CodeIgniter->handleRequest(null, Object(Config\Cache), false)
15 FCPATH\index.php(79): CodeIgniter\CodeIgniter->run()
16 SYSTEMPATH\Commands\Server\rewrite.php(47): require_once('C:\\laragon\\www\\coffee\\public\\index.php')
CRITICAL - 2024-09-03 18:59:24 --> Array to string conversion
in SYSTEMPATH\Database\BaseBuilder.php on line 2159.
 1 [internal function]: CodeIgniter\Debug\Exceptions->errorHandler(2, 'Array to string conversion', 'C:\\laragon\\www\\coffee\\system\\Database\\BaseBuilder.php', 2159)
 2 SYSTEMPATH\Database\BaseBuilder.php(2159): implode(',', [...])
 3 [internal function]: CodeIgniter\Database\BaseBuilder::CodeIgniter\Database\{closure}([...])
 4 SYSTEMPATH\Database\BaseBuilder.php(2159): array_map(Object(Closure), [...])
 5 SYSTEMPATH\Database\BaseBuilder.php(2220): CodeIgniter\Database\BaseBuilder->formatValues([...])
 6 SYSTEMPATH\Database\BaseBuilder.php(1791): CodeIgniter\Database\BaseBuilder->_insertBatch('`order`', [...], [...])
 7 SYSTEMPATH\Database\BaseBuilder.php(2191): CodeIgniter\Database\BaseBuilder->batchExecute('_insertBatch', 100)
 8 SYSTEMPATH\Model.php(353): CodeIgniter\Database\BaseBuilder->insertBatch([...], null, 100)
 9 SYSTEMPATH\BaseModel.php(880): CodeIgniter\Model->doInsertBatch([...], null, 100, false)
10 APPPATH\Controllers\CartController.php(554): CodeIgniter\BaseModel->insertBatch([...])
11 APPPATH\Controllers\CartController.php(373): App\Controllers\CartController->insertOrder([...], 'COD', null, [...], [...], '2', 'medium')
12 SYSTEMPATH\CodeIgniter.php(919): App\Controllers\CartController->placeOrder()
13 SYSTEMPATH\CodeIgniter.php(494): CodeIgniter\CodeIgniter->runController(Object(App\Controllers\CartController))
14 SYSTEMPATH\CodeIgniter.php(353): CodeIgniter\CodeIgniter->handleRequest(null, Object(Config\Cache), false)
15 FCPATH\index.php(79): CodeIgniter\CodeIgniter->run()
16 SYSTEMPATH\Commands\Server\rewrite.php(47): require_once('C:\\laragon\\www\\coffee\\public\\index.php')
CRITICAL - 2024-09-03 19:03:42 --> Array to string conversion
in SYSTEMPATH\Database\BaseBuilder.php on line 2159.
 1 [internal function]: CodeIgniter\Debug\Exceptions->errorHandler(2, 'Array to string conversion', 'C:\\laragon\\www\\coffee\\system\\Database\\BaseBuilder.php', 2159)
 2 SYSTEMPATH\Database\BaseBuilder.php(2159): implode(',', [...])
 3 [internal function]: CodeIgniter\Database\BaseBuilder::CodeIgniter\Database\{closure}([...])
 4 SYSTEMPATH\Database\BaseBuilder.php(2159): array_map(Object(Closure), [...])
 5 SYSTEMPATH\Database\BaseBuilder.php(2220): CodeIgniter\Database\BaseBuilder->formatValues([...])
 6 SYSTEMPATH\Database\BaseBuilder.php(1791): CodeIgniter\Database\BaseBuilder->_insertBatch('`order`', [...], [...])
 7 SYSTEMPATH\Database\BaseBuilder.php(2191): CodeIgniter\Database\BaseBuilder->batchExecute('_insertBatch', 100)
 8 SYSTEMPATH\Model.php(353): CodeIgniter\Database\BaseBuilder->insertBatch([...], null, 100)
 9 SYSTEMPATH\BaseModel.php(880): CodeIgniter\Model->doInsertBatch([...], null, 100, false)
10 APPPATH\Controllers\CartController.php(554): CodeIgniter\BaseModel->insertBatch([...])
11 APPPATH\Controllers\CartController.php(373): App\Controllers\CartController->insertOrder([...], 'COD', null, [...], [...], '2', 'medium')
12 SYSTEMPATH\CodeIgniter.php(919): App\Controllers\CartController->placeOrder()
13 SYSTEMPATH\CodeIgniter.php(494): CodeIgniter\CodeIgniter->runController(Object(App\Controllers\CartController))
14 SYSTEMPATH\CodeIgniter.php(353): CodeIgniter\CodeIgniter->handleRequest(null, Object(Config\Cache), false)
15 FCPATH\index.php(79): CodeIgniter\CodeIgniter->run()
16 SYSTEMPATH\Commands\Server\rewrite.php(47): require_once('C:\\laragon\\www\\coffee\\public\\index.php')
CRITICAL - 2024-09-03 19:04:21 --> Array to string conversion
in SYSTEMPATH\Database\BaseBuilder.php on line 2159.
 1 [internal function]: CodeIgniter\Debug\Exceptions->errorHandler(2, 'Array to string conversion', 'C:\\laragon\\www\\coffee\\system\\Database\\BaseBuilder.php', 2159)
 2 SYSTEMPATH\Database\BaseBuilder.php(2159): implode(',', [...])
 3 [internal function]: CodeIgniter\Database\BaseBuilder::CodeIgniter\Database\{closure}([...])
 4 SYSTEMPATH\Database\BaseBuilder.php(2159): array_map(Object(Closure), [...])
 5 SYSTEMPATH\Database\BaseBuilder.php(2220): CodeIgniter\Database\BaseBuilder->formatValues([...])
 6 SYSTEMPATH\Database\BaseBuilder.php(1791): CodeIgniter\Database\BaseBuilder->_insertBatch('`order`', [...], [...])
 7 SYSTEMPATH\Database\BaseBuilder.php(2191): CodeIgniter\Database\BaseBuilder->batchExecute('_insertBatch', 100)
 8 SYSTEMPATH\Model.php(353): CodeIgniter\Database\BaseBuilder->insertBatch([...], null, 100)
 9 SYSTEMPATH\BaseModel.php(880): CodeIgniter\Model->doInsertBatch([...], null, 100, false)
10 APPPATH\Controllers\CartController.php(546): CodeIgniter\BaseModel->insertBatch([...])
11 APPPATH\Controllers\CartController.php(373): App\Controllers\CartController->insertOrder([...], 'COD', null, [...], [...], '2', 'medium')
12 SYSTEMPATH\CodeIgniter.php(919): App\Controllers\CartController->placeOrder()
13 SYSTEMPATH\CodeIgniter.php(494): CodeIgniter\CodeIgniter->runController(Object(App\Controllers\CartController))
14 SYSTEMPATH\CodeIgniter.php(353): CodeIgniter\CodeIgniter->handleRequest(null, Object(Config\Cache), false)
15 FCPATH\index.php(79): CodeIgniter\CodeIgniter->run()
16 SYSTEMPATH\Commands\Server\rewrite.php(47): require_once('C:\\laragon\\www\\coffee\\public\\index.php')
CRITICAL - 2024-09-03 19:04:48 --> insertBatch() has no data.
in SYSTEMPATH\Database\BaseBuilder.php on line 1771.
 1 SYSTEMPATH\Database\BaseBuilder.php(2191): CodeIgniter\Database\BaseBuilder->batchExecute('_insertBatch', 100)
 2 SYSTEMPATH\Model.php(353): CodeIgniter\Database\BaseBuilder->insertBatch([], null, 100)
 3 SYSTEMPATH\BaseModel.php(880): CodeIgniter\Model->doInsertBatch([], null, 100, false)
 4 APPPATH\Controllers\CartController.php(546): CodeIgniter\BaseModel->insertBatch([])
 5 APPPATH\Controllers\CartController.php(373): App\Controllers\CartController->insertOrder([...], 'COD', null, [...], [...], '2', 'medium')
 6 SYSTEMPATH\CodeIgniter.php(919): App\Controllers\CartController->placeOrder()
 7 SYSTEMPATH\CodeIgniter.php(494): CodeIgniter\CodeIgniter->runController(Object(App\Controllers\CartController))
 8 SYSTEMPATH\CodeIgniter.php(353): CodeIgniter\CodeIgniter->handleRequest(null, Object(Config\Cache), false)
 9 FCPATH\index.php(79): CodeIgniter\CodeIgniter->run()
10 SYSTEMPATH\Commands\Server\rewrite.php(47): require_once('C:\\laragon\\www\\coffee\\public\\index.php')
CRITICAL - 2024-09-03 19:56:04 --> Undefined variable $savedData
in APPPATH\Controllers\AdminController.php on line 2005.
 1 APPPATH\Controllers\AdminController.php(2005): CodeIgniter\Debug\Exceptions->errorHandler(2, 'Undefined variable $savedData', 'C:\\laragon\\www\\coffee\\app\\Controllers\\AdminController.php', 2005)
 2 SYSTEMPATH\CodeIgniter.php(919): App\Controllers\AdminController->savePOSOrders()
 3 SYSTEMPATH\CodeIgniter.php(494): CodeIgniter\CodeIgniter->runController(Object(App\Controllers\AdminController))
 4 SYSTEMPATH\CodeIgniter.php(353): CodeIgniter\CodeIgniter->handleRequest(null, Object(Config\Cache), false)
 5 FCPATH\index.php(79): CodeIgniter\CodeIgniter->run()
 6 SYSTEMPATH\Commands\Server\rewrite.php(47): require_once('C:\\laragon\\www\\coffee\\public\\index.php')
CRITICAL - 2024-09-03 19:56:06 --> Undefined variable $savedData
in APPPATH\Controllers\AdminController.php on line 2005.
 1 APPPATH\Controllers\AdminController.php(2005): CodeIgniter\Debug\Exceptions->errorHandler(2, 'Undefined variable $savedData', 'C:\\laragon\\www\\coffee\\app\\Controllers\\AdminController.php', 2005)
 2 SYSTEMPATH\CodeIgniter.php(919): App\Controllers\AdminController->savePOSOrders()
 3 SYSTEMPATH\CodeIgniter.php(494): CodeIgniter\CodeIgniter->runController(Object(App\Controllers\AdminController))
 4 SYSTEMPATH\CodeIgniter.php(353): CodeIgniter\CodeIgniter->handleRequest(null, Object(Config\Cache), false)
 5 FCPATH\index.php(79): CodeIgniter\CodeIgniter->run()
 6 SYSTEMPATH\Commands\Server\rewrite.php(47): require_once('C:\\laragon\\www\\coffee\\public\\index.php')
CRITICAL - 2024-09-03 19:57:37 --> Class "App\Controllers\WindowsPrintConnector" not found
in APPPATH\Controllers\AdminController.php on line 60.
 1 SYSTEMPATH\CodeIgniter.php(891): App\Controllers\AdminController->__construct()
 2 SYSTEMPATH\CodeIgniter.php(485): CodeIgniter\CodeIgniter->createController()
 3 SYSTEMPATH\CodeIgniter.php(353): CodeIgniter\CodeIgniter->handleRequest(null, Object(Config\Cache), false)
 4 FCPATH\index.php(79): CodeIgniter\CodeIgniter->run()
 5 SYSTEMPATH\Commands\Server\rewrite.php(47): require_once('C:\\laragon\\www\\coffee\\public\\index.php')
CRITICAL - 2024-09-03 19:57:39 --> Class "App\Controllers\WindowsPrintConnector" not found
in APPPATH\Controllers\AdminController.php on line 60.
 1 SYSTEMPATH\CodeIgniter.php(891): App\Controllers\AdminController->__construct()
 2 SYSTEMPATH\CodeIgniter.php(485): CodeIgniter\CodeIgniter->createController()
 3 SYSTEMPATH\CodeIgniter.php(353): CodeIgniter\CodeIgniter->handleRequest(null, Object(Config\Cache), false)
 4 FCPATH\index.php(79): CodeIgniter\CodeIgniter->run()
 5 SYSTEMPATH\Commands\Server\rewrite.php(47): require_once('C:\\laragon\\www\\coffee\\public\\index.php')
CRITICAL - 2024-09-03 19:57:39 --> Class "App\Controllers\WindowsPrintConnector" not found
in APPPATH\Controllers\AdminController.php on line 60.
 1 SYSTEMPATH\CodeIgniter.php(891): App\Controllers\AdminController->__construct()
 2 SYSTEMPATH\CodeIgniter.php(485): CodeIgniter\CodeIgniter->createController()
 3 SYSTEMPATH\CodeIgniter.php(353): CodeIgniter\CodeIgniter->handleRequest(null, Object(Config\Cache), false)
 4 FCPATH\index.php(79): CodeIgniter\CodeIgniter->run()
 5 SYSTEMPATH\Commands\Server\rewrite.php(47): require_once('C:\\laragon\\www\\coffee\\public\\index.php')
