CRITICAL - 2024-05-22 03:25:49 --> Undefined property: App\Controllers\UserController::$maxLoginAttempts
in APPPATH\Controllers\UserController.php on line 226.
 1 APPPATH\Controllers\UserController.php(226): CodeIgniter\Debug\Exceptions->errorHandler(2, 'Undefined property: App\\Controllers\\UserController::$maxLoginAttempts', 'C:\\laragon\\www\\coffee\\app\\Controllers\\UserController.php', 226)
 2 APPPATH\Controllers\UserController.php(205): App\Controllers\UserController->incrementLoginAttempts(Object(CodeIgniter\Session\Session))
 3 SYSTEMPATH\CodeIgniter.php(919): App\Controllers\UserController->login()
 4 SYSTEMPATH\CodeIgniter.php(494): CodeIgniter\CodeIgniter->runController(Object(App\Controllers\UserController))
 5 SYSTEMPATH\CodeIgniter.php(353): CodeIgniter\CodeIgniter->handleRequest(null, Object(Config\Cache), false)
 6 FCPATH\index.php(79): CodeIgniter\CodeIgniter->run()
 7 SYSTEMPATH\Commands\Server\rewrite.php(47): require_once('C:\\laragon\\www\\coffee\\public\\index.php')
CRITICAL - 2024-05-22 03:26:53 --> Undefined property: App\Controllers\UserController::$lockoutTime
in APPPATH\Controllers\UserController.php on line 227.
 1 APPPATH\Controllers\UserController.php(227): CodeIgniter\Debug\Exceptions->errorHandler(2, 'Undefined property: App\\Controllers\\UserController::$lockoutTime', 'C:\\laragon\\www\\coffee\\app\\Controllers\\UserController.php', 227)
 2 APPPATH\Controllers\UserController.php(205): App\Controllers\UserController->incrementLoginAttempts(Object(CodeIgniter\Session\Session))
 3 SYSTEMPATH\CodeIgniter.php(919): App\Controllers\UserController->login()
 4 SYSTEMPATH\CodeIgniter.php(494): CodeIgniter\CodeIgniter->runController(Object(App\Controllers\UserController))
 5 SYSTEMPATH\CodeIgniter.php(353): CodeIgniter\CodeIgniter->handleRequest(null, Object(Config\Cache), false)
 6 FCPATH\index.php(79): CodeIgniter\CodeIgniter->run()
 7 SYSTEMPATH\Commands\Server\rewrite.php(47): require_once('C:\\laragon\\www\\coffee\\public\\index.php')
CRITICAL - 2024-05-22 03:53:08 --> Undefined variable $monthlySalesReport
in APPPATH\Controllers\VisualizationController.php on line 341.
 1 APPPATH\Controllers\VisualizationController.php(341): CodeIgniter\Debug\Exceptions->errorHandler(2, 'Undefined variable $monthlySalesReport', 'C:\\laragon\\www\\coffee\\app\\Controllers\\VisualizationController.php', 341)
 2 SYSTEMPATH\CodeIgniter.php(919): App\Controllers\VisualizationController->salesReportPerMonthInyear('2024')
 3 SYSTEMPATH\CodeIgniter.php(494): CodeIgniter\CodeIgniter->runController(Object(App\Controllers\VisualizationController))
 4 SYSTEMPATH\CodeIgniter.php(353): CodeIgniter\CodeIgniter->handleRequest(null, Object(Config\Cache), false)
 5 FCPATH\index.php(79): CodeIgniter\CodeIgniter->run()
 6 SYSTEMPATH\Commands\Server\rewrite.php(47): require_once('C:\\laragon\\www\\coffee\\public\\index.php')
CRITICAL - 2024-05-22 03:53:54 --> Cannot use object of type stdClass as array
in APPPATH\Controllers\VisualizationController.php on line 373.
 1 SYSTEMPATH\CodeIgniter.php(919): App\Controllers\VisualizationController->salesReportPerMonthInyear('August')
 2 SYSTEMPATH\CodeIgniter.php(494): CodeIgniter\CodeIgniter->runController(Object(App\Controllers\VisualizationController))
 3 SYSTEMPATH\CodeIgniter.php(353): CodeIgniter\CodeIgniter->handleRequest(null, Object(Config\Cache), false)
 4 FCPATH\index.php(79): CodeIgniter\CodeIgniter->run()
 5 SYSTEMPATH\Commands\Server\rewrite.php(47): require_once('C:\\laragon\\www\\coffee\\public\\index.php')
CRITICAL - 2024-05-22 04:16:50 --> Attempt to read property "year" on array
in APPPATH\Controllers\VisualizationController.php on line 412.
 1 APPPATH\Controllers\VisualizationController.php(412): CodeIgniter\Debug\Exceptions->errorHandler(2, 'Attempt to read property "year" on array', 'C:\\laragon\\www\\coffee\\app\\Controllers\\VisualizationController.php', 412)
 2 SYSTEMPATH\CodeIgniter.php(919): App\Controllers\VisualizationController->salesReportEveryYear()
 3 SYSTEMPATH\CodeIgniter.php(494): CodeIgniter\CodeIgniter->runController(Object(App\Controllers\VisualizationController))
 4 SYSTEMPATH\CodeIgniter.php(353): CodeIgniter\CodeIgniter->handleRequest(null, Object(Config\Cache), false)
 5 FCPATH\index.php(79): CodeIgniter\CodeIgniter->run()
 6 SYSTEMPATH\Commands\Server\rewrite.php(47): require_once('C:\\laragon\\www\\coffee\\public\\index.php')
CRITICAL - 2024-05-22 04:17:18 --> Attempt to read property "total_sales" on array
in APPPATH\Controllers\VisualizationController.php on line 413.
 1 APPPATH\Controllers\VisualizationController.php(413): CodeIgniter\Debug\Exceptions->errorHandler(2, 'Attempt to read property "total_sales" on array', 'C:\\laragon\\www\\coffee\\app\\Controllers\\VisualizationController.php', 413)
 2 SYSTEMPATH\CodeIgniter.php(919): App\Controllers\VisualizationController->salesReportEveryYear()
 3 SYSTEMPATH\CodeIgniter.php(494): CodeIgniter\CodeIgniter->runController(Object(App\Controllers\VisualizationController))
 4 SYSTEMPATH\CodeIgniter.php(353): CodeIgniter\CodeIgniter->handleRequest(null, Object(Config\Cache), false)
 5 FCPATH\index.php(79): CodeIgniter\CodeIgniter->run()
 6 SYSTEMPATH\Commands\Server\rewrite.php(47): require_once('C:\\laragon\\www\\coffee\\public\\index.php')
