CRITICAL - 2024-03-14 14:05:51 --> Undefined array key "barcode"
in APPPATH\Views\admin\orderpayment.php on line 56.
 1 APPPATH\Views\admin\orderpayment.php(56): CodeIgniter\Debug\Exceptions->errorHandler(2, 'Undefined array key "barcode"', 'C:\\laragon\\www\\coffee\\app\\Views\\admin\\orderpayment.php', 56)
 2 SYSTEMPATH\View\View.php(226): include('C:\\laragon\\www\\coffee\\app\\Views\\admin\\orderpayment.php')
 3 SYSTEMPATH\View\View.php(229): CodeIgniter\View\View->CodeIgniter\View\{closure}()
 4 SYSTEMPATH\Common.php(1188): CodeIgniter\View\View->render('/admin/orderpayment', [], true)
 5 APPPATH\Controllers\AdminController.php(71): view('/admin/orderpayment', [...])
 6 SYSTEMPATH\CodeIgniter.php(919): App\Controllers\AdminController->orderpayment()
 7 SYSTEMPATH\CodeIgniter.php(494): CodeIgniter\CodeIgniter->runController(Object(App\Controllers\AdminController))
 8 SYSTEMPATH\CodeIgniter.php(353): CodeIgniter\CodeIgniter->handleRequest(null, Object(Config\Cache), false)
 9 FCPATH\index.php(79): CodeIgniter\CodeIgniter->run()
10 SYSTEMPATH\Commands\Server\rewrite.php(47): require_once('C:\\laragon\\www\\coffee\\public\\index.php')
CRITICAL - 2024-03-14 14:06:53 --> Undefined array key "barcode"
in APPPATH\Views\admin\orderpayment.php on line 56.
 1 APPPATH\Views\admin\orderpayment.php(56): CodeIgniter\Debug\Exceptions->errorHandler(2, 'Undefined array key "barcode"', 'C:\\laragon\\www\\coffee\\app\\Views\\admin\\orderpayment.php', 56)
 2 SYSTEMPATH\View\View.php(226): include('C:\\laragon\\www\\coffee\\app\\Views\\admin\\orderpayment.php')
 3 SYSTEMPATH\View\View.php(229): CodeIgniter\View\View->CodeIgniter\View\{closure}()
 4 SYSTEMPATH\Common.php(1188): CodeIgniter\View\View->render('/admin/orderpayment', [], true)
 5 APPPATH\Controllers\AdminController.php(71): view('/admin/orderpayment', [...])
 6 SYSTEMPATH\CodeIgniter.php(919): App\Controllers\AdminController->orderpayment()
 7 SYSTEMPATH\CodeIgniter.php(494): CodeIgniter\CodeIgniter->runController(Object(App\Controllers\AdminController))
 8 SYSTEMPATH\CodeIgniter.php(353): CodeIgniter\CodeIgniter->handleRequest(null, Object(Config\Cache), false)
 9 FCPATH\index.php(79): CodeIgniter\CodeIgniter->run()
10 SYSTEMPATH\Commands\Server\rewrite.php(47): require_once('C:\\laragon\\www\\coffee\\public\\index.php')
CRITICAL - 2024-03-14 14:08:09 --> Undefined array key "barcode"
in APPPATH\Views\admin\orderpayment.php on line 56.
 1 APPPATH\Views\admin\orderpayment.php(56): CodeIgniter\Debug\Exceptions->errorHandler(2, 'Undefined array key "barcode"', 'C:\\laragon\\www\\coffee\\app\\Views\\admin\\orderpayment.php', 56)
 2 SYSTEMPATH\View\View.php(226): include('C:\\laragon\\www\\coffee\\app\\Views\\admin\\orderpayment.php')
 3 SYSTEMPATH\View\View.php(229): CodeIgniter\View\View->CodeIgniter\View\{closure}()
 4 SYSTEMPATH\Common.php(1188): CodeIgniter\View\View->render('/admin/orderpayment', [], true)
 5 APPPATH\Controllers\AdminController.php(71): view('/admin/orderpayment', [...])
 6 SYSTEMPATH\CodeIgniter.php(919): App\Controllers\AdminController->orderpayment()
 7 SYSTEMPATH\CodeIgniter.php(494): CodeIgniter\CodeIgniter->runController(Object(App\Controllers\AdminController))
 8 SYSTEMPATH\CodeIgniter.php(353): CodeIgniter\CodeIgniter->handleRequest(null, Object(Config\Cache), false)
 9 FCPATH\index.php(79): CodeIgniter\CodeIgniter->run()
10 SYSTEMPATH\Commands\Server\rewrite.php(47): require_once('C:\\laragon\\www\\coffee\\public\\index.php')
ERROR - 2024-03-14 14:14:40 --> mysqli_sql_exception: Unknown column 'product_tbl.prod_decs' in 'field list' in C:\laragon\www\coffee\system\Database\MySQLi\Connection.php:306
Stack trace:
#0 C:\laragon\www\coffee\system\Database\MySQLi\Connection.php(306): mysqli->query('SELECT `order`....', 0)
#1 C:\laragon\www\coffee\system\Database\BaseConnection.php(692): CodeIgniter\Database\MySQLi\Connection->execute('SELECT `order`....')
#2 C:\laragon\www\coffee\system\Database\BaseConnection.php(606): CodeIgniter\Database\BaseConnection->simpleQuery('SELECT `order`....')
#3 C:\laragon\www\coffee\system\Database\BaseBuilder.php(1615): CodeIgniter\Database\BaseConnection->query('SELECT `order`....', Array, false)
#4 C:\laragon\www\coffee\system\Model.php(237): CodeIgniter\Database\BaseBuilder->get()
#5 C:\laragon\www\coffee\system\BaseModel.php(624): CodeIgniter\Model->doFindAll(0, 0)
#6 C:\laragon\www\coffee\app\Controllers\AdminController.php(70): CodeIgniter\BaseModel->findAll()
#7 C:\laragon\www\coffee\system\CodeIgniter.php(919): App\Controllers\AdminController->orderpayment()
#8 C:\laragon\www\coffee\system\CodeIgniter.php(494): CodeIgniter\CodeIgniter->runController(Object(App\Controllers\AdminController))
#9 C:\laragon\www\coffee\system\CodeIgniter.php(353): CodeIgniter\CodeIgniter->handleRequest(NULL, Object(Config\Cache), false)
#10 C:\laragon\www\coffee\public\index.php(79): CodeIgniter\CodeIgniter->run()
#11 C:\laragon\www\coffee\system\Commands\Server\rewrite.php(47): require_once('C:\\laragon\\www\\...')
#12 {main}
CRITICAL - 2024-03-14 14:14:40 --> Unknown column 'product_tbl.prod_decs' in 'field list'
in SYSTEMPATH\Database\BaseConnection.php on line 646.
 1 SYSTEMPATH\Database\BaseBuilder.php(1615): CodeIgniter\Database\BaseConnection->query('SELECT `order`.`orderID`, `order`.`barcode`, `user`.`UserID`, `product_tbl`.`prod_id`, `order`.`CustomerID`, `order`.`ProductID`, `order`.`total`, `order`.`orderStatus`, `order`.`quantity`, `order`.`size`, `order`.`orderDate`, `order`.`orderType`, `order`.`paymentStatus`, `user`.`LastName`, `user`.`FirstName`, `user`.`Username`, `user`.`ContactNo`, `user`.`address`, `user`.`gender`, `product_tbl`.`prod_img`, `product_tbl`.`prod_name`, `product_tbl`.`prod_mprice`, `product_tbl`.`prod_lprice`, `product_tbl`.`prod_decs`
FROM `order`
JOIN `product_tbl` ON `order`.`ProductID` = `product_tbl`.`prod_id`
JOIN `user` ON `order`.`CustomerID` = `user`.`UserID`', [], false)
 2 SYSTEMPATH\Model.php(237): CodeIgniter\Database\BaseBuilder->get()
 3 SYSTEMPATH\BaseModel.php(624): CodeIgniter\Model->doFindAll(0, 0)
 4 APPPATH\Controllers\AdminController.php(70): CodeIgniter\BaseModel->findAll()
 5 SYSTEMPATH\CodeIgniter.php(919): App\Controllers\AdminController->orderpayment()
 6 SYSTEMPATH\CodeIgniter.php(494): CodeIgniter\CodeIgniter->runController(Object(App\Controllers\AdminController))
 7 SYSTEMPATH\CodeIgniter.php(353): CodeIgniter\CodeIgniter->handleRequest(null, Object(Config\Cache), false)
 8 FCPATH\index.php(79): CodeIgniter\CodeIgniter->run()
 9 SYSTEMPATH\Commands\Server\rewrite.php(47): require_once('C:\\laragon\\www\\coffee\\public\\index.php')
ERROR - 2024-03-14 14:18:09 --> mysqli_sql_exception: Expression #1 of SELECT list is not in GROUP BY clause and contains nonaggregated column 'coffeeledgerdb.order.orderID' which is not functionally dependent on columns in GROUP BY clause; this is incompatible with sql_mode=only_full_group_by in C:\laragon\www\coffee\system\Database\MySQLi\Connection.php:306
Stack trace:
#0 C:\laragon\www\coffee\system\Database\MySQLi\Connection.php(306): mysqli->query('SELECT `order`....', 0)
#1 C:\laragon\www\coffee\system\Database\BaseConnection.php(692): CodeIgniter\Database\MySQLi\Connection->execute('SELECT `order`....')
#2 C:\laragon\www\coffee\system\Database\BaseConnection.php(606): CodeIgniter\Database\BaseConnection->simpleQuery('SELECT `order`....')
#3 C:\laragon\www\coffee\system\Database\BaseBuilder.php(1615): CodeIgniter\Database\BaseConnection->query('SELECT `order`....', Array, false)
#4 C:\laragon\www\coffee\system\Model.php(237): CodeIgniter\Database\BaseBuilder->get()
#5 C:\laragon\www\coffee\system\BaseModel.php(624): CodeIgniter\Model->doFindAll(0, 0)
#6 C:\laragon\www\coffee\app\Controllers\AdminController.php(72): CodeIgniter\BaseModel->findAll()
#7 C:\laragon\www\coffee\system\CodeIgniter.php(919): App\Controllers\AdminController->orderpayment()
#8 C:\laragon\www\coffee\system\CodeIgniter.php(494): CodeIgniter\CodeIgniter->runController(Object(App\Controllers\AdminController))
#9 C:\laragon\www\coffee\system\CodeIgniter.php(353): CodeIgniter\CodeIgniter->handleRequest(NULL, Object(Config\Cache), false)
#10 C:\laragon\www\coffee\public\index.php(79): CodeIgniter\CodeIgniter->run()
#11 C:\laragon\www\coffee\system\Commands\Server\rewrite.php(47): require_once('C:\\laragon\\www\\...')
#12 {main}
CRITICAL - 2024-03-14 14:18:09 --> Expression #1 of SELECT list is not in GROUP BY clause and contains nonaggregated column 'coffeeledgerdb.order.orderID' which is not functionally dependent on columns in GROUP BY clause; this is incompatible with sql_mode=only_full_group_by
in SYSTEMPATH\Database\BaseConnection.php on line 646.
 1 SYSTEMPATH\Database\BaseBuilder.php(1615): CodeIgniter\Database\BaseConnection->query('SELECT `order`.`orderID`, `order`.`barcode`, `user`.`UserID`, `product_tbl`.`prod_id`, `order`.`CustomerID`, `order`.`ProductID`, `order`.`total`, `order`.`orderStatus`, `order`.`quantity`, `order`.`size`, `order`.`orderDate`, `order`.`orderType`, `order`.`paymentStatus`, `user`.`LastName`, `user`.`FirstName`, `user`.`Username`, `user`.`ContactNo`, `user`.`address`, `user`.`gender`, `product_tbl`.`prod_img`, `product_tbl`.`prod_name`, `product_tbl`.`prod_mprice`
FROM `order`
JOIN `product_tbl` ON `order`.`ProductID` = `product_tbl`.`prod_id`
JOIN `user` ON `order`.`CustomerID` = `user`.`UserID`
GROUP BY `order`.`barcode`', [], false)
 2 SYSTEMPATH\Model.php(237): CodeIgniter\Database\BaseBuilder->get()
 3 SYSTEMPATH\BaseModel.php(624): CodeIgniter\Model->doFindAll(0, 0)
 4 APPPATH\Controllers\AdminController.php(72): CodeIgniter\BaseModel->findAll()
 5 SYSTEMPATH\CodeIgniter.php(919): App\Controllers\AdminController->orderpayment()
 6 SYSTEMPATH\CodeIgniter.php(494): CodeIgniter\CodeIgniter->runController(Object(App\Controllers\AdminController))
 7 SYSTEMPATH\CodeIgniter.php(353): CodeIgniter\CodeIgniter->handleRequest(null, Object(Config\Cache), false)
 8 FCPATH\index.php(79): CodeIgniter\CodeIgniter->run()
 9 SYSTEMPATH\Commands\Server\rewrite.php(47): require_once('C:\\laragon\\www\\coffee\\public\\index.php')
ERROR - 2024-03-14 14:18:15 --> mysqli_sql_exception: Expression #1 of SELECT list is not in GROUP BY clause and contains nonaggregated column 'coffeeledgerdb.order.orderID' which is not functionally dependent on columns in GROUP BY clause; this is incompatible with sql_mode=only_full_group_by in C:\laragon\www\coffee\system\Database\MySQLi\Connection.php:306
Stack trace:
#0 C:\laragon\www\coffee\system\Database\MySQLi\Connection.php(306): mysqli->query('SELECT `order`....', 0)
#1 C:\laragon\www\coffee\system\Database\BaseConnection.php(692): CodeIgniter\Database\MySQLi\Connection->execute('SELECT `order`....')
#2 C:\laragon\www\coffee\system\Database\BaseConnection.php(606): CodeIgniter\Database\BaseConnection->simpleQuery('SELECT `order`....')
#3 C:\laragon\www\coffee\system\Database\BaseBuilder.php(1615): CodeIgniter\Database\BaseConnection->query('SELECT `order`....', Array, false)
#4 C:\laragon\www\coffee\system\Model.php(237): CodeIgniter\Database\BaseBuilder->get()
#5 C:\laragon\www\coffee\system\BaseModel.php(624): CodeIgniter\Model->doFindAll(0, 0)
#6 C:\laragon\www\coffee\app\Controllers\AdminController.php(72): CodeIgniter\BaseModel->findAll()
#7 C:\laragon\www\coffee\system\CodeIgniter.php(919): App\Controllers\AdminController->orderpayment()
#8 C:\laragon\www\coffee\system\CodeIgniter.php(494): CodeIgniter\CodeIgniter->runController(Object(App\Controllers\AdminController))
#9 C:\laragon\www\coffee\system\CodeIgniter.php(353): CodeIgniter\CodeIgniter->handleRequest(NULL, Object(Config\Cache), false)
#10 C:\laragon\www\coffee\public\index.php(79): CodeIgniter\CodeIgniter->run()
#11 C:\laragon\www\coffee\system\Commands\Server\rewrite.php(47): require_once('C:\\laragon\\www\\...')
#12 {main}
CRITICAL - 2024-03-14 14:18:15 --> Expression #1 of SELECT list is not in GROUP BY clause and contains nonaggregated column 'coffeeledgerdb.order.orderID' which is not functionally dependent on columns in GROUP BY clause; this is incompatible with sql_mode=only_full_group_by
in SYSTEMPATH\Database\BaseConnection.php on line 646.
 1 SYSTEMPATH\Database\BaseBuilder.php(1615): CodeIgniter\Database\BaseConnection->query('SELECT `order`.`orderID`, `order`.`barcode`, `user`.`UserID`, `product_tbl`.`prod_id`, `order`.`CustomerID`, `order`.`ProductID`, `order`.`total`, `order`.`orderStatus`, `order`.`quantity`, `order`.`size`, `order`.`orderDate`, `order`.`orderType`, `order`.`paymentStatus`, `user`.`LastName`, `user`.`FirstName`, `user`.`Username`, `user`.`ContactNo`, `user`.`address`, `user`.`gender`, `product_tbl`.`prod_img`, `product_tbl`.`prod_name`, `product_tbl`.`prod_mprice`
FROM `order`
JOIN `product_tbl` ON `order`.`ProductID` = `product_tbl`.`prod_id`
JOIN `user` ON `order`.`CustomerID` = `user`.`UserID`
GROUP BY `order`.`barcode`', [], false)
 2 SYSTEMPATH\Model.php(237): CodeIgniter\Database\BaseBuilder->get()
 3 SYSTEMPATH\BaseModel.php(624): CodeIgniter\Model->doFindAll(0, 0)
 4 APPPATH\Controllers\AdminController.php(72): CodeIgniter\BaseModel->findAll()
 5 SYSTEMPATH\CodeIgniter.php(919): App\Controllers\AdminController->orderpayment()
 6 SYSTEMPATH\CodeIgniter.php(494): CodeIgniter\CodeIgniter->runController(Object(App\Controllers\AdminController))
 7 SYSTEMPATH\CodeIgniter.php(353): CodeIgniter\CodeIgniter->handleRequest(null, Object(Config\Cache), false)
 8 FCPATH\index.php(79): CodeIgniter\CodeIgniter->run()
 9 SYSTEMPATH\Commands\Server\rewrite.php(47): require_once('C:\\laragon\\www\\coffee\\public\\index.php')
ERROR - 2024-03-14 14:18:17 --> mysqli_sql_exception: Expression #1 of SELECT list is not in GROUP BY clause and contains nonaggregated column 'coffeeledgerdb.order.orderID' which is not functionally dependent on columns in GROUP BY clause; this is incompatible with sql_mode=only_full_group_by in C:\laragon\www\coffee\system\Database\MySQLi\Connection.php:306
Stack trace:
#0 C:\laragon\www\coffee\system\Database\MySQLi\Connection.php(306): mysqli->query('SELECT `order`....', 0)
#1 C:\laragon\www\coffee\system\Database\BaseConnection.php(692): CodeIgniter\Database\MySQLi\Connection->execute('SELECT `order`....')
#2 C:\laragon\www\coffee\system\Database\BaseConnection.php(606): CodeIgniter\Database\BaseConnection->simpleQuery('SELECT `order`....')
#3 C:\laragon\www\coffee\system\Database\BaseBuilder.php(1615): CodeIgniter\Database\BaseConnection->query('SELECT `order`....', Array, false)
#4 C:\laragon\www\coffee\system\Model.php(237): CodeIgniter\Database\BaseBuilder->get()
#5 C:\laragon\www\coffee\system\BaseModel.php(624): CodeIgniter\Model->doFindAll(0, 0)
#6 C:\laragon\www\coffee\app\Controllers\AdminController.php(72): CodeIgniter\BaseModel->findAll()
#7 C:\laragon\www\coffee\system\CodeIgniter.php(919): App\Controllers\AdminController->orderpayment()
#8 C:\laragon\www\coffee\system\CodeIgniter.php(494): CodeIgniter\CodeIgniter->runController(Object(App\Controllers\AdminController))
#9 C:\laragon\www\coffee\system\CodeIgniter.php(353): CodeIgniter\CodeIgniter->handleRequest(NULL, Object(Config\Cache), false)
#10 C:\laragon\www\coffee\public\index.php(79): CodeIgniter\CodeIgniter->run()
#11 C:\laragon\www\coffee\system\Commands\Server\rewrite.php(47): require_once('C:\\laragon\\www\\...')
#12 {main}
CRITICAL - 2024-03-14 14:18:17 --> Expression #1 of SELECT list is not in GROUP BY clause and contains nonaggregated column 'coffeeledgerdb.order.orderID' which is not functionally dependent on columns in GROUP BY clause; this is incompatible with sql_mode=only_full_group_by
in SYSTEMPATH\Database\BaseConnection.php on line 646.
 1 SYSTEMPATH\Database\BaseBuilder.php(1615): CodeIgniter\Database\BaseConnection->query('SELECT `order`.`orderID`, `order`.`barcode`, `user`.`UserID`, `product_tbl`.`prod_id`, `order`.`CustomerID`, `order`.`ProductID`, `order`.`total`, `order`.`orderStatus`, `order`.`quantity`, `order`.`size`, `order`.`orderDate`, `order`.`orderType`, `order`.`paymentStatus`, `user`.`LastName`, `user`.`FirstName`, `user`.`Username`, `user`.`ContactNo`, `user`.`address`, `user`.`gender`, `product_tbl`.`prod_img`, `product_tbl`.`prod_name`, `product_tbl`.`prod_mprice`
FROM `order`
JOIN `product_tbl` ON `order`.`ProductID` = `product_tbl`.`prod_id`
JOIN `user` ON `order`.`CustomerID` = `user`.`UserID`
GROUP BY `order`.`barcode`', [], false)
 2 SYSTEMPATH\Model.php(237): CodeIgniter\Database\BaseBuilder->get()
 3 SYSTEMPATH\BaseModel.php(624): CodeIgniter\Model->doFindAll(0, 0)
 4 APPPATH\Controllers\AdminController.php(72): CodeIgniter\BaseModel->findAll()
 5 SYSTEMPATH\CodeIgniter.php(919): App\Controllers\AdminController->orderpayment()
 6 SYSTEMPATH\CodeIgniter.php(494): CodeIgniter\CodeIgniter->runController(Object(App\Controllers\AdminController))
 7 SYSTEMPATH\CodeIgniter.php(353): CodeIgniter\CodeIgniter->handleRequest(null, Object(Config\Cache), false)
 8 FCPATH\index.php(79): CodeIgniter\CodeIgniter->run()
 9 SYSTEMPATH\Commands\Server\rewrite.php(47): require_once('C:\\laragon\\www\\coffee\\public\\index.php')
ERROR - 2024-03-14 14:19:26 --> mysqli_sql_exception: Expression #3 of SELECT list is not in GROUP BY clause and contains nonaggregated column 'coffeeledgerdb.user.UserID' which is not functionally dependent on columns in GROUP BY clause; this is incompatible with sql_mode=only_full_group_by in C:\laragon\www\coffee\system\Database\MySQLi\Connection.php:306
Stack trace:
#0 C:\laragon\www\coffee\system\Database\MySQLi\Connection.php(306): mysqli->query('SELECT COUNT(or...', 0)
#1 C:\laragon\www\coffee\system\Database\BaseConnection.php(692): CodeIgniter\Database\MySQLi\Connection->execute('SELECT COUNT(or...')
#2 C:\laragon\www\coffee\system\Database\BaseConnection.php(606): CodeIgniter\Database\BaseConnection->simpleQuery('SELECT COUNT(or...')
#3 C:\laragon\www\coffee\system\Database\BaseBuilder.php(1615): CodeIgniter\Database\BaseConnection->query('SELECT COUNT(or...', Array, false)
#4 C:\laragon\www\coffee\system\Model.php(237): CodeIgniter\Database\BaseBuilder->get()
#5 C:\laragon\www\coffee\system\BaseModel.php(624): CodeIgniter\Model->doFindAll(0, 0)
#6 C:\laragon\www\coffee\app\Controllers\AdminController.php(72): CodeIgniter\BaseModel->findAll()
#7 C:\laragon\www\coffee\system\CodeIgniter.php(919): App\Controllers\AdminController->orderpayment()
#8 C:\laragon\www\coffee\system\CodeIgniter.php(494): CodeIgniter\CodeIgniter->runController(Object(App\Controllers\AdminController))
#9 C:\laragon\www\coffee\system\CodeIgniter.php(353): CodeIgniter\CodeIgniter->handleRequest(NULL, Object(Config\Cache), false)
#10 C:\laragon\www\coffee\public\index.php(79): CodeIgniter\CodeIgniter->run()
#11 C:\laragon\www\coffee\system\Commands\Server\rewrite.php(47): require_once('C:\\laragon\\www\\...')
#12 {main}
CRITICAL - 2024-03-14 14:19:26 --> Expression #3 of SELECT list is not in GROUP BY clause and contains nonaggregated column 'coffeeledgerdb.user.UserID' which is not functionally dependent on columns in GROUP BY clause; this is incompatible with sql_mode=only_full_group_by
in SYSTEMPATH\Database\BaseConnection.php on line 646.
 1 SYSTEMPATH\Database\BaseBuilder.php(1615): CodeIgniter\Database\BaseConnection->query('SELECT COUNT(order.orderID), `order`.`barcode`, `user`.`UserID`, `product_tbl`.`prod_id`, `order`.`CustomerID`, `order`.`ProductID`, `order`.`total`, `order`.`orderStatus`, `order`.`quantity`, `order`.`size`, `order`.`orderDate`, `order`.`orderType`, `order`.`paymentStatus`, `user`.`LastName`, `user`.`FirstName`, `user`.`Username`, `user`.`ContactNo`, `user`.`address`, `user`.`gender`, `product_tbl`.`prod_img`, `product_tbl`.`prod_name`, `product_tbl`.`prod_mprice`
FROM `order`
JOIN `product_tbl` ON `order`.`ProductID` = `product_tbl`.`prod_id`
JOIN `user` ON `order`.`CustomerID` = `user`.`UserID`
GROUP BY `order`.`barcode`', [], false)
 2 SYSTEMPATH\Model.php(237): CodeIgniter\Database\BaseBuilder->get()
 3 SYSTEMPATH\BaseModel.php(624): CodeIgniter\Model->doFindAll(0, 0)
 4 APPPATH\Controllers\AdminController.php(72): CodeIgniter\BaseModel->findAll()
 5 SYSTEMPATH\CodeIgniter.php(919): App\Controllers\AdminController->orderpayment()
 6 SYSTEMPATH\CodeIgniter.php(494): CodeIgniter\CodeIgniter->runController(Object(App\Controllers\AdminController))
 7 SYSTEMPATH\CodeIgniter.php(353): CodeIgniter\CodeIgniter->handleRequest(null, Object(Config\Cache), false)
 8 FCPATH\index.php(79): CodeIgniter\CodeIgniter->run()
 9 SYSTEMPATH\Commands\Server\rewrite.php(47): require_once('C:\\laragon\\www\\coffee\\public\\index.php')
ERROR - 2024-03-14 14:19:28 --> mysqli_sql_exception: Expression #3 of SELECT list is not in GROUP BY clause and contains nonaggregated column 'coffeeledgerdb.user.UserID' which is not functionally dependent on columns in GROUP BY clause; this is incompatible with sql_mode=only_full_group_by in C:\laragon\www\coffee\system\Database\MySQLi\Connection.php:306
Stack trace:
#0 C:\laragon\www\coffee\system\Database\MySQLi\Connection.php(306): mysqli->query('SELECT COUNT(or...', 0)
#1 C:\laragon\www\coffee\system\Database\BaseConnection.php(692): CodeIgniter\Database\MySQLi\Connection->execute('SELECT COUNT(or...')
#2 C:\laragon\www\coffee\system\Database\BaseConnection.php(606): CodeIgniter\Database\BaseConnection->simpleQuery('SELECT COUNT(or...')
#3 C:\laragon\www\coffee\system\Database\BaseBuilder.php(1615): CodeIgniter\Database\BaseConnection->query('SELECT COUNT(or...', Array, false)
#4 C:\laragon\www\coffee\system\Model.php(237): CodeIgniter\Database\BaseBuilder->get()
#5 C:\laragon\www\coffee\system\BaseModel.php(624): CodeIgniter\Model->doFindAll(0, 0)
#6 C:\laragon\www\coffee\app\Controllers\AdminController.php(72): CodeIgniter\BaseModel->findAll()
#7 C:\laragon\www\coffee\system\CodeIgniter.php(919): App\Controllers\AdminController->orderpayment()
#8 C:\laragon\www\coffee\system\CodeIgniter.php(494): CodeIgniter\CodeIgniter->runController(Object(App\Controllers\AdminController))
#9 C:\laragon\www\coffee\system\CodeIgniter.php(353): CodeIgniter\CodeIgniter->handleRequest(NULL, Object(Config\Cache), false)
#10 C:\laragon\www\coffee\public\index.php(79): CodeIgniter\CodeIgniter->run()
#11 C:\laragon\www\coffee\system\Commands\Server\rewrite.php(47): require_once('C:\\laragon\\www\\...')
#12 {main}
CRITICAL - 2024-03-14 14:19:28 --> Expression #3 of SELECT list is not in GROUP BY clause and contains nonaggregated column 'coffeeledgerdb.user.UserID' which is not functionally dependent on columns in GROUP BY clause; this is incompatible with sql_mode=only_full_group_by
in SYSTEMPATH\Database\BaseConnection.php on line 646.
 1 SYSTEMPATH\Database\BaseBuilder.php(1615): CodeIgniter\Database\BaseConnection->query('SELECT COUNT(order.orderID), `order`.`barcode`, `user`.`UserID`, `product_tbl`.`prod_id`, `order`.`CustomerID`, `order`.`ProductID`, `order`.`total`, `order`.`orderStatus`, `order`.`quantity`, `order`.`size`, `order`.`orderDate`, `order`.`orderType`, `order`.`paymentStatus`, `user`.`LastName`, `user`.`FirstName`, `user`.`Username`, `user`.`ContactNo`, `user`.`address`, `user`.`gender`, `product_tbl`.`prod_img`, `product_tbl`.`prod_name`, `product_tbl`.`prod_mprice`
FROM `order`
JOIN `product_tbl` ON `order`.`ProductID` = `product_tbl`.`prod_id`
JOIN `user` ON `order`.`CustomerID` = `user`.`UserID`
GROUP BY `order`.`barcode`', [], false)
 2 SYSTEMPATH\Model.php(237): CodeIgniter\Database\BaseBuilder->get()
 3 SYSTEMPATH\BaseModel.php(624): CodeIgniter\Model->doFindAll(0, 0)
 4 APPPATH\Controllers\AdminController.php(72): CodeIgniter\BaseModel->findAll()
 5 SYSTEMPATH\CodeIgniter.php(919): App\Controllers\AdminController->orderpayment()
 6 SYSTEMPATH\CodeIgniter.php(494): CodeIgniter\CodeIgniter->runController(Object(App\Controllers\AdminController))
 7 SYSTEMPATH\CodeIgniter.php(353): CodeIgniter\CodeIgniter->handleRequest(null, Object(Config\Cache), false)
 8 FCPATH\index.php(79): CodeIgniter\CodeIgniter->run()
 9 SYSTEMPATH\Commands\Server\rewrite.php(47): require_once('C:\\laragon\\www\\coffee\\public\\index.php')
CRITICAL - 2024-03-14 14:24:25 --> Cannot access offset of type string on string
in APPPATH\Views\admin\orderpayment.php on line 52.
 1 SYSTEMPATH\View\View.php(226): include()
 2 SYSTEMPATH\View\View.php(229): CodeIgniter\View\View->CodeIgniter\View\{closure}()
 3 SYSTEMPATH\Common.php(1188): CodeIgniter\View\View->render('/admin/orderpayment', [], true)
 4 APPPATH\Controllers\AdminController.php(76): view('/admin/orderpayment', [...])
 5 SYSTEMPATH\CodeIgniter.php(919): App\Controllers\AdminController->orderpayment()
 6 SYSTEMPATH\CodeIgniter.php(494): CodeIgniter\CodeIgniter->runController(Object(App\Controllers\AdminController))
 7 SYSTEMPATH\CodeIgniter.php(353): CodeIgniter\CodeIgniter->handleRequest(null, Object(Config\Cache), false)
 8 FCPATH\index.php(79): CodeIgniter\CodeIgniter->run()
 9 SYSTEMPATH\Commands\Server\rewrite.php(47): require_once('C:\\laragon\\www\\coffee\\public\\index.php')
CRITICAL - 2024-03-14 14:24:27 --> Cannot access offset of type string on string
in APPPATH\Views\admin\orderpayment.php on line 52.
 1 SYSTEMPATH\View\View.php(226): include()
 2 SYSTEMPATH\View\View.php(229): CodeIgniter\View\View->CodeIgniter\View\{closure}()
 3 SYSTEMPATH\Common.php(1188): CodeIgniter\View\View->render('/admin/orderpayment', [], true)
 4 APPPATH\Controllers\AdminController.php(76): view('/admin/orderpayment', [...])
 5 SYSTEMPATH\CodeIgniter.php(919): App\Controllers\AdminController->orderpayment()
 6 SYSTEMPATH\CodeIgniter.php(494): CodeIgniter\CodeIgniter->runController(Object(App\Controllers\AdminController))
 7 SYSTEMPATH\CodeIgniter.php(353): CodeIgniter\CodeIgniter->handleRequest(null, Object(Config\Cache), false)
 8 FCPATH\index.php(79): CodeIgniter\CodeIgniter->run()
 9 SYSTEMPATH\Commands\Server\rewrite.php(47): require_once('C:\\laragon\\www\\coffee\\public\\index.php')
CRITICAL - 2024-03-14 15:35:09 --> Undefined variable $orp
in APPPATH\Views\admin\orderpayment.php on line 114.
 1 APPPATH\Views\admin\orderpayment.php(114): CodeIgniter\Debug\Exceptions->errorHandler(2, 'Undefined variable $orp', 'C:\\laragon\\www\\coffee\\app\\Views\\admin\\orderpayment.php', 114)
 2 SYSTEMPATH\View\View.php(226): include('C:\\laragon\\www\\coffee\\app\\Views\\admin\\orderpayment.php')
 3 SYSTEMPATH\View\View.php(229): CodeIgniter\View\View->CodeIgniter\View\{closure}()
 4 SYSTEMPATH\Common.php(1188): CodeIgniter\View\View->render('/admin/orderpayment', [], true)
 5 APPPATH\Controllers\AdminController.php(75): view('/admin/orderpayment', [...])
 6 SYSTEMPATH\CodeIgniter.php(919): App\Controllers\AdminController->orderpayment()
 7 SYSTEMPATH\CodeIgniter.php(494): CodeIgniter\CodeIgniter->runController(Object(App\Controllers\AdminController))
 8 SYSTEMPATH\CodeIgniter.php(353): CodeIgniter\CodeIgniter->handleRequest(null, Object(Config\Cache), false)
 9 FCPATH\index.php(79): CodeIgniter\CodeIgniter->run()
10 SYSTEMPATH\Commands\Server\rewrite.php(47): require_once('C:\\laragon\\www\\coffee\\public\\index.php')
CRITICAL - 2024-03-14 15:36:07 --> Undefined array key "orderID"
in APPPATH\Views\admin\orderpayment.php on line 15.
 1 APPPATH\Views\admin\orderpayment.php(15): CodeIgniter\Debug\Exceptions->errorHandler(2, 'Undefined array key "orderID"', 'C:\\laragon\\www\\coffee\\app\\Views\\admin\\orderpayment.php', 15)
 2 SYSTEMPATH\View\View.php(226): include('C:\\laragon\\www\\coffee\\app\\Views\\admin\\orderpayment.php')
 3 SYSTEMPATH\View\View.php(229): CodeIgniter\View\View->CodeIgniter\View\{closure}()
 4 SYSTEMPATH\Common.php(1188): CodeIgniter\View\View->render('/admin/orderpayment', [], true)
 5 APPPATH\Controllers\AdminController.php(75): view('/admin/orderpayment', [...])
 6 SYSTEMPATH\CodeIgniter.php(919): App\Controllers\AdminController->orderpayment()
 7 SYSTEMPATH\CodeIgniter.php(494): CodeIgniter\CodeIgniter->runController(Object(App\Controllers\AdminController))
 8 SYSTEMPATH\CodeIgniter.php(353): CodeIgniter\CodeIgniter->handleRequest(null, Object(Config\Cache), false)
 9 FCPATH\index.php(79): CodeIgniter\CodeIgniter->run()
10 SYSTEMPATH\Commands\Server\rewrite.php(47): require_once('C:\\laragon\\www\\coffee\\public\\index.php')
CRITICAL - 2024-03-14 15:36:39 --> Undefined array key "orderID"
in APPPATH\Views\admin\orderpayment.php on line 15.
 1 APPPATH\Views\admin\orderpayment.php(15): CodeIgniter\Debug\Exceptions->errorHandler(2, 'Undefined array key "orderID"', 'C:\\laragon\\www\\coffee\\app\\Views\\admin\\orderpayment.php', 15)
 2 SYSTEMPATH\View\View.php(226): include('C:\\laragon\\www\\coffee\\app\\Views\\admin\\orderpayment.php')
 3 SYSTEMPATH\View\View.php(229): CodeIgniter\View\View->CodeIgniter\View\{closure}()
 4 SYSTEMPATH\Common.php(1188): CodeIgniter\View\View->render('/admin/orderpayment', [], true)
 5 APPPATH\Controllers\AdminController.php(75): view('/admin/orderpayment', [...])
 6 SYSTEMPATH\CodeIgniter.php(919): App\Controllers\AdminController->orderpayment()
 7 SYSTEMPATH\CodeIgniter.php(494): CodeIgniter\CodeIgniter->runController(Object(App\Controllers\AdminController))
 8 SYSTEMPATH\CodeIgniter.php(353): CodeIgniter\CodeIgniter->handleRequest(null, Object(Config\Cache), false)
 9 FCPATH\index.php(79): CodeIgniter\CodeIgniter->run()
10 SYSTEMPATH\Commands\Server\rewrite.php(47): require_once('C:\\laragon\\www\\coffee\\public\\index.php')
CRITICAL - 2024-03-14 15:36:41 --> Undefined array key "orderID"
in APPPATH\Views\admin\orderpayment.php on line 15.
 1 APPPATH\Views\admin\orderpayment.php(15): CodeIgniter\Debug\Exceptions->errorHandler(2, 'Undefined array key "orderID"', 'C:\\laragon\\www\\coffee\\app\\Views\\admin\\orderpayment.php', 15)
 2 SYSTEMPATH\View\View.php(226): include('C:\\laragon\\www\\coffee\\app\\Views\\admin\\orderpayment.php')
 3 SYSTEMPATH\View\View.php(229): CodeIgniter\View\View->CodeIgniter\View\{closure}()
 4 SYSTEMPATH\Common.php(1188): CodeIgniter\View\View->render('/admin/orderpayment', [], true)
 5 APPPATH\Controllers\AdminController.php(75): view('/admin/orderpayment', [...])
 6 SYSTEMPATH\CodeIgniter.php(919): App\Controllers\AdminController->orderpayment()
 7 SYSTEMPATH\CodeIgniter.php(494): CodeIgniter\CodeIgniter->runController(Object(App\Controllers\AdminController))
 8 SYSTEMPATH\CodeIgniter.php(353): CodeIgniter\CodeIgniter->handleRequest(null, Object(Config\Cache), false)
 9 FCPATH\index.php(79): CodeIgniter\CodeIgniter->run()
10 SYSTEMPATH\Commands\Server\rewrite.php(47): require_once('C:\\laragon\\www\\coffee\\public\\index.php')
CRITICAL - 2024-03-14 15:36:56 --> Undefined array key "orderID"
in APPPATH\Views\admin\orderpayment.php on line 15.
 1 APPPATH\Views\admin\orderpayment.php(15): CodeIgniter\Debug\Exceptions->errorHandler(2, 'Undefined array key "orderID"', 'C:\\laragon\\www\\coffee\\app\\Views\\admin\\orderpayment.php', 15)
 2 SYSTEMPATH\View\View.php(226): include('C:\\laragon\\www\\coffee\\app\\Views\\admin\\orderpayment.php')
 3 SYSTEMPATH\View\View.php(229): CodeIgniter\View\View->CodeIgniter\View\{closure}()
 4 SYSTEMPATH\Common.php(1188): CodeIgniter\View\View->render('/admin/orderpayment', [], true)
 5 APPPATH\Controllers\AdminController.php(75): view('/admin/orderpayment', [...])
 6 SYSTEMPATH\CodeIgniter.php(919): App\Controllers\AdminController->orderpayment()
 7 SYSTEMPATH\CodeIgniter.php(494): CodeIgniter\CodeIgniter->runController(Object(App\Controllers\AdminController))
 8 SYSTEMPATH\CodeIgniter.php(353): CodeIgniter\CodeIgniter->handleRequest(null, Object(Config\Cache), false)
 9 FCPATH\index.php(79): CodeIgniter\CodeIgniter->run()
10 SYSTEMPATH\Commands\Server\rewrite.php(47): require_once('C:\\laragon\\www\\coffee\\public\\index.php')
CRITICAL - 2024-03-14 15:36:57 --> Undefined array key "orderID"
in APPPATH\Views\admin\orderpayment.php on line 15.
 1 APPPATH\Views\admin\orderpayment.php(15): CodeIgniter\Debug\Exceptions->errorHandler(2, 'Undefined array key "orderID"', 'C:\\laragon\\www\\coffee\\app\\Views\\admin\\orderpayment.php', 15)
 2 SYSTEMPATH\View\View.php(226): include('C:\\laragon\\www\\coffee\\app\\Views\\admin\\orderpayment.php')
 3 SYSTEMPATH\View\View.php(229): CodeIgniter\View\View->CodeIgniter\View\{closure}()
 4 SYSTEMPATH\Common.php(1188): CodeIgniter\View\View->render('/admin/orderpayment', [], true)
 5 APPPATH\Controllers\AdminController.php(75): view('/admin/orderpayment', [...])
 6 SYSTEMPATH\CodeIgniter.php(919): App\Controllers\AdminController->orderpayment()
 7 SYSTEMPATH\CodeIgniter.php(494): CodeIgniter\CodeIgniter->runController(Object(App\Controllers\AdminController))
 8 SYSTEMPATH\CodeIgniter.php(353): CodeIgniter\CodeIgniter->handleRequest(null, Object(Config\Cache), false)
 9 FCPATH\index.php(79): CodeIgniter\CodeIgniter->run()
10 SYSTEMPATH\Commands\Server\rewrite.php(47): require_once('C:\\laragon\\www\\coffee\\public\\index.php')
CRITICAL - 2024-03-14 15:37:09 --> Undefined variable $oder
in APPPATH\Views\admin\orderpayment.php on line 15.
 1 APPPATH\Views\admin\orderpayment.php(15): CodeIgniter\Debug\Exceptions->errorHandler(2, 'Undefined variable $oder', 'C:\\laragon\\www\\coffee\\app\\Views\\admin\\orderpayment.php', 15)
 2 SYSTEMPATH\View\View.php(226): include('C:\\laragon\\www\\coffee\\app\\Views\\admin\\orderpayment.php')
 3 SYSTEMPATH\View\View.php(229): CodeIgniter\View\View->CodeIgniter\View\{closure}()
 4 SYSTEMPATH\Common.php(1188): CodeIgniter\View\View->render('/admin/orderpayment', [], true)
 5 APPPATH\Controllers\AdminController.php(75): view('/admin/orderpayment', [...])
 6 SYSTEMPATH\CodeIgniter.php(919): App\Controllers\AdminController->orderpayment()
 7 SYSTEMPATH\CodeIgniter.php(494): CodeIgniter\CodeIgniter->runController(Object(App\Controllers\AdminController))
 8 SYSTEMPATH\CodeIgniter.php(353): CodeIgniter\CodeIgniter->handleRequest(null, Object(Config\Cache), false)
 9 FCPATH\index.php(79): CodeIgniter\CodeIgniter->run()
10 SYSTEMPATH\Commands\Server\rewrite.php(47): require_once('C:\\laragon\\www\\coffee\\public\\index.php')
CRITICAL - 2024-03-14 15:37:12 --> Undefined array key "orderID"
in APPPATH\Views\admin\orderpayment.php on line 15.
 1 APPPATH\Views\admin\orderpayment.php(15): CodeIgniter\Debug\Exceptions->errorHandler(2, 'Undefined array key "orderID"', 'C:\\laragon\\www\\coffee\\app\\Views\\admin\\orderpayment.php', 15)
 2 SYSTEMPATH\View\View.php(226): include('C:\\laragon\\www\\coffee\\app\\Views\\admin\\orderpayment.php')
 3 SYSTEMPATH\View\View.php(229): CodeIgniter\View\View->CodeIgniter\View\{closure}()
 4 SYSTEMPATH\Common.php(1188): CodeIgniter\View\View->render('/admin/orderpayment', [], true)
 5 APPPATH\Controllers\AdminController.php(75): view('/admin/orderpayment', [...])
 6 SYSTEMPATH\CodeIgniter.php(919): App\Controllers\AdminController->orderpayment()
 7 SYSTEMPATH\CodeIgniter.php(494): CodeIgniter\CodeIgniter->runController(Object(App\Controllers\AdminController))
 8 SYSTEMPATH\CodeIgniter.php(353): CodeIgniter\CodeIgniter->handleRequest(null, Object(Config\Cache), false)
 9 FCPATH\index.php(79): CodeIgniter\CodeIgniter->run()
10 SYSTEMPATH\Commands\Server\rewrite.php(47): require_once('C:\\laragon\\www\\coffee\\public\\index.php')
CRITICAL - 2024-03-14 15:37:16 --> Undefined array key "orderID"
in APPPATH\Views\admin\orderpayment.php on line 15.
 1 APPPATH\Views\admin\orderpayment.php(15): CodeIgniter\Debug\Exceptions->errorHandler(2, 'Undefined array key "orderID"', 'C:\\laragon\\www\\coffee\\app\\Views\\admin\\orderpayment.php', 15)
 2 SYSTEMPATH\View\View.php(226): include('C:\\laragon\\www\\coffee\\app\\Views\\admin\\orderpayment.php')
 3 SYSTEMPATH\View\View.php(229): CodeIgniter\View\View->CodeIgniter\View\{closure}()
 4 SYSTEMPATH\Common.php(1188): CodeIgniter\View\View->render('/admin/orderpayment', [], true)
 5 APPPATH\Controllers\AdminController.php(75): view('/admin/orderpayment', [...])
 6 SYSTEMPATH\CodeIgniter.php(919): App\Controllers\AdminController->orderpayment()
 7 SYSTEMPATH\CodeIgniter.php(494): CodeIgniter\CodeIgniter->runController(Object(App\Controllers\AdminController))
 8 SYSTEMPATH\CodeIgniter.php(353): CodeIgniter\CodeIgniter->handleRequest(null, Object(Config\Cache), false)
 9 FCPATH\index.php(79): CodeIgniter\CodeIgniter->run()
10 SYSTEMPATH\Commands\Server\rewrite.php(47): require_once('C:\\laragon\\www\\coffee\\public\\index.php')
CRITICAL - 2024-03-14 15:37:17 --> Undefined array key "orderID"
in APPPATH\Views\admin\orderpayment.php on line 15.
 1 APPPATH\Views\admin\orderpayment.php(15): CodeIgniter\Debug\Exceptions->errorHandler(2, 'Undefined array key "orderID"', 'C:\\laragon\\www\\coffee\\app\\Views\\admin\\orderpayment.php', 15)
 2 SYSTEMPATH\View\View.php(226): include('C:\\laragon\\www\\coffee\\app\\Views\\admin\\orderpayment.php')
 3 SYSTEMPATH\View\View.php(229): CodeIgniter\View\View->CodeIgniter\View\{closure}()
 4 SYSTEMPATH\Common.php(1188): CodeIgniter\View\View->render('/admin/orderpayment', [], true)
 5 APPPATH\Controllers\AdminController.php(75): view('/admin/orderpayment', [...])
 6 SYSTEMPATH\CodeIgniter.php(919): App\Controllers\AdminController->orderpayment()
 7 SYSTEMPATH\CodeIgniter.php(494): CodeIgniter\CodeIgniter->runController(Object(App\Controllers\AdminController))
 8 SYSTEMPATH\CodeIgniter.php(353): CodeIgniter\CodeIgniter->handleRequest(null, Object(Config\Cache), false)
 9 FCPATH\index.php(79): CodeIgniter\CodeIgniter->run()
10 SYSTEMPATH\Commands\Server\rewrite.php(47): require_once('C:\\laragon\\www\\coffee\\public\\index.php')
CRITICAL - 2024-03-14 15:37:29 --> Undefined array key "CustomerID"
in APPPATH\Views\admin\orderpayment.php on line 15.
 1 APPPATH\Views\admin\orderpayment.php(15): CodeIgniter\Debug\Exceptions->errorHandler(2, 'Undefined array key "CustomerID"', 'C:\\laragon\\www\\coffee\\app\\Views\\admin\\orderpayment.php', 15)
 2 SYSTEMPATH\View\View.php(226): include('C:\\laragon\\www\\coffee\\app\\Views\\admin\\orderpayment.php')
 3 SYSTEMPATH\View\View.php(229): CodeIgniter\View\View->CodeIgniter\View\{closure}()
 4 SYSTEMPATH\Common.php(1188): CodeIgniter\View\View->render('/admin/orderpayment', [], true)
 5 APPPATH\Controllers\AdminController.php(75): view('/admin/orderpayment', [...])
 6 SYSTEMPATH\CodeIgniter.php(919): App\Controllers\AdminController->orderpayment()
 7 SYSTEMPATH\CodeIgniter.php(494): CodeIgniter\CodeIgniter->runController(Object(App\Controllers\AdminController))
 8 SYSTEMPATH\CodeIgniter.php(353): CodeIgniter\CodeIgniter->handleRequest(null, Object(Config\Cache), false)
 9 FCPATH\index.php(79): CodeIgniter\CodeIgniter->run()
10 SYSTEMPATH\Commands\Server\rewrite.php(47): require_once('C:\\laragon\\www\\coffee\\public\\index.php')
CRITICAL - 2024-03-14 15:37:31 --> Undefined array key "CustomerID"
in APPPATH\Views\admin\orderpayment.php on line 15.
 1 APPPATH\Views\admin\orderpayment.php(15): CodeIgniter\Debug\Exceptions->errorHandler(2, 'Undefined array key "CustomerID"', 'C:\\laragon\\www\\coffee\\app\\Views\\admin\\orderpayment.php', 15)
 2 SYSTEMPATH\View\View.php(226): include('C:\\laragon\\www\\coffee\\app\\Views\\admin\\orderpayment.php')
 3 SYSTEMPATH\View\View.php(229): CodeIgniter\View\View->CodeIgniter\View\{closure}()
 4 SYSTEMPATH\Common.php(1188): CodeIgniter\View\View->render('/admin/orderpayment', [], true)
 5 APPPATH\Controllers\AdminController.php(75): view('/admin/orderpayment', [...])
 6 SYSTEMPATH\CodeIgniter.php(919): App\Controllers\AdminController->orderpayment()
 7 SYSTEMPATH\CodeIgniter.php(494): CodeIgniter\CodeIgniter->runController(Object(App\Controllers\AdminController))
 8 SYSTEMPATH\CodeIgniter.php(353): CodeIgniter\CodeIgniter->handleRequest(null, Object(Config\Cache), false)
 9 FCPATH\index.php(79): CodeIgniter\CodeIgniter->run()
10 SYSTEMPATH\Commands\Server\rewrite.php(47): require_once('C:\\laragon\\www\\coffee\\public\\index.php')
CRITICAL - 2024-03-14 15:37:42 --> Undefined array key "FirstName"
in APPPATH\Views\admin\orderpayment.php on line 15.
 1 APPPATH\Views\admin\orderpayment.php(15): CodeIgniter\Debug\Exceptions->errorHandler(2, 'Undefined array key "FirstName"', 'C:\\laragon\\www\\coffee\\app\\Views\\admin\\orderpayment.php', 15)
 2 SYSTEMPATH\View\View.php(226): include('C:\\laragon\\www\\coffee\\app\\Views\\admin\\orderpayment.php')
 3 SYSTEMPATH\View\View.php(229): CodeIgniter\View\View->CodeIgniter\View\{closure}()
 4 SYSTEMPATH\Common.php(1188): CodeIgniter\View\View->render('/admin/orderpayment', [], true)
 5 APPPATH\Controllers\AdminController.php(75): view('/admin/orderpayment', [...])
 6 SYSTEMPATH\CodeIgniter.php(919): App\Controllers\AdminController->orderpayment()
 7 SYSTEMPATH\CodeIgniter.php(494): CodeIgniter\CodeIgniter->runController(Object(App\Controllers\AdminController))
 8 SYSTEMPATH\CodeIgniter.php(353): CodeIgniter\CodeIgniter->handleRequest(null, Object(Config\Cache), false)
 9 FCPATH\index.php(79): CodeIgniter\CodeIgniter->run()
10 SYSTEMPATH\Commands\Server\rewrite.php(47): require_once('C:\\laragon\\www\\coffee\\public\\index.php')
CRITICAL - 2024-03-14 15:37:43 --> Undefined array key "FirstName"
in APPPATH\Views\admin\orderpayment.php on line 15.
 1 APPPATH\Views\admin\orderpayment.php(15): CodeIgniter\Debug\Exceptions->errorHandler(2, 'Undefined array key "FirstName"', 'C:\\laragon\\www\\coffee\\app\\Views\\admin\\orderpayment.php', 15)
 2 SYSTEMPATH\View\View.php(226): include('C:\\laragon\\www\\coffee\\app\\Views\\admin\\orderpayment.php')
 3 SYSTEMPATH\View\View.php(229): CodeIgniter\View\View->CodeIgniter\View\{closure}()
 4 SYSTEMPATH\Common.php(1188): CodeIgniter\View\View->render('/admin/orderpayment', [], true)
 5 APPPATH\Controllers\AdminController.php(75): view('/admin/orderpayment', [...])
 6 SYSTEMPATH\CodeIgniter.php(919): App\Controllers\AdminController->orderpayment()
 7 SYSTEMPATH\CodeIgniter.php(494): CodeIgniter\CodeIgniter->runController(Object(App\Controllers\AdminController))
 8 SYSTEMPATH\CodeIgniter.php(353): CodeIgniter\CodeIgniter->handleRequest(null, Object(Config\Cache), false)
 9 FCPATH\index.php(79): CodeIgniter\CodeIgniter->run()
10 SYSTEMPATH\Commands\Server\rewrite.php(47): require_once('C:\\laragon\\www\\coffee\\public\\index.php')
CRITICAL - 2024-03-14 15:39:31 --> syntax error, unexpected end of file
in APPPATH\Views\admin\orderpayment.php on line 164.
 1 SYSTEMPATH\View\View.php(229): CodeIgniter\View\View->CodeIgniter\View\{closure}()
 2 SYSTEMPATH\Common.php(1188): CodeIgniter\View\View->render('/admin/orderpayment', [], true)
 3 APPPATH\Controllers\AdminController.php(75): view('/admin/orderpayment', [...])
 4 SYSTEMPATH\CodeIgniter.php(919): App\Controllers\AdminController->orderpayment()
 5 SYSTEMPATH\CodeIgniter.php(494): CodeIgniter\CodeIgniter->runController(Object(App\Controllers\AdminController))
 6 SYSTEMPATH\CodeIgniter.php(353): CodeIgniter\CodeIgniter->handleRequest(null, Object(Config\Cache), false)
 7 FCPATH\index.php(79): CodeIgniter\CodeIgniter->run()
 8 SYSTEMPATH\Commands\Server\rewrite.php(47): require_once('C:\\laragon\\www\\coffee\\public\\index.php')
CRITICAL - 2024-03-14 15:39:33 --> syntax error, unexpected end of file
in APPPATH\Views\admin\orderpayment.php on line 164.
 1 SYSTEMPATH\View\View.php(229): CodeIgniter\View\View->CodeIgniter\View\{closure}()
 2 SYSTEMPATH\Common.php(1188): CodeIgniter\View\View->render('/admin/orderpayment', [], true)
 3 APPPATH\Controllers\AdminController.php(75): view('/admin/orderpayment', [...])
 4 SYSTEMPATH\CodeIgniter.php(919): App\Controllers\AdminController->orderpayment()
 5 SYSTEMPATH\CodeIgniter.php(494): CodeIgniter\CodeIgniter->runController(Object(App\Controllers\AdminController))
 6 SYSTEMPATH\CodeIgniter.php(353): CodeIgniter\CodeIgniter->handleRequest(null, Object(Config\Cache), false)
 7 FCPATH\index.php(79): CodeIgniter\CodeIgniter->run()
 8 SYSTEMPATH\Commands\Server\rewrite.php(47): require_once('C:\\laragon\\www\\coffee\\public\\index.php')
CRITICAL - 2024-03-14 15:39:38 --> Undefined variable $orP
in APPPATH\Views\admin\orderpayment.php on line 16.
 1 APPPATH\Views\admin\orderpayment.php(16): CodeIgniter\Debug\Exceptions->errorHandler(2, 'Undefined variable $orP', 'C:\\laragon\\www\\coffee\\app\\Views\\admin\\orderpayment.php', 16)
 2 SYSTEMPATH\View\View.php(226): include('C:\\laragon\\www\\coffee\\app\\Views\\admin\\orderpayment.php')
 3 SYSTEMPATH\View\View.php(229): CodeIgniter\View\View->CodeIgniter\View\{closure}()
 4 SYSTEMPATH\Common.php(1188): CodeIgniter\View\View->render('/admin/orderpayment', [], true)
 5 APPPATH\Controllers\AdminController.php(75): view('/admin/orderpayment', [...])
 6 SYSTEMPATH\CodeIgniter.php(919): App\Controllers\AdminController->orderpayment()
 7 SYSTEMPATH\CodeIgniter.php(494): CodeIgniter\CodeIgniter->runController(Object(App\Controllers\AdminController))
 8 SYSTEMPATH\CodeIgniter.php(353): CodeIgniter\CodeIgniter->handleRequest(null, Object(Config\Cache), false)
 9 FCPATH\index.php(79): CodeIgniter\CodeIgniter->run()
10 SYSTEMPATH\Commands\Server\rewrite.php(47): require_once('C:\\laragon\\www\\coffee\\public\\index.php')
CRITICAL - 2024-03-14 15:39:39 --> Undefined variable $orP
in APPPATH\Views\admin\orderpayment.php on line 16.
 1 APPPATH\Views\admin\orderpayment.php(16): CodeIgniter\Debug\Exceptions->errorHandler(2, 'Undefined variable $orP', 'C:\\laragon\\www\\coffee\\app\\Views\\admin\\orderpayment.php', 16)
 2 SYSTEMPATH\View\View.php(226): include('C:\\laragon\\www\\coffee\\app\\Views\\admin\\orderpayment.php')
 3 SYSTEMPATH\View\View.php(229): CodeIgniter\View\View->CodeIgniter\View\{closure}()
 4 SYSTEMPATH\Common.php(1188): CodeIgniter\View\View->render('/admin/orderpayment', [], true)
 5 APPPATH\Controllers\AdminController.php(75): view('/admin/orderpayment', [...])
 6 SYSTEMPATH\CodeIgniter.php(919): App\Controllers\AdminController->orderpayment()
 7 SYSTEMPATH\CodeIgniter.php(494): CodeIgniter\CodeIgniter->runController(Object(App\Controllers\AdminController))
 8 SYSTEMPATH\CodeIgniter.php(353): CodeIgniter\CodeIgniter->handleRequest(null, Object(Config\Cache), false)
 9 FCPATH\index.php(79): CodeIgniter\CodeIgniter->run()
10 SYSTEMPATH\Commands\Server\rewrite.php(47): require_once('C:\\laragon\\www\\coffee\\public\\index.php')
CRITICAL - 2024-03-14 15:39:40 --> Undefined variable $orP
in APPPATH\Views\admin\orderpayment.php on line 16.
 1 APPPATH\Views\admin\orderpayment.php(16): CodeIgniter\Debug\Exceptions->errorHandler(2, 'Undefined variable $orP', 'C:\\laragon\\www\\coffee\\app\\Views\\admin\\orderpayment.php', 16)
 2 SYSTEMPATH\View\View.php(226): include('C:\\laragon\\www\\coffee\\app\\Views\\admin\\orderpayment.php')
 3 SYSTEMPATH\View\View.php(229): CodeIgniter\View\View->CodeIgniter\View\{closure}()
 4 SYSTEMPATH\Common.php(1188): CodeIgniter\View\View->render('/admin/orderpayment', [], true)
 5 APPPATH\Controllers\AdminController.php(75): view('/admin/orderpayment', [...])
 6 SYSTEMPATH\CodeIgniter.php(919): App\Controllers\AdminController->orderpayment()
 7 SYSTEMPATH\CodeIgniter.php(494): CodeIgniter\CodeIgniter->runController(Object(App\Controllers\AdminController))
 8 SYSTEMPATH\CodeIgniter.php(353): CodeIgniter\CodeIgniter->handleRequest(null, Object(Config\Cache), false)
 9 FCPATH\index.php(79): CodeIgniter\CodeIgniter->run()
10 SYSTEMPATH\Commands\Server\rewrite.php(47): require_once('C:\\laragon\\www\\coffee\\public\\index.php')
CRITICAL - 2024-03-14 15:39:49 --> Undefined array key "orderID"
in APPPATH\Views\admin\orderpayment.php on line 16.
 1 APPPATH\Views\admin\orderpayment.php(16): CodeIgniter\Debug\Exceptions->errorHandler(2, 'Undefined array key "orderID"', 'C:\\laragon\\www\\coffee\\app\\Views\\admin\\orderpayment.php', 16)
 2 SYSTEMPATH\View\View.php(226): include('C:\\laragon\\www\\coffee\\app\\Views\\admin\\orderpayment.php')
 3 SYSTEMPATH\View\View.php(229): CodeIgniter\View\View->CodeIgniter\View\{closure}()
 4 SYSTEMPATH\Common.php(1188): CodeIgniter\View\View->render('/admin/orderpayment', [], true)
 5 APPPATH\Controllers\AdminController.php(75): view('/admin/orderpayment', [...])
 6 SYSTEMPATH\CodeIgniter.php(919): App\Controllers\AdminController->orderpayment()
 7 SYSTEMPATH\CodeIgniter.php(494): CodeIgniter\CodeIgniter->runController(Object(App\Controllers\AdminController))
 8 SYSTEMPATH\CodeIgniter.php(353): CodeIgniter\CodeIgniter->handleRequest(null, Object(Config\Cache), false)
 9 FCPATH\index.php(79): CodeIgniter\CodeIgniter->run()
10 SYSTEMPATH\Commands\Server\rewrite.php(47): require_once('C:\\laragon\\www\\coffee\\public\\index.php')
CRITICAL - 2024-03-14 15:39:50 --> Undefined array key "orderID"
in APPPATH\Views\admin\orderpayment.php on line 16.
 1 APPPATH\Views\admin\orderpayment.php(16): CodeIgniter\Debug\Exceptions->errorHandler(2, 'Undefined array key "orderID"', 'C:\\laragon\\www\\coffee\\app\\Views\\admin\\orderpayment.php', 16)
 2 SYSTEMPATH\View\View.php(226): include('C:\\laragon\\www\\coffee\\app\\Views\\admin\\orderpayment.php')
 3 SYSTEMPATH\View\View.php(229): CodeIgniter\View\View->CodeIgniter\View\{closure}()
 4 SYSTEMPATH\Common.php(1188): CodeIgniter\View\View->render('/admin/orderpayment', [], true)
 5 APPPATH\Controllers\AdminController.php(75): view('/admin/orderpayment', [...])
 6 SYSTEMPATH\CodeIgniter.php(919): App\Controllers\AdminController->orderpayment()
 7 SYSTEMPATH\CodeIgniter.php(494): CodeIgniter\CodeIgniter->runController(Object(App\Controllers\AdminController))
 8 SYSTEMPATH\CodeIgniter.php(353): CodeIgniter\CodeIgniter->handleRequest(null, Object(Config\Cache), false)
 9 FCPATH\index.php(79): CodeIgniter\CodeIgniter->run()
10 SYSTEMPATH\Commands\Server\rewrite.php(47): require_once('C:\\laragon\\www\\coffee\\public\\index.php')
CRITICAL - 2024-03-14 15:39:50 --> Undefined array key "orderID"
in APPPATH\Views\admin\orderpayment.php on line 16.
 1 APPPATH\Views\admin\orderpayment.php(16): CodeIgniter\Debug\Exceptions->errorHandler(2, 'Undefined array key "orderID"', 'C:\\laragon\\www\\coffee\\app\\Views\\admin\\orderpayment.php', 16)
 2 SYSTEMPATH\View\View.php(226): include('C:\\laragon\\www\\coffee\\app\\Views\\admin\\orderpayment.php')
 3 SYSTEMPATH\View\View.php(229): CodeIgniter\View\View->CodeIgniter\View\{closure}()
 4 SYSTEMPATH\Common.php(1188): CodeIgniter\View\View->render('/admin/orderpayment', [], true)
 5 APPPATH\Controllers\AdminController.php(75): view('/admin/orderpayment', [...])
 6 SYSTEMPATH\CodeIgniter.php(919): App\Controllers\AdminController->orderpayment()
 7 SYSTEMPATH\CodeIgniter.php(494): CodeIgniter\CodeIgniter->runController(Object(App\Controllers\AdminController))
 8 SYSTEMPATH\CodeIgniter.php(353): CodeIgniter\CodeIgniter->handleRequest(null, Object(Config\Cache), false)
 9 FCPATH\index.php(79): CodeIgniter\CodeIgniter->run()
10 SYSTEMPATH\Commands\Server\rewrite.php(47): require_once('C:\\laragon\\www\\coffee\\public\\index.php')
CRITICAL - 2024-03-14 15:39:51 --> Undefined array key "orderID"
in APPPATH\Views\admin\orderpayment.php on line 16.
 1 APPPATH\Views\admin\orderpayment.php(16): CodeIgniter\Debug\Exceptions->errorHandler(2, 'Undefined array key "orderID"', 'C:\\laragon\\www\\coffee\\app\\Views\\admin\\orderpayment.php', 16)
 2 SYSTEMPATH\View\View.php(226): include('C:\\laragon\\www\\coffee\\app\\Views\\admin\\orderpayment.php')
 3 SYSTEMPATH\View\View.php(229): CodeIgniter\View\View->CodeIgniter\View\{closure}()
 4 SYSTEMPATH\Common.php(1188): CodeIgniter\View\View->render('/admin/orderpayment', [], true)
 5 APPPATH\Controllers\AdminController.php(75): view('/admin/orderpayment', [...])
 6 SYSTEMPATH\CodeIgniter.php(919): App\Controllers\AdminController->orderpayment()
 7 SYSTEMPATH\CodeIgniter.php(494): CodeIgniter\CodeIgniter->runController(Object(App\Controllers\AdminController))
 8 SYSTEMPATH\CodeIgniter.php(353): CodeIgniter\CodeIgniter->handleRequest(null, Object(Config\Cache), false)
 9 FCPATH\index.php(79): CodeIgniter\CodeIgniter->run()
10 SYSTEMPATH\Commands\Server\rewrite.php(47): require_once('C:\\laragon\\www\\coffee\\public\\index.php')
CRITICAL - 2024-03-14 15:39:51 --> Undefined array key "orderID"
in APPPATH\Views\admin\orderpayment.php on line 16.
 1 APPPATH\Views\admin\orderpayment.php(16): CodeIgniter\Debug\Exceptions->errorHandler(2, 'Undefined array key "orderID"', 'C:\\laragon\\www\\coffee\\app\\Views\\admin\\orderpayment.php', 16)
 2 SYSTEMPATH\View\View.php(226): include('C:\\laragon\\www\\coffee\\app\\Views\\admin\\orderpayment.php')
 3 SYSTEMPATH\View\View.php(229): CodeIgniter\View\View->CodeIgniter\View\{closure}()
 4 SYSTEMPATH\Common.php(1188): CodeIgniter\View\View->render('/admin/orderpayment', [], true)
 5 APPPATH\Controllers\AdminController.php(75): view('/admin/orderpayment', [...])
 6 SYSTEMPATH\CodeIgniter.php(919): App\Controllers\AdminController->orderpayment()
 7 SYSTEMPATH\CodeIgniter.php(494): CodeIgniter\CodeIgniter->runController(Object(App\Controllers\AdminController))
 8 SYSTEMPATH\CodeIgniter.php(353): CodeIgniter\CodeIgniter->handleRequest(null, Object(Config\Cache), false)
 9 FCPATH\index.php(79): CodeIgniter\CodeIgniter->run()
10 SYSTEMPATH\Commands\Server\rewrite.php(47): require_once('C:\\laragon\\www\\coffee\\public\\index.php')
CRITICAL - 2024-03-14 15:39:52 --> Undefined array key "orderID"
in APPPATH\Views\admin\orderpayment.php on line 16.
 1 APPPATH\Views\admin\orderpayment.php(16): CodeIgniter\Debug\Exceptions->errorHandler(2, 'Undefined array key "orderID"', 'C:\\laragon\\www\\coffee\\app\\Views\\admin\\orderpayment.php', 16)
 2 SYSTEMPATH\View\View.php(226): include('C:\\laragon\\www\\coffee\\app\\Views\\admin\\orderpayment.php')
 3 SYSTEMPATH\View\View.php(229): CodeIgniter\View\View->CodeIgniter\View\{closure}()
 4 SYSTEMPATH\Common.php(1188): CodeIgniter\View\View->render('/admin/orderpayment', [], true)
 5 APPPATH\Controllers\AdminController.php(75): view('/admin/orderpayment', [...])
 6 SYSTEMPATH\CodeIgniter.php(919): App\Controllers\AdminController->orderpayment()
 7 SYSTEMPATH\CodeIgniter.php(494): CodeIgniter\CodeIgniter->runController(Object(App\Controllers\AdminController))
 8 SYSTEMPATH\CodeIgniter.php(353): CodeIgniter\CodeIgniter->handleRequest(null, Object(Config\Cache), false)
 9 FCPATH\index.php(79): CodeIgniter\CodeIgniter->run()
10 SYSTEMPATH\Commands\Server\rewrite.php(47): require_once('C:\\laragon\\www\\coffee\\public\\index.php')
CRITICAL - 2024-03-14 15:59:50 --> Undefined variable $orderview
in APPPATH\Views\admin\orderview.php on line 22.
 1 APPPATH\Views\admin\orderview.php(22): CodeIgniter\Debug\Exceptions->errorHandler(2, 'Undefined variable $orderview', 'C:\\laragon\\www\\coffee\\app\\Views\\admin\\orderview.php', 22)
 2 APPPATH\Views\admin\orderpayment.php(15): include('C:\\laragon\\www\\coffee\\app\\Views\\admin\\orderview.php')
 3 SYSTEMPATH\View\View.php(226): include('C:\\laragon\\www\\coffee\\app\\Views\\admin\\orderpayment.php')
 4 SYSTEMPATH\View\View.php(229): CodeIgniter\View\View->CodeIgniter\View\{closure}()
 5 SYSTEMPATH\Common.php(1188): CodeIgniter\View\View->render('/admin/orderpayment', [], true)
 6 APPPATH\Controllers\AdminController.php(75): view('/admin/orderpayment', [...])
 7 SYSTEMPATH\CodeIgniter.php(919): App\Controllers\AdminController->orderpayment()
 8 SYSTEMPATH\CodeIgniter.php(494): CodeIgniter\CodeIgniter->runController(Object(App\Controllers\AdminController))
 9 SYSTEMPATH\CodeIgniter.php(353): CodeIgniter\CodeIgniter->handleRequest(null, Object(Config\Cache), false)
10 FCPATH\index.php(79): CodeIgniter\CodeIgniter->run()
11 SYSTEMPATH\Commands\Server\rewrite.php(47): require_once('C:\\laragon\\www\\coffee\\public\\index.php')
CRITICAL - 2024-03-14 16:00:10 --> Undefined variable $orderview
in APPPATH\Views\admin\orderview.php on line 22.
 1 APPPATH\Views\admin\orderview.php(22): CodeIgniter\Debug\Exceptions->errorHandler(2, 'Undefined variable $orderview', 'C:\\laragon\\www\\coffee\\app\\Views\\admin\\orderview.php', 22)
 2 APPPATH\Views\admin\orderpayment.php(15): include('C:\\laragon\\www\\coffee\\app\\Views\\admin\\orderview.php')
 3 SYSTEMPATH\View\View.php(226): include('C:\\laragon\\www\\coffee\\app\\Views\\admin\\orderpayment.php')
 4 SYSTEMPATH\View\View.php(229): CodeIgniter\View\View->CodeIgniter\View\{closure}()
 5 SYSTEMPATH\Common.php(1188): CodeIgniter\View\View->render('/admin/orderpayment', [], true)
 6 APPPATH\Controllers\AdminController.php(75): view('/admin/orderpayment', [...])
 7 SYSTEMPATH\CodeIgniter.php(919): App\Controllers\AdminController->orderpayment()
 8 SYSTEMPATH\CodeIgniter.php(494): CodeIgniter\CodeIgniter->runController(Object(App\Controllers\AdminController))
 9 SYSTEMPATH\CodeIgniter.php(353): CodeIgniter\CodeIgniter->handleRequest(null, Object(Config\Cache), false)
10 FCPATH\index.php(79): CodeIgniter\CodeIgniter->run()
11 SYSTEMPATH\Commands\Server\rewrite.php(47): require_once('C:\\laragon\\www\\coffee\\public\\index.php')
CRITICAL - 2024-03-14 16:00:12 --> Undefined variable $orderview
in APPPATH\Views\admin\orderview.php on line 22.
 1 APPPATH\Views\admin\orderview.php(22): CodeIgniter\Debug\Exceptions->errorHandler(2, 'Undefined variable $orderview', 'C:\\laragon\\www\\coffee\\app\\Views\\admin\\orderview.php', 22)
 2 APPPATH\Views\admin\orderpayment.php(15): include('C:\\laragon\\www\\coffee\\app\\Views\\admin\\orderview.php')
 3 SYSTEMPATH\View\View.php(226): include('C:\\laragon\\www\\coffee\\app\\Views\\admin\\orderpayment.php')
 4 SYSTEMPATH\View\View.php(229): CodeIgniter\View\View->CodeIgniter\View\{closure}()
 5 SYSTEMPATH\Common.php(1188): CodeIgniter\View\View->render('/admin/orderpayment', [], true)
 6 APPPATH\Controllers\AdminController.php(75): view('/admin/orderpayment', [...])
 7 SYSTEMPATH\CodeIgniter.php(919): App\Controllers\AdminController->orderpayment()
 8 SYSTEMPATH\CodeIgniter.php(494): CodeIgniter\CodeIgniter->runController(Object(App\Controllers\AdminController))
 9 SYSTEMPATH\CodeIgniter.php(353): CodeIgniter\CodeIgniter->handleRequest(null, Object(Config\Cache), false)
10 FCPATH\index.php(79): CodeIgniter\CodeIgniter->run()
11 SYSTEMPATH\Commands\Server\rewrite.php(47): require_once('C:\\laragon\\www\\coffee\\public\\index.php')
CRITICAL - 2024-03-14 16:00:12 --> Undefined variable $orderview
in APPPATH\Views\admin\orderview.php on line 22.
 1 APPPATH\Views\admin\orderview.php(22): CodeIgniter\Debug\Exceptions->errorHandler(2, 'Undefined variable $orderview', 'C:\\laragon\\www\\coffee\\app\\Views\\admin\\orderview.php', 22)
 2 APPPATH\Views\admin\orderpayment.php(15): include('C:\\laragon\\www\\coffee\\app\\Views\\admin\\orderview.php')
 3 SYSTEMPATH\View\View.php(226): include('C:\\laragon\\www\\coffee\\app\\Views\\admin\\orderpayment.php')
 4 SYSTEMPATH\View\View.php(229): CodeIgniter\View\View->CodeIgniter\View\{closure}()
 5 SYSTEMPATH\Common.php(1188): CodeIgniter\View\View->render('/admin/orderpayment', [], true)
 6 APPPATH\Controllers\AdminController.php(75): view('/admin/orderpayment', [...])
 7 SYSTEMPATH\CodeIgniter.php(919): App\Controllers\AdminController->orderpayment()
 8 SYSTEMPATH\CodeIgniter.php(494): CodeIgniter\CodeIgniter->runController(Object(App\Controllers\AdminController))
 9 SYSTEMPATH\CodeIgniter.php(353): CodeIgniter\CodeIgniter->handleRequest(null, Object(Config\Cache), false)
10 FCPATH\index.php(79): CodeIgniter\CodeIgniter->run()
11 SYSTEMPATH\Commands\Server\rewrite.php(47): require_once('C:\\laragon\\www\\coffee\\public\\index.php')
CRITICAL - 2024-03-14 16:00:13 --> Undefined variable $orderview
in APPPATH\Views\admin\orderview.php on line 22.
 1 APPPATH\Views\admin\orderview.php(22): CodeIgniter\Debug\Exceptions->errorHandler(2, 'Undefined variable $orderview', 'C:\\laragon\\www\\coffee\\app\\Views\\admin\\orderview.php', 22)
 2 APPPATH\Views\admin\orderpayment.php(15): include('C:\\laragon\\www\\coffee\\app\\Views\\admin\\orderview.php')
 3 SYSTEMPATH\View\View.php(226): include('C:\\laragon\\www\\coffee\\app\\Views\\admin\\orderpayment.php')
 4 SYSTEMPATH\View\View.php(229): CodeIgniter\View\View->CodeIgniter\View\{closure}()
 5 SYSTEMPATH\Common.php(1188): CodeIgniter\View\View->render('/admin/orderpayment', [], true)
 6 APPPATH\Controllers\AdminController.php(75): view('/admin/orderpayment', [...])
 7 SYSTEMPATH\CodeIgniter.php(919): App\Controllers\AdminController->orderpayment()
 8 SYSTEMPATH\CodeIgniter.php(494): CodeIgniter\CodeIgniter->runController(Object(App\Controllers\AdminController))
 9 SYSTEMPATH\CodeIgniter.php(353): CodeIgniter\CodeIgniter->handleRequest(null, Object(Config\Cache), false)
10 FCPATH\index.php(79): CodeIgniter\CodeIgniter->run()
11 SYSTEMPATH\Commands\Server\rewrite.php(47): require_once('C:\\laragon\\www\\coffee\\public\\index.php')
CRITICAL - 2024-03-14 16:00:14 --> Undefined variable $orderview
in APPPATH\Views\admin\orderview.php on line 22.
 1 APPPATH\Views\admin\orderview.php(22): CodeIgniter\Debug\Exceptions->errorHandler(2, 'Undefined variable $orderview', 'C:\\laragon\\www\\coffee\\app\\Views\\admin\\orderview.php', 22)
 2 APPPATH\Views\admin\orderpayment.php(15): include('C:\\laragon\\www\\coffee\\app\\Views\\admin\\orderview.php')
 3 SYSTEMPATH\View\View.php(226): include('C:\\laragon\\www\\coffee\\app\\Views\\admin\\orderpayment.php')
 4 SYSTEMPATH\View\View.php(229): CodeIgniter\View\View->CodeIgniter\View\{closure}()
 5 SYSTEMPATH\Common.php(1188): CodeIgniter\View\View->render('/admin/orderpayment', [], true)
 6 APPPATH\Controllers\AdminController.php(75): view('/admin/orderpayment', [...])
 7 SYSTEMPATH\CodeIgniter.php(919): App\Controllers\AdminController->orderpayment()
 8 SYSTEMPATH\CodeIgniter.php(494): CodeIgniter\CodeIgniter->runController(Object(App\Controllers\AdminController))
 9 SYSTEMPATH\CodeIgniter.php(353): CodeIgniter\CodeIgniter->handleRequest(null, Object(Config\Cache), false)
10 FCPATH\index.php(79): CodeIgniter\CodeIgniter->run()
11 SYSTEMPATH\Commands\Server\rewrite.php(47): require_once('C:\\laragon\\www\\coffee\\public\\index.php')
CRITICAL - 2024-03-14 16:01:40 --> Undefined variable $id
in APPPATH\Controllers\AdminController.php on line 79.
 1 APPPATH\Controllers\AdminController.php(79): CodeIgniter\Debug\Exceptions->errorHandler(2, 'Undefined variable $id', 'C:\\laragon\\www\\coffee\\app\\Controllers\\AdminController.php', 79)
 2 SYSTEMPATH\CodeIgniter.php(919): App\Controllers\AdminController->orderpayment()
 3 SYSTEMPATH\CodeIgniter.php(494): CodeIgniter\CodeIgniter->runController(Object(App\Controllers\AdminController))
 4 SYSTEMPATH\CodeIgniter.php(353): CodeIgniter\CodeIgniter->handleRequest(null, Object(Config\Cache), false)
 5 FCPATH\index.php(79): CodeIgniter\CodeIgniter->run()
 6 SYSTEMPATH\Commands\Server\rewrite.php(47): require_once('C:\\laragon\\www\\coffee\\public\\index.php')
CRITICAL - 2024-03-14 16:01:45 --> Undefined variable $id
in APPPATH\Controllers\AdminController.php on line 79.
 1 APPPATH\Controllers\AdminController.php(79): CodeIgniter\Debug\Exceptions->errorHandler(2, 'Undefined variable $id', 'C:\\laragon\\www\\coffee\\app\\Controllers\\AdminController.php', 79)
 2 SYSTEMPATH\CodeIgniter.php(919): App\Controllers\AdminController->orderpayment()
 3 SYSTEMPATH\CodeIgniter.php(494): CodeIgniter\CodeIgniter->runController(Object(App\Controllers\AdminController))
 4 SYSTEMPATH\CodeIgniter.php(353): CodeIgniter\CodeIgniter->handleRequest(null, Object(Config\Cache), false)
 5 FCPATH\index.php(79): CodeIgniter\CodeIgniter->run()
 6 SYSTEMPATH\Commands\Server\rewrite.php(47): require_once('C:\\laragon\\www\\coffee\\public\\index.php')
CRITICAL - 2024-03-14 16:01:53 --> Too few arguments to function App\Controllers\AdminController::orderpayment(), 0 passed in C:\laragon\www\coffee\system\CodeIgniter.php on line 919 and exactly 1 expected
in APPPATH\Controllers\AdminController.php on line 64.
 1 SYSTEMPATH\CodeIgniter.php(919): App\Controllers\AdminController->orderpayment()
 2 SYSTEMPATH\CodeIgniter.php(494): CodeIgniter\CodeIgniter->runController(Object(App\Controllers\AdminController))
 3 SYSTEMPATH\CodeIgniter.php(353): CodeIgniter\CodeIgniter->handleRequest(null, Object(Config\Cache), false)
 4 FCPATH\index.php(79): CodeIgniter\CodeIgniter->run()
 5 SYSTEMPATH\Commands\Server\rewrite.php(47): require_once('C:\\laragon\\www\\coffee\\public\\index.php')
CRITICAL - 2024-03-14 16:02:37 --> Undefined variable $orderview
in APPPATH\Views\admin\orderview.php on line 22.
 1 APPPATH\Views\admin\orderview.php(22): CodeIgniter\Debug\Exceptions->errorHandler(2, 'Undefined variable $orderview', 'C:\\laragon\\www\\coffee\\app\\Views\\admin\\orderview.php', 22)
 2 APPPATH\Views\admin\orderpayment.php(15): include('C:\\laragon\\www\\coffee\\app\\Views\\admin\\orderview.php')
 3 SYSTEMPATH\View\View.php(226): include('C:\\laragon\\www\\coffee\\app\\Views\\admin\\orderpayment.php')
 4 SYSTEMPATH\View\View.php(229): CodeIgniter\View\View->CodeIgniter\View\{closure}()
 5 SYSTEMPATH\Common.php(1188): CodeIgniter\View\View->render('/admin/orderpayment', [], true)
 6 APPPATH\Controllers\AdminController.php(75): view('/admin/orderpayment', [...])
 7 SYSTEMPATH\CodeIgniter.php(919): App\Controllers\AdminController->orderpayment()
 8 SYSTEMPATH\CodeIgniter.php(494): CodeIgniter\CodeIgniter->runController(Object(App\Controllers\AdminController))
 9 SYSTEMPATH\CodeIgniter.php(353): CodeIgniter\CodeIgniter->handleRequest(null, Object(Config\Cache), false)
10 FCPATH\index.php(79): CodeIgniter\CodeIgniter->run()
11 SYSTEMPATH\Commands\Server\rewrite.php(47): require_once('C:\\laragon\\www\\coffee\\public\\index.php')
CRITICAL - 2024-03-14 16:02:47 --> Undefined variable $orderview
in APPPATH\Views\admin\orderview.php on line 22.
 1 APPPATH\Views\admin\orderview.php(22): CodeIgniter\Debug\Exceptions->errorHandler(2, 'Undefined variable $orderview', 'C:\\laragon\\www\\coffee\\app\\Views\\admin\\orderview.php', 22)
 2 APPPATH\Views\admin\orderpayment.php(15): include('C:\\laragon\\www\\coffee\\app\\Views\\admin\\orderview.php')
 3 SYSTEMPATH\View\View.php(226): include('C:\\laragon\\www\\coffee\\app\\Views\\admin\\orderpayment.php')
 4 SYSTEMPATH\View\View.php(229): CodeIgniter\View\View->CodeIgniter\View\{closure}()
 5 SYSTEMPATH\Common.php(1188): CodeIgniter\View\View->render('/admin/orderpayment', [], true)
 6 APPPATH\Controllers\AdminController.php(75): view('/admin/orderpayment', [...])
 7 SYSTEMPATH\CodeIgniter.php(919): App\Controllers\AdminController->orderpayment()
 8 SYSTEMPATH\CodeIgniter.php(494): CodeIgniter\CodeIgniter->runController(Object(App\Controllers\AdminController))
 9 SYSTEMPATH\CodeIgniter.php(353): CodeIgniter\CodeIgniter->handleRequest(null, Object(Config\Cache), false)
10 FCPATH\index.php(79): CodeIgniter\CodeIgniter->run()
11 SYSTEMPATH\Commands\Server\rewrite.php(47): require_once('C:\\laragon\\www\\coffee\\public\\index.php')
