CRITICAL - 2024-07-09 04:46:21 --> Undefined variable $non
in APPPATH\Views\user\mainmenu.php on line 175.
 1 APPPATH\Views\user\mainmenu.php(175): CodeIgniter\Debug\Exceptions->errorHandler(2, 'Undefined variable $non', 'C:\\laragon\\www\\coffee\\app\\Views\\user\\mainmenu.php', 175)
 2 SYSTEMPATH\View\View.php(226): include('C:\\laragon\\www\\coffee\\app\\Views\\user\\mainmenu.php')
 3 SYSTEMPATH\View\View.php(229): CodeIgniter\View\View->CodeIgniter\View\{closure}()
 4 SYSTEMPATH\Common.php(1188): CodeIgniter\View\View->render('/user/mainmenu', [], true)
 5 APPPATH\Controllers\UserController.php(324): view('/user/mainmenu', [...])
 6 SYSTEMPATH\CodeIgniter.php(919): App\Controllers\UserController->home_mainmenu()
 7 SYSTEMPATH\CodeIgniter.php(494): CodeIgniter\CodeIgniter->runController(Object(App\Controllers\UserController))
 8 SYSTEMPATH\CodeIgniter.php(353): CodeIgniter\CodeIgniter->handleRequest(null, Object(Config\Cache), false)
 9 FCPATH\index.php(79): CodeIgniter\CodeIgniter->run()
10 SYSTEMPATH\Commands\Server\rewrite.php(47): require_once('C:\\laragon\\www\\coffee\\public\\index.php')
CRITICAL - 2024-07-09 04:56:10 --> Undefined variable $chicken
in APPPATH\Views\user\mainshop.php on line 110.
 1 APPPATH\Views\user\mainshop.php(110): CodeIgniter\Debug\Exceptions->errorHandler(2, 'Undefined variable $chicken', 'C:\\laragon\\www\\coffee\\app\\Views\\user\\mainshop.php', 110)
 2 SYSTEMPATH\View\View.php(226): include('C:\\laragon\\www\\coffee\\app\\Views\\user\\mainshop.php')
 3 SYSTEMPATH\View\View.php(229): CodeIgniter\View\View->CodeIgniter\View\{closure}()
 4 SYSTEMPATH\Common.php(1188): CodeIgniter\View\View->render('/user/mainshop', [], true)
 5 APPPATH\Controllers\UserController.php(419): view('/user/mainshop', [...])
 6 SYSTEMPATH\CodeIgniter.php(919): App\Controllers\UserController->home_mainshop()
 7 SYSTEMPATH\CodeIgniter.php(494): CodeIgniter\CodeIgniter->runController(Object(App\Controllers\UserController))
 8 SYSTEMPATH\CodeIgniter.php(353): CodeIgniter\CodeIgniter->handleRequest(null, Object(Config\Cache), false)
 9 FCPATH\index.php(79): CodeIgniter\CodeIgniter->run()
10 SYSTEMPATH\Commands\Server\rewrite.php(47): require_once('C:\\laragon\\www\\coffee\\public\\index.php')
CRITICAL - 2024-07-09 04:57:37 --> Undefined variable $soup
in APPPATH\Views\user\mainshop.php on line 241.
 1 APPPATH\Views\user\mainshop.php(241): CodeIgniter\Debug\Exceptions->errorHandler(2, 'Undefined variable $soup', 'C:\\laragon\\www\\coffee\\app\\Views\\user\\mainshop.php', 241)
 2 SYSTEMPATH\View\View.php(226): include('C:\\laragon\\www\\coffee\\app\\Views\\user\\mainshop.php')
 3 SYSTEMPATH\View\View.php(229): CodeIgniter\View\View->CodeIgniter\View\{closure}()
 4 SYSTEMPATH\Common.php(1188): CodeIgniter\View\View->render('/user/mainshop', [], true)
 5 APPPATH\Controllers\UserController.php(421): view('/user/mainshop', [...])
 6 SYSTEMPATH\CodeIgniter.php(919): App\Controllers\UserController->home_mainshop()
 7 SYSTEMPATH\CodeIgniter.php(494): CodeIgniter\CodeIgniter->runController(Object(App\Controllers\UserController))
 8 SYSTEMPATH\CodeIgniter.php(353): CodeIgniter\CodeIgniter->handleRequest(null, Object(Config\Cache), false)
 9 FCPATH\index.php(79): CodeIgniter\CodeIgniter->run()
10 SYSTEMPATH\Commands\Server\rewrite.php(47): require_once('C:\\laragon\\www\\coffee\\public\\index.php')
CRITICAL - 2024-07-09 13:25:13 --> Undefined variable $app
in APPPATH\Views\admin\product.php on line 26.
 1 APPPATH\Views\admin\product.php(26): CodeIgniter\Debug\Exceptions->errorHandler(2, 'Undefined variable $app', 'C:\\laragon\\www\\coffee\\app\\Views\\admin\\product.php', 26)
 2 SYSTEMPATH\View\View.php(226): include('C:\\laragon\\www\\coffee\\app\\Views\\admin\\product.php')
 3 SYSTEMPATH\View\View.php(229): CodeIgniter\View\View->CodeIgniter\View\{closure}()
 4 SYSTEMPATH\Common.php(1188): CodeIgniter\View\View->render('/admin/product', [], true)
 5 APPPATH\Controllers\AdminController.php(2291): view('/admin/product')
 6 SYSTEMPATH\CodeIgniter.php(919): App\Controllers\AdminController->products()
 7 SYSTEMPATH\CodeIgniter.php(494): CodeIgniter\CodeIgniter->runController(Object(App\Controllers\AdminController))
 8 SYSTEMPATH\CodeIgniter.php(353): CodeIgniter\CodeIgniter->handleRequest(null, Object(Config\Cache), false)
 9 FCPATH\index.php(79): CodeIgniter\CodeIgniter->run()
10 SYSTEMPATH\Commands\Server\rewrite.php(47): require_once('C:\\laragon\\www\\coffee\\public\\index.php')
CRITICAL - 2024-07-09 05:50:25 --> Invalid file: "/inventory/frappe.php"
in SYSTEMPATH\Exceptions\FrameworkException.php on line 39.
 1 SYSTEMPATH\View\View.php(214): CodeIgniter\Exceptions\FrameworkException::forInvalidFile('/inventory/frappe.php')
 2 SYSTEMPATH\Common.php(1188): CodeIgniter\View\View->render('/inventory/frappe', [], true)
 3 APPPATH\Controllers\InventoryController.php(363): view('/inventory/frappe', [...])
 4 SYSTEMPATH\CodeIgniter.php(919): App\Controllers\InventoryController->getfrappe()
 5 SYSTEMPATH\CodeIgniter.php(494): CodeIgniter\CodeIgniter->runController(Object(App\Controllers\InventoryController))
 6 SYSTEMPATH\CodeIgniter.php(353): CodeIgniter\CodeIgniter->handleRequest(null, Object(Config\Cache), false)
 7 FCPATH\index.php(79): CodeIgniter\CodeIgniter->run()
 8 SYSTEMPATH\Commands\Server\rewrite.php(47): require_once('C:\\laragon\\www\\coffee\\public\\index.php')
CRITICAL - 2024-07-09 05:52:50 --> Invalid file: "/inventory/editfrappe.php"
in SYSTEMPATH\Exceptions\FrameworkException.php on line 39.
 1 SYSTEMPATH\View\View.php(214): CodeIgniter\Exceptions\FrameworkException::forInvalidFile('/inventory/editfrappe.php')
 2 SYSTEMPATH\Common.php(1188): CodeIgniter\View\View->render('/inventory/editfrappe', [], true)
 3 APPPATH\Controllers\InventoryController.php(370): view('/inventory/editfrappe', [...])
 4 SYSTEMPATH\CodeIgniter.php(919): App\Controllers\InventoryController->editfrappe('58')
 5 SYSTEMPATH\CodeIgniter.php(494): CodeIgniter\CodeIgniter->runController(Object(App\Controllers\InventoryController))
 6 SYSTEMPATH\CodeIgniter.php(353): CodeIgniter\CodeIgniter->handleRequest(null, Object(Config\Cache), false)
 7 FCPATH\index.php(79): CodeIgniter\CodeIgniter->run()
 8 SYSTEMPATH\Commands\Server\rewrite.php(47): require_once('C:\\laragon\\www\\coffee\\public\\index.php')
CRITICAL - 2024-07-09 05:53:17 --> Undefined variable $enon
in APPPATH\Views\inventory\editfrappe.php on line 63.
 1 APPPATH\Views\inventory\editfrappe.php(63): CodeIgniter\Debug\Exceptions->errorHandler(2, 'Undefined variable $enon', 'C:\\laragon\\www\\coffee\\app\\Views\\inventory\\editfrappe.php', 63)
 2 SYSTEMPATH\View\View.php(226): include('C:\\laragon\\www\\coffee\\app\\Views\\inventory\\editfrappe.php')
 3 SYSTEMPATH\View\View.php(229): CodeIgniter\View\View->CodeIgniter\View\{closure}()
 4 SYSTEMPATH\Common.php(1188): CodeIgniter\View\View->render('/inventory/editfrappe', [], true)
 5 APPPATH\Controllers\InventoryController.php(370): view('/inventory/editfrappe', [...])
 6 SYSTEMPATH\CodeIgniter.php(919): App\Controllers\InventoryController->editfrappe('58')
 7 SYSTEMPATH\CodeIgniter.php(494): CodeIgniter\CodeIgniter->runController(Object(App\Controllers\InventoryController))
 8 SYSTEMPATH\CodeIgniter.php(353): CodeIgniter\CodeIgniter->handleRequest(null, Object(Config\Cache), false)
 9 FCPATH\index.php(79): CodeIgniter\CodeIgniter->run()
10 SYSTEMPATH\Commands\Server\rewrite.php(47): require_once('C:\\laragon\\www\\coffee\\public\\index.php')
CRITICAL - 2024-07-09 06:06:00 --> Undefined variable $efrap
in APPPATH\Views\inventory\editlemonade.php on line 64.
 1 APPPATH\Views\inventory\editlemonade.php(64): CodeIgniter\Debug\Exceptions->errorHandler(2, 'Undefined variable $efrap', 'C:\\laragon\\www\\coffee\\app\\Views\\inventory\\editlemonade.php', 64)
 2 SYSTEMPATH\View\View.php(226): include('C:\\laragon\\www\\coffee\\app\\Views\\inventory\\editlemonade.php')
 3 SYSTEMPATH\View\View.php(229): CodeIgniter\View\View->CodeIgniter\View\{closure}()
 4 SYSTEMPATH\Common.php(1188): CodeIgniter\View\View->render('/inventory/editlemonade', [], true)
 5 APPPATH\Controllers\InventoryController.php(454): view('/inventory/editlemonade', [...])
 6 SYSTEMPATH\CodeIgniter.php(919): App\Controllers\InventoryController->editlemonade('66')
 7 SYSTEMPATH\CodeIgniter.php(494): CodeIgniter\CodeIgniter->runController(Object(App\Controllers\InventoryController))
 8 SYSTEMPATH\CodeIgniter.php(353): CodeIgniter\CodeIgniter->handleRequest(null, Object(Config\Cache), false)
 9 FCPATH\index.php(79): CodeIgniter\CodeIgniter->run()
10 SYSTEMPATH\Commands\Server\rewrite.php(47): require_once('C:\\laragon\\www\\coffee\\public\\index.php')
CRITICAL - 2024-07-09 06:06:52 --> Undefined variable $efrap
in APPPATH\Views\inventory\editlemonade.php on line 64.
 1 APPPATH\Views\inventory\editlemonade.php(64): CodeIgniter\Debug\Exceptions->errorHandler(2, 'Undefined variable $efrap', 'C:\\laragon\\www\\coffee\\app\\Views\\inventory\\editlemonade.php', 64)
 2 SYSTEMPATH\View\View.php(226): include('C:\\laragon\\www\\coffee\\app\\Views\\inventory\\editlemonade.php')
 3 SYSTEMPATH\View\View.php(229): CodeIgniter\View\View->CodeIgniter\View\{closure}()
 4 SYSTEMPATH\Common.php(1188): CodeIgniter\View\View->render('/inventory/editlemonade', [], true)
 5 APPPATH\Controllers\InventoryController.php(454): view('/inventory/editlemonade', [...])
 6 SYSTEMPATH\CodeIgniter.php(919): App\Controllers\InventoryController->editlemonade('66')
 7 SYSTEMPATH\CodeIgniter.php(494): CodeIgniter\CodeIgniter->runController(Object(App\Controllers\InventoryController))
 8 SYSTEMPATH\CodeIgniter.php(353): CodeIgniter\CodeIgniter->handleRequest(null, Object(Config\Cache), false)
 9 FCPATH\index.php(79): CodeIgniter\CodeIgniter->run()
10 SYSTEMPATH\Commands\Server\rewrite.php(47): require_once('C:\\laragon\\www\\coffee\\public\\index.php')
CRITICAL - 2024-07-09 14:37:16 --> Undefined variable $soup
in APPPATH\Views\admin\pos.php on line 124.
 1 APPPATH\Views\admin\pos.php(124): CodeIgniter\Debug\Exceptions->errorHandler(2, 'Undefined variable $soup', 'C:\\laragon\\www\\coffee\\app\\Views\\admin\\pos.php', 124)
 2 SYSTEMPATH\View\View.php(226): include('C:\\laragon\\www\\coffee\\app\\Views\\admin\\pos.php')
 3 SYSTEMPATH\View\View.php(229): CodeIgniter\View\View->CodeIgniter\View\{closure}()
 4 SYSTEMPATH\Common.php(1188): CodeIgniter\View\View->render('/admin/pos', [], true)
 5 APPPATH\Controllers\AdminController.php(2491): view('/admin/pos', [...])
 6 SYSTEMPATH\CodeIgniter.php(919): App\Controllers\AdminController->pos()
 7 SYSTEMPATH\CodeIgniter.php(494): CodeIgniter\CodeIgniter->runController(Object(App\Controllers\AdminController))
 8 SYSTEMPATH\CodeIgniter.php(353): CodeIgniter\CodeIgniter->handleRequest(null, Object(Config\Cache), false)
 9 FCPATH\index.php(79): CodeIgniter\CodeIgniter->run()
10 SYSTEMPATH\Commands\Server\rewrite.php(47): require_once('C:\\laragon\\www\\coffee\\public\\index.php')
CRITICAL - 2024-07-09 14:40:47 --> Undefined variable $frap
in APPPATH\Views\admin\pos.php on line 223.
 1 APPPATH\Views\admin\pos.php(223): CodeIgniter\Debug\Exceptions->errorHandler(2, 'Undefined variable $frap', 'C:\\laragon\\www\\coffee\\app\\Views\\admin\\pos.php', 223)
 2 SYSTEMPATH\View\View.php(226): include('C:\\laragon\\www\\coffee\\app\\Views\\admin\\pos.php')
 3 SYSTEMPATH\View\View.php(229): CodeIgniter\View\View->CodeIgniter\View\{closure}()
 4 SYSTEMPATH\Common.php(1188): CodeIgniter\View\View->render('/admin/pos', [], true)
 5 APPPATH\Controllers\AdminController.php(2491): view('/admin/pos', [...])
 6 SYSTEMPATH\CodeIgniter.php(919): App\Controllers\AdminController->pos()
 7 SYSTEMPATH\CodeIgniter.php(494): CodeIgniter\CodeIgniter->runController(Object(App\Controllers\AdminController))
 8 SYSTEMPATH\CodeIgniter.php(353): CodeIgniter\CodeIgniter->handleRequest(null, Object(Config\Cache), false)
 9 FCPATH\index.php(79): CodeIgniter\CodeIgniter->run()
10 SYSTEMPATH\Commands\Server\rewrite.php(47): require_once('C:\\laragon\\www\\coffee\\public\\index.php')
CRITICAL - 2024-07-09 07:06:47 --> Class "Mpdf\Mpdf" not found
in APPPATH\Controllers\VisualizationController.php on line 26.
 1 SYSTEMPATH\CodeIgniter.php(891): App\Controllers\VisualizationController->__construct()
 2 SYSTEMPATH\CodeIgniter.php(485): CodeIgniter\CodeIgniter->createController()
 3 SYSTEMPATH\CodeIgniter.php(353): CodeIgniter\CodeIgniter->handleRequest(null, Object(Config\Cache), false)
 4 FCPATH\index.php(79): CodeIgniter\CodeIgniter->run()
 5 SYSTEMPATH\Commands\Server\rewrite.php(47): require_once('C:\\laragon\\www\\coffee\\public\\index.php')
