CRITICAL - 2024-04-03 02:06:02 --> Invalid file: "/user/blog.php"
in SYSTEMPATH\Exceptions\FrameworkException.php on line 39.
 1 SYSTEMPATH\View\View.php(214): CodeIgniter\Exceptions\FrameworkException::forInvalidFile('/user/blog.php')
 2 SYSTEMPATH\Common.php(1188): CodeIgniter\View\View->render('/user/blog', [], true)
 3 APPPATH\Controllers\UserController.php(150): view('/user/blog')
 4 SYSTEMPATH\CodeIgniter.php(919): App\Controllers\UserController->home_blog()
 5 SYSTEMPATH\CodeIgniter.php(494): CodeIgniter\CodeIgniter->runController(Object(App\Controllers\UserController))
 6 SYSTEMPATH\CodeIgniter.php(353): CodeIgniter\CodeIgniter->handleRequest(null, Object(Config\Cache), false)
 7 FCPATH\index.php(79): CodeIgniter\CodeIgniter->run()
 8 SYSTEMPATH\Commands\Server\rewrite.php(47): require_once('C:\\laragon\\www\\coffee\\public\\index.php')
CRITICAL - 2024-04-03 14:47:30 --> Undefined variable $mycart
in APPPATH\Views\user\checkout.php on line 107.
 1 APPPATH\Views\user\checkout.php(107): CodeIgniter\Debug\Exceptions->errorHandler(2, 'Undefined variable $mycart', 'C:\\laragon\\www\\coffee\\app\\Views\\user\\checkout.php', 107)
 2 SYSTEMPATH\View\View.php(226): include('C:\\laragon\\www\\coffee\\app\\Views\\user\\checkout.php')
 3 SYSTEMPATH\View\View.php(229): CodeIgniter\View\View->CodeIgniter\View\{closure}()
 4 SYSTEMPATH\Common.php(1188): CodeIgniter\View\View->render('/user/checkout', [], true)
 5 APPPATH\Controllers\UserController.php(174): view('/user/checkout')
 6 SYSTEMPATH\CodeIgniter.php(919): App\Controllers\UserController->home_checkout()
 7 SYSTEMPATH\CodeIgniter.php(494): CodeIgniter\CodeIgniter->runController(Object(App\Controllers\UserController))
 8 SYSTEMPATH\CodeIgniter.php(353): CodeIgniter\CodeIgniter->handleRequest(null, Object(Config\Cache), false)
 9 FCPATH\index.php(79): CodeIgniter\CodeIgniter->run()
10 SYSTEMPATH\Commands\Server\rewrite.php(47): require_once('C:\\laragon\\www\\coffee\\public\\index.php')
CRITICAL - 2024-04-03 14:49:20 --> Undefined variable $mycart
in APPPATH\Views\user\checkout.php on line 107.
 1 APPPATH\Views\user\checkout.php(107): CodeIgniter\Debug\Exceptions->errorHandler(2, 'Undefined variable $mycart', 'C:\\laragon\\www\\coffee\\app\\Views\\user\\checkout.php', 107)
 2 SYSTEMPATH\View\View.php(226): include('C:\\laragon\\www\\coffee\\app\\Views\\user\\checkout.php')
 3 SYSTEMPATH\View\View.php(229): CodeIgniter\View\View->CodeIgniter\View\{closure}()
 4 SYSTEMPATH\Common.php(1188): CodeIgniter\View\View->render('/user/checkout', [], true)
 5 APPPATH\Controllers\UserController.php(174): view('/user/checkout')
 6 SYSTEMPATH\CodeIgniter.php(919): App\Controllers\UserController->home_checkout()
 7 SYSTEMPATH\CodeIgniter.php(494): CodeIgniter\CodeIgniter->runController(Object(App\Controllers\UserController))
 8 SYSTEMPATH\CodeIgniter.php(353): CodeIgniter\CodeIgniter->handleRequest(null, Object(Config\Cache), false)
 9 FCPATH\index.php(79): CodeIgniter\CodeIgniter->run()
10 SYSTEMPATH\Commands\Server\rewrite.php(47): require_once('C:\\laragon\\www\\coffee\\public\\index.php')
CRITICAL - 2024-04-03 14:49:22 --> Undefined variable $mycart
in APPPATH\Views\user\checkout.php on line 107.
 1 APPPATH\Views\user\checkout.php(107): CodeIgniter\Debug\Exceptions->errorHandler(2, 'Undefined variable $mycart', 'C:\\laragon\\www\\coffee\\app\\Views\\user\\checkout.php', 107)
 2 SYSTEMPATH\View\View.php(226): include('C:\\laragon\\www\\coffee\\app\\Views\\user\\checkout.php')
 3 SYSTEMPATH\View\View.php(229): CodeIgniter\View\View->CodeIgniter\View\{closure}()
 4 SYSTEMPATH\Common.php(1188): CodeIgniter\View\View->render('/user/checkout', [], true)
 5 APPPATH\Controllers\UserController.php(174): view('/user/checkout')
 6 SYSTEMPATH\CodeIgniter.php(919): App\Controllers\UserController->home_checkout()
 7 SYSTEMPATH\CodeIgniter.php(494): CodeIgniter\CodeIgniter->runController(Object(App\Controllers\UserController))
 8 SYSTEMPATH\CodeIgniter.php(353): CodeIgniter\CodeIgniter->handleRequest(null, Object(Config\Cache), false)
 9 FCPATH\index.php(79): CodeIgniter\CodeIgniter->run()
10 SYSTEMPATH\Commands\Server\rewrite.php(47): require_once('C:\\laragon\\www\\coffee\\public\\index.php')
CRITICAL - 2024-04-03 14:49:22 --> Undefined variable $mycart
in APPPATH\Views\user\checkout.php on line 107.
 1 APPPATH\Views\user\checkout.php(107): CodeIgniter\Debug\Exceptions->errorHandler(2, 'Undefined variable $mycart', 'C:\\laragon\\www\\coffee\\app\\Views\\user\\checkout.php', 107)
 2 SYSTEMPATH\View\View.php(226): include('C:\\laragon\\www\\coffee\\app\\Views\\user\\checkout.php')
 3 SYSTEMPATH\View\View.php(229): CodeIgniter\View\View->CodeIgniter\View\{closure}()
 4 SYSTEMPATH\Common.php(1188): CodeIgniter\View\View->render('/user/checkout', [], true)
 5 APPPATH\Controllers\UserController.php(174): view('/user/checkout')
 6 SYSTEMPATH\CodeIgniter.php(919): App\Controllers\UserController->home_checkout()
 7 SYSTEMPATH\CodeIgniter.php(494): CodeIgniter\CodeIgniter->runController(Object(App\Controllers\UserController))
 8 SYSTEMPATH\CodeIgniter.php(353): CodeIgniter\CodeIgniter->handleRequest(null, Object(Config\Cache), false)
 9 FCPATH\index.php(79): CodeIgniter\CodeIgniter->run()
10 SYSTEMPATH\Commands\Server\rewrite.php(47): require_once('C:\\laragon\\www\\coffee\\public\\index.php')
CRITICAL - 2024-04-03 14:49:22 --> Undefined variable $mycart
in APPPATH\Views\user\checkout.php on line 107.
 1 APPPATH\Views\user\checkout.php(107): CodeIgniter\Debug\Exceptions->errorHandler(2, 'Undefined variable $mycart', 'C:\\laragon\\www\\coffee\\app\\Views\\user\\checkout.php', 107)
 2 SYSTEMPATH\View\View.php(226): include('C:\\laragon\\www\\coffee\\app\\Views\\user\\checkout.php')
 3 SYSTEMPATH\View\View.php(229): CodeIgniter\View\View->CodeIgniter\View\{closure}()
 4 SYSTEMPATH\Common.php(1188): CodeIgniter\View\View->render('/user/checkout', [], true)
 5 APPPATH\Controllers\UserController.php(174): view('/user/checkout')
 6 SYSTEMPATH\CodeIgniter.php(919): App\Controllers\UserController->home_checkout()
 7 SYSTEMPATH\CodeIgniter.php(494): CodeIgniter\CodeIgniter->runController(Object(App\Controllers\UserController))
 8 SYSTEMPATH\CodeIgniter.php(353): CodeIgniter\CodeIgniter->handleRequest(null, Object(Config\Cache), false)
 9 FCPATH\index.php(79): CodeIgniter\CodeIgniter->run()
10 SYSTEMPATH\Commands\Server\rewrite.php(47): require_once('C:\\laragon\\www\\coffee\\public\\index.php')
CRITICAL - 2024-04-03 14:50:37 --> Undefined variable $mycart
in APPPATH\Views\user\checkout.php on line 108.
 1 APPPATH\Views\user\checkout.php(108): CodeIgniter\Debug\Exceptions->errorHandler(2, 'Undefined variable $mycart', 'C:\\laragon\\www\\coffee\\app\\Views\\user\\checkout.php', 108)
 2 SYSTEMPATH\View\View.php(226): include('C:\\laragon\\www\\coffee\\app\\Views\\user\\checkout.php')
 3 SYSTEMPATH\View\View.php(229): CodeIgniter\View\View->CodeIgniter\View\{closure}()
 4 SYSTEMPATH\Common.php(1188): CodeIgniter\View\View->render('/user/checkout', [], true)
 5 APPPATH\Controllers\UserController.php(174): view('/user/checkout')
 6 SYSTEMPATH\CodeIgniter.php(919): App\Controllers\UserController->home_checkout()
 7 SYSTEMPATH\CodeIgniter.php(494): CodeIgniter\CodeIgniter->runController(Object(App\Controllers\UserController))
 8 SYSTEMPATH\CodeIgniter.php(353): CodeIgniter\CodeIgniter->handleRequest(null, Object(Config\Cache), false)
 9 FCPATH\index.php(79): CodeIgniter\CodeIgniter->run()
10 SYSTEMPATH\Commands\Server\rewrite.php(47): require_once('C:\\laragon\\www\\coffee\\public\\index.php')
