ERROR - 2024-05-21 15:08:58 --> Error connecting to the database: mysqli_sql_exception: Access denied for user 'root'@'localhost' (using password: NO) in C:\laragon\www\coffee\system\Database\MySQLi\Connection.php:185
Stack trace:
#0 C:\laragon\www\coffee\system\Database\MySQLi\Connection.php(185): mysqli->real_connect('localhost', 'root', '', 'coffeeledgerdb', 3306, '', 0)
#1 C:\laragon\www\coffee\system\Database\BaseConnection.php(391): CodeIgniter\Database\MySQLi\Connection->connect(false)
#2 C:\laragon\www\coffee\system\Database\BaseConnection.php(574): CodeIgniter\Database\BaseConnection->initialize()
#3 C:\laragon\www\coffee\system\Database\BaseBuilder.php(1615): CodeIgniter\Database\BaseConnection->query('SELECT Count(si...', Array, false)
#4 C:\laragon\www\coffee\system\Model.php(264): CodeIgniter\Database\BaseBuilder->get()
#5 C:\laragon\www\coffee\system\BaseModel.php(662): CodeIgniter\Model->doFirst()
#6 C:\laragon\www\coffee\app\Controllers\UserController.php(155): CodeIgniter\BaseModel->first()
#7 C:\laragon\www\coffee\system\CodeIgniter.php(919): App\Controllers\UserController->home()
#8 C:\laragon\www\coffee\system\CodeIgniter.php(494): CodeIgniter\CodeIgniter->runController(Object(App\Controllers\UserController))
#9 C:\laragon\www\coffee\system\CodeIgniter.php(353): CodeIgniter\CodeIgniter->handleRequest(NULL, Object(Config\Cache), false)
#10 C:\laragon\www\coffee\public\index.php(79): CodeIgniter\CodeIgniter->run()
#11 C:\laragon\www\coffee\system\Commands\Server\rewrite.php(47): require_once('C:\\laragon\\www\\...')
#12 {main}

Next CodeIgniter\Database\Exceptions\DatabaseException: Access denied for user '****'@'localhost' (using password: NO) in C:\laragon\www\coffee\system\Database\MySQLi\Connection.php:229
Stack trace:
#0 C:\laragon\www\coffee\system\Database\BaseConnection.php(391): CodeIgniter\Database\MySQLi\Connection->connect(false)
#1 C:\laragon\www\coffee\system\Database\BaseConnection.php(574): CodeIgniter\Database\BaseConnection->initialize()
#2 C:\laragon\www\coffee\system\Database\BaseBuilder.php(1615): CodeIgniter\Database\BaseConnection->query('SELECT Count(si...', Array, false)
#3 C:\laragon\www\coffee\system\Model.php(264): CodeIgniter\Database\BaseBuilder->get()
#4 C:\laragon\www\coffee\system\BaseModel.php(662): CodeIgniter\Model->doFirst()
#5 C:\laragon\www\coffee\app\Controllers\UserController.php(155): CodeIgniter\BaseModel->first()
#6 C:\laragon\www\coffee\system\CodeIgniter.php(919): App\Controllers\UserController->home()
#7 C:\laragon\www\coffee\system\CodeIgniter.php(494): CodeIgniter\CodeIgniter->runController(Object(App\Controllers\UserController))
#8 C:\laragon\www\coffee\system\CodeIgniter.php(353): CodeIgniter\CodeIgniter->handleRequest(NULL, Object(Config\Cache), false)
#9 C:\laragon\www\coffee\public\index.php(79): CodeIgniter\CodeIgniter->run()
#10 C:\laragon\www\coffee\system\Commands\Server\rewrite.php(47): require_once('C:\\laragon\\www\\...')
#11 {main}
CRITICAL - 2024-05-21 15:08:58 --> Unable to connect to the database.
Main connection [MySQLi]: Access denied for user '****'@'localhost' (using password: NO)
in SYSTEMPATH\Database\BaseConnection.php on line 427.
 1 SYSTEMPATH\Database\BaseConnection.php(574): CodeIgniter\Database\BaseConnection->initialize()
 2 SYSTEMPATH\Database\BaseBuilder.php(1615): CodeIgniter\Database\BaseConnection->query('SELECT Count(size)
FROM `cart_tbl`
WHERE `CustomerID` IS NULL
 LIMIT 1', [], false)
 3 SYSTEMPATH\Model.php(264): CodeIgniter\Database\BaseBuilder->get()
 4 SYSTEMPATH\BaseModel.php(662): CodeIgniter\Model->doFirst()
 5 APPPATH\Controllers\UserController.php(155): CodeIgniter\BaseModel->first()
 6 SYSTEMPATH\CodeIgniter.php(919): App\Controllers\UserController->home()
 7 SYSTEMPATH\CodeIgniter.php(494): CodeIgniter\CodeIgniter->runController(Object(App\Controllers\UserController))
 8 SYSTEMPATH\CodeIgniter.php(353): CodeIgniter\CodeIgniter->handleRequest(null, Object(Config\Cache), false)
 9 FCPATH\index.php(79): CodeIgniter\CodeIgniter->run()
10 SYSTEMPATH\Commands\Server\rewrite.php(47): require_once('C:\\laragon\\www\\coffee\\public\\index.php')
CRITICAL - 2024-05-21 15:53:17 --> Class "Mike42\Escpos\CapabilityProfiles\SimpleCapabilityProfile" not found
in APPPATH\Controllers\CartController.php on line 47.
 1 SYSTEMPATH\CodeIgniter.php(919): App\Controllers\CartController->printReceipt()
 2 SYSTEMPATH\CodeIgniter.php(494): CodeIgniter\CodeIgniter->runController(Object(App\Controllers\CartController))
 3 SYSTEMPATH\CodeIgniter.php(353): CodeIgniter\CodeIgniter->handleRequest(null, Object(Config\Cache), false)
 4 FCPATH\index.php(79): CodeIgniter\CodeIgniter->run()
 5 SYSTEMPATH\Commands\Server\rewrite.php(47): require_once('C:\\laragon\\www\\coffee\\public\\index.php')
CRITICAL - 2024-05-21 16:22:50 --> Class "Mike42\Escpos\CapabilityProfiles\SimpleCapabilityProfile" not found
in APPPATH\Controllers\CartController.php on line 46.
 1 SYSTEMPATH\CodeIgniter.php(919): App\Controllers\CartController->printReceipt()
 2 SYSTEMPATH\CodeIgniter.php(494): CodeIgniter\CodeIgniter->runController(Object(App\Controllers\CartController))
 3 SYSTEMPATH\CodeIgniter.php(353): CodeIgniter\CodeIgniter->handleRequest(null, Object(Config\Cache), false)
 4 FCPATH\index.php(79): CodeIgniter\CodeIgniter->run()
 5 SYSTEMPATH\Commands\Server\rewrite.php(47): require_once('C:\\laragon\\www\\coffee\\public\\index.php')
CRITICAL - 2024-05-21 16:42:03 --> Class "App\Libraries\ThermalPrinter\FilePrintConnector" not found
in APPPATH\Libraries\ThermalPrinter\ThermalPrinter.php on line 22.
 1 APPPATH\Controllers\AdminController.php(1974): App\Libraries\ThermalPrinter\ThermalPrinter->printReceipt('
            Your Store Name
            ----------------
            Item:         $10.00
            Item:         $15.00
            Total:        $25.00
            ----------------
            Thank you for shopping!
        ')
 2 SYSTEMPATH\CodeIgniter.php(919): App\Controllers\AdminController->printReceipt()
 3 SYSTEMPATH\CodeIgniter.php(494): CodeIgniter\CodeIgniter->runController(Object(App\Controllers\AdminController))
 4 SYSTEMPATH\CodeIgniter.php(353): CodeIgniter\CodeIgniter->handleRequest(null, Object(Config\Cache), false)
 5 FCPATH\index.php(79): CodeIgniter\CodeIgniter->run()
 6 SYSTEMPATH\Commands\Server\rewrite.php(47): require_once('C:\\laragon\\www\\coffee\\public\\index.php')
