CRITICAL - 2024-04-18 07:16:52 --> Undefined variable $mycart
in APPPATH\Views\user\cart.php on line 79.
 1 APPPATH\Views\user\cart.php(79): CodeIgniter\Debug\Exceptions->errorHandler(2, 'Undefined variable $mycart', 'C:\\laragon\\www\\coffee\\app\\Views\\user\\cart.php', 79)
 2 SYSTEMPATH\View\View.php(226): include('C:\\laragon\\www\\coffee\\app\\Views\\user\\cart.php')
 3 SYSTEMPATH\View\View.php(229): CodeIgniter\View\View->CodeIgniter\View\{closure}()
 4 SYSTEMPATH\Common.php(1188): CodeIgniter\View\View->render('/user/cart', [], true)
 5 APPPATH\Controllers\CartController.php(42): view('/user/cart', [...])
 6 SYSTEMPATH\CodeIgniter.php(919): App\Controllers\CartController->home_cart()
 7 SYSTEMPATH\CodeIgniter.php(494): CodeIgniter\CodeIgniter->runController(Object(App\Controllers\CartController))
 8 SYSTEMPATH\CodeIgniter.php(353): CodeIgniter\CodeIgniter->handleRequest(null, Object(Config\Cache), false)
 9 FCPATH\index.php(79): CodeIgniter\CodeIgniter->run()
10 SYSTEMPATH\Commands\Server\rewrite.php(47): require_once('C:\\laragon\\www\\coffee\\public\\index.php')
CRITICAL - 2024-04-18 08:32:29 --> Undefined array key "sum"
in APPPATH\Views\user\cart.php on line 78.
 1 APPPATH\Views\user\cart.php(78): CodeIgniter\Debug\Exceptions->errorHandler(2, 'Undefined array key "sum"', 'C:\\laragon\\www\\coffee\\app\\Views\\user\\cart.php', 78)
 2 SYSTEMPATH\View\View.php(226): include('C:\\laragon\\www\\coffee\\app\\Views\\user\\cart.php')
 3 SYSTEMPATH\View\View.php(229): CodeIgniter\View\View->CodeIgniter\View\{closure}()
 4 SYSTEMPATH\Common.php(1188): CodeIgniter\View\View->render('/user/cart', [], true)
 5 APPPATH\Controllers\CartController.php(42): view('/user/cart', [...])
 6 SYSTEMPATH\CodeIgniter.php(919): App\Controllers\CartController->home_cart()
 7 SYSTEMPATH\CodeIgniter.php(494): CodeIgniter\CodeIgniter->runController(Object(App\Controllers\CartController))
 8 SYSTEMPATH\CodeIgniter.php(353): CodeIgniter\CodeIgniter->handleRequest(null, Object(Config\Cache), false)
 9 FCPATH\index.php(79): CodeIgniter\CodeIgniter->run()
10 SYSTEMPATH\Commands\Server\rewrite.php(47): require_once('C:\\laragon\\www\\coffee\\public\\index.php')
CRITICAL - 2024-04-18 08:34:09 --> Undefined variable $cart
in APPPATH\Views\user\cart.php on line 79.
 1 APPPATH\Views\user\cart.php(79): CodeIgniter\Debug\Exceptions->errorHandler(2, 'Undefined variable $cart', 'C:\\laragon\\www\\coffee\\app\\Views\\user\\cart.php', 79)
 2 SYSTEMPATH\View\View.php(226): include('C:\\laragon\\www\\coffee\\app\\Views\\user\\cart.php')
 3 SYSTEMPATH\View\View.php(229): CodeIgniter\View\View->CodeIgniter\View\{closure}()
 4 SYSTEMPATH\Common.php(1188): CodeIgniter\View\View->render('/user/cart', [], true)
 5 APPPATH\Controllers\CartController.php(42): view('/user/cart', [...])
 6 SYSTEMPATH\CodeIgniter.php(919): App\Controllers\CartController->home_cart()
 7 SYSTEMPATH\CodeIgniter.php(494): CodeIgniter\CodeIgniter->runController(Object(App\Controllers\CartController))
 8 SYSTEMPATH\CodeIgniter.php(353): CodeIgniter\CodeIgniter->handleRequest(null, Object(Config\Cache), false)
 9 FCPATH\index.php(79): CodeIgniter\CodeIgniter->run()
10 SYSTEMPATH\Commands\Server\rewrite.php(47): require_once('C:\\laragon\\www\\coffee\\public\\index.php')
CRITICAL - 2024-04-18 11:54:39 --> Undefined array key "size"
in APPPATH\Views\user\addtocartmeal.php on line 17.
 1 APPPATH\Views\user\addtocartmeal.php(17): CodeIgniter\Debug\Exceptions->errorHandler(2, 'Undefined array key "size"', 'C:\\laragon\\www\\coffee\\app\\Views\\user\\addtocartmeal.php', 17)
 2 SYSTEMPATH\View\View.php(226): include('C:\\laragon\\www\\coffee\\app\\Views\\user\\addtocartmeal.php')
 3 SYSTEMPATH\View\View.php(229): CodeIgniter\View\View->CodeIgniter\View\{closure}()
 4 SYSTEMPATH\Common.php(1188): CodeIgniter\View\View->render('user/addtocartmeal', [], true)
 5 APPPATH\Controllers\CartController.php(141): view('user/addtocartmeal', [...])
 6 SYSTEMPATH\CodeIgniter.php(919): App\Controllers\CartController->getProd('17')
 7 SYSTEMPATH\CodeIgniter.php(494): CodeIgniter\CodeIgniter->runController(Object(App\Controllers\CartController))
 8 SYSTEMPATH\CodeIgniter.php(353): CodeIgniter\CodeIgniter->handleRequest(null, Object(Config\Cache), false)
 9 FCPATH\index.php(79): CodeIgniter\CodeIgniter->run()
10 SYSTEMPATH\Commands\Server\rewrite.php(47): require_once('C:\\laragon\\www\\coffee\\public\\index.php')
CRITICAL - 2024-04-18 11:57:30 --> Undefined array key "size"
in APPPATH\Views\user\addtocartmeal.php on line 17.
 1 APPPATH\Views\user\addtocartmeal.php(17): CodeIgniter\Debug\Exceptions->errorHandler(2, 'Undefined array key "size"', 'C:\\laragon\\www\\coffee\\app\\Views\\user\\addtocartmeal.php', 17)
 2 SYSTEMPATH\View\View.php(226): include('C:\\laragon\\www\\coffee\\app\\Views\\user\\addtocartmeal.php')
 3 SYSTEMPATH\View\View.php(229): CodeIgniter\View\View->CodeIgniter\View\{closure}()
 4 SYSTEMPATH\Common.php(1188): CodeIgniter\View\View->render('user/addtocartmeal', [], true)
 5 APPPATH\Controllers\CartController.php(141): view('user/addtocartmeal', [...])
 6 SYSTEMPATH\CodeIgniter.php(919): App\Controllers\CartController->getProd('17')
 7 SYSTEMPATH\CodeIgniter.php(494): CodeIgniter\CodeIgniter->runController(Object(App\Controllers\CartController))
 8 SYSTEMPATH\CodeIgniter.php(353): CodeIgniter\CodeIgniter->handleRequest(null, Object(Config\Cache), false)
 9 FCPATH\index.php(79): CodeIgniter\CodeIgniter->run()
10 SYSTEMPATH\Commands\Server\rewrite.php(47): require_once('C:\\laragon\\www\\coffee\\public\\index.php')
CRITICAL - 2024-04-18 12:46:06 --> Undefined variable $cart
in APPPATH\Views\user\ordermeal.php on line 13.
 1 APPPATH\Views\user\ordermeal.php(13): CodeIgniter\Debug\Exceptions->errorHandler(2, 'Undefined variable $cart', 'C:\\laragon\\www\\coffee\\app\\Views\\user\\ordermeal.php', 13)
 2 SYSTEMPATH\View\View.php(226): include('C:\\laragon\\www\\coffee\\app\\Views\\user\\ordermeal.php')
 3 SYSTEMPATH\View\View.php(229): CodeIgniter\View\View->CodeIgniter\View\{closure}()
 4 SYSTEMPATH\Common.php(1188): CodeIgniter\View\View->render('user/ordermeal', [], true)
 5 APPPATH\Controllers\OrderController.php(109): view('user/ordermeal', [...])
 6 SYSTEMPATH\CodeIgniter.php(919): App\Controllers\OrderController->myOrdersmeal('2')
 7 SYSTEMPATH\CodeIgniter.php(494): CodeIgniter\CodeIgniter->runController(Object(App\Controllers\OrderController))
 8 SYSTEMPATH\CodeIgniter.php(353): CodeIgniter\CodeIgniter->handleRequest(null, Object(Config\Cache), false)
 9 FCPATH\index.php(79): CodeIgniter\CodeIgniter->run()
10 SYSTEMPATH\Commands\Server\rewrite.php(47): require_once('C:\\laragon\\www\\coffee\\public\\index.php')
ERROR - 2024-04-18 13:19:14 --> mysqli_sql_exception: Column 'TableType' cannot be null in C:\laragon\www\coffee\system\Database\MySQLi\Connection.php:306
Stack trace:
#0 C:\laragon\www\coffee\system\Database\MySQLi\Connection.php(306): mysqli->query('INSERT INTO `ta...', 0)
#1 C:\laragon\www\coffee\system\Database\BaseConnection.php(692): CodeIgniter\Database\MySQLi\Connection->execute('INSERT INTO `ta...')
#2 C:\laragon\www\coffee\system\Database\BaseConnection.php(606): CodeIgniter\Database\BaseConnection->simpleQuery('INSERT INTO `ta...')
#3 C:\laragon\www\coffee\system\Database\BaseBuilder.php(2308): CodeIgniter\Database\BaseConnection->query('INSERT INTO `ta...', Array, false)
#4 C:\laragon\www\coffee\system\Model.php(319): CodeIgniter\Database\BaseBuilder->insert()
#5 C:\laragon\www\coffee\system\BaseModel.php(788): CodeIgniter\Model->doInsert(Array)
#6 C:\laragon\www\coffee\system\Model.php(715): CodeIgniter\BaseModel->insert(Array, false)
#7 C:\laragon\www\coffee\system\BaseModel.php(698): CodeIgniter\Model->insert(Array, false)
#8 C:\laragon\www\coffee\app\Controllers\ReservationController.php(30): CodeIgniter\BaseModel->save(Array)
#9 C:\laragon\www\coffee\system\CodeIgniter.php(919): App\Controllers\ReservationController->reservation()
#10 C:\laragon\www\coffee\system\CodeIgniter.php(494): CodeIgniter\CodeIgniter->runController(Object(App\Controllers\ReservationController))
#11 C:\laragon\www\coffee\system\CodeIgniter.php(353): CodeIgniter\CodeIgniter->handleRequest(NULL, Object(Config\Cache), false)
#12 C:\laragon\www\coffee\public\index.php(79): CodeIgniter\CodeIgniter->run()
#13 C:\laragon\www\coffee\system\Commands\Server\rewrite.php(47): require_once('C:\\laragon\\www\\...')
#14 {main}
CRITICAL - 2024-04-18 13:19:14 --> Column 'TableType' cannot be null
in SYSTEMPATH\Database\BaseConnection.php on line 646.
 1 SYSTEMPATH\Database\BaseBuilder.php(2308): CodeIgniter\Database\BaseConnection->query('INSERT INTO `tablereservation` (`CustomerID`, `apppointmentDate`, `Message`, `TableType`) VALUES (:CustomerID:, :apppointmentDate:, :Message:, :TableType:)', [...], false)
 2 SYSTEMPATH\Model.php(319): CodeIgniter\Database\BaseBuilder->insert()
 3 SYSTEMPATH\BaseModel.php(788): CodeIgniter\Model->doInsert([...])
 4 SYSTEMPATH\Model.php(715): CodeIgniter\BaseModel->insert([...], false)
 5 SYSTEMPATH\BaseModel.php(698): CodeIgniter\Model->insert([...], false)
 6 APPPATH\Controllers\ReservationController.php(30): CodeIgniter\BaseModel->save([...])
 7 SYSTEMPATH\CodeIgniter.php(919): App\Controllers\ReservationController->reservation()
 8 SYSTEMPATH\CodeIgniter.php(494): CodeIgniter\CodeIgniter->runController(Object(App\Controllers\ReservationController))
 9 SYSTEMPATH\CodeIgniter.php(353): CodeIgniter\CodeIgniter->handleRequest(null, Object(Config\Cache), false)
10 FCPATH\index.php(79): CodeIgniter\CodeIgniter->run()
11 SYSTEMPATH\Commands\Server\rewrite.php(47): require_once('C:\\laragon\\www\\coffee\\public\\index.php')
