CRITICAL - 2024-05-30 00:15:57 --> Cannot use object of type stdClass as array
in APPPATH\Views\admin\dashboard.php on line 77.
 1 SYSTEMPATH\View\View.php(226): include()
 2 SYSTEMPATH\View\View.php(229): CodeIgniter\View\View->CodeIgniter\View\{closure}()
 3 SYSTEMPATH\Common.php(1188): CodeIgniter\View\View->render('admin/dashboard', [], true)
 4 APPPATH\Controllers\VisualizationController.php(209): view('admin/dashboard', [...])
 5 SYSTEMPATH\CodeIgniter.php(919): App\Controllers\VisualizationController->allChart()
 6 SYSTEMPATH\CodeIgniter.php(494): CodeIgniter\CodeIgniter->runController(Object(App\Controllers\VisualizationController))
 7 SYSTEMPATH\CodeIgniter.php(353): CodeIgniter\CodeIgniter->handleRequest(null, Object(Config\Cache), false)
 8 FCPATH\index.php(79): CodeIgniter\CodeIgniter->run()
 9 SYSTEMPATH\Commands\Server\rewrite.php(47): require_once('C:\\laragon\\www\\coffee\\public\\index.php')
CRITICAL - 2024-05-30 00:31:37 --> Attempt to read property "total_sales" on array
in APPPATH\Views\admin\dashboard.php on line 63.
 1 APPPATH\Views\admin\dashboard.php(63): CodeIgniter\Debug\Exceptions->errorHandler(2, 'Attempt to read property "total_sales" on array', 'C:\\laragon\\www\\coffee\\app\\Views\\admin\\dashboard.php', 63)
 2 SYSTEMPATH\View\View.php(226): include('C:\\laragon\\www\\coffee\\app\\Views\\admin\\dashboard.php')
 3 SYSTEMPATH\View\View.php(229): CodeIgniter\View\View->CodeIgniter\View\{closure}()
 4 SYSTEMPATH\Common.php(1188): CodeIgniter\View\View->render('admin/dashboard', [], true)
 5 APPPATH\Controllers\VisualizationController.php(209): view('admin/dashboard', [...])
 6 SYSTEMPATH\CodeIgniter.php(919): App\Controllers\VisualizationController->allChart()
 7 SYSTEMPATH\CodeIgniter.php(494): CodeIgniter\CodeIgniter->runController(Object(App\Controllers\VisualizationController))
 8 SYSTEMPATH\CodeIgniter.php(353): CodeIgniter\CodeIgniter->handleRequest(null, Object(Config\Cache), false)
 9 FCPATH\index.php(79): CodeIgniter\CodeIgniter->run()
10 SYSTEMPATH\Commands\Server\rewrite.php(47): require_once('C:\\laragon\\www\\coffee\\public\\index.php')
CRITICAL - 2024-05-30 00:37:15 --> foreach() argument must be of type array|object, null given
in APPPATH\Views\admin\GetMyExpensesAndCost.php on line 11.
 1 APPPATH\Views\admin\GetMyExpensesAndCost.php(11): CodeIgniter\Debug\Exceptions->errorHandler(2, 'foreach() argument must be of type array|object, null given', 'C:\\laragon\\www\\coffee\\app\\Views\\admin\\GetMyExpensesAndCost.php', 11)
 2 SYSTEMPATH\View\View.php(226): include('C:\\laragon\\www\\coffee\\app\\Views\\admin\\GetMyExpensesAndCost.php')
 3 SYSTEMPATH\View\View.php(229): CodeIgniter\View\View->CodeIgniter\View\{closure}()
 4 SYSTEMPATH\Common.php(1188): CodeIgniter\View\View->render('admin/GetMyExpensesAndCost', [], true)
 5 APPPATH\Controllers\VisualizationController.php(523): view('admin/GetMyExpensesAndCost', [...])
 6 SYSTEMPATH\CodeIgniter.php(919): App\Controllers\VisualizationController->InsertExpenses()
 7 SYSTEMPATH\CodeIgniter.php(494): CodeIgniter\CodeIgniter->runController(Object(App\Controllers\VisualizationController))
 8 SYSTEMPATH\CodeIgniter.php(353): CodeIgniter\CodeIgniter->handleRequest(null, Object(Config\Cache), false)
 9 FCPATH\index.php(79): CodeIgniter\CodeIgniter->run()
10 SYSTEMPATH\Commands\Server\rewrite.php(47): require_once('C:\\laragon\\www\\coffee\\public\\index.php')
CRITICAL - 2024-05-30 00:50:06 --> syntax error, unexpected end of file, expecting "elseif" or "else" or "endif"
in APPPATH\Views\admin\GetMyExpensesAndCost.php on line 31.
 1 SYSTEMPATH\View\View.php(229): CodeIgniter\View\View->CodeIgniter\View\{closure}()
 2 SYSTEMPATH\Common.php(1188): CodeIgniter\View\View->render('admin/GetMyExpensesAndCost', [], true)
 3 APPPATH\Controllers\VisualizationController.php(527): view('admin/GetMyExpensesAndCost', [...])
 4 SYSTEMPATH\CodeIgniter.php(919): App\Controllers\VisualizationController->InsertExpenses()
 5 SYSTEMPATH\CodeIgniter.php(494): CodeIgniter\CodeIgniter->runController(Object(App\Controllers\VisualizationController))
 6 SYSTEMPATH\CodeIgniter.php(353): CodeIgniter\CodeIgniter->handleRequest(null, Object(Config\Cache), false)
 7 FCPATH\index.php(79): CodeIgniter\CodeIgniter->run()
 8 SYSTEMPATH\Commands\Server\rewrite.php(47): require_once('C:\\laragon\\www\\coffee\\public\\index.php')
CRITICAL - 2024-05-30 00:52:40 --> foreach() argument must be of type array|object, bool given
in APPPATH\Views\admin\GetMyExpensesAndCost.php on line 11.
 1 APPPATH\Views\admin\GetMyExpensesAndCost.php(11): CodeIgniter\Debug\Exceptions->errorHandler(2, 'foreach() argument must be of type array|object, bool given', 'C:\\laragon\\www\\coffee\\app\\Views\\admin\\GetMyExpensesAndCost.php', 11)
 2 SYSTEMPATH\View\View.php(226): include('C:\\laragon\\www\\coffee\\app\\Views\\admin\\GetMyExpensesAndCost.php')
 3 SYSTEMPATH\View\View.php(229): CodeIgniter\View\View->CodeIgniter\View\{closure}()
 4 SYSTEMPATH\Common.php(1188): CodeIgniter\View\View->render('admin/GetMyExpensesAndCost', [], true)
 5 APPPATH\Controllers\VisualizationController.php(527): view('admin/GetMyExpensesAndCost', [...])
 6 SYSTEMPATH\CodeIgniter.php(919): App\Controllers\VisualizationController->InsertExpenses()
 7 SYSTEMPATH\CodeIgniter.php(494): CodeIgniter\CodeIgniter->runController(Object(App\Controllers\VisualizationController))
 8 SYSTEMPATH\CodeIgniter.php(353): CodeIgniter\CodeIgniter->handleRequest(null, Object(Config\Cache), false)
 9 FCPATH\index.php(79): CodeIgniter\CodeIgniter->run()
10 SYSTEMPATH\Commands\Server\rewrite.php(47): require_once('C:\\laragon\\www\\coffee\\public\\index.php')
CRITICAL - 2024-05-30 01:17:44 --> foreach() argument must be of type array|object, string given
in APPPATH\Views\admin\GetMyExpensesAndCost.php on line 19.
 1 APPPATH\Views\admin\GetMyExpensesAndCost.php(19): CodeIgniter\Debug\Exceptions->errorHandler(2, 'foreach() argument must be of type array|object, string given', 'C:\\laragon\\www\\coffee\\app\\Views\\admin\\GetMyExpensesAndCost.php', 19)
 2 SYSTEMPATH\View\View.php(226): include('C:\\laragon\\www\\coffee\\app\\Views\\admin\\GetMyExpensesAndCost.php')
 3 SYSTEMPATH\View\View.php(229): CodeIgniter\View\View->CodeIgniter\View\{closure}()
 4 SYSTEMPATH\Common.php(1188): CodeIgniter\View\View->render('admin/GetMyExpensesAndCost', [], true)
 5 APPPATH\Controllers\VisualizationController.php(527): view('admin/GetMyExpensesAndCost', [...])
 6 SYSTEMPATH\CodeIgniter.php(919): App\Controllers\VisualizationController->InsertExpenses()
 7 SYSTEMPATH\CodeIgniter.php(494): CodeIgniter\CodeIgniter->runController(Object(App\Controllers\VisualizationController))
 8 SYSTEMPATH\CodeIgniter.php(353): CodeIgniter\CodeIgniter->handleRequest(null, Object(Config\Cache), false)
 9 FCPATH\index.php(79): CodeIgniter\CodeIgniter->run()
10 SYSTEMPATH\Commands\Server\rewrite.php(47): require_once('C:\\laragon\\www\\coffee\\public\\index.php')
CRITICAL - 2024-05-30 02:26:42 --> Array to string conversion
in APPPATH\Views\admin\viewreportPerday.php on line 11.
 1 APPPATH\Views\admin\viewreportPerday.php(11): CodeIgniter\Debug\Exceptions->errorHandler(2, 'Array to string conversion', 'C:\\laragon\\www\\coffee\\app\\Views\\admin\\viewreportPerday.php', 11)
 2 SYSTEMPATH\View\View.php(226): include('C:\\laragon\\www\\coffee\\app\\Views\\admin\\viewreportPerday.php')
 3 SYSTEMPATH\View\View.php(229): CodeIgniter\View\View->CodeIgniter\View\{closure}()
 4 SYSTEMPATH\Common.php(1188): CodeIgniter\View\View->render('admin/viewReportPerday', [], true)
 5 APPPATH\Controllers\VisualizationController.php(536): view('admin/viewReportPerday', [...])
 6 SYSTEMPATH\CodeIgniter.php(919): App\Controllers\VisualizationController->viewReport()
 7 SYSTEMPATH\CodeIgniter.php(494): CodeIgniter\CodeIgniter->runController(Object(App\Controllers\VisualizationController))
 8 SYSTEMPATH\CodeIgniter.php(353): CodeIgniter\CodeIgniter->handleRequest(null, Object(Config\Cache), false)
 9 FCPATH\index.php(79): CodeIgniter\CodeIgniter->run()
10 SYSTEMPATH\Commands\Server\rewrite.php(47): require_once('C:\\laragon\\www\\coffee\\public\\index.php')
CRITICAL - 2024-05-30 02:29:13 --> Undefined variable $year
in APPPATH\Views\admin\viewreportPerday.php on line 7.
 1 APPPATH\Views\admin\viewreportPerday.php(7): CodeIgniter\Debug\Exceptions->errorHandler(2, 'Undefined variable $year', 'C:\\laragon\\www\\coffee\\app\\Views\\admin\\viewreportPerday.php', 7)
 2 SYSTEMPATH\View\View.php(226): include('C:\\laragon\\www\\coffee\\app\\Views\\admin\\viewreportPerday.php')
 3 SYSTEMPATH\View\View.php(229): CodeIgniter\View\View->CodeIgniter\View\{closure}()
 4 SYSTEMPATH\Common.php(1188): CodeIgniter\View\View->render('admin/viewReportPerday', [], true)
 5 APPPATH\Controllers\VisualizationController.php(536): view('admin/viewReportPerday', [...])
 6 SYSTEMPATH\CodeIgniter.php(919): App\Controllers\VisualizationController->viewReport()
 7 SYSTEMPATH\CodeIgniter.php(494): CodeIgniter\CodeIgniter->runController(Object(App\Controllers\VisualizationController))
 8 SYSTEMPATH\CodeIgniter.php(353): CodeIgniter\CodeIgniter->handleRequest(null, Object(Config\Cache), false)
 9 FCPATH\index.php(79): CodeIgniter\CodeIgniter->run()
10 SYSTEMPATH\Commands\Server\rewrite.php(47): require_once('C:\\laragon\\www\\coffee\\public\\index.php')
CRITICAL - 2024-05-30 02:51:34 --> Array to string conversion
in APPPATH\Views\admin\viewreportPerday.php on line 76.
 1 APPPATH\Views\admin\viewreportPerday.php(76): CodeIgniter\Debug\Exceptions->errorHandler(2, 'Array to string conversion', 'C:\\laragon\\www\\coffee\\app\\Views\\admin\\viewreportPerday.php', 76)
 2 SYSTEMPATH\View\View.php(226): include('C:\\laragon\\www\\coffee\\app\\Views\\admin\\viewreportPerday.php')
 3 SYSTEMPATH\View\View.php(229): CodeIgniter\View\View->CodeIgniter\View\{closure}()
 4 SYSTEMPATH\Common.php(1188): CodeIgniter\View\View->render('admin/viewReportPerday', [], true)
 5 APPPATH\Controllers\VisualizationController.php(587): view('admin/viewReportPerday', [...])
 6 SYSTEMPATH\CodeIgniter.php(919): App\Controllers\VisualizationController->viewReport()
 7 SYSTEMPATH\CodeIgniter.php(494): CodeIgniter\CodeIgniter->runController(Object(App\Controllers\VisualizationController))
 8 SYSTEMPATH\CodeIgniter.php(353): CodeIgniter\CodeIgniter->handleRequest(null, Object(Config\Cache), false)
 9 FCPATH\index.php(79): CodeIgniter\CodeIgniter->run()
10 SYSTEMPATH\Commands\Server\rewrite.php(47): require_once('C:\\laragon\\www\\coffee\\public\\index.php')
CRITICAL - 2024-05-30 03:41:00 --> Unsupported operand types: string - string
in APPPATH\Controllers\VisualizationController.php on line 572.
 1 SYSTEMPATH\CodeIgniter.php(919): App\Controllers\VisualizationController->viewReport()
 2 SYSTEMPATH\CodeIgniter.php(494): CodeIgniter\CodeIgniter->runController(Object(App\Controllers\VisualizationController))
 3 SYSTEMPATH\CodeIgniter.php(353): CodeIgniter\CodeIgniter->handleRequest(null, Object(Config\Cache), false)
 4 FCPATH\index.php(79): CodeIgniter\CodeIgniter->run()
 5 SYSTEMPATH\Commands\Server\rewrite.php(47): require_once('C:\\laragon\\www\\coffee\\public\\index.php')
CRITICAL - 2024-05-30 03:41:03 --> Unsupported operand types: string - string
in APPPATH\Controllers\VisualizationController.php on line 572.
 1 SYSTEMPATH\CodeIgniter.php(919): App\Controllers\VisualizationController->viewReport()
 2 SYSTEMPATH\CodeIgniter.php(494): CodeIgniter\CodeIgniter->runController(Object(App\Controllers\VisualizationController))
 3 SYSTEMPATH\CodeIgniter.php(353): CodeIgniter\CodeIgniter->handleRequest(null, Object(Config\Cache), false)
 4 FCPATH\index.php(79): CodeIgniter\CodeIgniter->run()
 5 SYSTEMPATH\Commands\Server\rewrite.php(47): require_once('C:\\laragon\\www\\coffee\\public\\index.php')
CRITICAL - 2024-05-30 04:33:39 --> There is no data to update.
in SYSTEMPATH\BaseModel.php on line 930.
 1 SYSTEMPATH\BaseModel.php(930): CodeIgniter\Database\Exceptions\DataException::forEmptyDataset('update')
 2 SYSTEMPATH\Model.php(776): CodeIgniter\BaseModel->update([...], [])
 3 APPPATH\Controllers\CartController.php(147): CodeIgniter\Model->update([...], [...])
 4 SYSTEMPATH\CodeIgniter.php(919): App\Controllers\CartController->addtocart('2')
 5 SYSTEMPATH\CodeIgniter.php(494): CodeIgniter\CodeIgniter->runController(Object(App\Controllers\CartController))
 6 SYSTEMPATH\CodeIgniter.php(353): CodeIgniter\CodeIgniter->handleRequest(null, Object(Config\Cache), false)
 7 FCPATH\index.php(79): CodeIgniter\CodeIgniter->run()
 8 SYSTEMPATH\Commands\Server\rewrite.php(47): require_once('C:\\laragon\\www\\coffee\\public\\index.php')
CRITICAL - 2024-05-30 06:01:18 --> Undefined variable $cart
in APPPATH\Views\user\ordermeal.php on line 18.
 1 APPPATH\Views\user\ordermeal.php(18): CodeIgniter\Debug\Exceptions->errorHandler(2, 'Undefined variable $cart', 'C:\\laragon\\www\\coffee\\app\\Views\\user\\ordermeal.php', 18)
 2 SYSTEMPATH\View\View.php(226): include('C:\\laragon\\www\\coffee\\app\\Views\\user\\ordermeal.php')
 3 SYSTEMPATH\View\View.php(229): CodeIgniter\View\View->CodeIgniter\View\{closure}()
 4 SYSTEMPATH\Common.php(1188): CodeIgniter\View\View->render('user/ordermeal', [], true)
 5 APPPATH\Controllers\OrderController.php(143): view('user/ordermeal', [...])
 6 SYSTEMPATH\CodeIgniter.php(919): App\Controllers\OrderController->myOrdersmeal('2')
 7 SYSTEMPATH\CodeIgniter.php(494): CodeIgniter\CodeIgniter->runController(Object(App\Controllers\OrderController))
 8 SYSTEMPATH\CodeIgniter.php(353): CodeIgniter\CodeIgniter->handleRequest(null, Object(Config\Cache), false)
 9 FCPATH\index.php(79): CodeIgniter\CodeIgniter->run()
10 SYSTEMPATH\Commands\Server\rewrite.php(47): require_once('C:\\laragon\\www\\coffee\\public\\index.php')
CRITICAL - 2024-05-30 06:51:02 --> Undefined variable $CustomerID
in APPPATH\Views\user\checkoutorder.php on line 133.
 1 APPPATH\Views\user\checkoutorder.php(133): CodeIgniter\Debug\Exceptions->errorHandler(2, 'Undefined variable $CustomerID', 'C:\\laragon\\www\\coffee\\app\\Views\\user\\checkoutorder.php', 133)
 2 SYSTEMPATH\View\View.php(226): include('C:\\laragon\\www\\coffee\\app\\Views\\user\\checkoutorder.php')
 3 SYSTEMPATH\View\View.php(229): CodeIgniter\View\View->CodeIgniter\View\{closure}()
 4 SYSTEMPATH\Common.php(1188): CodeIgniter\View\View->render('user/checkoutorder', [], true)
 5 APPPATH\Controllers\OrderController.php(135): view('user/checkoutorder', [...])
 6 SYSTEMPATH\CodeIgniter.php(919): App\Controllers\OrderController->placeToOrder()
 7 SYSTEMPATH\CodeIgniter.php(494): CodeIgniter\CodeIgniter->runController(Object(App\Controllers\OrderController))
 8 SYSTEMPATH\CodeIgniter.php(353): CodeIgniter\CodeIgniter->handleRequest(null, Object(Config\Cache), false)
 9 FCPATH\index.php(79): CodeIgniter\CodeIgniter->run()
10 SYSTEMPATH\Commands\Server\rewrite.php(47): require_once('C:\\laragon\\www\\coffee\\public\\index.php')
CRITICAL - 2024-05-30 07:04:56 --> Call to undefined method App\Controllers\OrderController::placeOrder()
in APPPATH\Controllers\OrderController.php on line 433.
 1 SYSTEMPATH\CodeIgniter.php(919): App\Controllers\OrderController->paymentOrder()
 2 SYSTEMPATH\CodeIgniter.php(494): CodeIgniter\CodeIgniter->runController(Object(App\Controllers\OrderController))
 3 SYSTEMPATH\CodeIgniter.php(353): CodeIgniter\CodeIgniter->handleRequest(null, Object(Config\Cache), false)
 4 FCPATH\index.php(79): CodeIgniter\CodeIgniter->run()
 5 SYSTEMPATH\Commands\Server\rewrite.php(47): require_once('C:\\laragon\\www\\coffee\\public\\index.php')
CRITICAL - 2024-05-30 07:25:52 --> Call to undefined function number()
in APPPATH\Views\admin\viewreportPerday.php on line 76.
 1 SYSTEMPATH\View\View.php(226): include()
 2 SYSTEMPATH\View\View.php(229): CodeIgniter\View\View->CodeIgniter\View\{closure}()
 3 SYSTEMPATH\Common.php(1188): CodeIgniter\View\View->render('admin/viewReportPerday', [], true)
 4 APPPATH\Controllers\VisualizationController.php(586): view('admin/viewReportPerday', [...])
 5 SYSTEMPATH\CodeIgniter.php(919): App\Controllers\VisualizationController->viewReport()
 6 SYSTEMPATH\CodeIgniter.php(494): CodeIgniter\CodeIgniter->runController(Object(App\Controllers\VisualizationController))
 7 SYSTEMPATH\CodeIgniter.php(353): CodeIgniter\CodeIgniter->handleRequest(null, Object(Config\Cache), false)
 8 FCPATH\index.php(79): CodeIgniter\CodeIgniter->run()
 9 SYSTEMPATH\Commands\Server\rewrite.php(47): require_once('C:\\laragon\\www\\coffee\\public\\index.php')
CRITICAL - 2024-05-30 07:26:08 --> Call to undefined function number()
in APPPATH\Views\admin\viewreportPerday.php on line 76.
 1 SYSTEMPATH\View\View.php(226): include()
 2 SYSTEMPATH\View\View.php(229): CodeIgniter\View\View->CodeIgniter\View\{closure}()
 3 SYSTEMPATH\Common.php(1188): CodeIgniter\View\View->render('admin/viewReportPerday', [], true)
 4 APPPATH\Controllers\VisualizationController.php(586): view('admin/viewReportPerday', [...])
 5 SYSTEMPATH\CodeIgniter.php(919): App\Controllers\VisualizationController->viewReport()
 6 SYSTEMPATH\CodeIgniter.php(494): CodeIgniter\CodeIgniter->runController(Object(App\Controllers\VisualizationController))
 7 SYSTEMPATH\CodeIgniter.php(353): CodeIgniter\CodeIgniter->handleRequest(null, Object(Config\Cache), false)
 8 FCPATH\index.php(79): CodeIgniter\CodeIgniter->run()
 9 SYSTEMPATH\Commands\Server\rewrite.php(47): require_once('C:\\laragon\\www\\coffee\\public\\index.php')
CRITICAL - 2024-05-30 07:49:39 --> Undefined variable $months
in APPPATH\Controllers\VisualizationController.php on line 379.
 1 APPPATH\Controllers\VisualizationController.php(379): CodeIgniter\Debug\Exceptions->errorHandler(2, 'Undefined variable $months', 'C:\\laragon\\www\\coffee\\app\\Controllers\\VisualizationController.php', 379)
 2 SYSTEMPATH\CodeIgniter.php(919): App\Controllers\VisualizationController->salesReportPerDay()
 3 SYSTEMPATH\CodeIgniter.php(494): CodeIgniter\CodeIgniter->runController(Object(App\Controllers\VisualizationController))
 4 SYSTEMPATH\CodeIgniter.php(353): CodeIgniter\CodeIgniter->handleRequest(null, Object(Config\Cache), false)
 5 FCPATH\index.php(79): CodeIgniter\CodeIgniter->run()
 6 SYSTEMPATH\Commands\Server\rewrite.php(47): require_once('C:\\laragon\\www\\coffee\\public\\index.php')
CRITICAL - 2024-05-30 07:49:56 --> foreach() argument must be of type array|object, null given
in APPPATH\Controllers\VisualizationController.php on line 392.
 1 APPPATH\Controllers\VisualizationController.php(392): CodeIgniter\Debug\Exceptions->errorHandler(2, 'foreach() argument must be of type array|object, null given', 'C:\\laragon\\www\\coffee\\app\\Controllers\\VisualizationController.php', 392)
 2 SYSTEMPATH\CodeIgniter.php(919): App\Controllers\VisualizationController->salesReportPerDay()
 3 SYSTEMPATH\CodeIgniter.php(494): CodeIgniter\CodeIgniter->runController(Object(App\Controllers\VisualizationController))
 4 SYSTEMPATH\CodeIgniter.php(353): CodeIgniter\CodeIgniter->handleRequest(null, Object(Config\Cache), false)
 5 FCPATH\index.php(79): CodeIgniter\CodeIgniter->run()
 6 SYSTEMPATH\Commands\Server\rewrite.php(47): require_once('C:\\laragon\\www\\coffee\\public\\index.php')
CRITICAL - 2024-05-30 07:50:10 --> foreach() argument must be of type array|object, null given
in APPPATH\Controllers\VisualizationController.php on line 392.
 1 APPPATH\Controllers\VisualizationController.php(392): CodeIgniter\Debug\Exceptions->errorHandler(2, 'foreach() argument must be of type array|object, null given', 'C:\\laragon\\www\\coffee\\app\\Controllers\\VisualizationController.php', 392)
 2 SYSTEMPATH\CodeIgniter.php(919): App\Controllers\VisualizationController->salesReportPerDay()
 3 SYSTEMPATH\CodeIgniter.php(494): CodeIgniter\CodeIgniter->runController(Object(App\Controllers\VisualizationController))
 4 SYSTEMPATH\CodeIgniter.php(353): CodeIgniter\CodeIgniter->handleRequest(null, Object(Config\Cache), false)
 5 FCPATH\index.php(79): CodeIgniter\CodeIgniter->run()
 6 SYSTEMPATH\Commands\Server\rewrite.php(47): require_once('C:\\laragon\\www\\coffee\\public\\index.php')
CRITICAL - 2024-05-30 07:50:31 --> Cannot access offset of type string on string
in APPPATH\Controllers\VisualizationController.php on line 395.
 1 SYSTEMPATH\CodeIgniter.php(919): App\Controllers\VisualizationController->salesReportPerDay()
 2 SYSTEMPATH\CodeIgniter.php(494): CodeIgniter\CodeIgniter->runController(Object(App\Controllers\VisualizationController))
 3 SYSTEMPATH\CodeIgniter.php(353): CodeIgniter\CodeIgniter->handleRequest(null, Object(Config\Cache), false)
 4 FCPATH\index.php(79): CodeIgniter\CodeIgniter->run()
 5 SYSTEMPATH\Commands\Server\rewrite.php(47): require_once('C:\\laragon\\www\\coffee\\public\\index.php')
CRITICAL - 2024-05-30 07:51:06 --> Cannot access offset of type string on string
in APPPATH\Controllers\VisualizationController.php on line 394.
 1 SYSTEMPATH\CodeIgniter.php(919): App\Controllers\VisualizationController->salesReportPerDay()
 2 SYSTEMPATH\CodeIgniter.php(494): CodeIgniter\CodeIgniter->runController(Object(App\Controllers\VisualizationController))
 3 SYSTEMPATH\CodeIgniter.php(353): CodeIgniter\CodeIgniter->handleRequest(null, Object(Config\Cache), false)
 4 FCPATH\index.php(79): CodeIgniter\CodeIgniter->run()
 5 SYSTEMPATH\Commands\Server\rewrite.php(47): require_once('C:\\laragon\\www\\coffee\\public\\index.php')
CRITICAL - 2024-05-30 13:17:53 --> Cell coordinate string can not be a range of cells.
in VENDORPATH\phpoffice\phpspreadsheet\src\PhpSpreadsheet\Worksheet\Worksheet.php on line 1224.
 1 VENDORPATH\phpoffice\phpspreadsheet\src\PhpSpreadsheet\Worksheet\Worksheet.php(1173): PhpOffice\PhpSpreadsheet\Worksheet\Worksheet->getWorksheetAndCoordinate('A:11')
 2 VENDORPATH\phpoffice\phpspreadsheet\src\PhpSpreadsheet\Worksheet\Worksheet.php(1117): PhpOffice\PhpSpreadsheet\Worksheet\Worksheet->getCell('A:11')
 3 APPPATH\Controllers\VisualizationController.php(404): PhpOffice\PhpSpreadsheet\Worksheet\Worksheet->setCellValue('A:11', 'Expenses')
 4 SYSTEMPATH\CodeIgniter.php(919): App\Controllers\VisualizationController->salesReportPerDay()
 5 SYSTEMPATH\CodeIgniter.php(494): CodeIgniter\CodeIgniter->runController(Object(App\Controllers\VisualizationController))
 6 SYSTEMPATH\CodeIgniter.php(353): CodeIgniter\CodeIgniter->handleRequest(null, Object(Config\Cache), false)
 7 FCPATH\index.php(79): CodeIgniter\CodeIgniter->run()
 8 SYSTEMPATH\Commands\Server\rewrite.php(47): require_once('C:\\laragon\\www\\coffee\\public\\index.php')
CRITICAL - 2024-05-30 13:18:16 --> Cell coordinate string can not be a range of cells.
in VENDORPATH\phpoffice\phpspreadsheet\src\PhpSpreadsheet\Worksheet\Worksheet.php on line 1224.
 1 VENDORPATH\phpoffice\phpspreadsheet\src\PhpSpreadsheet\Worksheet\Worksheet.php(1173): PhpOffice\PhpSpreadsheet\Worksheet\Worksheet->getWorksheetAndCoordinate('A:11')
 2 VENDORPATH\phpoffice\phpspreadsheet\src\PhpSpreadsheet\Worksheet\Worksheet.php(1117): PhpOffice\PhpSpreadsheet\Worksheet\Worksheet->getCell('A:11')
 3 APPPATH\Controllers\VisualizationController.php(404): PhpOffice\PhpSpreadsheet\Worksheet\Worksheet->setCellValue('A:11', 'Expenses')
 4 SYSTEMPATH\CodeIgniter.php(919): App\Controllers\VisualizationController->salesReportPerDay()
 5 SYSTEMPATH\CodeIgniter.php(494): CodeIgniter\CodeIgniter->runController(Object(App\Controllers\VisualizationController))
 6 SYSTEMPATH\CodeIgniter.php(353): CodeIgniter\CodeIgniter->handleRequest(null, Object(Config\Cache), false)
 7 FCPATH\index.php(79): CodeIgniter\CodeIgniter->run()
 8 SYSTEMPATH\Commands\Server\rewrite.php(47): require_once('C:\\laragon\\www\\coffee\\public\\index.php')
CRITICAL - 2024-05-30 13:18:24 --> Cell coordinate string can not be a range of cells.
in VENDORPATH\phpoffice\phpspreadsheet\src\PhpSpreadsheet\Worksheet\Worksheet.php on line 1224.
 1 VENDORPATH\phpoffice\phpspreadsheet\src\PhpSpreadsheet\Worksheet\Worksheet.php(1173): PhpOffice\PhpSpreadsheet\Worksheet\Worksheet->getWorksheetAndCoordinate('A:11')
 2 VENDORPATH\phpoffice\phpspreadsheet\src\PhpSpreadsheet\Worksheet\Worksheet.php(1117): PhpOffice\PhpSpreadsheet\Worksheet\Worksheet->getCell('A:11')
 3 APPPATH\Controllers\VisualizationController.php(404): PhpOffice\PhpSpreadsheet\Worksheet\Worksheet->setCellValue('A:11', 'Expenses')
 4 SYSTEMPATH\CodeIgniter.php(919): App\Controllers\VisualizationController->salesReportPerDay()
 5 SYSTEMPATH\CodeIgniter.php(494): CodeIgniter\CodeIgniter->runController(Object(App\Controllers\VisualizationController))
 6 SYSTEMPATH\CodeIgniter.php(353): CodeIgniter\CodeIgniter->handleRequest(null, Object(Config\Cache), false)
 7 FCPATH\index.php(79): CodeIgniter\CodeIgniter->run()
 8 SYSTEMPATH\Commands\Server\rewrite.php(47): require_once('C:\\laragon\\www\\coffee\\public\\index.php')
CRITICAL - 2024-05-30 13:19:01 --> Cell coordinate string can not be a range of cells.
in VENDORPATH\phpoffice\phpspreadsheet\src\PhpSpreadsheet\Worksheet\Worksheet.php on line 1224.
 1 VENDORPATH\phpoffice\phpspreadsheet\src\PhpSpreadsheet\Worksheet\Worksheet.php(1173): PhpOffice\PhpSpreadsheet\Worksheet\Worksheet->getWorksheetAndCoordinate('A:11')
 2 VENDORPATH\phpoffice\phpspreadsheet\src\PhpSpreadsheet\Worksheet\Worksheet.php(1117): PhpOffice\PhpSpreadsheet\Worksheet\Worksheet->getCell('A:11')
 3 APPPATH\Controllers\VisualizationController.php(404): PhpOffice\PhpSpreadsheet\Worksheet\Worksheet->setCellValue('A:11', 'Expenses')
 4 SYSTEMPATH\CodeIgniter.php(919): App\Controllers\VisualizationController->salesReportPerDay()
 5 SYSTEMPATH\CodeIgniter.php(494): CodeIgniter\CodeIgniter->runController(Object(App\Controllers\VisualizationController))
 6 SYSTEMPATH\CodeIgniter.php(353): CodeIgniter\CodeIgniter->handleRequest(null, Object(Config\Cache), false)
 7 FCPATH\index.php(79): CodeIgniter\CodeIgniter->run()
 8 SYSTEMPATH\Commands\Server\rewrite.php(47): require_once('C:\\laragon\\www\\coffee\\public\\index.php')
CRITICAL - 2024-05-30 13:21:24 --> abs() expects exactly 1 argument, 2 given
in APPPATH\Views\admin\viewreportPerday.php on line 92.
 1 APPPATH\Views\admin\viewreportPerday.php(92): abs(-4719.0, 2)
 2 SYSTEMPATH\View\View.php(226): include('C:\\laragon\\www\\coffee\\app\\Views\\admin\\viewreportPerday.php')
 3 SYSTEMPATH\View\View.php(229): CodeIgniter\View\View->CodeIgniter\View\{closure}()
 4 SYSTEMPATH\Common.php(1188): CodeIgniter\View\View->render('admin/viewReportPerday', [], true)
 5 APPPATH\Controllers\VisualizationController.php(618): view('admin/viewReportPerday', [...])
 6 SYSTEMPATH\CodeIgniter.php(919): App\Controllers\VisualizationController->viewReport()
 7 SYSTEMPATH\CodeIgniter.php(494): CodeIgniter\CodeIgniter->runController(Object(App\Controllers\VisualizationController))
 8 SYSTEMPATH\CodeIgniter.php(353): CodeIgniter\CodeIgniter->handleRequest(null, Object(Config\Cache), false)
 9 FCPATH\index.php(79): CodeIgniter\CodeIgniter->run()
10 SYSTEMPATH\Commands\Server\rewrite.php(47): require_once('C:\\laragon\\www\\coffee\\public\\index.php')
