CRITICAL - 2024-04-22 09:39:01 --> Call to undefined method App\Models\CartModel::count
in SYSTEMPATH\Model.php on line 873.
 1 APPPATH\Controllers\CartController.php(367): CodeIgniter\Model->__call('count', [])
 2 SYSTEMPATH\CodeIgniter.php(919): App\Controllers\CartController->countOnCart()
 3 SYSTEMPATH\CodeIgniter.php(494): CodeIgniter\CodeIgniter->runController(Object(App\Controllers\CartController))
 4 SYSTEMPATH\CodeIgniter.php(353): CodeIgniter\CodeIgniter->handleRequest(null, Object(Config\Cache), false)
 5 FCPATH\index.php(79): CodeIgniter\CodeIgniter->run()
 6 SYSTEMPATH\Commands\Server\rewrite.php(47): require_once('C:\\laragon\\www\\coffee\\public\\index.php')
CRITICAL - 2024-04-22 09:39:52 --> Call to undefined method App\Models\CartModel::count
in SYSTEMPATH\Model.php on line 873.
 1 APPPATH\Controllers\CartController.php(367): CodeIgniter\Model->__call('count', [])
 2 SYSTEMPATH\CodeIgniter.php(919): App\Controllers\CartController->countOnCart()
 3 SYSTEMPATH\CodeIgniter.php(494): CodeIgniter\CodeIgniter->runController(Object(App\Controllers\CartController))
 4 SYSTEMPATH\CodeIgniter.php(353): CodeIgniter\CodeIgniter->handleRequest(null, Object(Config\Cache), false)
 5 FCPATH\index.php(79): CodeIgniter\CodeIgniter->run()
 6 SYSTEMPATH\Commands\Server\rewrite.php(47): require_once('C:\\laragon\\www\\coffee\\public\\index.php')
CRITICAL - 2024-04-22 09:47:51 --> Undefined array key "countCart"
in APPPATH\Views\user\mainheader.php on line 47.
 1 APPPATH\Views\user\mainheader.php(47): CodeIgniter\Debug\Exceptions->errorHandler(2, 'Undefined array key "countCart"', 'C:\\laragon\\www\\coffee\\app\\Views\\user\\mainheader.php', 47)
 2 APPPATH\Views\user\mainhome.php(391): include('C:\\laragon\\www\\coffee\\app\\Views\\user\\mainheader.php')
 3 SYSTEMPATH\View\View.php(226): include('C:\\laragon\\www\\coffee\\app\\Views\\user\\mainhome.php')
 4 SYSTEMPATH\View\View.php(229): CodeIgniter\View\View->CodeIgniter\View\{closure}()
 5 SYSTEMPATH\Common.php(1188): CodeIgniter\View\View->render('/user/mainhome', [], true)
 6 APPPATH\Controllers\UserController.php(163): view('/user/mainhome', [...])
 7 SYSTEMPATH\CodeIgniter.php(919): App\Controllers\UserController->mainhome()
 8 SYSTEMPATH\CodeIgniter.php(494): CodeIgniter\CodeIgniter->runController(Object(App\Controllers\UserController))
 9 SYSTEMPATH\CodeIgniter.php(353): CodeIgniter\CodeIgniter->handleRequest(null, Object(Config\Cache), false)
10 FCPATH\index.php(79): CodeIgniter\CodeIgniter->run()
11 SYSTEMPATH\Commands\Server\rewrite.php(47): require_once('C:\\laragon\\www\\coffee\\public\\index.php')
CRITICAL - 2024-04-22 09:48:24 --> Array to string conversion
in APPPATH\Views\user\mainheader.php on line 47.
 1 APPPATH\Views\user\mainheader.php(47): CodeIgniter\Debug\Exceptions->errorHandler(2, 'Array to string conversion', 'C:\\laragon\\www\\coffee\\app\\Views\\user\\mainheader.php', 47)
 2 APPPATH\Views\user\mainhome.php(391): include('C:\\laragon\\www\\coffee\\app\\Views\\user\\mainheader.php')
 3 SYSTEMPATH\View\View.php(226): include('C:\\laragon\\www\\coffee\\app\\Views\\user\\mainhome.php')
 4 SYSTEMPATH\View\View.php(229): CodeIgniter\View\View->CodeIgniter\View\{closure}()
 5 SYSTEMPATH\Common.php(1188): CodeIgniter\View\View->render('/user/mainhome', [], true)
 6 APPPATH\Controllers\UserController.php(163): view('/user/mainhome', [...])
 7 SYSTEMPATH\CodeIgniter.php(919): App\Controllers\UserController->mainhome()
 8 SYSTEMPATH\CodeIgniter.php(494): CodeIgniter\CodeIgniter->runController(Object(App\Controllers\UserController))
 9 SYSTEMPATH\CodeIgniter.php(353): CodeIgniter\CodeIgniter->handleRequest(null, Object(Config\Cache), false)
10 FCPATH\index.php(79): CodeIgniter\CodeIgniter->run()
11 SYSTEMPATH\Commands\Server\rewrite.php(47): require_once('C:\\laragon\\www\\coffee\\public\\index.php')
CRITICAL - 2024-04-22 09:49:45 --> Undefined variable $countCart
in APPPATH\Views\user\mainheader.php on line 47.
 1 APPPATH\Views\user\mainheader.php(47): CodeIgniter\Debug\Exceptions->errorHandler(2, 'Undefined variable $countCart', 'C:\\laragon\\www\\coffee\\app\\Views\\user\\mainheader.php', 47)
 2 APPPATH\Views\user\mainhome.php(391): include('C:\\laragon\\www\\coffee\\app\\Views\\user\\mainheader.php')
 3 SYSTEMPATH\View\View.php(226): include('C:\\laragon\\www\\coffee\\app\\Views\\user\\mainhome.php')
 4 SYSTEMPATH\View\View.php(229): CodeIgniter\View\View->CodeIgniter\View\{closure}()
 5 SYSTEMPATH\Common.php(1188): CodeIgniter\View\View->render('/user/mainhome', [], true)
 6 APPPATH\Controllers\UserController.php(163): view('/user/mainhome', [...])
 7 SYSTEMPATH\CodeIgniter.php(919): App\Controllers\UserController->mainhome()
 8 SYSTEMPATH\CodeIgniter.php(494): CodeIgniter\CodeIgniter->runController(Object(App\Controllers\UserController))
 9 SYSTEMPATH\CodeIgniter.php(353): CodeIgniter\CodeIgniter->handleRequest(null, Object(Config\Cache), false)
10 FCPATH\index.php(79): CodeIgniter\CodeIgniter->run()
11 SYSTEMPATH\Commands\Server\rewrite.php(47): require_once('C:\\laragon\\www\\coffee\\public\\index.php')
CRITICAL - 2024-04-22 09:49:49 --> Array to string conversion
in APPPATH\Views\user\mainheader.php on line 47.
 1 APPPATH\Views\user\mainheader.php(47): CodeIgniter\Debug\Exceptions->errorHandler(2, 'Array to string conversion', 'C:\\laragon\\www\\coffee\\app\\Views\\user\\mainheader.php', 47)
 2 APPPATH\Views\user\mainhome.php(391): include('C:\\laragon\\www\\coffee\\app\\Views\\user\\mainheader.php')
 3 SYSTEMPATH\View\View.php(226): include('C:\\laragon\\www\\coffee\\app\\Views\\user\\mainhome.php')
 4 SYSTEMPATH\View\View.php(229): CodeIgniter\View\View->CodeIgniter\View\{closure}()
 5 SYSTEMPATH\Common.php(1188): CodeIgniter\View\View->render('/user/mainhome', [], true)
 6 APPPATH\Controllers\UserController.php(163): view('/user/mainhome', [...])
 7 SYSTEMPATH\CodeIgniter.php(919): App\Controllers\UserController->mainhome()
 8 SYSTEMPATH\CodeIgniter.php(494): CodeIgniter\CodeIgniter->runController(Object(App\Controllers\UserController))
 9 SYSTEMPATH\CodeIgniter.php(353): CodeIgniter\CodeIgniter->handleRequest(null, Object(Config\Cache), false)
10 FCPATH\index.php(79): CodeIgniter\CodeIgniter->run()
11 SYSTEMPATH\Commands\Server\rewrite.php(47): require_once('C:\\laragon\\www\\coffee\\public\\index.php')
CRITICAL - 2024-04-22 09:55:09 --> Undefined variable $cartItemCount
in APPPATH\Views\user\mainheader.php on line 47.
 1 APPPATH\Views\user\mainheader.php(47): CodeIgniter\Debug\Exceptions->errorHandler(2, 'Undefined variable $cartItemCount', 'C:\\laragon\\www\\coffee\\app\\Views\\user\\mainheader.php', 47)
 2 APPPATH\Views\user\mainmenu.php(203): include('C:\\laragon\\www\\coffee\\app\\Views\\user\\mainheader.php')
 3 SYSTEMPATH\View\View.php(226): include('C:\\laragon\\www\\coffee\\app\\Views\\user\\mainmenu.php')
 4 SYSTEMPATH\View\View.php(229): CodeIgniter\View\View->CodeIgniter\View\{closure}()
 5 SYSTEMPATH\Common.php(1188): CodeIgniter\View\View->render('/user/mainmenu', [], true)
 6 APPPATH\Controllers\UserController.php(205): view('/user/mainmenu', [...])
 7 SYSTEMPATH\CodeIgniter.php(919): App\Controllers\UserController->home_mainmenu()
 8 SYSTEMPATH\CodeIgniter.php(494): CodeIgniter\CodeIgniter->runController(Object(App\Controllers\UserController))
 9 SYSTEMPATH\CodeIgniter.php(353): CodeIgniter\CodeIgniter->handleRequest(null, Object(Config\Cache), false)
10 FCPATH\index.php(79): CodeIgniter\CodeIgniter->run()
11 SYSTEMPATH\Commands\Server\rewrite.php(47): require_once('C:\\laragon\\www\\coffee\\public\\index.php')
CRITICAL - 2024-04-22 09:56:28 --> Undefined variable $cartItemCount
in APPPATH\Views\user\mainheader.php on line 47.
 1 APPPATH\Views\user\mainheader.php(47): CodeIgniter\Debug\Exceptions->errorHandler(2, 'Undefined variable $cartItemCount', 'C:\\laragon\\www\\coffee\\app\\Views\\user\\mainheader.php', 47)
 2 APPPATH\Views\user\mainmenu.php(203): include('C:\\laragon\\www\\coffee\\app\\Views\\user\\mainheader.php')
 3 SYSTEMPATH\View\View.php(226): include('C:\\laragon\\www\\coffee\\app\\Views\\user\\mainmenu.php')
 4 SYSTEMPATH\View\View.php(229): CodeIgniter\View\View->CodeIgniter\View\{closure}()
 5 SYSTEMPATH\Common.php(1188): CodeIgniter\View\View->render('/user/mainmenu', [], true)
 6 APPPATH\Controllers\UserController.php(203): view('/user/mainmenu', [...])
 7 SYSTEMPATH\CodeIgniter.php(919): App\Controllers\UserController->home_mainmenu()
 8 SYSTEMPATH\CodeIgniter.php(494): CodeIgniter\CodeIgniter->runController(Object(App\Controllers\UserController))
 9 SYSTEMPATH\CodeIgniter.php(353): CodeIgniter\CodeIgniter->handleRequest(null, Object(Config\Cache), false)
10 FCPATH\index.php(79): CodeIgniter\CodeIgniter->run()
11 SYSTEMPATH\Commands\Server\rewrite.php(47): require_once('C:\\laragon\\www\\coffee\\public\\index.php')
CRITICAL - 2024-04-22 09:58:11 --> Undefined variable $meal
in APPPATH\Views\user\mainmenu.php on line 34.
 1 APPPATH\Views\user\mainmenu.php(34): CodeIgniter\Debug\Exceptions->errorHandler(2, 'Undefined variable $meal', 'C:\\laragon\\www\\coffee\\app\\Views\\user\\mainmenu.php', 34)
 2 SYSTEMPATH\View\View.php(226): include('C:\\laragon\\www\\coffee\\app\\Views\\user\\mainmenu.php')
 3 SYSTEMPATH\View\View.php(229): CodeIgniter\View\View->CodeIgniter\View\{closure}()
 4 SYSTEMPATH\Common.php(1188): CodeIgniter\View\View->render('/user/mainmenu', [], true)
 5 APPPATH\Controllers\UserController.php(218): view('/user/mainmenu', [...])
 6 SYSTEMPATH\CodeIgniter.php(919): App\Controllers\UserController->home_mainmenu()
 7 SYSTEMPATH\CodeIgniter.php(494): CodeIgniter\CodeIgniter->runController(Object(App\Controllers\UserController))
 8 SYSTEMPATH\CodeIgniter.php(353): CodeIgniter\CodeIgniter->handleRequest(null, Object(Config\Cache), false)
 9 FCPATH\index.php(79): CodeIgniter\CodeIgniter->run()
10 SYSTEMPATH\Commands\Server\rewrite.php(47): require_once('C:\\laragon\\www\\coffee\\public\\index.php')
CRITICAL - 2024-04-22 09:58:28 --> Undefined variable $cartItemCount
in APPPATH\Views\user\mainheader.php on line 47.
 1 APPPATH\Views\user\mainheader.php(47): CodeIgniter\Debug\Exceptions->errorHandler(2, 'Undefined variable $cartItemCount', 'C:\\laragon\\www\\coffee\\app\\Views\\user\\mainheader.php', 47)
 2 APPPATH\Views\user\mainmenu.php(203): include('C:\\laragon\\www\\coffee\\app\\Views\\user\\mainheader.php')
 3 SYSTEMPATH\View\View.php(226): include('C:\\laragon\\www\\coffee\\app\\Views\\user\\mainmenu.php')
 4 SYSTEMPATH\View\View.php(229): CodeIgniter\View\View->CodeIgniter\View\{closure}()
 5 SYSTEMPATH\Common.php(1188): CodeIgniter\View\View->render('/user/mainmenu', [], true)
 6 APPPATH\Controllers\UserController.php(218): view('/user/mainmenu', [...])
 7 SYSTEMPATH\CodeIgniter.php(919): App\Controllers\UserController->home_mainmenu()
 8 SYSTEMPATH\CodeIgniter.php(494): CodeIgniter\CodeIgniter->runController(Object(App\Controllers\UserController))
 9 SYSTEMPATH\CodeIgniter.php(353): CodeIgniter\CodeIgniter->handleRequest(null, Object(Config\Cache), false)
10 FCPATH\index.php(79): CodeIgniter\CodeIgniter->run()
11 SYSTEMPATH\Commands\Server\rewrite.php(47): require_once('C:\\laragon\\www\\coffee\\public\\index.php')
CRITICAL - 2024-04-22 09:58:36 --> Undefined variable $cartItemCount
in APPPATH\Views\user\mainheader.php on line 47.
 1 APPPATH\Views\user\mainheader.php(47): CodeIgniter\Debug\Exceptions->errorHandler(2, 'Undefined variable $cartItemCount', 'C:\\laragon\\www\\coffee\\app\\Views\\user\\mainheader.php', 47)
 2 APPPATH\Views\user\mainmenu.php(203): include('C:\\laragon\\www\\coffee\\app\\Views\\user\\mainheader.php')
 3 SYSTEMPATH\View\View.php(226): include('C:\\laragon\\www\\coffee\\app\\Views\\user\\mainmenu.php')
 4 SYSTEMPATH\View\View.php(229): CodeIgniter\View\View->CodeIgniter\View\{closure}()
 5 SYSTEMPATH\Common.php(1188): CodeIgniter\View\View->render('/user/mainmenu', [...], true)
 6 APPPATH\Controllers\UserController.php(218): view('/user/mainmenu', [...], [...])
 7 SYSTEMPATH\CodeIgniter.php(919): App\Controllers\UserController->home_mainmenu()
 8 SYSTEMPATH\CodeIgniter.php(494): CodeIgniter\CodeIgniter->runController(Object(App\Controllers\UserController))
 9 SYSTEMPATH\CodeIgniter.php(353): CodeIgniter\CodeIgniter->handleRequest(null, Object(Config\Cache), false)
10 FCPATH\index.php(79): CodeIgniter\CodeIgniter->run()
11 SYSTEMPATH\Commands\Server\rewrite.php(47): require_once('C:\\laragon\\www\\coffee\\public\\index.php')
CRITICAL - 2024-04-22 09:58:55 --> Undefined variable $meal
in APPPATH\Views\user\mainmenu.php on line 34.
 1 APPPATH\Views\user\mainmenu.php(34): CodeIgniter\Debug\Exceptions->errorHandler(2, 'Undefined variable $meal', 'C:\\laragon\\www\\coffee\\app\\Views\\user\\mainmenu.php', 34)
 2 SYSTEMPATH\View\View.php(226): include('C:\\laragon\\www\\coffee\\app\\Views\\user\\mainmenu.php')
 3 SYSTEMPATH\View\View.php(229): CodeIgniter\View\View->CodeIgniter\View\{closure}()
 4 SYSTEMPATH\Common.php(1188): CodeIgniter\View\View->render('/user/mainmenu', [], true)
 5 APPPATH\Controllers\UserController.php(218): view('/user/mainmenu', [...])
 6 SYSTEMPATH\CodeIgniter.php(919): App\Controllers\UserController->home_mainmenu()
 7 SYSTEMPATH\CodeIgniter.php(494): CodeIgniter\CodeIgniter->runController(Object(App\Controllers\UserController))
 8 SYSTEMPATH\CodeIgniter.php(353): CodeIgniter\CodeIgniter->handleRequest(null, Object(Config\Cache), false)
 9 FCPATH\index.php(79): CodeIgniter\CodeIgniter->run()
10 SYSTEMPATH\Commands\Server\rewrite.php(47): require_once('C:\\laragon\\www\\coffee\\public\\index.php')
CRITICAL - 2024-04-22 09:59:56 --> Undefined variable $pasta
in APPPATH\Views\user\mainmenu.php on line 42.
 1 APPPATH\Views\user\mainmenu.php(42): CodeIgniter\Debug\Exceptions->errorHandler(2, 'Undefined variable $pasta', 'C:\\laragon\\www\\coffee\\app\\Views\\user\\mainmenu.php', 42)
 2 SYSTEMPATH\View\View.php(226): include('C:\\laragon\\www\\coffee\\app\\Views\\user\\mainmenu.php')
 3 SYSTEMPATH\View\View.php(229): CodeIgniter\View\View->CodeIgniter\View\{closure}()
 4 SYSTEMPATH\Common.php(1188): CodeIgniter\View\View->render('/user/mainmenu', [], true)
 5 APPPATH\Controllers\UserController.php(218): view('/user/mainmenu', [...])
 6 SYSTEMPATH\CodeIgniter.php(919): App\Controllers\UserController->home_mainmenu()
 7 SYSTEMPATH\CodeIgniter.php(494): CodeIgniter\CodeIgniter->runController(Object(App\Controllers\UserController))
 8 SYSTEMPATH\CodeIgniter.php(353): CodeIgniter\CodeIgniter->handleRequest(null, Object(Config\Cache), false)
 9 FCPATH\index.php(79): CodeIgniter\CodeIgniter->run()
10 SYSTEMPATH\Commands\Server\rewrite.php(47): require_once('C:\\laragon\\www\\coffee\\public\\index.php')
CRITICAL - 2024-04-22 10:00:39 --> Undefined variable $meal
in APPPATH\Views\user\mainmenu.php on line 34.
 1 APPPATH\Views\user\mainmenu.php(34): CodeIgniter\Debug\Exceptions->errorHandler(2, 'Undefined variable $meal', 'C:\\laragon\\www\\coffee\\app\\Views\\user\\mainmenu.php', 34)
 2 SYSTEMPATH\View\View.php(226): include('C:\\laragon\\www\\coffee\\app\\Views\\user\\mainmenu.php')
 3 SYSTEMPATH\View\View.php(229): CodeIgniter\View\View->CodeIgniter\View\{closure}()
 4 SYSTEMPATH\Common.php(1188): CodeIgniter\View\View->render('/user/mainmenu', [], true)
 5 APPPATH\Controllers\UserController.php(218): view('/user/mainmenu', [...])
 6 SYSTEMPATH\CodeIgniter.php(919): App\Controllers\UserController->home_mainmenu()
 7 SYSTEMPATH\CodeIgniter.php(494): CodeIgniter\CodeIgniter->runController(Object(App\Controllers\UserController))
 8 SYSTEMPATH\CodeIgniter.php(353): CodeIgniter\CodeIgniter->handleRequest(null, Object(Config\Cache), false)
 9 FCPATH\index.php(79): CodeIgniter\CodeIgniter->run()
10 SYSTEMPATH\Commands\Server\rewrite.php(47): require_once('C:\\laragon\\www\\coffee\\public\\index.php')
CRITICAL - 2024-04-22 10:01:03 --> Undefined variable $cartItemCount
in APPPATH\Views\user\mainheader.php on line 47.
 1 APPPATH\Views\user\mainheader.php(47): CodeIgniter\Debug\Exceptions->errorHandler(2, 'Undefined variable $cartItemCount', 'C:\\laragon\\www\\coffee\\app\\Views\\user\\mainheader.php', 47)
 2 APPPATH\Views\user\mainmenu.php(203): include('C:\\laragon\\www\\coffee\\app\\Views\\user\\mainheader.php')
 3 SYSTEMPATH\View\View.php(226): include('C:\\laragon\\www\\coffee\\app\\Views\\user\\mainmenu.php')
 4 SYSTEMPATH\View\View.php(229): CodeIgniter\View\View->CodeIgniter\View\{closure}()
 5 SYSTEMPATH\Common.php(1188): CodeIgniter\View\View->render('/user/mainmenu', [], true)
 6 APPPATH\Controllers\UserController.php(218): view('/user/mainmenu', [...])
 7 SYSTEMPATH\CodeIgniter.php(919): App\Controllers\UserController->home_mainmenu()
 8 SYSTEMPATH\CodeIgniter.php(494): CodeIgniter\CodeIgniter->runController(Object(App\Controllers\UserController))
 9 SYSTEMPATH\CodeIgniter.php(353): CodeIgniter\CodeIgniter->handleRequest(null, Object(Config\Cache), false)
10 FCPATH\index.php(79): CodeIgniter\CodeIgniter->run()
11 SYSTEMPATH\Commands\Server\rewrite.php(47): require_once('C:\\laragon\\www\\coffee\\public\\index.php')
CRITICAL - 2024-04-22 10:02:06 --> Undefined variable $pasta
in APPPATH\Views\user\mainmenu.php on line 47.
 1 APPPATH\Views\user\mainmenu.php(47): CodeIgniter\Debug\Exceptions->errorHandler(2, 'Undefined variable $pasta', 'C:\\laragon\\www\\coffee\\app\\Views\\user\\mainmenu.php', 47)
 2 SYSTEMPATH\View\View.php(226): include('C:\\laragon\\www\\coffee\\app\\Views\\user\\mainmenu.php')
 3 SYSTEMPATH\View\View.php(229): CodeIgniter\View\View->CodeIgniter\View\{closure}()
 4 SYSTEMPATH\Common.php(1188): CodeIgniter\View\View->render('/user/mainmenu', [], true)
 5 APPPATH\Controllers\UserController.php(219): view('/user/mainmenu', [...])
 6 SYSTEMPATH\CodeIgniter.php(919): App\Controllers\UserController->home_mainmenu()
 7 SYSTEMPATH\CodeIgniter.php(494): CodeIgniter\CodeIgniter->runController(Object(App\Controllers\UserController))
 8 SYSTEMPATH\CodeIgniter.php(353): CodeIgniter\CodeIgniter->handleRequest(null, Object(Config\Cache), false)
 9 FCPATH\index.php(79): CodeIgniter\CodeIgniter->run()
10 SYSTEMPATH\Commands\Server\rewrite.php(47): require_once('C:\\laragon\\www\\coffee\\public\\index.php')
CRITICAL - 2024-04-22 10:02:23 --> Undefined variable $meal
in APPPATH\Views\user\mainmenu.php on line 34.
 1 APPPATH\Views\user\mainmenu.php(34): CodeIgniter\Debug\Exceptions->errorHandler(2, 'Undefined variable $meal', 'C:\\laragon\\www\\coffee\\app\\Views\\user\\mainmenu.php', 34)
 2 SYSTEMPATH\View\View.php(226): include('C:\\laragon\\www\\coffee\\app\\Views\\user\\mainmenu.php')
 3 SYSTEMPATH\View\View.php(229): CodeIgniter\View\View->CodeIgniter\View\{closure}()
 4 SYSTEMPATH\Common.php(1188): CodeIgniter\View\View->render('/user/mainmenu', [], true)
 5 APPPATH\Controllers\UserController.php(219): view('/user/mainmenu', [...])
 6 SYSTEMPATH\CodeIgniter.php(919): App\Controllers\UserController->home_mainmenu()
 7 SYSTEMPATH\CodeIgniter.php(494): CodeIgniter\CodeIgniter->runController(Object(App\Controllers\UserController))
 8 SYSTEMPATH\CodeIgniter.php(353): CodeIgniter\CodeIgniter->handleRequest(null, Object(Config\Cache), false)
 9 FCPATH\index.php(79): CodeIgniter\CodeIgniter->run()
10 SYSTEMPATH\Commands\Server\rewrite.php(47): require_once('C:\\laragon\\www\\coffee\\public\\index.php')
CRITICAL - 2024-04-22 10:16:27 --> Undefined variable $cartItemCount
in APPPATH\Views\user\mainheader.php on line 47.
 1 APPPATH\Views\user\mainheader.php(47): CodeIgniter\Debug\Exceptions->errorHandler(2, 'Undefined variable $cartItemCount', 'C:\\laragon\\www\\coffee\\app\\Views\\user\\mainheader.php', 47)
 2 APPPATH\Views\user\mainshop.php(350): include('C:\\laragon\\www\\coffee\\app\\Views\\user\\mainheader.php')
 3 SYSTEMPATH\View\View.php(226): include('C:\\laragon\\www\\coffee\\app\\Views\\user\\mainshop.php')
 4 SYSTEMPATH\View\View.php(229): CodeIgniter\View\View->CodeIgniter\View\{closure}()
 5 SYSTEMPATH\Common.php(1188): CodeIgniter\View\View->render('/user/mainshop', [], true)
 6 APPPATH\Controllers\UserController.php(300): view('/user/mainshop', [...])
 7 SYSTEMPATH\CodeIgniter.php(919): App\Controllers\UserController->home_mainshop()
 8 SYSTEMPATH\CodeIgniter.php(494): CodeIgniter\CodeIgniter->runController(Object(App\Controllers\UserController))
 9 SYSTEMPATH\CodeIgniter.php(353): CodeIgniter\CodeIgniter->handleRequest(null, Object(Config\Cache), false)
10 FCPATH\index.php(79): CodeIgniter\CodeIgniter->run()
11 SYSTEMPATH\Commands\Server\rewrite.php(47): require_once('C:\\laragon\\www\\coffee\\public\\index.php')
CRITICAL - 2024-04-22 10:17:44 --> Undefined variable $cartItemCount
in APPPATH\Views\user\mainheader.php on line 47.
 1 APPPATH\Views\user\mainheader.php(47): CodeIgniter\Debug\Exceptions->errorHandler(2, 'Undefined variable $cartItemCount', 'C:\\laragon\\www\\coffee\\app\\Views\\user\\mainheader.php', 47)
 2 APPPATH\Views\user\mainshop.php(350): include('C:\\laragon\\www\\coffee\\app\\Views\\user\\mainheader.php')
 3 SYSTEMPATH\View\View.php(226): include('C:\\laragon\\www\\coffee\\app\\Views\\user\\mainshop.php')
 4 SYSTEMPATH\View\View.php(229): CodeIgniter\View\View->CodeIgniter\View\{closure}()
 5 SYSTEMPATH\Common.php(1188): CodeIgniter\View\View->render('/user/mainshop', [], true)
 6 APPPATH\Controllers\UserController.php(300): view('/user/mainshop', [...])
 7 SYSTEMPATH\CodeIgniter.php(919): App\Controllers\UserController->home_mainshop()
 8 SYSTEMPATH\CodeIgniter.php(494): CodeIgniter\CodeIgniter->runController(Object(App\Controllers\UserController))
 9 SYSTEMPATH\CodeIgniter.php(353): CodeIgniter\CodeIgniter->handleRequest(null, Object(Config\Cache), false)
10 FCPATH\index.php(79): CodeIgniter\CodeIgniter->run()
11 SYSTEMPATH\Commands\Server\rewrite.php(47): require_once('C:\\laragon\\www\\coffee\\public\\index.php')
CRITICAL - 2024-04-22 10:18:17 --> Undefined variable $cartItemCount
in APPPATH\Views\user\mainheader.php on line 47.
 1 APPPATH\Views\user\mainheader.php(47): CodeIgniter\Debug\Exceptions->errorHandler(2, 'Undefined variable $cartItemCount', 'C:\\laragon\\www\\coffee\\app\\Views\\user\\mainheader.php', 47)
 2 APPPATH\Views\user\maincontact.php(82): include('C:\\laragon\\www\\coffee\\app\\Views\\user\\mainheader.php')
 3 SYSTEMPATH\View\View.php(226): include('C:\\laragon\\www\\coffee\\app\\Views\\user\\maincontact.php')
 4 SYSTEMPATH\View\View.php(229): CodeIgniter\View\View->CodeIgniter\View\{closure}()
 5 SYSTEMPATH\Common.php(1188): CodeIgniter\View\View->render('/user/maincontact', [], true)
 6 APPPATH\Controllers\UserController.php(323): view('/user/maincontact')
 7 SYSTEMPATH\CodeIgniter.php(919): App\Controllers\UserController->home_maincontact()
 8 SYSTEMPATH\CodeIgniter.php(494): CodeIgniter\CodeIgniter->runController(Object(App\Controllers\UserController))
 9 SYSTEMPATH\CodeIgniter.php(353): CodeIgniter\CodeIgniter->handleRequest(null, Object(Config\Cache), false)
10 FCPATH\index.php(79): CodeIgniter\CodeIgniter->run()
11 SYSTEMPATH\Commands\Server\rewrite.php(47): require_once('C:\\laragon\\www\\coffee\\public\\index.php')
