CRITICAL - 2024-05-13 00:41:22 --> Undefined variable $totalQuantity
in APPPATH\Controllers\AdminController.php on line 68.
 1 APPPATH\Controllers\AdminController.php(68): CodeIgniter\Debug\Exceptions->errorHandler(2, 'Undefined variable $totalQuantity', 'C:\\laragon\\www\\coffee\\app\\Controllers\\AdminController.php', 68)
 2 SYSTEMPATH\CodeIgniter.php(919): App\Controllers\AdminController->savePOSOrders()
 3 SYSTEMPATH\CodeIgniter.php(494): CodeIgniter\CodeIgniter->runController(Object(App\Controllers\AdminController))
 4 SYSTEMPATH\CodeIgniter.php(353): CodeIgniter\CodeIgniter->handleRequest(null, Object(Config\Cache), false)
 5 FCPATH\index.php(79): CodeIgniter\CodeIgniter->run()
 6 SYSTEMPATH\Commands\Server\rewrite.php(47): require_once('C:\\laragon\\www\\coffee\\public\\index.php')
CRITICAL - 2024-05-13 00:48:22 --> Undefined variable $totalQuantity
in APPPATH\Controllers\AdminController.php on line 68.
 1 APPPATH\Controllers\AdminController.php(68): CodeIgniter\Debug\Exceptions->errorHandler(2, 'Undefined variable $totalQuantity', 'C:\\laragon\\www\\coffee\\app\\Controllers\\AdminController.php', 68)
 2 SYSTEMPATH\CodeIgniter.php(919): App\Controllers\AdminController->savePOSOrders()
 3 SYSTEMPATH\CodeIgniter.php(494): CodeIgniter\CodeIgniter->runController(Object(App\Controllers\AdminController))
 4 SYSTEMPATH\CodeIgniter.php(353): CodeIgniter\CodeIgniter->handleRequest(null, Object(Config\Cache), false)
 5 FCPATH\index.php(79): CodeIgniter\CodeIgniter->run()
 6 SYSTEMPATH\Commands\Server\rewrite.php(47): require_once('C:\\laragon\\www\\coffee\\public\\index.php')
CRITICAL - 2024-05-13 00:48:49 --> Undefined variable $totalQuantity
in APPPATH\Controllers\AdminController.php on line 68.
 1 APPPATH\Controllers\AdminController.php(68): CodeIgniter\Debug\Exceptions->errorHandler(2, 'Undefined variable $totalQuantity', 'C:\\laragon\\www\\coffee\\app\\Controllers\\AdminController.php', 68)
 2 SYSTEMPATH\CodeIgniter.php(919): App\Controllers\AdminController->savePOSOrders()
 3 SYSTEMPATH\CodeIgniter.php(494): CodeIgniter\CodeIgniter->runController(Object(App\Controllers\AdminController))
 4 SYSTEMPATH\CodeIgniter.php(353): CodeIgniter\CodeIgniter->handleRequest(null, Object(Config\Cache), false)
 5 FCPATH\index.php(79): CodeIgniter\CodeIgniter->run()
 6 SYSTEMPATH\Commands\Server\rewrite.php(47): require_once('C:\\laragon\\www\\coffee\\public\\index.php')
CRITICAL - 2024-05-13 00:53:24 --> Undefined variable $totalQuantity
in APPPATH\Controllers\AdminController.php on line 68.
 1 APPPATH\Controllers\AdminController.php(68): CodeIgniter\Debug\Exceptions->errorHandler(2, 'Undefined variable $totalQuantity', 'C:\\laragon\\www\\coffee\\app\\Controllers\\AdminController.php', 68)
 2 SYSTEMPATH\CodeIgniter.php(919): App\Controllers\AdminController->savePOSOrders()
 3 SYSTEMPATH\CodeIgniter.php(494): CodeIgniter\CodeIgniter->runController(Object(App\Controllers\AdminController))
 4 SYSTEMPATH\CodeIgniter.php(353): CodeIgniter\CodeIgniter->handleRequest(null, Object(Config\Cache), false)
 5 FCPATH\index.php(79): CodeIgniter\CodeIgniter->run()
 6 SYSTEMPATH\Commands\Server\rewrite.php(47): require_once('C:\\laragon\\www\\coffee\\public\\index.php')
CRITICAL - 2024-05-13 00:55:35 --> Undefined variable $totalQuantity
in APPPATH\Controllers\AdminController.php on line 68.
 1 APPPATH\Controllers\AdminController.php(68): CodeIgniter\Debug\Exceptions->errorHandler(2, 'Undefined variable $totalQuantity', 'C:\\laragon\\www\\coffee\\app\\Controllers\\AdminController.php', 68)
 2 SYSTEMPATH\CodeIgniter.php(919): App\Controllers\AdminController->savePOSOrders()
 3 SYSTEMPATH\CodeIgniter.php(494): CodeIgniter\CodeIgniter->runController(Object(App\Controllers\AdminController))
 4 SYSTEMPATH\CodeIgniter.php(353): CodeIgniter\CodeIgniter->handleRequest(null, Object(Config\Cache), false)
 5 FCPATH\index.php(79): CodeIgniter\CodeIgniter->run()
 6 SYSTEMPATH\Commands\Server\rewrite.php(47): require_once('C:\\laragon\\www\\coffee\\public\\index.php')
CRITICAL - 2024-05-13 00:56:27 --> Undefined variable $totalQuantity
in APPPATH\Controllers\AdminController.php on line 68.
 1 APPPATH\Controllers\AdminController.php(68): CodeIgniter\Debug\Exceptions->errorHandler(2, 'Undefined variable $totalQuantity', 'C:\\laragon\\www\\coffee\\app\\Controllers\\AdminController.php', 68)
 2 SYSTEMPATH\CodeIgniter.php(919): App\Controllers\AdminController->savePOSOrders()
 3 SYSTEMPATH\CodeIgniter.php(494): CodeIgniter\CodeIgniter->runController(Object(App\Controllers\AdminController))
 4 SYSTEMPATH\CodeIgniter.php(353): CodeIgniter\CodeIgniter->handleRequest(null, Object(Config\Cache), false)
 5 FCPATH\index.php(79): CodeIgniter\CodeIgniter->run()
 6 SYSTEMPATH\Commands\Server\rewrite.php(47): require_once('C:\\laragon\\www\\coffee\\public\\index.php')
CRITICAL - 2024-05-13 00:58:37 --> Undefined variable $totalQuantity
in APPPATH\Controllers\AdminController.php on line 68.
 1 APPPATH\Controllers\AdminController.php(68): CodeIgniter\Debug\Exceptions->errorHandler(2, 'Undefined variable $totalQuantity', 'C:\\laragon\\www\\coffee\\app\\Controllers\\AdminController.php', 68)
 2 SYSTEMPATH\CodeIgniter.php(919): App\Controllers\AdminController->savePOSOrders()
 3 SYSTEMPATH\CodeIgniter.php(494): CodeIgniter\CodeIgniter->runController(Object(App\Controllers\AdminController))
 4 SYSTEMPATH\CodeIgniter.php(353): CodeIgniter\CodeIgniter->handleRequest(null, Object(Config\Cache), false)
 5 FCPATH\index.php(79): CodeIgniter\CodeIgniter->run()
 6 SYSTEMPATH\Commands\Server\rewrite.php(47): require_once('C:\\laragon\\www\\coffee\\public\\index.php')
CRITICAL - 2024-05-13 00:59:49 --> Undefined variable $totalQuantity
in APPPATH\Controllers\AdminController.php on line 68.
 1 APPPATH\Controllers\AdminController.php(68): CodeIgniter\Debug\Exceptions->errorHandler(2, 'Undefined variable $totalQuantity', 'C:\\laragon\\www\\coffee\\app\\Controllers\\AdminController.php', 68)
 2 SYSTEMPATH\CodeIgniter.php(919): App\Controllers\AdminController->savePOSOrders()
 3 SYSTEMPATH\CodeIgniter.php(494): CodeIgniter\CodeIgniter->runController(Object(App\Controllers\AdminController))
 4 SYSTEMPATH\CodeIgniter.php(353): CodeIgniter\CodeIgniter->handleRequest(null, Object(Config\Cache), false)
 5 FCPATH\index.php(79): CodeIgniter\CodeIgniter->run()
 6 SYSTEMPATH\Commands\Server\rewrite.php(47): require_once('C:\\laragon\\www\\coffee\\public\\index.php')
CRITICAL - 2024-05-13 01:32:08 --> Undefined variable $to
in APPPATH\Controllers\AdminController.php on line 80.
 1 APPPATH\Controllers\AdminController.php(80): CodeIgniter\Debug\Exceptions->errorHandler(2, 'Undefined variable $to', 'C:\\laragon\\www\\coffee\\app\\Controllers\\AdminController.php', 80)
 2 SYSTEMPATH\CodeIgniter.php(919): App\Controllers\AdminController->savePOSOrders()
 3 SYSTEMPATH\CodeIgniter.php(494): CodeIgniter\CodeIgniter->runController(Object(App\Controllers\AdminController))
 4 SYSTEMPATH\CodeIgniter.php(353): CodeIgniter\CodeIgniter->handleRequest(null, Object(Config\Cache), false)
 5 FCPATH\index.php(79): CodeIgniter\CodeIgniter->run()
 6 SYSTEMPATH\Commands\Server\rewrite.php(47): require_once('C:\\laragon\\www\\coffee\\public\\index.php')
CRITICAL - 2024-05-13 01:32:56 --> Undefined variable $to
in APPPATH\Controllers\AdminController.php on line 80.
 1 APPPATH\Controllers\AdminController.php(80): CodeIgniter\Debug\Exceptions->errorHandler(2, 'Undefined variable $to', 'C:\\laragon\\www\\coffee\\app\\Controllers\\AdminController.php', 80)
 2 SYSTEMPATH\CodeIgniter.php(919): App\Controllers\AdminController->savePOSOrders()
 3 SYSTEMPATH\CodeIgniter.php(494): CodeIgniter\CodeIgniter->runController(Object(App\Controllers\AdminController))
 4 SYSTEMPATH\CodeIgniter.php(353): CodeIgniter\CodeIgniter->handleRequest(null, Object(Config\Cache), false)
 5 FCPATH\index.php(79): CodeIgniter\CodeIgniter->run()
 6 SYSTEMPATH\Commands\Server\rewrite.php(47): require_once('C:\\laragon\\www\\coffee\\public\\index.php')
CRITICAL - 2024-05-13 01:33:20 --> Undefined variable $to
in APPPATH\Controllers\AdminController.php on line 79.
 1 APPPATH\Controllers\AdminController.php(79): CodeIgniter\Debug\Exceptions->errorHandler(2, 'Undefined variable $to', 'C:\\laragon\\www\\coffee\\app\\Controllers\\AdminController.php', 79)
 2 SYSTEMPATH\CodeIgniter.php(919): App\Controllers\AdminController->savePOSOrders()
 3 SYSTEMPATH\CodeIgniter.php(494): CodeIgniter\CodeIgniter->runController(Object(App\Controllers\AdminController))
 4 SYSTEMPATH\CodeIgniter.php(353): CodeIgniter\CodeIgniter->handleRequest(null, Object(Config\Cache), false)
 5 FCPATH\index.php(79): CodeIgniter\CodeIgniter->run()
 6 SYSTEMPATH\Commands\Server\rewrite.php(47): require_once('C:\\laragon\\www\\coffee\\public\\index.php')
CRITICAL - 2024-05-13 02:15:51 --> Undefined property: stdClass::$barOrderCode
in APPPATH\Controllers\AdminController.php on line 56.
 1 APPPATH\Controllers\AdminController.php(56): CodeIgniter\Debug\Exceptions->errorHandler(2, 'Undefined property: stdClass::$barOrderCode', 'C:\\laragon\\www\\coffee\\app\\Controllers\\AdminController.php', 56)
 2 SYSTEMPATH\CodeIgniter.php(919): App\Controllers\AdminController->savePOSOrders()
 3 SYSTEMPATH\CodeIgniter.php(494): CodeIgniter\CodeIgniter->runController(Object(App\Controllers\AdminController))
 4 SYSTEMPATH\CodeIgniter.php(353): CodeIgniter\CodeIgniter->handleRequest(null, Object(Config\Cache), false)
 5 FCPATH\index.php(79): CodeIgniter\CodeIgniter->run()
 6 SYSTEMPATH\Commands\Server\rewrite.php(47): require_once('C:\\laragon\\www\\coffee\\public\\index.php')
CRITICAL - 2024-05-13 02:16:05 --> Undefined property: stdClass::$barOrderCode
in APPPATH\Controllers\AdminController.php on line 56.
 1 APPPATH\Controllers\AdminController.php(56): CodeIgniter\Debug\Exceptions->errorHandler(2, 'Undefined property: stdClass::$barOrderCode', 'C:\\laragon\\www\\coffee\\app\\Controllers\\AdminController.php', 56)
 2 SYSTEMPATH\CodeIgniter.php(919): App\Controllers\AdminController->savePOSOrders()
 3 SYSTEMPATH\CodeIgniter.php(494): CodeIgniter\CodeIgniter->runController(Object(App\Controllers\AdminController))
 4 SYSTEMPATH\CodeIgniter.php(353): CodeIgniter\CodeIgniter->handleRequest(null, Object(Config\Cache), false)
 5 FCPATH\index.php(79): CodeIgniter\CodeIgniter->run()
 6 SYSTEMPATH\Commands\Server\rewrite.php(47): require_once('C:\\laragon\\www\\coffee\\public\\index.php')
CRITICAL - 2024-05-13 02:17:18 --> Undefined property: stdClass::$barOrderCode
in APPPATH\Controllers\AdminController.php on line 56.
 1 APPPATH\Controllers\AdminController.php(56): CodeIgniter\Debug\Exceptions->errorHandler(2, 'Undefined property: stdClass::$barOrderCode', 'C:\\laragon\\www\\coffee\\app\\Controllers\\AdminController.php', 56)
 2 SYSTEMPATH\CodeIgniter.php(919): App\Controllers\AdminController->savePOSOrders()
 3 SYSTEMPATH\CodeIgniter.php(494): CodeIgniter\CodeIgniter->runController(Object(App\Controllers\AdminController))
 4 SYSTEMPATH\CodeIgniter.php(353): CodeIgniter\CodeIgniter->handleRequest(null, Object(Config\Cache), false)
 5 FCPATH\index.php(79): CodeIgniter\CodeIgniter->run()
 6 SYSTEMPATH\Commands\Server\rewrite.php(47): require_once('C:\\laragon\\www\\coffee\\public\\index.php')
CRITICAL - 2024-05-13 02:18:04 --> Undefined property: stdClass::$barOrderCode
in APPPATH\Controllers\AdminController.php on line 56.
 1 APPPATH\Controllers\AdminController.php(56): CodeIgniter\Debug\Exceptions->errorHandler(2, 'Undefined property: stdClass::$barOrderCode', 'C:\\laragon\\www\\coffee\\app\\Controllers\\AdminController.php', 56)
 2 SYSTEMPATH\CodeIgniter.php(919): App\Controllers\AdminController->savePOSOrders()
 3 SYSTEMPATH\CodeIgniter.php(494): CodeIgniter\CodeIgniter->runController(Object(App\Controllers\AdminController))
 4 SYSTEMPATH\CodeIgniter.php(353): CodeIgniter\CodeIgniter->handleRequest(null, Object(Config\Cache), false)
 5 FCPATH\index.php(79): CodeIgniter\CodeIgniter->run()
 6 SYSTEMPATH\Commands\Server\rewrite.php(47): require_once('C:\\laragon\\www\\coffee\\public\\index.php')
CRITICAL - 2024-05-13 02:19:27 --> Undefined property: stdClass::$barOrderCode
in APPPATH\Controllers\AdminController.php on line 56.
 1 APPPATH\Controllers\AdminController.php(56): CodeIgniter\Debug\Exceptions->errorHandler(2, 'Undefined property: stdClass::$barOrderCode', 'C:\\laragon\\www\\coffee\\app\\Controllers\\AdminController.php', 56)
 2 SYSTEMPATH\CodeIgniter.php(919): App\Controllers\AdminController->savePOSOrders()
 3 SYSTEMPATH\CodeIgniter.php(494): CodeIgniter\CodeIgniter->runController(Object(App\Controllers\AdminController))
 4 SYSTEMPATH\CodeIgniter.php(353): CodeIgniter\CodeIgniter->handleRequest(null, Object(Config\Cache), false)
 5 FCPATH\index.php(79): CodeIgniter\CodeIgniter->run()
 6 SYSTEMPATH\Commands\Server\rewrite.php(47): require_once('C:\\laragon\\www\\coffee\\public\\index.php')
CRITICAL - 2024-05-13 02:41:35 --> Undefined variable $order
in APPPATH\Controllers\AdminController.php on line 161.
 1 APPPATH\Controllers\AdminController.php(161): CodeIgniter\Debug\Exceptions->errorHandler(2, 'Undefined variable $order', 'C:\\laragon\\www\\coffee\\app\\Controllers\\AdminController.php', 161)
 2 SYSTEMPATH\CodeIgniter.php(919): App\Controllers\AdminController->savePOSOrders()
 3 SYSTEMPATH\CodeIgniter.php(494): CodeIgniter\CodeIgniter->runController(Object(App\Controllers\AdminController))
 4 SYSTEMPATH\CodeIgniter.php(353): CodeIgniter\CodeIgniter->handleRequest(null, Object(Config\Cache), false)
 5 FCPATH\index.php(79): CodeIgniter\CodeIgniter->run()
 6 SYSTEMPATH\Commands\Server\rewrite.php(47): require_once('C:\\laragon\\www\\coffee\\public\\index.php')
CRITICAL - 2024-05-13 06:13:18 --> Undefined variable $count
in APPPATH\Views\admin\sidebar.php on line 130.
 1 APPPATH\Views\admin\sidebar.php(130): CodeIgniter\Debug\Exceptions->errorHandler(2, 'Undefined variable $count', 'C:\\laragon\\www\\coffee\\app\\Views\\admin\\sidebar.php', 130)
 2 APPPATH\Views\admin\orderpayment.php(24): include('C:\\laragon\\www\\coffee\\app\\Views\\admin\\sidebar.php')
 3 SYSTEMPATH\View\View.php(226): include('C:\\laragon\\www\\coffee\\app\\Views\\admin\\orderpayment.php')
 4 SYSTEMPATH\View\View.php(229): CodeIgniter\View\View->CodeIgniter\View\{closure}()
 5 SYSTEMPATH\Common.php(1188): CodeIgniter\View\View->render('admin/orderpayment', [], true)
 6 APPPATH\Controllers\AdminController.php(4215): view('admin/orderpayment', [...])
 7 SYSTEMPATH\CodeIgniter.php(919): App\Controllers\AdminController->viewOrders()
 8 SYSTEMPATH\CodeIgniter.php(494): CodeIgniter\CodeIgniter->runController(Object(App\Controllers\AdminController))
 9 SYSTEMPATH\CodeIgniter.php(353): CodeIgniter\CodeIgniter->handleRequest(null, Object(Config\Cache), false)
10 FCPATH\index.php(79): CodeIgniter\CodeIgniter->run()
11 SYSTEMPATH\Commands\Server\rewrite.php(47): require_once('C:\\laragon\\www\\coffee\\public\\index.php')
CRITICAL - 2024-05-13 06:14:22 --> Trying to access array offset on value of type null
in APPPATH\Views\admin\viewByBarcode.php on line 65.
 1 APPPATH\Views\admin\viewByBarcode.php(65): CodeIgniter\Debug\Exceptions->errorHandler(2, 'Trying to access array offset on value of type null', 'C:\\laragon\\www\\coffee\\app\\Views\\admin\\viewByBarcode.php', 65)
 2 SYSTEMPATH\View\View.php(226): include('C:\\laragon\\www\\coffee\\app\\Views\\admin\\viewByBarcode.php')
 3 SYSTEMPATH\View\View.php(229): CodeIgniter\View\View->CodeIgniter\View\{closure}()
 4 SYSTEMPATH\Common.php(1188): CodeIgniter\View\View->render('admin/viewByBarcode', [], true)
 5 APPPATH\Controllers\AdminController.php(4267): view('admin/viewByBarcode', [...])
 6 SYSTEMPATH\CodeIgniter.php(919): App\Controllers\AdminController->viewToAcceptorders('CRossRoads:', 'LJW60BE6H2')
 7 SYSTEMPATH\CodeIgniter.php(494): CodeIgniter\CodeIgniter->runController(Object(App\Controllers\AdminController))
 8 SYSTEMPATH\CodeIgniter.php(353): CodeIgniter\CodeIgniter->handleRequest(null, Object(Config\Cache), false)
 9 FCPATH\index.php(79): CodeIgniter\CodeIgniter->run()
10 SYSTEMPATH\Commands\Server\rewrite.php(47): require_once('C:\\laragon\\www\\coffee\\public\\index.php')
CRITICAL - 2024-05-13 06:17:47 --> Trying to access array offset on value of type null
in APPPATH\Views\admin\viewByBarcode.php on line 65.
 1 APPPATH\Views\admin\viewByBarcode.php(65): CodeIgniter\Debug\Exceptions->errorHandler(2, 'Trying to access array offset on value of type null', 'C:\\laragon\\www\\coffee\\app\\Views\\admin\\viewByBarcode.php', 65)
 2 SYSTEMPATH\View\View.php(226): include('C:\\laragon\\www\\coffee\\app\\Views\\admin\\viewByBarcode.php')
 3 SYSTEMPATH\View\View.php(229): CodeIgniter\View\View->CodeIgniter\View\{closure}()
 4 SYSTEMPATH\Common.php(1188): CodeIgniter\View\View->render('admin/viewByBarcode', [], true)
 5 APPPATH\Controllers\AdminController.php(4267): view('admin/viewByBarcode', [...])
 6 SYSTEMPATH\CodeIgniter.php(919): App\Controllers\AdminController->viewToAcceptorders('CRossRoads:', 'LJW60BE6H2')
 7 SYSTEMPATH\CodeIgniter.php(494): CodeIgniter\CodeIgniter->runController(Object(App\Controllers\AdminController))
 8 SYSTEMPATH\CodeIgniter.php(353): CodeIgniter\CodeIgniter->handleRequest(null, Object(Config\Cache), false)
 9 FCPATH\index.php(79): CodeIgniter\CodeIgniter->run()
10 SYSTEMPATH\Commands\Server\rewrite.php(47): require_once('C:\\laragon\\www\\coffee\\public\\index.php')
CRITICAL - 2024-05-13 06:18:02 --> Trying to access array offset on value of type null
in APPPATH\Views\admin\viewByBarcode.php on line 65.
 1 APPPATH\Views\admin\viewByBarcode.php(65): CodeIgniter\Debug\Exceptions->errorHandler(2, 'Trying to access array offset on value of type null', 'C:\\laragon\\www\\coffee\\app\\Views\\admin\\viewByBarcode.php', 65)
 2 SYSTEMPATH\View\View.php(226): include('C:\\laragon\\www\\coffee\\app\\Views\\admin\\viewByBarcode.php')
 3 SYSTEMPATH\View\View.php(229): CodeIgniter\View\View->CodeIgniter\View\{closure}()
 4 SYSTEMPATH\Common.php(1188): CodeIgniter\View\View->render('admin/viewByBarcode', [], true)
 5 APPPATH\Controllers\AdminController.php(4267): view('admin/viewByBarcode', [...])
 6 SYSTEMPATH\CodeIgniter.php(919): App\Controllers\AdminController->viewToAcceptorders('CRossRoads:', 'LJW60BE6H2')
 7 SYSTEMPATH\CodeIgniter.php(494): CodeIgniter\CodeIgniter->runController(Object(App\Controllers\AdminController))
 8 SYSTEMPATH\CodeIgniter.php(353): CodeIgniter\CodeIgniter->handleRequest(null, Object(Config\Cache), false)
 9 FCPATH\index.php(79): CodeIgniter\CodeIgniter->run()
10 SYSTEMPATH\Commands\Server\rewrite.php(47): require_once('C:\\laragon\\www\\coffee\\public\\index.php')
CRITICAL - 2024-05-13 06:19:28 --> Trying to access array offset on value of type null
in APPPATH\Views\admin\viewByBarcode.php on line 65.
 1 APPPATH\Views\admin\viewByBarcode.php(65): CodeIgniter\Debug\Exceptions->errorHandler(2, 'Trying to access array offset on value of type null', 'C:\\laragon\\www\\coffee\\app\\Views\\admin\\viewByBarcode.php', 65)
 2 SYSTEMPATH\View\View.php(226): include('C:\\laragon\\www\\coffee\\app\\Views\\admin\\viewByBarcode.php')
 3 SYSTEMPATH\View\View.php(229): CodeIgniter\View\View->CodeIgniter\View\{closure}()
 4 SYSTEMPATH\Common.php(1188): CodeIgniter\View\View->render('admin/viewByBarcode', [], true)
 5 APPPATH\Controllers\AdminController.php(4267): view('admin/viewByBarcode', [...])
 6 SYSTEMPATH\CodeIgniter.php(919): App\Controllers\AdminController->viewToAcceptorders('CRossRoads:', 'LJW60BE6H2')
 7 SYSTEMPATH\CodeIgniter.php(494): CodeIgniter\CodeIgniter->runController(Object(App\Controllers\AdminController))
 8 SYSTEMPATH\CodeIgniter.php(353): CodeIgniter\CodeIgniter->handleRequest(null, Object(Config\Cache), false)
 9 FCPATH\index.php(79): CodeIgniter\CodeIgniter->run()
10 SYSTEMPATH\Commands\Server\rewrite.php(47): require_once('C:\\laragon\\www\\coffee\\public\\index.php')
