CRITICAL - 2024-03-15 12:32:39 --> Undefined array key "order_id"
in APPPATH\Views\admin\paymentoforders.php on line 40.
 1 APPPATH\Views\admin\paymentoforders.php(40): CodeIgniter\Debug\Exceptions->errorHandler(2, 'Undefined array key "order_id"', 'C:\\laragon\\www\\coffee\\app\\Views\\admin\\paymentoforders.php', 40)
 2 SYSTEMPATH\View\View.php(226): include('C:\\laragon\\www\\coffee\\app\\Views\\admin\\paymentoforders.php')
 3 SYSTEMPATH\View\View.php(229): CodeIgniter\View\View->CodeIgniter\View\{closure}()
 4 SYSTEMPATH\Common.php(1188): CodeIgniter\View\View->render('/admin/paymentoforders', [], true)
 5 APPPATH\Controllers\AdminController.php(100): view('/admin/paymentoforders', [...])
 6 SYSTEMPATH\CodeIgniter.php(919): App\Controllers\AdminController->orderpayment()
 7 SYSTEMPATH\CodeIgniter.php(494): CodeIgniter\CodeIgniter->runController(Object(App\Controllers\AdminController))
 8 SYSTEMPATH\CodeIgniter.php(353): CodeIgniter\CodeIgniter->handleRequest(null, Object(Config\Cache), false)
 9 FCPATH\index.php(79): CodeIgniter\CodeIgniter->run()
10 SYSTEMPATH\Commands\Server\rewrite.php(47): require_once('C:\\laragon\\www\\coffee\\public\\index.php')
CRITICAL - 2024-03-15 12:36:56 --> Call to a member function getResult() on array
in APPPATH\Controllers\AdminController.php on line 88.
 1 SYSTEMPATH\CodeIgniter.php(919): App\Controllers\AdminController->orderpayment()
 2 SYSTEMPATH\CodeIgniter.php(494): CodeIgniter\CodeIgniter->runController(Object(App\Controllers\AdminController))
 3 SYSTEMPATH\CodeIgniter.php(353): CodeIgniter\CodeIgniter->handleRequest(null, Object(Config\Cache), false)
 4 FCPATH\index.php(79): CodeIgniter\CodeIgniter->run()
 5 SYSTEMPATH\Commands\Server\rewrite.php(47): require_once('C:\\laragon\\www\\coffee\\public\\index.php')
CRITICAL - 2024-03-15 12:37:41 --> Call to a member function getResult() on array
in APPPATH\Controllers\AdminController.php on line 88.
 1 SYSTEMPATH\CodeIgniter.php(919): App\Controllers\AdminController->orderpayment()
 2 SYSTEMPATH\CodeIgniter.php(494): CodeIgniter\CodeIgniter->runController(Object(App\Controllers\AdminController))
 3 SYSTEMPATH\CodeIgniter.php(353): CodeIgniter\CodeIgniter->handleRequest(null, Object(Config\Cache), false)
 4 FCPATH\index.php(79): CodeIgniter\CodeIgniter->run()
 5 SYSTEMPATH\Commands\Server\rewrite.php(47): require_once('C:\\laragon\\www\\coffee\\public\\index.php')
CRITICAL - 2024-03-15 12:38:25 --> Call to a member function getResult() on array
in APPPATH\Controllers\AdminController.php on line 88.
 1 SYSTEMPATH\CodeIgniter.php(919): App\Controllers\AdminController->orderpayment()
 2 SYSTEMPATH\CodeIgniter.php(494): CodeIgniter\CodeIgniter->runController(Object(App\Controllers\AdminController))
 3 SYSTEMPATH\CodeIgniter.php(353): CodeIgniter\CodeIgniter->handleRequest(null, Object(Config\Cache), false)
 4 FCPATH\index.php(79): CodeIgniter\CodeIgniter->run()
 5 SYSTEMPATH\Commands\Server\rewrite.php(47): require_once('C:\\laragon\\www\\coffee\\public\\index.php')
CRITICAL - 2024-03-15 12:38:56 --> CodeIgniter\Router\RouteCollection::match(): Argument #1 ($verbs) must be of type array, string given, called in C:\laragon\www\coffee\app\Config\Routes.php on line 17
in SYSTEMPATH\Router\RouteCollection.php on line 991.
 1 APPPATH\Config\Routes.php(17): CodeIgniter\Router\RouteCollection->match('/adminorderpayment', 'AdminController::orderpayment', [...])
 2 SYSTEMPATH\Router\RouteCollection.php(339): require('C:\\laragon\\www\\coffee\\app\\Config\\Routes.php')
 3 SYSTEMPATH\CodeIgniter.php(787): CodeIgniter\Router\RouteCollection->loadRoutes()
 4 SYSTEMPATH\CodeIgniter.php(442): CodeIgniter\CodeIgniter->tryToRouteIt(null)
 5 SYSTEMPATH\CodeIgniter.php(353): CodeIgniter\CodeIgniter->handleRequest(null, Object(Config\Cache), false)
 6 FCPATH\index.php(79): CodeIgniter\CodeIgniter->run()
 7 SYSTEMPATH\Commands\Server\rewrite.php(47): require_once('C:\\laragon\\www\\coffee\\public\\index.php')
CRITICAL - 2024-03-15 12:38:59 --> CodeIgniter\Router\RouteCollection::match(): Argument #1 ($verbs) must be of type array, string given, called in C:\laragon\www\coffee\app\Config\Routes.php on line 17
in SYSTEMPATH\Router\RouteCollection.php on line 991.
 1 APPPATH\Config\Routes.php(17): CodeIgniter\Router\RouteCollection->match('/adminorderpayment', 'AdminController::orderpayment', [...])
 2 SYSTEMPATH\Router\RouteCollection.php(339): require('C:\\laragon\\www\\coffee\\app\\Config\\Routes.php')
 3 SYSTEMPATH\CodeIgniter.php(787): CodeIgniter\Router\RouteCollection->loadRoutes()
 4 SYSTEMPATH\CodeIgniter.php(442): CodeIgniter\CodeIgniter->tryToRouteIt(null)
 5 SYSTEMPATH\CodeIgniter.php(353): CodeIgniter\CodeIgniter->handleRequest(null, Object(Config\Cache), false)
 6 FCPATH\index.php(79): CodeIgniter\CodeIgniter->run()
 7 SYSTEMPATH\Commands\Server\rewrite.php(47): require_once('C:\\laragon\\www\\coffee\\public\\index.php')
CRITICAL - 2024-03-15 13:21:39 --> Undefined variable $data
in APPPATH\Controllers\AdminController.php on line 125.
 1 APPPATH\Controllers\AdminController.php(125): CodeIgniter\Debug\Exceptions->errorHandler(2, 'Undefined variable $data', 'C:\\laragon\\www\\coffee\\app\\Controllers\\AdminController.php', 125)
 2 SYSTEMPATH\CodeIgniter.php(919): App\Controllers\AdminController->viewOrder()
 3 SYSTEMPATH\CodeIgniter.php(494): CodeIgniter\CodeIgniter->runController(Object(App\Controllers\AdminController))
 4 SYSTEMPATH\CodeIgniter.php(353): CodeIgniter\CodeIgniter->handleRequest(null, Object(Config\Cache), false)
 5 FCPATH\index.php(79): CodeIgniter\CodeIgniter->run()
 6 SYSTEMPATH\Commands\Server\rewrite.php(47): require_once('C:\\laragon\\www\\coffee\\public\\index.php')
CRITICAL - 2024-03-15 15:56:40 --> Undefined array key "orderID"
in APPPATH\Views\admin\paymentoforders.php on line 12.
 1 APPPATH\Views\admin\paymentoforders.php(12): CodeIgniter\Debug\Exceptions->errorHandler(2, 'Undefined array key "orderID"', 'C:\\laragon\\www\\coffee\\app\\Views\\admin\\paymentoforders.php', 12)
 2 SYSTEMPATH\View\View.php(226): include('C:\\laragon\\www\\coffee\\app\\Views\\admin\\paymentoforders.php')
 3 SYSTEMPATH\View\View.php(229): CodeIgniter\View\View->CodeIgniter\View\{closure}()
 4 SYSTEMPATH\Common.php(1188): CodeIgniter\View\View->render('/admin/paymentoforders', [], true)
 5 APPPATH\Controllers\AdminController.php(98): view('/admin/paymentoforders', [...])
 6 SYSTEMPATH\CodeIgniter.php(919): App\Controllers\AdminController->orderpayment()
 7 SYSTEMPATH\CodeIgniter.php(494): CodeIgniter\CodeIgniter->runController(Object(App\Controllers\AdminController))
 8 SYSTEMPATH\CodeIgniter.php(353): CodeIgniter\CodeIgniter->handleRequest(null, Object(Config\Cache), false)
 9 FCPATH\index.php(79): CodeIgniter\CodeIgniter->run()
10 SYSTEMPATH\Commands\Server\rewrite.php(47): require_once('C:\\laragon\\www\\coffee\\public\\index.php')
CRITICAL - 2024-03-15 15:56:53 --> Undefined array key "size"
in APPPATH\Views\admin\paymentoforders.php on line 12.
 1 APPPATH\Views\admin\paymentoforders.php(12): CodeIgniter\Debug\Exceptions->errorHandler(2, 'Undefined array key "size"', 'C:\\laragon\\www\\coffee\\app\\Views\\admin\\paymentoforders.php', 12)
 2 SYSTEMPATH\View\View.php(226): include('C:\\laragon\\www\\coffee\\app\\Views\\admin\\paymentoforders.php')
 3 SYSTEMPATH\View\View.php(229): CodeIgniter\View\View->CodeIgniter\View\{closure}()
 4 SYSTEMPATH\Common.php(1188): CodeIgniter\View\View->render('/admin/paymentoforders', [], true)
 5 APPPATH\Controllers\AdminController.php(98): view('/admin/paymentoforders', [...])
 6 SYSTEMPATH\CodeIgniter.php(919): App\Controllers\AdminController->orderpayment()
 7 SYSTEMPATH\CodeIgniter.php(494): CodeIgniter\CodeIgniter->runController(Object(App\Controllers\AdminController))
 8 SYSTEMPATH\CodeIgniter.php(353): CodeIgniter\CodeIgniter->handleRequest(null, Object(Config\Cache), false)
 9 FCPATH\index.php(79): CodeIgniter\CodeIgniter->run()
10 SYSTEMPATH\Commands\Server\rewrite.php(47): require_once('C:\\laragon\\www\\coffee\\public\\index.php')
CRITICAL - 2024-03-15 15:57:13 --> Undefined array key "size"
in APPPATH\Views\admin\paymentoforders.php on line 12.
 1 APPPATH\Views\admin\paymentoforders.php(12): CodeIgniter\Debug\Exceptions->errorHandler(2, 'Undefined array key "size"', 'C:\\laragon\\www\\coffee\\app\\Views\\admin\\paymentoforders.php', 12)
 2 SYSTEMPATH\View\View.php(226): include('C:\\laragon\\www\\coffee\\app\\Views\\admin\\paymentoforders.php')
 3 SYSTEMPATH\View\View.php(229): CodeIgniter\View\View->CodeIgniter\View\{closure}()
 4 SYSTEMPATH\Common.php(1188): CodeIgniter\View\View->render('/admin/paymentoforders', [], true)
 5 APPPATH\Controllers\AdminController.php(98): view('/admin/paymentoforders', [...])
 6 SYSTEMPATH\CodeIgniter.php(919): App\Controllers\AdminController->orderpayment()
 7 SYSTEMPATH\CodeIgniter.php(494): CodeIgniter\CodeIgniter->runController(Object(App\Controllers\AdminController))
 8 SYSTEMPATH\CodeIgniter.php(353): CodeIgniter\CodeIgniter->handleRequest(null, Object(Config\Cache), false)
 9 FCPATH\index.php(79): CodeIgniter\CodeIgniter->run()
10 SYSTEMPATH\Commands\Server\rewrite.php(47): require_once('C:\\laragon\\www\\coffee\\public\\index.php')
CRITICAL - 2024-03-15 15:58:49 --> Undefined array key "orderID"
in APPPATH\Views\admin\paymentoforders.php on line 12.
 1 APPPATH\Views\admin\paymentoforders.php(12): CodeIgniter\Debug\Exceptions->errorHandler(2, 'Undefined array key "orderID"', 'C:\\laragon\\www\\coffee\\app\\Views\\admin\\paymentoforders.php', 12)
 2 SYSTEMPATH\View\View.php(226): include('C:\\laragon\\www\\coffee\\app\\Views\\admin\\paymentoforders.php')
 3 SYSTEMPATH\View\View.php(229): CodeIgniter\View\View->CodeIgniter\View\{closure}()
 4 SYSTEMPATH\Common.php(1188): CodeIgniter\View\View->render('/admin/paymentoforders', [], true)
 5 APPPATH\Controllers\AdminController.php(98): view('/admin/paymentoforders', [...])
 6 SYSTEMPATH\CodeIgniter.php(919): App\Controllers\AdminController->orderpayment()
 7 SYSTEMPATH\CodeIgniter.php(494): CodeIgniter\CodeIgniter->runController(Object(App\Controllers\AdminController))
 8 SYSTEMPATH\CodeIgniter.php(353): CodeIgniter\CodeIgniter->handleRequest(null, Object(Config\Cache), false)
 9 FCPATH\index.php(79): CodeIgniter\CodeIgniter->run()
10 SYSTEMPATH\Commands\Server\rewrite.php(47): require_once('C:\\laragon\\www\\coffee\\public\\index.php')
CRITICAL - 2024-03-15 16:11:36 --> Undefined variable $result
in APPPATH\Controllers\AdminController.php on line 108.
 1 APPPATH\Controllers\AdminController.php(108): CodeIgniter\Debug\Exceptions->errorHandler(2, 'Undefined variable $result', 'C:\\laragon\\www\\coffee\\app\\Controllers\\AdminController.php', 108)
 2 SYSTEMPATH\CodeIgniter.php(919): App\Controllers\AdminController->viewOrder()
 3 SYSTEMPATH\CodeIgniter.php(494): CodeIgniter\CodeIgniter->runController(Object(App\Controllers\AdminController))
 4 SYSTEMPATH\CodeIgniter.php(353): CodeIgniter\CodeIgniter->handleRequest(null, Object(Config\Cache), false)
 5 FCPATH\index.php(79): CodeIgniter\CodeIgniter->run()
 6 SYSTEMPATH\Commands\Server\rewrite.php(47): require_once('C:\\laragon\\www\\coffee\\public\\index.php')
CRITICAL - 2024-03-15 16:11:43 --> Undefined variable $result
in APPPATH\Controllers\AdminController.php on line 108.
 1 APPPATH\Controllers\AdminController.php(108): CodeIgniter\Debug\Exceptions->errorHandler(2, 'Undefined variable $result', 'C:\\laragon\\www\\coffee\\app\\Controllers\\AdminController.php', 108)
 2 SYSTEMPATH\CodeIgniter.php(919): App\Controllers\AdminController->viewOrder()
 3 SYSTEMPATH\CodeIgniter.php(494): CodeIgniter\CodeIgniter->runController(Object(App\Controllers\AdminController))
 4 SYSTEMPATH\CodeIgniter.php(353): CodeIgniter\CodeIgniter->handleRequest(null, Object(Config\Cache), false)
 5 FCPATH\index.php(79): CodeIgniter\CodeIgniter->run()
 6 SYSTEMPATH\Commands\Server\rewrite.php(47): require_once('C:\\laragon\\www\\coffee\\public\\index.php')
CRITICAL - 2024-03-15 16:14:00 --> syntax error, unexpected single-quoted string "</h4>", expecting "," or ";"
in APPPATH\Controllers\AdminController.php on line 110.
 1 SYSTEMPATH\Autoloader\Autoloader.php(285): CodeIgniter\Autoloader\Autoloader->includeFile('C:\\laragon\\www\\coffee\\app\\Controllers\\AdminController.php')
 2 SYSTEMPATH\Autoloader\Autoloader.php(263): CodeIgniter\Autoloader\Autoloader->loadInNamespace('App\\Controllers\\AdminController')
 3 [internal function]: CodeIgniter\Autoloader\Autoloader->loadClass('App\\Controllers\\AdminController')
 4 SYSTEMPATH\CodeIgniter.php(877): class_exists('\\App\\Controllers\\AdminController', true)
 5 SYSTEMPATH\CodeIgniter.php(481): CodeIgniter\CodeIgniter->startController()
 6 SYSTEMPATH\CodeIgniter.php(353): CodeIgniter\CodeIgniter->handleRequest(null, Object(Config\Cache), false)
 7 FCPATH\index.php(79): CodeIgniter\CodeIgniter->run()
 8 SYSTEMPATH\Commands\Server\rewrite.php(47): require_once('C:\\laragon\\www\\coffee\\public\\index.php')
CRITICAL - 2024-03-15 16:14:41 --> Undefined array key "CustomerID"
in APPPATH\Controllers\AdminController.php on line 109.
 1 APPPATH\Controllers\AdminController.php(109): CodeIgniter\Debug\Exceptions->errorHandler(2, 'Undefined array key "CustomerID"', 'C:\\laragon\\www\\coffee\\app\\Controllers\\AdminController.php', 109)
 2 SYSTEMPATH\CodeIgniter.php(919): App\Controllers\AdminController->viewOrder()
 3 SYSTEMPATH\CodeIgniter.php(494): CodeIgniter\CodeIgniter->runController(Object(App\Controllers\AdminController))
 4 SYSTEMPATH\CodeIgniter.php(353): CodeIgniter\CodeIgniter->handleRequest(null, Object(Config\Cache), false)
 5 FCPATH\index.php(79): CodeIgniter\CodeIgniter->run()
 6 SYSTEMPATH\Commands\Server\rewrite.php(47): require_once('C:\\laragon\\www\\coffee\\public\\index.php')
CRITICAL - 2024-03-15 16:32:38 --> Undefined variable $bacode
in APPPATH\Controllers\AdminController.php on line 110.
 1 APPPATH\Controllers\AdminController.php(110): CodeIgniter\Debug\Exceptions->errorHandler(2, 'Undefined variable $bacode', 'C:\\laragon\\www\\coffee\\app\\Controllers\\AdminController.php', 110)
 2 SYSTEMPATH\CodeIgniter.php(919): App\Controllers\AdminController->viewOrder()
 3 SYSTEMPATH\CodeIgniter.php(494): CodeIgniter\CodeIgniter->runController(Object(App\Controllers\AdminController))
 4 SYSTEMPATH\CodeIgniter.php(353): CodeIgniter\CodeIgniter->handleRequest(null, Object(Config\Cache), false)
 5 FCPATH\index.php(79): CodeIgniter\CodeIgniter->run()
 6 SYSTEMPATH\Commands\Server\rewrite.php(47): require_once('C:\\laragon\\www\\coffee\\public\\index.php')
CRITICAL - 2024-03-15 16:32:40 --> Undefined variable $bacode
in APPPATH\Controllers\AdminController.php on line 110.
 1 APPPATH\Controllers\AdminController.php(110): CodeIgniter\Debug\Exceptions->errorHandler(2, 'Undefined variable $bacode', 'C:\\laragon\\www\\coffee\\app\\Controllers\\AdminController.php', 110)
 2 SYSTEMPATH\CodeIgniter.php(919): App\Controllers\AdminController->viewOrder()
 3 SYSTEMPATH\CodeIgniter.php(494): CodeIgniter\CodeIgniter->runController(Object(App\Controllers\AdminController))
 4 SYSTEMPATH\CodeIgniter.php(353): CodeIgniter\CodeIgniter->handleRequest(null, Object(Config\Cache), false)
 5 FCPATH\index.php(79): CodeIgniter\CodeIgniter->run()
 6 SYSTEMPATH\Commands\Server\rewrite.php(47): require_once('C:\\laragon\\www\\coffee\\public\\index.php')
CRITICAL - 2024-03-15 16:32:52 --> Undefined variable $bacode
in APPPATH\Controllers\AdminController.php on line 110.
 1 APPPATH\Controllers\AdminController.php(110): CodeIgniter\Debug\Exceptions->errorHandler(2, 'Undefined variable $bacode', 'C:\\laragon\\www\\coffee\\app\\Controllers\\AdminController.php', 110)
 2 SYSTEMPATH\CodeIgniter.php(919): App\Controllers\AdminController->viewOrder()
 3 SYSTEMPATH\CodeIgniter.php(494): CodeIgniter\CodeIgniter->runController(Object(App\Controllers\AdminController))
 4 SYSTEMPATH\CodeIgniter.php(353): CodeIgniter\CodeIgniter->handleRequest(null, Object(Config\Cache), false)
 5 FCPATH\index.php(79): CodeIgniter\CodeIgniter->run()
 6 SYSTEMPATH\Commands\Server\rewrite.php(47): require_once('C:\\laragon\\www\\coffee\\public\\index.php')
CRITICAL - 2024-03-15 16:32:55 --> Undefined variable $bacode
in APPPATH\Controllers\AdminController.php on line 110.
 1 APPPATH\Controllers\AdminController.php(110): CodeIgniter\Debug\Exceptions->errorHandler(2, 'Undefined variable $bacode', 'C:\\laragon\\www\\coffee\\app\\Controllers\\AdminController.php', 110)
 2 SYSTEMPATH\CodeIgniter.php(919): App\Controllers\AdminController->viewOrder()
 3 SYSTEMPATH\CodeIgniter.php(494): CodeIgniter\CodeIgniter->runController(Object(App\Controllers\AdminController))
 4 SYSTEMPATH\CodeIgniter.php(353): CodeIgniter\CodeIgniter->handleRequest(null, Object(Config\Cache), false)
 5 FCPATH\index.php(79): CodeIgniter\CodeIgniter->run()
 6 SYSTEMPATH\Commands\Server\rewrite.php(47): require_once('C:\\laragon\\www\\coffee\\public\\index.php')
CRITICAL - 2024-03-15 16:33:12 --> Undefined variable $bacode
in APPPATH\Controllers\AdminController.php on line 110.
 1 APPPATH\Controllers\AdminController.php(110): CodeIgniter\Debug\Exceptions->errorHandler(2, 'Undefined variable $bacode', 'C:\\laragon\\www\\coffee\\app\\Controllers\\AdminController.php', 110)
 2 SYSTEMPATH\CodeIgniter.php(919): App\Controllers\AdminController->viewOrder()
 3 SYSTEMPATH\CodeIgniter.php(494): CodeIgniter\CodeIgniter->runController(Object(App\Controllers\AdminController))
 4 SYSTEMPATH\CodeIgniter.php(353): CodeIgniter\CodeIgniter->handleRequest(null, Object(Config\Cache), false)
 5 FCPATH\index.php(79): CodeIgniter\CodeIgniter->run()
 6 SYSTEMPATH\Commands\Server\rewrite.php(47): require_once('C:\\laragon\\www\\coffee\\public\\index.php')
CRITICAL - 2024-03-15 16:33:44 --> Undefined variable $bacode
in APPPATH\Controllers\AdminController.php on line 110.
 1 APPPATH\Controllers\AdminController.php(110): CodeIgniter\Debug\Exceptions->errorHandler(2, 'Undefined variable $bacode', 'C:\\laragon\\www\\coffee\\app\\Controllers\\AdminController.php', 110)
 2 SYSTEMPATH\CodeIgniter.php(919): App\Controllers\AdminController->viewOrder()
 3 SYSTEMPATH\CodeIgniter.php(494): CodeIgniter\CodeIgniter->runController(Object(App\Controllers\AdminController))
 4 SYSTEMPATH\CodeIgniter.php(353): CodeIgniter\CodeIgniter->handleRequest(null, Object(Config\Cache), false)
 5 FCPATH\index.php(79): CodeIgniter\CodeIgniter->run()
 6 SYSTEMPATH\Commands\Server\rewrite.php(47): require_once('C:\\laragon\\www\\coffee\\public\\index.php')
CRITICAL - 2024-03-15 16:39:49 --> Undefined array key "OrderID"
in APPPATH\Controllers\AdminController.php on line 97.
 1 APPPATH\Controllers\AdminController.php(97): CodeIgniter\Debug\Exceptions->errorHandler(2, 'Undefined array key "OrderID"', 'C:\\laragon\\www\\coffee\\app\\Controllers\\AdminController.php', 97)
 2 SYSTEMPATH\CodeIgniter.php(919): App\Controllers\AdminController->viewOrder()
 3 SYSTEMPATH\CodeIgniter.php(494): CodeIgniter\CodeIgniter->runController(Object(App\Controllers\AdminController))
 4 SYSTEMPATH\CodeIgniter.php(353): CodeIgniter\CodeIgniter->handleRequest(null, Object(Config\Cache), false)
 5 FCPATH\index.php(79): CodeIgniter\CodeIgniter->run()
 6 SYSTEMPATH\Commands\Server\rewrite.php(47): require_once('C:\\laragon\\www\\coffee\\public\\index.php')
